#
# There is insufficient memory for the Java Runtime Environment to continue.
# Native memory allocation (mmap) failed to map 29360128 bytes for G1 virtual space
# Possible reasons:
#   The system is out of physical RAM or swap space
#   The process is running with CompressedOops enabled, and the Java Heap may be blocking the growth of the native heap
# Possible solutions:
#   Reduce memory load on the system
#   Increase physical memory or swap space
#   Check if swap backing store is full
#   Decrease Java heap size (-Xmx/-Xms)
#   Decrease number of Java threads
#   Decrease Java thread stack sizes (-Xss)
#   Set larger code cache with -XX:ReservedCodeCacheSize=
#   JVM is running with Unscaled Compressed Oops mode in which the Java heap is
#     placed in the first 4GB address space. The Java Heap base address is the
#     maximum limit for the native heap growth. Please use -XX:HeapBaseMinAddress
#     to set the Java Heap base and to place the Java Heap above 4GB virtual address.
# This output file may be truncated or incomplete.
#
#  Out of Memory Error (os_windows.cpp:3769), pid=520, tid=19088
#
# JRE version: OpenJDK Runtime Environment (17.0.6) (build 17.0.6+0-b2043.56-9586694)
# Java VM: OpenJDK 64-Bit Server VM (17.0.6+0-b2043.56-9586694, mixed mode, tiered, compressed oops, compressed class ptrs, g1 gc, windows-amd64)
# No core dump will be written. Minidumps are not enabled by default on client versions of Windows
#

---------------  S U M M A R Y ------------

Command Line: --add-opens=java.base/java.util=ALL-UNNAMED --add-opens=java.base/java.lang=ALL-UNNAMED --add-opens=java.base/java.lang.invoke=ALL-UNNAMED --add-opens=java.prefs/java.util.prefs=ALL-UNNAMED --add-opens=java.base/java.nio.charset=ALL-UNNAMED --add-opens=java.base/java.net=ALL-UNNAMED --add-opens=java.base/java.util.concurrent.atomic=ALL-UNNAMED -Xmx2048m -Dfile.encoding=UTF-8 -Duser.country=CN -Duser.language=zh -Duser.variant org.gradle.launcher.daemon.bootstrap.GradleDaemon 8.0

Host: AMD Ryzen 5 3500U with Radeon Vega Mobile Gfx  , 8 cores, 6G,  Windows 11 , 64 bit Build 22000 (10.0.22000.1761)
Time: Tue Jun 27 23:10:11 2023  Windows 11 , 64 bit Build 22000 (10.0.22000.1761) elapsed time: 7.923183 seconds (0d 0h 0m 7s)

---------------  T H R E A D  ---------------

Current thread (0x000002991f551300):  VMThread "VM Thread" [stack: 0x000000dbee200000,0x000000dbee300000] [id=19088]

Stack: [0x000000dbee200000,0x000000dbee300000]
Native frames: (J=compiled Java code, j=interpreted, Vv=VM code, C=native code)
V  [jvm.dll+0x683b4a]
V  [jvm.dll+0x842654]
V  [jvm.dll+0x843dfe]
V  [jvm.dll+0x844463]
V  [jvm.dll+0x249b75]
V  [jvm.dll+0x680a19]
V  [jvm.dll+0x674f0a]
V  [jvm.dll+0x309acb]
V  [jvm.dll+0x310f86]
V  [jvm.dll+0x3608ee]
V  [jvm.dll+0x360b1f]
V  [jvm.dll+0x2dfbf8]
V  [jvm.dll+0x2ddec4]
V  [jvm.dll+0x2dd4cc]
V  [jvm.dll+0x321f3b]
V  [jvm.dll+0x84893b]
V  [jvm.dll+0x849674]
V  [jvm.dll+0x849b8d]
V  [jvm.dll+0x849f64]
V  [jvm.dll+0x84a030]
V  [jvm.dll+0x7f25fa]
V  [jvm.dll+0x682985]
C  [ucrtbase.dll+0x26c0c]
C  [KERNEL32.DLL+0x15590]
C  [ntdll.dll+0x485b]

VM_Operation (0x000000dbef9f4ad0): G1CollectForAllocation, mode: safepoint, requested by thread 0x0000029921885860


---------------  P R O C E S S  ---------------

Threads class SMR info:
_java_thread_list=0x0000029922a73e80, length=36, elements={
0x00000299037a3f30, 0x000002991f5b5010, 0x000002991f5b7bd0, 0x000002992002fff0,
0x0000029920008070, 0x0000029920008930, 0x00000299200091f0, 0x0000029920009de0,
0x000002992000a6e0, 0x000002992000d0e0, 0x00000299201f76a0, 0x0000029920204e80,
0x00000299224008c0, 0x000002992262a920, 0x000002992154c5c0, 0x0000029921640070,
0x0000029922705e00, 0x0000029921a12d70, 0x0000029921885860, 0x0000029921a5f840,
0x0000029921886540, 0x0000029921886a10, 0x0000029920a5c760, 0x0000029920a5df70,
0x0000029920a5d5d0, 0x0000029920a5d100, 0x0000029920a5e440, 0x0000029920a5f780,
0x0000029920a5fc50, 0x0000029920a5daa0, 0x0000029920a5cc30, 0x0000029920a5e910,
0x0000029920a5f2b0, 0x0000029922ad3fd0, 0x0000029922ad27c0, 0x0000029922ad3160
}

Java Threads: ( => current thread )
  0x00000299037a3f30 JavaThread "main" [_thread_blocked, id=3432, stack(0x000000dbedc00000,0x000000dbedd00000)]
  0x000002991f5b5010 JavaThread "Reference Handler" daemon [_thread_blocked, id=17984, stack(0x000000dbee300000,0x000000dbee400000)]
  0x000002991f5b7bd0 JavaThread "Finalizer" daemon [_thread_blocked, id=15688, stack(0x000000dbee400000,0x000000dbee500000)]
  0x000002992002fff0 JavaThread "Signal Dispatcher" daemon [_thread_blocked, id=18288, stack(0x000000dbee500000,0x000000dbee600000)]
  0x0000029920008070 JavaThread "Attach Listener" daemon [_thread_blocked, id=13704, stack(0x000000dbee600000,0x000000dbee700000)]
  0x0000029920008930 JavaThread "Service Thread" daemon [_thread_blocked, id=7312, stack(0x000000dbee700000,0x000000dbee800000)]
  0x00000299200091f0 JavaThread "Monitor Deflation Thread" daemon [_thread_blocked, id=3384, stack(0x000000dbee800000,0x000000dbee900000)]
  0x0000029920009de0 JavaThread "C2 CompilerThread0" daemon [_thread_blocked, id=11064, stack(0x000000dbee900000,0x000000dbeea00000)]
  0x000002992000a6e0 JavaThread "C1 CompilerThread0" daemon [_thread_blocked, id=11612, stack(0x000000dbeea00000,0x000000dbeeb00000)]
  0x000002992000d0e0 JavaThread "Sweeper thread" daemon [_thread_blocked, id=8316, stack(0x000000dbeeb00000,0x000000dbeec00000)]
  0x00000299201f76a0 JavaThread "Common-Cleaner" daemon [_thread_blocked, id=3696, stack(0x000000dbeec00000,0x000000dbeed00000)]
  0x0000029920204e80 JavaThread "Notification Thread" daemon [_thread_blocked, id=17816, stack(0x000000dbeed00000,0x000000dbeee00000)]
  0x00000299224008c0 JavaThread "Daemon health stats" [_thread_blocked, id=13332, stack(0x000000dbef300000,0x000000dbef400000)]
  0x000002992262a920 JavaThread "Incoming local TCP Connector on port 58918" [_thread_in_native, id=3092, stack(0x000000dbef400000,0x000000dbef500000)]
  0x000002992154c5c0 JavaThread "Daemon periodic checks" [_thread_blocked, id=7212, stack(0x000000dbef500000,0x000000dbef600000)]
  0x0000029921640070 JavaThread "Daemon" [_thread_blocked, id=6388, stack(0x000000dbef600000,0x000000dbef700000)]
  0x0000029922705e00 JavaThread "Handler for socket connection from /127.0.0.1:58918 to /127.0.0.1:58919" [_thread_in_native, id=20824, stack(0x000000dbef700000,0x000000dbef800000)]
  0x0000029921a12d70 JavaThread "Cancel handler" [_thread_blocked, id=20172, stack(0x000000dbef800000,0x000000dbef900000)]
  0x0000029921885860 JavaThread "Daemon worker" [_thread_blocked, id=19300, stack(0x000000dbef900000,0x000000dbefa00000)]
  0x0000029921a5f840 JavaThread "Asynchronous log dispatcher for DefaultDaemonConnection: socket connection from /127.0.0.1:58918 to /127.0.0.1:58919" [_thread_blocked, id=316, stack(0x000000dbefa00000,0x000000dbefb00000)]
  0x0000029921886540 JavaThread "Stdin handler" [_thread_blocked, id=4312, stack(0x000000dbefb00000,0x000000dbefc00000)]
  0x0000029921886a10 JavaThread "Daemon client event forwarder" [_thread_blocked, id=18604, stack(0x000000dbefc00000,0x000000dbefd00000)]
  0x0000029920a5c760 JavaThread "Cache worker for journal cache (C:\Users\an'zhi'lin\.gradle\caches\journal-1)" [_thread_blocked, id=9940, stack(0x000000dbf0100000,0x000000dbf0200000)]
  0x0000029920a5df70 JavaThread "File lock request listener" [_thread_in_native, id=16000, stack(0x000000dbf0200000,0x000000dbf0300000)]
  0x0000029920a5d5d0 JavaThread "Cache worker for file hash cache (C:\Users\an'zhi'lin\.gradle\caches\8.0\fileHashes)" [_thread_blocked, id=18808, stack(0x000000dbf0300000,0x000000dbf0400000)]
  0x0000029920a5d100 JavaThread "File watcher server" daemon [_thread_in_native, id=17492, stack(0x000000dbf0400000,0x000000dbf0500000)]
  0x0000029920a5e440 JavaThread "File watcher consumer" daemon [_thread_blocked, id=19540, stack(0x000000dbf0500000,0x000000dbf0600000)]
  0x0000029920a5f780 JavaThread "Cache worker for checksums cache (D:\android_project\test1\.gradle\8.0\checksums)" [_thread_blocked, id=20304, stack(0x000000dbf0600000,0x000000dbf0700000)]
  0x0000029920a5fc50 JavaThread "Cache worker for cache directory md-rule (C:\Users\an'zhi'lin\.gradle\caches\8.0\md-rule)" [_thread_blocked, id=14344, stack(0x000000dbf0700000,0x000000dbf0800000)]
  0x0000029920a5daa0 JavaThread "Cache worker for file content cache (C:\Users\an'zhi'lin\.gradle\caches\8.0\fileContent)" [_thread_blocked, id=2520, stack(0x000000dbf0800000,0x000000dbf0900000)]
  0x0000029920a5cc30 JavaThread "Cache worker for file hash cache (D:\android_project\test1\.gradle\8.0\fileHashes)" [_thread_blocked, id=20484, stack(0x000000dbf0900000,0x000000dbf0a00000)]
  0x0000029920a5e910 JavaThread "Cache worker for cache directory md-supplier (C:\Users\an'zhi'lin\.gradle\caches\8.0\md-supplier)" [_thread_blocked, id=16868, stack(0x000000dbf0a00000,0x000000dbf0b00000)]
  0x0000029920a5f2b0 JavaThread "Cache worker for execution history cache (C:\Users\an'zhi'lin\.gradle\caches\8.0\executionHistory)" [_thread_blocked, id=308, stack(0x000000dbf0b00000,0x000000dbf0c00000)]
  0x0000029922ad3fd0 JavaThread "jar transforms" [_thread_blocked, id=16392, stack(0x000000dbf0c00000,0x000000dbf0d00000)]
  0x0000029922ad27c0 JavaThread "jar transforms Thread 2" [_thread_blocked, id=2164, stack(0x000000dbf0d00000,0x000000dbf0e00000)]
  0x0000029922ad3160 JavaThread "jar transforms Thread 3" [_thread_blocked, id=12208, stack(0x000000dbf0e00000,0x000000dbf0f00000)]

Other Threads:
=>0x000002991f551300 VMThread "VM Thread" [stack: 0x000000dbee200000,0x000000dbee300000] [id=19088]
  0x0000029920205760 WatcherThread [stack: 0x000000dbeee00000,0x000000dbeef00000] [id=4032]
  0x00000299037feec0 GCTaskThread "GC Thread#0" [stack: 0x000000dbedd00000,0x000000dbede00000] [id=14932]
  0x0000029920d5e5d0 GCTaskThread "GC Thread#1" [stack: 0x000000dbeef00000,0x000000dbef000000] [id=11172]
  0x0000029921058c80 GCTaskThread "GC Thread#2" [stack: 0x000000dbef000000,0x000000dbef100000] [id=18048]
  0x0000029920d67d60 GCTaskThread "GC Thread#3" [stack: 0x000000dbef100000,0x000000dbef200000] [id=16860]
  0x0000029920d8a5a0 GCTaskThread "GC Thread#4" [stack: 0x000000dbef200000,0x000000dbef300000] [id=20692]
  0x00000299219c95f0 GCTaskThread "GC Thread#5" [stack: 0x000000dbefd00000,0x000000dbefe00000] [id=3208]
  0x00000299219c3dd0 GCTaskThread "GC Thread#6" [stack: 0x000000dbefe00000,0x000000dbeff00000] [id=7604]
  0x00000299219c98a0 GCTaskThread "GC Thread#7" [stack: 0x000000dbeff00000,0x000000dbf0000000] [id=15720]
  0x000002990380fe00 ConcurrentGCThread "G1 Main Marker" [stack: 0x000000dbede00000,0x000000dbedf00000] [id=21224]
  0x0000029903810810 ConcurrentGCThread "G1 Conc#0" [stack: 0x000000dbedf00000,0x000000dbee000000] [id=7808]
  0x0000029921bbeb10 ConcurrentGCThread "G1 Conc#1" [stack: 0x000000dbf0000000,0x000000dbf0100000] [id=13128]
  0x000002991f3f2c50 ConcurrentGCThread "G1 Refine#0" [stack: 0x000000dbee000000,0x000000dbee100000] [id=18980]
  0x00000299038648e0 ConcurrentGCThread "G1 Service" [stack: 0x000000dbee100000,0x000000dbee200000] [id=18876]

Threads with active compile tasks:
C2 CompilerThread0     7957 3709       4       org.codehaus.groovy.runtime.metaclass.MetaMethodIndex::addMethodToList (131 bytes)
C1 CompilerThread0     7957 3736       3       java.lang.reflect.Modifier::isSynthetic (14 bytes)

VM state: at safepoint (normal execution)

VM Mutex/Monitor currently owned by a thread:  ([mutex/lock_event])
[0x000002990379d860] Threads_lock - owner thread: 0x000002991f551300
[0x000002990379dc50] Heap_lock - owner thread: 0x0000029921885860

Heap address: 0x0000000080000000, size: 2048 MB, Compressed Oops mode: 32-bit

CDS archive(s) not mapped
Compressed class space mapped at: 0x0000000100000000-0x0000000140000000, reserved size: 1073741824
Narrow klass base: 0x0000000000000000, Narrow klass shift: 3, Narrow klass range: 0x140000000

GC Precious Log:
 CPUs: 8 total, 8 available
 Memory: 7103M
 Large Page Support: Disabled
 NUMA Support: Disabled
 Compressed Oops: Enabled (32-bit)
 Heap Region Size: 1M
 Heap Min Capacity: 8M
 Heap Initial Capacity: 112M
 Heap Max Capacity: 2G
 Pre-touch: Disabled
 Parallel Workers: 8
 Concurrent Workers: 2
 Concurrent Refinement Workers: 8
 Periodic GC: Disabled

Heap:
 garbage-first heap   total 114688K, used 30875K [0x0000000080000000, 0x0000000100000000)
  region size 1024K, 3 young (3072K), 3 survivors (3072K)
 Metaspace       used 42665K, committed 43008K, reserved 1089536K
  class space    used 5575K, committed 5696K, reserved 1048576K

Heap Regions: E=young(eden), S=young(survivor), O=old, HS=humongous(starts), HC=humongous(continues), CS=collection set, F=free, OA=open archive, CA=closed archive, TAMS=top-at-mark-start (previous, next)
|   0|0x0000000080000000, 0x0000000080100000, 0x0000000080100000|100%|HS|  |TAMS 0x0000000080100000, 0x0000000080000000| Complete 
|   1|0x0000000080100000, 0x0000000080200000, 0x0000000080200000|100%|HC|  |TAMS 0x0000000080200000, 0x0000000080100000| Complete 
|   2|0x0000000080200000, 0x0000000080300000, 0x0000000080300000|100%|HC|  |TAMS 0x0000000080300000, 0x0000000080200000| Complete 
|   3|0x0000000080300000, 0x0000000080400000, 0x0000000080400000|100%|HC|  |TAMS 0x0000000080400000, 0x0000000080300000| Complete 
|   4|0x0000000080400000, 0x0000000080500000, 0x0000000080500000|100%| O|  |TAMS 0x0000000080500000, 0x0000000080400000| Untracked 
|   5|0x0000000080500000, 0x0000000080600000, 0x0000000080600000|100%| O|  |TAMS 0x0000000080600000, 0x0000000080500000| Untracked 
|   6|0x0000000080600000, 0x0000000080700000, 0x0000000080700000|100%| O|  |TAMS 0x0000000080700000, 0x0000000080600000| Untracked 
|   7|0x0000000080700000, 0x0000000080800000, 0x0000000080800000|100%| O|  |TAMS 0x0000000080800000, 0x0000000080700000| Untracked 
|   8|0x0000000080800000, 0x0000000080900000, 0x0000000080900000|100%| O|  |TAMS 0x0000000080900000, 0x0000000080800000| Untracked 
|   9|0x0000000080900000, 0x0000000080a00000, 0x0000000080a00000|100%| O|  |TAMS 0x0000000080a00000, 0x0000000080900000| Untracked 
|  10|0x0000000080a00000, 0x0000000080b00000, 0x0000000080b00000|100%| O|  |TAMS 0x0000000080a00000, 0x0000000080a00000| Untracked 
|  11|0x0000000080b00000, 0x0000000080c00000, 0x0000000080c00000|100%| O|  |TAMS 0x0000000080c00000, 0x0000000080b00000| Untracked 
|  12|0x0000000080c00000, 0x0000000080d00000, 0x0000000080d00000|100%| O|  |TAMS 0x0000000080d00000, 0x0000000080c00000| Untracked 
|  13|0x0000000080d00000, 0x0000000080e00000, 0x0000000080e00000|100%| O|  |TAMS 0x0000000080e00000, 0x0000000080d00000| Untracked 
|  14|0x0000000080e00000, 0x0000000080f00000, 0x0000000080f00000|100%| O|  |TAMS 0x0000000080f00000, 0x0000000080e00000| Untracked 
|  15|0x0000000080f00000, 0x0000000081000000, 0x0000000081000000|100%| O|  |TAMS 0x0000000081000000, 0x0000000080f00000| Untracked 
|  16|0x0000000081000000, 0x0000000081100000, 0x0000000081100000|100%| O|  |TAMS 0x0000000081100000, 0x0000000081000000| Untracked 
|  17|0x0000000081100000, 0x0000000081200000, 0x0000000081200000|100%| O|  |TAMS 0x0000000081200000, 0x0000000081100000| Untracked 
|  18|0x0000000081200000, 0x0000000081300000, 0x0000000081300000|100%| O|  |TAMS 0x0000000081300000, 0x0000000081200000| Untracked 
|  19|0x0000000081300000, 0x0000000081400000, 0x0000000081400000|100%| O|  |TAMS 0x0000000081400000, 0x0000000081300000| Untracked 
|  20|0x0000000081400000, 0x0000000081400000, 0x0000000081500000|  0%| F|  |TAMS 0x0000000081400000, 0x0000000081400000| Untracked 
|  21|0x0000000081500000, 0x0000000081600000, 0x0000000081600000|100%| O|  |TAMS 0x0000000081500000, 0x0000000081500000| Untracked 
|  22|0x0000000081600000, 0x0000000081700000, 0x0000000081700000|100%| O|  |TAMS 0x0000000081600000, 0x0000000081600000| Untracked 
|  23|0x0000000081700000, 0x0000000081800000, 0x0000000081800000|100%| O|  |TAMS 0x0000000081700000, 0x0000000081700000| Untracked 
|  24|0x0000000081800000, 0x0000000081900000, 0x0000000081900000|100%| O|  |TAMS 0x0000000081800000, 0x0000000081800000| Untracked 
|  25|0x0000000081900000, 0x0000000081a00000, 0x0000000081a00000|100%| O|  |TAMS 0x0000000081900000, 0x0000000081900000| Untracked 
|  26|0x0000000081a00000, 0x0000000081b00000, 0x0000000081b00000|100%| O|  |TAMS 0x0000000081a00000, 0x0000000081a00000| Untracked 
|  27|0x0000000081b00000, 0x0000000081c00000, 0x0000000081c00000|100%| O|  |TAMS 0x0000000081b00000, 0x0000000081b00000| Untracked 
|  28|0x0000000081c00000, 0x0000000081c4cc00, 0x0000000081d00000| 29%| O|  |TAMS 0x0000000081c00000, 0x0000000081c00000| Untracked 
|  29|0x0000000081d00000, 0x0000000081d00000, 0x0000000081e00000|  0%| F|  |TAMS 0x0000000081d00000, 0x0000000081d00000| Untracked 
|  30|0x0000000081e00000, 0x0000000081e00000, 0x0000000081f00000|  0%| F|  |TAMS 0x0000000081e00000, 0x0000000081e00000| Untracked 
|  31|0x0000000081f00000, 0x0000000081f00000, 0x0000000082000000|  0%| F|  |TAMS 0x0000000081f00000, 0x0000000081f00000| Untracked 
|  32|0x0000000082000000, 0x0000000082000000, 0x0000000082100000|  0%| F|  |TAMS 0x0000000082000000, 0x0000000082000000| Untracked 
|  33|0x0000000082100000, 0x0000000082100000, 0x0000000082200000|  0%| F|  |TAMS 0x0000000082100000, 0x0000000082100000| Untracked 
|  34|0x0000000082200000, 0x0000000082200000, 0x0000000082300000|  0%| F|  |TAMS 0x0000000082200000, 0x0000000082200000| Untracked 
|  35|0x0000000082300000, 0x0000000082300000, 0x0000000082400000|  0%| F|  |TAMS 0x0000000082300000, 0x0000000082300000| Untracked 
|  36|0x0000000082400000, 0x0000000082400000, 0x0000000082500000|  0%| F|  |TAMS 0x0000000082400000, 0x0000000082400000| Untracked 
|  37|0x0000000082500000, 0x0000000082500000, 0x0000000082600000|  0%| F|  |TAMS 0x0000000082500000, 0x0000000082500000| Untracked 
|  38|0x0000000082600000, 0x0000000082600000, 0x0000000082700000|  0%| F|  |TAMS 0x0000000082600000, 0x0000000082600000| Untracked 
|  39|0x0000000082700000, 0x0000000082700000, 0x0000000082800000|  0%| F|  |TAMS 0x0000000082700000, 0x0000000082700000| Untracked 
|  40|0x0000000082800000, 0x0000000082800000, 0x0000000082900000|  0%| F|  |TAMS 0x0000000082800000, 0x0000000082800000| Untracked 
|  41|0x0000000082900000, 0x0000000082900000, 0x0000000082a00000|  0%| F|  |TAMS 0x0000000082900000, 0x0000000082900000| Untracked 
|  42|0x0000000082a00000, 0x0000000082ada390, 0x0000000082b00000| 85%| S|CS|TAMS 0x0000000082a00000, 0x0000000082a00000| Complete 
|  43|0x0000000082b00000, 0x0000000082c00000, 0x0000000082c00000|100%| S|CS|TAMS 0x0000000082b00000, 0x0000000082b00000| Complete 
|  44|0x0000000082c00000, 0x0000000082d00000, 0x0000000082d00000|100%| S|CS|TAMS 0x0000000082c00000, 0x0000000082c00000| Complete 
|  45|0x0000000082d00000, 0x0000000082d00000, 0x0000000082e00000|  0%| F|  |TAMS 0x0000000082d00000, 0x0000000082d00000| Untracked 
|  46|0x0000000082e00000, 0x0000000082e00000, 0x0000000082f00000|  0%| F|  |TAMS 0x0000000082e00000, 0x0000000082e00000| Untracked 
|  47|0x0000000082f00000, 0x0000000082f00000, 0x0000000083000000|  0%| F|  |TAMS 0x0000000082f00000, 0x0000000082f00000| Untracked 
|  48|0x0000000083000000, 0x0000000083000000, 0x0000000083100000|  0%| F|  |TAMS 0x0000000083000000, 0x0000000083000000| Untracked 
|  49|0x0000000083100000, 0x0000000083100000, 0x0000000083200000|  0%| F|  |TAMS 0x0000000083100000, 0x0000000083100000| Untracked 
|  50|0x0000000083200000, 0x0000000083200000, 0x0000000083300000|  0%| F|  |TAMS 0x0000000083200000, 0x0000000083200000| Untracked 
|  51|0x0000000083300000, 0x0000000083300000, 0x0000000083400000|  0%| F|  |TAMS 0x0000000083300000, 0x0000000083300000| Untracked 
|  52|0x0000000083400000, 0x0000000083400000, 0x0000000083500000|  0%| F|  |TAMS 0x0000000083400000, 0x0000000083400000| Untracked 
|  53|0x0000000083500000, 0x0000000083500000, 0x0000000083600000|  0%| F|  |TAMS 0x0000000083500000, 0x0000000083500000| Untracked 
|  54|0x0000000083600000, 0x0000000083600000, 0x0000000083700000|  0%| F|  |TAMS 0x0000000083600000, 0x0000000083600000| Untracked 
|  55|0x0000000083700000, 0x0000000083700000, 0x0000000083800000|  0%| F|  |TAMS 0x0000000083700000, 0x0000000083700000| Untracked 
|  56|0x0000000083800000, 0x0000000083800000, 0x0000000083900000|  0%| F|  |TAMS 0x0000000083800000, 0x0000000083800000| Untracked 
|  57|0x0000000083900000, 0x0000000083900000, 0x0000000083a00000|  0%| F|  |TAMS 0x0000000083900000, 0x0000000083900000| Untracked 
|  58|0x0000000083a00000, 0x0000000083a00000, 0x0000000083b00000|  0%| F|  |TAMS 0x0000000083a00000, 0x0000000083a00000| Untracked 
|  59|0x0000000083b00000, 0x0000000083b00000, 0x0000000083c00000|  0%| F|  |TAMS 0x0000000083b00000, 0x0000000083b00000| Untracked 
|  60|0x0000000083c00000, 0x0000000083c00000, 0x0000000083d00000|  0%| F|  |TAMS 0x0000000083c00000, 0x0000000083c00000| Untracked 
|  61|0x0000000083d00000, 0x0000000083d00000, 0x0000000083e00000|  0%| F|  |TAMS 0x0000000083d00000, 0x0000000083d00000| Untracked 
|  62|0x0000000083e00000, 0x0000000083e00000, 0x0000000083f00000|  0%| F|  |TAMS 0x0000000083e00000, 0x0000000083e00000| Untracked 
|  63|0x0000000083f00000, 0x0000000083f00000, 0x0000000084000000|  0%| F|  |TAMS 0x0000000083f00000, 0x0000000083f00000| Untracked 
|  64|0x0000000084000000, 0x0000000084000000, 0x0000000084100000|  0%| F|  |TAMS 0x0000000084000000, 0x0000000084000000| Untracked 
|  65|0x0000000084100000, 0x0000000084100000, 0x0000000084200000|  0%| F|  |TAMS 0x0000000084100000, 0x0000000084100000| Untracked 
|  66|0x0000000084200000, 0x0000000084200000, 0x0000000084300000|  0%| F|  |TAMS 0x0000000084200000, 0x0000000084200000| Untracked 
|  67|0x0000000084300000, 0x0000000084300000, 0x0000000084400000|  0%| F|  |TAMS 0x0000000084300000, 0x0000000084300000| Untracked 
|  68|0x0000000084400000, 0x0000000084400000, 0x0000000084500000|  0%| F|  |TAMS 0x0000000084400000, 0x0000000084400000| Untracked 
|  69|0x0000000084500000, 0x0000000084500000, 0x0000000084600000|  0%| F|  |TAMS 0x0000000084500000, 0x0000000084500000| Untracked 
|  70|0x0000000084600000, 0x0000000084600000, 0x0000000084700000|  0%| F|  |TAMS 0x0000000084600000, 0x0000000084600000| Untracked 
|  71|0x0000000084700000, 0x0000000084700000, 0x0000000084800000|  0%| F|  |TAMS 0x0000000084700000, 0x0000000084700000| Untracked 
|  72|0x0000000084800000, 0x0000000084800000, 0x0000000084900000|  0%| F|  |TAMS 0x0000000084800000, 0x0000000084800000| Untracked 
|  73|0x0000000084900000, 0x0000000084900000, 0x0000000084a00000|  0%| F|  |TAMS 0x0000000084900000, 0x0000000084900000| Untracked 
|  74|0x0000000084a00000, 0x0000000084a00000, 0x0000000084b00000|  0%| F|  |TAMS 0x0000000084a00000, 0x0000000084a00000| Untracked 
|  75|0x0000000084b00000, 0x0000000084b00000, 0x0000000084c00000|  0%| F|  |TAMS 0x0000000084b00000, 0x0000000084b00000| Untracked 
|  76|0x0000000084c00000, 0x0000000084c00000, 0x0000000084d00000|  0%| F|  |TAMS 0x0000000084c00000, 0x0000000084c00000| Untracked 
|  77|0x0000000084d00000, 0x0000000084d00000, 0x0000000084e00000|  0%| F|  |TAMS 0x0000000084d00000, 0x0000000084d00000| Untracked 
|  78|0x0000000084e00000, 0x0000000084e00000, 0x0000000084f00000|  0%| F|  |TAMS 0x0000000084e00000, 0x0000000084e00000| Untracked 
|  79|0x0000000084f00000, 0x0000000084f00000, 0x0000000085000000|  0%| F|  |TAMS 0x0000000084f00000, 0x0000000084f00000| Untracked 
|  80|0x0000000085000000, 0x0000000085000000, 0x0000000085100000|  0%| F|  |TAMS 0x0000000085000000, 0x0000000085000000| Untracked 
|  81|0x0000000085100000, 0x0000000085100000, 0x0000000085200000|  0%| F|  |TAMS 0x0000000085100000, 0x0000000085100000| Untracked 
|  82|0x0000000085200000, 0x0000000085200000, 0x0000000085300000|  0%| F|  |TAMS 0x0000000085200000, 0x0000000085200000| Untracked 
|  83|0x0000000085300000, 0x0000000085300000, 0x0000000085400000|  0%| F|  |TAMS 0x0000000085300000, 0x0000000085300000| Untracked 
|  84|0x0000000085400000, 0x0000000085400000, 0x0000000085500000|  0%| F|  |TAMS 0x0000000085400000, 0x0000000085400000| Untracked 
|  85|0x0000000085500000, 0x0000000085500000, 0x0000000085600000|  0%| F|  |TAMS 0x0000000085500000, 0x0000000085500000| Untracked 
|  86|0x0000000085600000, 0x0000000085600000, 0x0000000085700000|  0%| F|  |TAMS 0x0000000085600000, 0x0000000085600000| Untracked 
|  87|0x0000000085700000, 0x0000000085700000, 0x0000000085800000|  0%| F|  |TAMS 0x0000000085700000, 0x0000000085700000| Untracked 
|  88|0x0000000085800000, 0x0000000085800000, 0x0000000085900000|  0%| F|  |TAMS 0x0000000085800000, 0x0000000085800000| Untracked 
|  89|0x0000000085900000, 0x0000000085900000, 0x0000000085a00000|  0%| F|  |TAMS 0x0000000085900000, 0x0000000085900000| Untracked 
|  90|0x0000000085a00000, 0x0000000085a00000, 0x0000000085b00000|  0%| F|  |TAMS 0x0000000085a00000, 0x0000000085a00000| Untracked 
|  91|0x0000000085b00000, 0x0000000085b00000, 0x0000000085c00000|  0%| F|  |TAMS 0x0000000085b00000, 0x0000000085b00000| Untracked 
|  92|0x0000000085c00000, 0x0000000085c00000, 0x0000000085d00000|  0%| F|  |TAMS 0x0000000085c00000, 0x0000000085c00000| Untracked 
|  93|0x0000000085d00000, 0x0000000085d00000, 0x0000000085e00000|  0%| F|  |TAMS 0x0000000085d00000, 0x0000000085d00000| Untracked 
|  94|0x0000000085e00000, 0x0000000085e00000, 0x0000000085f00000|  0%| F|  |TAMS 0x0000000085e00000, 0x0000000085e00000| Untracked 
|  95|0x0000000085f00000, 0x0000000085f00000, 0x0000000086000000|  0%| F|  |TAMS 0x0000000085f00000, 0x0000000085f00000| Untracked 
|  96|0x0000000086000000, 0x0000000086000000, 0x0000000086100000|  0%| F|  |TAMS 0x0000000086000000, 0x0000000086000000| Untracked 
|  97|0x0000000086100000, 0x0000000086100000, 0x0000000086200000|  0%| F|  |TAMS 0x0000000086100000, 0x0000000086100000| Untracked 
|  98|0x0000000086200000, 0x0000000086200000, 0x0000000086300000|  0%| F|  |TAMS 0x0000000086200000, 0x0000000086200000| Untracked 
|  99|0x0000000086300000, 0x0000000086300000, 0x0000000086400000|  0%| F|  |TAMS 0x0000000086300000, 0x0000000086300000| Untracked 
| 100|0x0000000086400000, 0x0000000086400000, 0x0000000086500000|  0%| F|  |TAMS 0x0000000086400000, 0x0000000086400000| Untracked 
| 101|0x0000000086500000, 0x0000000086500000, 0x0000000086600000|  0%| F|  |TAMS 0x0000000086500000, 0x0000000086500000| Untracked 
| 102|0x0000000086600000, 0x0000000086600000, 0x0000000086700000|  0%| F|  |TAMS 0x0000000086600000, 0x0000000086600000| Untracked 
| 103|0x0000000086700000, 0x0000000086700000, 0x0000000086800000|  0%| F|  |TAMS 0x0000000086700000, 0x0000000086700000| Untracked 
| 104|0x0000000086800000, 0x0000000086800000, 0x0000000086900000|  0%| F|  |TAMS 0x0000000086800000, 0x0000000086800000| Untracked 
| 105|0x0000000086900000, 0x0000000086900000, 0x0000000086a00000|  0%| F|  |TAMS 0x0000000086900000, 0x0000000086900000| Untracked 
| 106|0x0000000086a00000, 0x0000000086a00000, 0x0000000086b00000|  0%| F|  |TAMS 0x0000000086a00000, 0x0000000086a00000| Untracked 
| 107|0x0000000086b00000, 0x0000000086b00000, 0x0000000086c00000|  0%| F|  |TAMS 0x0000000086b00000, 0x0000000086b00000| Untracked 
| 108|0x0000000086c00000, 0x0000000086c00000, 0x0000000086d00000|  0%| F|  |TAMS 0x0000000086c00000, 0x0000000086c00000| Untracked 
| 109|0x0000000086d00000, 0x0000000086d00000, 0x0000000086e00000|  0%| F|  |TAMS 0x0000000086d00000, 0x0000000086d00000| Untracked 
| 110|0x0000000086e00000, 0x0000000086e00000, 0x0000000086f00000|  0%| F|  |TAMS 0x0000000086e00000, 0x0000000086e00000| Untracked 
| 111|0x0000000086f00000, 0x0000000086f00000, 0x0000000087000000|  0%| F|  |TAMS 0x0000000086f00000, 0x0000000086f00000| Untracked 

Card table byte_map: [0x00000299182c0000,0x00000299186c0000] _byte_map_base: 0x0000029917ec0000

Marking Bits (Prev, Next): (CMBitMap*) 0x00000299037ff4d0, (CMBitMap*) 0x00000299037ff510
 Prev Bits: [0x0000029918ac0000, 0x000002991aac0000)
 Next Bits: [0x000002991aac0000, 0x000002991cac0000)

Polling page: 0x0000029903870000

Metaspace:

Usage:
  Non-class:     36.22 MB used.
      Class:      5.44 MB used.
       Both:     41.67 MB used.

Virtual space:
  Non-class space:       40.00 MB reserved,      36.44 MB ( 91%) committed,  5 nodes.
      Class space:        1.00 GB reserved,       5.56 MB ( <1%) committed,  1 nodes.
             Both:        1.04 GB reserved,      42.00 MB (  4%) committed. 

Chunk freelists:
   Non-Class:  2.95 MB
       Class:  2.31 MB
        Both:  5.26 MB

MaxMetaspaceSize: unlimited
CompressedClassSpaceSize: 1.00 GB
Initial GC threshold: 21.00 MB
Current GC threshold: 58.75 MB
CDS: off
MetaspaceReclaimPolicy: balanced
 - commit_granule_bytes: 65536.
 - commit_granule_words: 8192.
 - virtual_space_node_default_size: 1048576.
 - enlarge_chunks_in_place: 1.
 - new_chunks_are_fully_committed: 0.
 - uncommit_free_chunks: 1.
 - use_allocation_guard: 0.
 - handle_deallocations: 1.


Internal statistics:

num_allocs_failed_limit: 6.
num_arena_births: 336.
num_arena_deaths: 0.
num_vsnodes_births: 6.
num_vsnodes_deaths: 0.
num_space_committed: 672.
num_space_uncommitted: 0.
num_chunks_returned_to_freelist: 6.
num_chunks_taken_from_freelist: 1540.
num_chunk_merges: 6.
num_chunk_splits: 1031.
num_chunks_enlarged: 731.
num_purges: 0.
num_inconsistent_stats: 0.

CodeHeap 'non-profiled nmethods': size=120000Kb used=1699Kb max_used=1699Kb free=118301Kb
 bounds [0x000002990ff10000, 0x0000029910180000, 0x0000029917440000]
CodeHeap 'profiled nmethods': size=120000Kb used=7717Kb max_used=7717Kb free=112282Kb
 bounds [0x0000029908440000, 0x0000029908bd0000, 0x000002990f970000]
CodeHeap 'non-nmethods': size=5760Kb used=2283Kb max_used=2312Kb free=3477Kb
 bounds [0x000002990f970000, 0x000002990fbe0000, 0x000002990ff10000]
 total_blobs=4485 nmethods=3693 adapters=704
 compilation: enabled
              stopped_count=0, restarted_count=0
 full_count=0

Compilation events (20 events):
Event: 7.896 Thread 0x000002992000a6e0 nmethod 3725 0x00000299100b8210 code [0x00000299100b83a0, 0x00000299100b8478]
Event: 7.897 Thread 0x000002992000a6e0 3726       3       java.beans.PropertyDescriptor::setWriteMethod0 (49 bytes)
Event: 7.900 Thread 0x000002992000a6e0 nmethod 3726 0x0000029908bc0d10 code [0x0000029908bc10c0, 0x0000029908bc2ca8]
Event: 7.900 Thread 0x000002992000a6e0 3728       3       java.beans.Introspector::makeQualifiedMethodName (50 bytes)
Event: 7.900 Thread 0x000002992000a6e0 nmethod 3728 0x0000029908bc3410 code [0x0000029908bc3640, 0x0000029908bc3cd8]
Event: 7.901 Thread 0x000002992000a6e0 3729       3       sun.reflect.generics.parser.SignatureParser::parseIdentifier (13 bytes)
Event: 7.901 Thread 0x000002992000a6e0 nmethod 3729 0x0000029908bc3f90 code [0x0000029908bc4140, 0x0000029908bc4398]
Event: 7.901 Thread 0x000002992000a6e0 3731       3       sun.reflect.generics.reflectiveObjects.ParameterizedTypeImpl::toString (209 bytes)
Event: 7.904 Thread 0x000002992000a6e0 nmethod 3731 0x0000029908bc4510 code [0x0000029908bc4920, 0x0000029908bc6098]
Event: 7.904 Thread 0x000002992000a6e0 3732       1       com.google.common.collect.MapMakerInternalMap$AbstractStrongKeyEntry::getNext (5 bytes)
Event: 7.904 Thread 0x000002992000a6e0 nmethod 3732 0x00000299100b8910 code [0x00000299100b8aa0, 0x00000299100b8b78]
Event: 7.904 Thread 0x000002992000a6e0 3730       3       sun.reflect.generics.parser.SignatureParser::parseMethodTypeSignature (41 bytes)
Event: 7.905 Thread 0x000002992000a6e0 nmethod 3730 0x0000029908bc6910 code [0x0000029908bc6b40, 0x0000029908bc7058]
Event: 7.905 Thread 0x000002992000a6e0 3733       3       sun.reflect.generics.reflectiveObjects.WildcardTypeImpl::getLowerBounds (34 bytes)
Event: 7.906 Thread 0x000002992000a6e0 nmethod 3733 0x0000029908bc7290 code [0x0000029908bc7460, 0x0000029908bc7a98]
Event: 7.908 Thread 0x000002992000a6e0 3734       3       java.lang.Class::getGenericSuperclass (28 bytes)
Event: 7.910 Thread 0x000002992000a6e0 nmethod 3734 0x0000029908bc7b90 code [0x0000029908bc7de0, 0x0000029908bc8778]
Event: 7.910 Thread 0x000002992000a6e0 3735  s    3       java.util.Hashtable::putAll (52 bytes)
Event: 7.911 Thread 0x000002992000a6e0 nmethod 3735 0x0000029908bc8a90 code [0x0000029908bc8cc0, 0x0000029908bc9568]
Event: 7.912 Thread 0x000002992000a6e0 3736       3       java.lang.reflect.Modifier::isSynthetic (14 bytes)

GC Heap History (19 events):
Event: 1.460 GC heap before
{Heap before GC invocations=0 (full 0):
 garbage-first heap   total 114688K, used 26624K [0x0000000080000000, 0x0000000100000000)
  region size 1024K, 23 young (23552K), 0 survivors (0K)
 Metaspace       used 10262K, committed 10432K, reserved 1064960K
  class space    used 1061K, committed 1152K, reserved 1048576K
}
Event: 1.469 GC heap after
{Heap after GC invocations=1 (full 0):
 garbage-first heap   total 114688K, used 10464K [0x0000000080000000, 0x0000000100000000)
  region size 1024K, 3 young (3072K), 3 survivors (3072K)
 Metaspace       used 10262K, committed 10432K, reserved 1064960K
  class space    used 1061K, committed 1152K, reserved 1048576K
}
Event: 2.226 GC heap before
{Heap before GC invocations=1 (full 0):
 garbage-first heap   total 114688K, used 36064K [0x0000000080000000, 0x0000000100000000)
  region size 1024K, 28 young (28672K), 3 survivors (3072K)
 Metaspace       used 11189K, committed 11392K, reserved 1064960K
  class space    used 1164K, committed 1280K, reserved 1048576K
}
Event: 2.232 GC heap after
{Heap after GC invocations=2 (full 0):
 garbage-first heap   total 114688K, used 12452K [0x0000000080000000, 0x0000000100000000)
  region size 1024K, 2 young (2048K), 2 survivors (2048K)
 Metaspace       used 11189K, committed 11392K, reserved 1064960K
  class space    used 1164K, committed 1280K, reserved 1048576K
}
Event: 3.882 GC heap before
{Heap before GC invocations=2 (full 0):
 garbage-first heap   total 114688K, used 55460K [0x0000000080000000, 0x0000000100000000)
  region size 1024K, 44 young (45056K), 2 survivors (2048K)
 Metaspace       used 21184K, committed 21504K, reserved 1073152K
  class space    used 2572K, committed 2752K, reserved 1048576K
}
Event: 3.888 GC heap after
{Heap after GC invocations=3 (full 0):
 garbage-first heap   total 114688K, used 18900K [0x0000000080000000, 0x0000000100000000)
  region size 1024K, 9 young (9216K), 9 survivors (9216K)
 Metaspace       used 21184K, committed 21504K, reserved 1073152K
  class space    used 2572K, committed 2752K, reserved 1048576K
}
Event: 5.080 GC heap before
{Heap before GC invocations=4 (full 0):
 garbage-first heap   total 71680K, used 51668K [0x0000000080000000, 0x0000000100000000)
  region size 1024K, 42 young (43008K), 9 survivors (9216K)
 Metaspace       used 26396K, committed 26624K, reserved 1073152K
  class space    used 3478K, committed 3584K, reserved 1048576K
}
Event: 5.086 GC heap after
{Heap after GC invocations=5 (full 0):
 garbage-first heap   total 71680K, used 20659K [0x0000000080000000, 0x0000000100000000)
  region size 1024K, 3 young (3072K), 3 survivors (3072K)
 Metaspace       used 26396K, committed 26624K, reserved 1073152K
  class space    used 3478K, committed 3584K, reserved 1048576K
}
Event: 5.136 GC heap before
{Heap before GC invocations=5 (full 0):
 garbage-first heap   total 71680K, used 21683K [0x0000000080000000, 0x0000000100000000)
  region size 1024K, 4 young (4096K), 3 survivors (3072K)
 Metaspace       used 26572K, committed 26880K, reserved 1073152K
  class space    used 3507K, committed 3648K, reserved 1048576K
}
Event: 5.139 GC heap after
{Heap after GC invocations=6 (full 0):
 garbage-first heap   total 71680K, used 20904K [0x0000000080000000, 0x0000000100000000)
  region size 1024K, 1 young (1024K), 1 survivors (1024K)
 Metaspace       used 26572K, committed 26880K, reserved 1073152K
  class space    used 3507K, committed 3648K, reserved 1048576K
}
Event: 5.923 GC heap before
{Heap before GC invocations=6 (full 0):
 garbage-first heap   total 71680K, used 48552K [0x0000000080000000, 0x0000000100000000)
  region size 1024K, 29 young (29696K), 1 survivors (1024K)
 Metaspace       used 30847K, committed 31168K, reserved 1081344K
  class space    used 4202K, committed 4352K, reserved 1048576K
}
Event: 5.926 GC heap after
{Heap after GC invocations=7 (full 0):
 garbage-first heap   total 71680K, used 22143K [0x0000000080000000, 0x0000000100000000)
  region size 1024K, 2 young (2048K), 2 survivors (2048K)
 Metaspace       used 30847K, committed 31168K, reserved 1081344K
  class space    used 4202K, committed 4352K, reserved 1048576K
}
Event: 6.657 GC heap before
{Heap before GC invocations=7 (full 0):
 garbage-first heap   total 71680K, used 47743K [0x0000000080000000, 0x0000000100000000)
  region size 1024K, 29 young (29696K), 2 survivors (2048K)
 Metaspace       used 35611K, committed 35968K, reserved 1081344K
  class space    used 4877K, committed 5056K, reserved 1048576K
}
Event: 6.661 GC heap after
{Heap after GC invocations=8 (full 0):
 garbage-first heap   total 71680K, used 24393K [0x0000000080000000, 0x0000000100000000)
  region size 1024K, 4 young (4096K), 4 survivors (4096K)
 Metaspace       used 35611K, committed 35968K, reserved 1081344K
  class space    used 4877K, committed 5056K, reserved 1048576K
}
Event: 7.353 GC heap before
{Heap before GC invocations=9 (full 0):
 garbage-first heap   total 71680K, used 52041K [0x0000000080000000, 0x0000000100000000)
  region size 1024K, 32 young (32768K), 4 survivors (4096K)
 Metaspace       used 40434K, committed 40768K, reserved 1089536K
  class space    used 5361K, committed 5504K, reserved 1048576K
}
Event: 7.361 GC heap after
{Heap after GC invocations=10 (full 0):
 garbage-first heap   total 71680K, used 28585K [0x0000000080000000, 0x0000000100000000)
  region size 1024K, 4 young (4096K), 4 survivors (4096K)
 Metaspace       used 40434K, committed 40768K, reserved 1089536K
  class space    used 5361K, committed 5504K, reserved 1048576K
}
Event: 7.373 GC heap before
{Heap before GC invocations=10 (full 0):
 garbage-first heap   total 71680K, used 29609K [0x0000000080000000, 0x0000000100000000)
  region size 1024K, 5 young (5120K), 4 survivors (4096K)
 Metaspace       used 40448K, committed 40768K, reserved 1089536K
  class space    used 5361K, committed 5504K, reserved 1048576K
}
Event: 7.377 GC heap after
{Heap after GC invocations=11 (full 0):
 garbage-first heap   total 71680K, used 28511K [0x0000000080000000, 0x0000000100000000)
  region size 1024K, 1 young (1024K), 1 survivors (1024K)
 Metaspace       used 40448K, committed 40768K, reserved 1089536K
  class space    used 5361K, committed 5504K, reserved 1048576K
}
Event: 7.912 GC heap before
{Heap before GC invocations=11 (full 0):
 garbage-first heap   total 71680K, used 56159K [0x0000000080000000, 0x0000000100000000)
  region size 1024K, 25 young (25600K), 1 survivors (1024K)
 Metaspace       used 42665K, committed 43008K, reserved 1089536K
  class space    used 5575K, committed 5696K, reserved 1048576K
}

Dll operation events (2 events):
Event: 0.015 Loaded shared library D:\Android\jbr\bin\java.dll
Event: 0.905 Loaded shared library D:\Android\jbr\bin\verify.dll

Deoptimization events (20 events):
Event: 7.552 Thread 0x0000029921885860 Uncommon trap: trap_request=0xffffffde fr.pc=0x000002991008aa8c relative=0x000000000000042c
Event: 7.552 Thread 0x0000029921885860 Uncommon trap: reason=class_check action=maybe_recompile pc=0x000002991008aa8c method=java.util.regex.Pattern$Start.match(Ljava/util/regex/Matcher;ILjava/lang/CharSequence;)Z @ 44 c2
Event: 7.552 Thread 0x0000029921885860 DEOPT PACKING pc=0x000002991008aa8c sp=0x000000dbef9f8f00
Event: 7.552 Thread 0x0000029921885860 DEOPT UNPACKING pc=0x000002990f9c69a3 sp=0x000000dbef9f8e40 mode 2
Event: 7.802 Thread 0x0000029921885860 Uncommon trap: trap_request=0xffffffbe fr.pc=0x00000299100af038 relative=0x0000000000000778
Event: 7.802 Thread 0x0000029921885860 Uncommon trap: reason=profile_predicate action=maybe_recompile pc=0x00000299100af038 method=java.lang.PublicMethods$MethodList.filter([Ljava/lang/reflect/Method;Ljava/lang/String;[Ljava/lang/Class;Z)Ljava/lang/PublicMethods$MethodList; @ 21 c2
Event: 7.802 Thread 0x0000029921885860 DEOPT PACKING pc=0x00000299100af038 sp=0x000000dbef9f87e0
Event: 7.802 Thread 0x0000029921885860 DEOPT UNPACKING pc=0x000002990f9c69a3 sp=0x000000dbef9f8798 mode 2
Event: 7.802 Thread 0x0000029921885860 Uncommon trap: trap_request=0xffffffbe fr.pc=0x00000299100af038 relative=0x0000000000000778
Event: 7.802 Thread 0x0000029921885860 Uncommon trap: reason=profile_predicate action=maybe_recompile pc=0x00000299100af038 method=java.lang.PublicMethods$MethodList.filter([Ljava/lang/reflect/Method;Ljava/lang/String;[Ljava/lang/Class;Z)Ljava/lang/PublicMethods$MethodList; @ 21 c2
Event: 7.802 Thread 0x0000029921885860 DEOPT PACKING pc=0x00000299100af038 sp=0x000000dbef9f8730
Event: 7.802 Thread 0x0000029921885860 DEOPT UNPACKING pc=0x000002990f9c69a3 sp=0x000000dbef9f86e8 mode 2
Event: 7.802 Thread 0x0000029921885860 Uncommon trap: trap_request=0xffffffbe fr.pc=0x00000299100af038 relative=0x0000000000000778
Event: 7.802 Thread 0x0000029921885860 Uncommon trap: reason=profile_predicate action=maybe_recompile pc=0x00000299100af038 method=java.lang.PublicMethods$MethodList.filter([Ljava/lang/reflect/Method;Ljava/lang/String;[Ljava/lang/Class;Z)Ljava/lang/PublicMethods$MethodList; @ 21 c2
Event: 7.802 Thread 0x0000029921885860 DEOPT PACKING pc=0x00000299100af038 sp=0x000000dbef9f8730
Event: 7.802 Thread 0x0000029921885860 DEOPT UNPACKING pc=0x000002990f9c69a3 sp=0x000000dbef9f86e8 mode 2
Event: 7.802 Thread 0x0000029921885860 Uncommon trap: trap_request=0xffffffbe fr.pc=0x00000299100af038 relative=0x0000000000000778
Event: 7.802 Thread 0x0000029921885860 Uncommon trap: reason=profile_predicate action=maybe_recompile pc=0x00000299100af038 method=java.lang.PublicMethods$MethodList.filter([Ljava/lang/reflect/Method;Ljava/lang/String;[Ljava/lang/Class;Z)Ljava/lang/PublicMethods$MethodList; @ 21 c2
Event: 7.802 Thread 0x0000029921885860 DEOPT PACKING pc=0x00000299100af038 sp=0x000000dbef9f8680
Event: 7.802 Thread 0x0000029921885860 DEOPT UNPACKING pc=0x000002990f9c69a3 sp=0x000000dbef9f8638 mode 2

Classes unloaded (0 events):
No events

Classes redefined (0 events):
No events

Internal exceptions (20 events):
Event: 7.833 Thread 0x0000029921885860 Exception <a 'java/lang/ClassNotFoundException'{0x000000008331a1e8}: org/gradle/internal/metaobject/ConfigureDelegateBeanInfo> (0x000000008331a1e8) 
thrown [s\src\hotspot\share\classfile\systemDictionary.cpp, line 256]
Event: 7.834 Thread 0x0000029921885860 Exception <a 'java/lang/ClassNotFoundException'{0x000000008332b750}: org/gradle/internal/metaobject/ConfigureDelegateCustomizer> (0x000000008332b750) 
thrown [s\src\hotspot\share\classfile\systemDictionary.cpp, line 256]
Event: 7.841 Thread 0x0000029921885860 Exception <a 'java/lang/ClassNotFoundException'{0x00000000833872e8}: org/gradle/plugin/management/internal/DefaultPluginManagementSpec_DecoratedBeanInfo> (0x00000000833872e8) 
thrown [s\src\hotspot\share\classfile\systemDictionary.cpp, line 256]
Event: 7.843 Thread 0x0000029921885860 Exception <a 'java/lang/ClassNotFoundException'{0x000000008339dcb8}: org/gradle/plugin/management/internal/DefaultPluginManagementSpecBeanInfo> (0x000000008339dcb8) 
thrown [s\src\hotspot\share\classfile\systemDictionary.cpp, line 256]
Event: 7.844 Thread 0x0000029921885860 Exception <a 'java/lang/ClassNotFoundException'{0x00000000833b47e0}: org/gradle/plugin/management/internal/DefaultPluginManagementSpecCustomizer> (0x00000000833b47e0) 
thrown [s\src\hotspot\share\classfile\systemDictionary.cpp, line 256]
Event: 7.846 Thread 0x0000029921885860 Exception <a 'java/lang/ClassNotFoundException'{0x00000000833da5f0}: org/gradle/plugin/management/internal/DefaultPluginManagementSpec_DecoratedCustomizer> (0x00000000833da5f0) 
thrown [s\src\hotspot\share\classfile\systemDictionary.cpp, line 256]
Event: 7.876 Thread 0x0000029921885860 Exception <a 'java/lang/ClassNotFoundException'{0x0000000082e426e0}: org/gradle/api/internal/artifacts/dsl/DefaultRepositoryHandler_DecoratedBeanInfo> (0x0000000082e426e0) 
thrown [s\src\hotspot\share\classfile\systemDictionary.cpp, line 256]
Event: 7.878 Thread 0x0000029921885860 Exception <a 'java/lang/ClassNotFoundException'{0x0000000082e5b0b8}: org/gradle/api/internal/artifacts/dsl/DefaultRepositoryHandlerBeanInfo> (0x0000000082e5b0b8) 
thrown [s\src\hotspot\share\classfile\systemDictionary.cpp, line 256]
Event: 7.879 Thread 0x0000029921885860 Exception <a 'java/lang/ClassNotFoundException'{0x0000000082e74328}: org/gradle/api/internal/artifacts/DefaultArtifactRepositoryContainerBeanInfo> (0x0000000082e74328) 
thrown [s\src\hotspot\share\classfile\systemDictionary.cpp, line 256]
Event: 7.880 Thread 0x0000029921885860 Exception <a 'java/lang/ClassNotFoundException'{0x0000000082e89188}: org/gradle/api/internal/DefaultNamedDomainObjectListBeanInfo> (0x0000000082e89188) 
thrown [s\src\hotspot\share\classfile\systemDictionary.cpp, line 256]
Event: 7.881 Thread 0x0000029921885860 Exception <a 'java/lang/ClassNotFoundException'{0x0000000082e9e1a8}: org/gradle/api/internal/DefaultNamedDomainObjectCollectionBeanInfo> (0x0000000082e9e1a8) 
thrown [s\src\hotspot\share\classfile\systemDictionary.cpp, line 256]
Event: 7.882 Thread 0x0000029921885860 Exception <a 'java/lang/ClassNotFoundException'{0x0000000082eb3068}: org/gradle/api/internal/DefaultDomainObjectCollectionBeanInfo> (0x0000000082eb3068) 
thrown [s\src\hotspot\share\classfile\systemDictionary.cpp, line 256]
Event: 7.886 Thread 0x0000029921885860 Exception <a 'java/lang/ClassNotFoundException'{0x0000000082eb9510}: java/util/AbstractCollectionBeanInfo> (0x0000000082eb9510) 
thrown [s\src\hotspot\share\classfile\systemDictionary.cpp, line 256]
Event: 7.887 Thread 0x0000029921885860 Exception <a 'java/lang/ClassNotFoundException'{0x0000000082ebf920}: java/util/AbstractCollectionCustomizer> (0x0000000082ebf920) 
thrown [s\src\hotspot\share\classfile\systemDictionary.cpp, line 256]
Event: 7.890 Thread 0x0000029921885860 Exception <a 'java/lang/ClassNotFoundException'{0x0000000082eddd18}: org/gradle/api/internal/DefaultDomainObjectCollectionCustomizer> (0x0000000082eddd18) 
thrown [s\src\hotspot\share\classfile\systemDictionary.cpp, line 256]
Event: 7.895 Thread 0x0000029921885860 Exception <a 'java/lang/ClassNotFoundException'{0x0000000082d13cb8}: org/gradle/api/internal/DefaultNamedDomainObjectCollectionCustomizer> (0x0000000082d13cb8) 
thrown [s\src\hotspot\share\classfile\systemDictionary.cpp, line 256]
Event: 7.900 Thread 0x0000029921885860 Exception <a 'java/lang/ClassNotFoundException'{0x0000000082d55258}: org/gradle/api/internal/DefaultNamedDomainObjectListCustomizer> (0x0000000082d55258) 
thrown [s\src\hotspot\share\classfile\systemDictionary.cpp, line 256]
Event: 7.903 Thread 0x0000029921885860 Exception <a 'java/lang/ClassNotFoundException'{0x0000000082d88cc0}: org/gradle/api/internal/artifacts/DefaultArtifactRepositoryContainerCustomizer> (0x0000000082d88cc0) 
thrown [s\src\hotspot\share\classfile\systemDictionary.cpp, line 256]
Event: 7.907 Thread 0x0000029921885860 Exception <a 'java/lang/ClassNotFoundException'{0x0000000082db41b8}: org/gradle/api/internal/artifacts/dsl/DefaultRepositoryHandlerCustomizer> (0x0000000082db41b8) 
thrown [s\src\hotspot\share\classfile\systemDictionary.cpp, line 256]
Event: 7.912 Thread 0x0000029921885860 Exception <a 'java/lang/ClassNotFoundException'{0x0000000082ded908}: org/gradle/api/internal/artifacts/dsl/DefaultRepositoryHandler_DecoratedCustomizer> (0x0000000082ded908) 
thrown [s\src\hotspot\share\classfile\systemDictionary.cpp, line 256]

VM Operations (20 events):
Event: 7.114 Executing VM operation: HandshakeAllThreads done
Event: 7.114 Executing VM operation: HandshakeAllThreads
Event: 7.114 Executing VM operation: HandshakeAllThreads done
Event: 7.114 Executing VM operation: HandshakeAllThreads
Event: 7.114 Executing VM operation: HandshakeAllThreads done
Event: 7.119 Executing VM operation: HandshakeAllThreads
Event: 7.119 Executing VM operation: HandshakeAllThreads done
Event: 7.126 Executing VM operation: HandshakeAllThreads
Event: 7.126 Executing VM operation: HandshakeAllThreads done
Event: 7.135 Executing VM operation: HandshakeAllThreads
Event: 7.135 Executing VM operation: HandshakeAllThreads done
Event: 7.257 Executing VM operation: HandshakeAllThreads
Event: 7.257 Executing VM operation: HandshakeAllThreads done
Event: 7.353 Executing VM operation: G1CollectForAllocation
Event: 7.361 Executing VM operation: G1CollectForAllocation done
Event: 7.373 Executing VM operation: G1CollectForAllocation
Event: 7.377 Executing VM operation: G1CollectForAllocation done
Event: 7.888 Executing VM operation: ICBufferFull
Event: 7.888 Executing VM operation: ICBufferFull done
Event: 7.912 Executing VM operation: G1CollectForAllocation

Events (20 events):
Event: 7.555 loading class com/sun/beans/finder/MethodFinder$1 done
Event: 7.555 loading class com/sun/beans/finder/FinderUtils
Event: 7.556 loading class com/sun/beans/finder/FinderUtils done
Event: 7.662 loading class sun/reflect/MagicAccessorImpl
Event: 7.662 loading class sun/reflect/MagicAccessorImpl done
Event: 7.740 loading class jdk/internal/reflect/UnsafeStaticIntegerFieldAccessorImpl
Event: 7.741 loading class jdk/internal/reflect/UnsafeStaticIntegerFieldAccessorImpl done
Event: 7.765 Thread 0x0000029922ad3160 Thread added: 0x0000029922ad3160
Event: 7.882 loading class java/util/AbstractCollectionBeanInfo
Event: 7.882 loading class java/util/AbstractCollectionBeanInfo done
Event: 7.886 loading class java/util/AbstractCollectionBeanInfo
Event: 7.886 loading class java/util/AbstractCollectionBeanInfo done
Event: 7.886 loading class java/util/AbstractCollectionCustomizer
Event: 7.886 loading class java/util/AbstractCollectionCustomizer done
Event: 7.887 loading class java/util/AbstractCollectionCustomizer
Event: 7.887 loading class java/util/AbstractCollectionCustomizer done
Event: 7.887 loading class sun/reflect/generics/tree/BooleanSignature
Event: 7.887 loading class sun/reflect/generics/tree/BooleanSignature done
Event: 7.888 loading class sun/reflect/generics/reflectiveObjects/GenericArrayTypeImpl
Event: 7.888 loading class sun/reflect/generics/reflectiveObjects/GenericArrayTypeImpl done


Dynamic libraries:
0x00007ff6924a0000 - 0x00007ff6924aa000 	D:\Android\jbr\bin\java.exe
0x00007ffd9b420000 - 0x00007ffd9b629000 	C:\WINDOWS\SYSTEM32\ntdll.dll
0x00007ffd9a930000 - 0x00007ffd9a9ee000 	C:\WINDOWS\System32\KERNEL32.DLL
0x00007ffd98b60000 - 0x00007ffd98ee3000 	C:\WINDOWS\System32\KERNELBASE.dll
0x00007ffd98f70000 - 0x00007ffd99081000 	C:\WINDOWS\System32\ucrtbase.dll
0x00007ffd59c30000 - 0x00007ffd59c47000 	D:\Android\jbr\bin\jli.dll
0x00007ffd4f770000 - 0x00007ffd4f78b000 	D:\Android\jbr\bin\VCRUNTIME140.dll
0x00007ffd9add0000 - 0x00007ffd9af7d000 	C:\WINDOWS\System32\USER32.dll
0x00007ffd99260000 - 0x00007ffd99286000 	C:\WINDOWS\System32\win32u.dll
0x00007ffd9b280000 - 0x00007ffd9b2a9000 	C:\WINDOWS\System32\GDI32.dll
0x00007ffd7ec40000 - 0x00007ffd7eee5000 	C:\WINDOWS\WinSxS\amd64_microsoft.windows.common-controls_6595b64144ccf1df_6.0.22000.120_none_9d947278b86cc467\COMCTL32.dll
0x00007ffd988d0000 - 0x00007ffd989ea000 	C:\WINDOWS\System32\gdi32full.dll
0x00007ffd9b000000 - 0x00007ffd9b0a3000 	C:\WINDOWS\System32\msvcrt.dll
0x00007ffd99150000 - 0x00007ffd991ed000 	C:\WINDOWS\System32\msvcp_win.dll
0x00007ffd99450000 - 0x00007ffd99481000 	C:\WINDOWS\System32\IMM32.DLL
0x00007ffd900d0000 - 0x00007ffd900dc000 	D:\Android\jbr\bin\vcruntime140_1.dll
0x00007ffd46300000 - 0x00007ffd4638d000 	D:\Android\jbr\bin\msvcp140.dll
0x00007ffd22640000 - 0x00007ffd232ad000 	D:\Android\jbr\bin\server\jvm.dll
0x00007ffd9b140000 - 0x00007ffd9b1ee000 	C:\WINDOWS\System32\ADVAPI32.dll
0x00007ffd9ab90000 - 0x00007ffd9ac2e000 	C:\WINDOWS\System32\sechost.dll
0x00007ffd9b2b0000 - 0x00007ffd9b3d1000 	C:\WINDOWS\System32\RPCRT4.dll
0x00007ffd92fe0000 - 0x00007ffd92fe9000 	C:\WINDOWS\SYSTEM32\WSOCK32.dll
0x00007ffd95680000 - 0x00007ffd956b3000 	C:\WINDOWS\SYSTEM32\WINMM.dll
0x00007ffd90540000 - 0x00007ffd9054a000 	C:\WINDOWS\SYSTEM32\VERSION.dll
0x00007ffd99490000 - 0x00007ffd994ff000 	C:\WINDOWS\System32\WS2_32.dll
0x00007ffd97950000 - 0x00007ffd97968000 	C:\WINDOWS\SYSTEM32\kernel.appcore.dll
0x00007ffd92940000 - 0x00007ffd9294a000 	D:\Android\jbr\bin\jimage.dll
0x00007ffd96060000 - 0x00007ffd96281000 	C:\WINDOWS\SYSTEM32\DBGHELP.DLL
0x00007ffd90f10000 - 0x00007ffd90f41000 	C:\WINDOWS\SYSTEM32\dbgcore.DLL
0x00007ffd98ef0000 - 0x00007ffd98f6f000 	C:\WINDOWS\System32\bcryptPrimitives.dll
0x00007ffd77480000 - 0x00007ffd774a5000 	D:\Android\jbr\bin\java.dll
0x00007ffd8ece0000 - 0x00007ffd8ecf8000 	D:\Android\jbr\bin\zip.dll
0x00007ffd99d70000 - 0x00007ffd9a535000 	C:\WINDOWS\System32\SHELL32.dll
0x00007ffd969b0000 - 0x00007ffd97214000 	C:\WINDOWS\SYSTEM32\windows.storage.dll
0x00007ffd9a5b0000 - 0x00007ffd9a926000 	C:\WINDOWS\System32\combase.dll
0x00007ffd96840000 - 0x00007ffd969a7000 	C:\WINDOWS\SYSTEM32\wintypes.dll
0x00007ffd9ac30000 - 0x00007ffd9ad1a000 	C:\WINDOWS\System32\SHCORE.dll
0x00007ffd993e0000 - 0x00007ffd9943d000 	C:\WINDOWS\System32\shlwapi.dll
0x00007ffd98800000 - 0x00007ffd98821000 	C:\WINDOWS\SYSTEM32\profapi.dll
0x00007ffd886a0000 - 0x00007ffd886b9000 	D:\Android\jbr\bin\net.dll
0x00007ffd91e30000 - 0x00007ffd91f42000 	C:\WINDOWS\SYSTEM32\WINHTTP.dll
0x00007ffd97df0000 - 0x00007ffd97e57000 	C:\WINDOWS\system32\mswsock.dll
0x00007ffd88650000 - 0x00007ffd88666000 	D:\Android\jbr\bin\nio.dll
0x00007ffd92830000 - 0x00007ffd92840000 	D:\Android\jbr\bin\verify.dll
0x00007ffd76dc0000 - 0x00007ffd76de7000 	C:\Users\an'zhi'lin\.gradle\native\68d5fa5c4cc2d200863cafc0d521ce42e7d3e7ee720ec0a83991735586a16f82\windows-amd64\native-platform.dll
0x00007ffd42520000 - 0x00007ffd42664000 	C:\Users\an'zhi'lin\.gradle\native\e376f236ea51e6404a007f0833ffe2c6e607c4080706a723a18a27aeea778392\windows-amd64\native-platform-file-events.dll
0x00007ffd92900000 - 0x00007ffd92909000 	D:\Android\jbr\bin\management.dll
0x00007ffd928d0000 - 0x00007ffd928db000 	D:\Android\jbr\bin\management_ext.dll
0x00007ffd9b1f0000 - 0x00007ffd9b1f8000 	C:\WINDOWS\System32\PSAPI.DLL
0x00007ffd98050000 - 0x00007ffd98068000 	C:\WINDOWS\SYSTEM32\CRYPTSP.dll
0x00007ffd978b0000 - 0x00007ffd978e5000 	C:\WINDOWS\system32\rsaenh.dll
0x00007ffd97ef0000 - 0x00007ffd97f19000 	C:\WINDOWS\SYSTEM32\USERENV.dll
0x00007ffd981c0000 - 0x00007ffd981e7000 	C:\WINDOWS\SYSTEM32\bcrypt.dll
0x00007ffd98040000 - 0x00007ffd9804c000 	C:\WINDOWS\SYSTEM32\CRYPTBASE.dll
0x00007ffd97470000 - 0x00007ffd9749d000 	C:\WINDOWS\SYSTEM32\IPHLPAPI.DLL
0x00007ffd99440000 - 0x00007ffd99449000 	C:\WINDOWS\System32\NSI.dll
0x00007ffd91c00000 - 0x00007ffd91c19000 	C:\WINDOWS\SYSTEM32\dhcpcsvc6.DLL
0x00007ffd925b0000 - 0x00007ffd925ce000 	C:\WINDOWS\SYSTEM32\dhcpcsvc.DLL
0x00007ffd974e0000 - 0x00007ffd975c8000 	C:\WINDOWS\SYSTEM32\DNSAPI.dll
0x00007ffd92180000 - 0x00007ffd92188000 	C:\WINDOWS\system32\wshunix.dll

dbghelp: loaded successfully - version: 4.0.5 - missing functions: none
symbol engine: initialized successfully - sym options: 0x614 - pdb path: .;D:\Android\jbr\bin;C:\WINDOWS\SYSTEM32;C:\WINDOWS\WinSxS\amd64_microsoft.windows.common-controls_6595b64144ccf1df_6.0.22000.120_none_9d947278b86cc467;D:\Android\jbr\bin\server;C:\Users\an'zhi'lin\.gradle\native\68d5fa5c4cc2d200863cafc0d521ce42e7d3e7ee720ec0a83991735586a16f82\windows-amd64;C:\Users\an'zhi'lin\.gradle\native\e376f236ea51e6404a007f0833ffe2c6e607c4080706a723a18a27aeea778392\windows-amd64

VM Arguments:
jvm_args: --add-opens=java.base/java.util=ALL-UNNAMED --add-opens=java.base/java.lang=ALL-UNNAMED --add-opens=java.base/java.lang.invoke=ALL-UNNAMED --add-opens=java.prefs/java.util.prefs=ALL-UNNAMED --add-opens=java.base/java.nio.charset=ALL-UNNAMED --add-opens=java.base/java.net=ALL-UNNAMED --add-opens=java.base/java.util.concurrent.atomic=ALL-UNNAMED -Xmx2048m -Dfile.encoding=UTF-8 -Duser.country=CN -Duser.language=zh -Duser.variant 
java_command: org.gradle.launcher.daemon.bootstrap.GradleDaemon 8.0
java_class_path (initial): C:\Users\an'zhi'lin\.gradle\wrapper\dists\gradle-8.0-bin\ca5e32bp14vu59qr306oxotwh\gradle-8.0\lib\gradle-launcher-8.0.jar
Launcher Type: SUN_STANDARD

[Global flags]
     intx CICompilerCount                          = 4                                         {product} {ergonomic}
     uint ConcGCThreads                            = 2                                         {product} {ergonomic}
     uint G1ConcRefinementThreads                  = 8                                         {product} {ergonomic}
   size_t G1HeapRegionSize                         = 1048576                                   {product} {ergonomic}
    uintx GCDrainStackTargetSize                   = 64                                        {product} {ergonomic}
   size_t InitialHeapSize                          = 117440512                                 {product} {ergonomic}
   size_t MarkStackSize                            = 4194304                                   {product} {ergonomic}
   size_t MaxHeapSize                              = 2147483648                                {product} {command line}
   size_t MaxNewSize                               = 1287651328                                {product} {ergonomic}
   size_t MinHeapDeltaBytes                        = 1048576                                   {product} {ergonomic}
   size_t MinHeapSize                              = 8388608                                   {product} {ergonomic}
    uintx NonNMethodCodeHeapSize                   = 5839372                                {pd product} {ergonomic}
    uintx NonProfiledCodeHeapSize                  = 122909434                              {pd product} {ergonomic}
    uintx ProfiledCodeHeapSize                     = 122909434                              {pd product} {ergonomic}
    uintx ReservedCodeCacheSize                    = 251658240                              {pd product} {ergonomic}
     bool SegmentedCodeCache                       = true                                      {product} {ergonomic}
   size_t SoftMaxHeapSize                          = 2147483648                             {manageable} {ergonomic}
     bool UseCompressedClassPointers               = true                           {product lp64_product} {ergonomic}
     bool UseCompressedOops                        = true                           {product lp64_product} {ergonomic}
     bool UseG1GC                                  = true                                      {product} {ergonomic}
     bool UseLargePagesIndividualAllocation        = false                                  {pd product} {ergonomic}

Logging:
Log output configuration:
 #0: stdout all=warning uptime,level,tags
 #1: stderr all=off uptime,level,tags

Environment Variables:
JAVA_HOME=C:\Program Files\Java\jdk1.8.0_241
CLASSPATH=.;C:\Program Files\Java\jdk1.8.0_241\lib;C:\Program Files\Java\jdk1.8.0_241\lib\tools.jar
PATH=C:\WINDOWS\system32;C:\WINDOWS;C:\WINDOWS\System32\Wbem;C:\WINDOWS\System32\WindowsPowerShell\v1.0\;C:\WINDOWS\System32\OpenSSH\;C:\Program Files\Java\jdk1.8.0_241\bin;C:\Program Files\Java\jdk1.8.0_241\jre\bin;C:\Program Files\Git\cmd;D:\mingw64\bin;D:\Anaconda\bin;C:\Program Files\MySQL\MySQL Server 8.0\bin;C:\Program Files\Microsoft SQL Server\Client SDK\ODBC\170\Tools\Binn\;C:\Program Files (x86)\Microsoft SQL Server\150\Tools\Binn\;C:\Program Files\Microsoft SQL Server\150\Tools\Binn\;C:\Program Files\Microsoft SQL Server\150\DTS\Binn\;D:\Tomcat\apache-tomcat-8.5.69\bin\;D:\Tomcat\apache-tomcat-8.5.69\lib\;D:\hugo\bin;C:\Strawberry\c\bin;C:\Strawberry\perl\site\bin;C:\Strawberry\perl\bin;D:\My_Qt\Tools\mingw1120_64\bin;D:\My_Qt\Tools\mingw1120_64\lib;D:\My_Qt\6.3.1\mingw_64\bin;D:\My_Qt\6.3.1\mingw_64\lib;C:\Program Files\CMake\bin;C:\Program Files\MySQL\MySQL Server 8.0\bin;C:\Program Files\MySQL\MySQL Server 8.0\lib;C:\Users\an'zhi'lin\;C:\Program Files\MySQL\MySQL Shell 8.0\bin\;D:\Anaconda;D:\Anaconda\Library\mingw-w64\bin;D:\Anaconda\Library\usr\bin;D:\Anaconda\Library\bin;D:\Anaconda\Scripts;C:\Users\an'zhi'lin\AppData\Local\Programs\Python\Python39\Scripts\;C:\Users\an'zhi'lin\AppData\Local\Programs\Python\Python39\;C:\Users\an'zhi'lin\AppData\Local\Microsoft\WindowsApps;D:\HONOR Magic-link\\IntelliJ IDEA 2020.1\bin;;C:\Users\an'zhi'lin\AppData\Local\GitHubDesktop\bin;C:\Program Files\JetBrains\CLion 2021.2.3\bin;D:\pycharm\PyCharm Community Edition 2021.2.3\bin;C:\Program Files\Azure Data Studio\bin
USERNAME=an'zhi'lin
OS=Windows_NT
PROCESSOR_IDENTIFIER=AMD64 Family 23 Model 24 Stepping 1, AuthenticAMD
TMP=C:\Users\AN'ZHI~1\AppData\Local\Temp
TEMP=C:\Users\AN'ZHI~1\AppData\Local\Temp



---------------  S Y S T E M  ---------------

OS:
 Windows 11 , 64 bit Build 22000 (10.0.22000.1761)
OS uptime: 1 days 6:40 hours

CPU: total 8 (initial active 8) (8 cores per cpu, 2 threads per core) family 23 model 24 stepping 1 microcode 0x0, cx8, cmov, fxsr, ht, mmx, 3dnowpref, sse, sse2, sse3, ssse3, sse4a, sse4.1, sse4.2, popcnt, lzcnt, tsc, tscinvbit, avx, avx2, aes, clmul, bmi1, bmi2, adx, sha, fma, vzeroupper, clflush, clflushopt

Memory: 4k page, system-wide physical 7103M (177M free)
TotalPageFile size 18145M (AvailPageFile size 17M)
current process WorkingSet (physical memory assigned to process): 204M, peak: 204M
current process commit charge ("private bytes"): 281M, peak: 309M

vm_info: OpenJDK 64-Bit Server VM (17.0.6+0-b2043.56-9586694) for windows-amd64 JRE (17.0.6+0-b2043.56-9586694), built on Feb  9 2023 20:06:20 by "androidbuild" with MS VC++ 16.10 / 16.11 (VS2019)

END.
