#
# There is insufficient memory for the Java Runtime Environment to continue.
# Native memory allocation (mmap) failed to map 6291456 bytes for G1 virtual space
# Possible reasons:
#   The system is out of physical RAM or swap space
#   The process is running with CompressedOops enabled, and the Java Heap may be blocking the growth of the native heap
# Possible solutions:
#   Reduce memory load on the system
#   Increase physical memory or swap space
#   Check if swap backing store is full
#   Decrease Java heap size (-Xmx/-Xms)
#   Decrease number of Java threads
#   Decrease Java thread stack sizes (-Xss)
#   Set larger code cache with -XX:ReservedCodeCacheSize=
#   JVM is running with Unscaled Compressed Oops mode in which the Java heap is
#     placed in the first 4GB address space. The Java Heap base address is the
#     maximum limit for the native heap growth. Please use -XX:HeapBaseMinAddress
#     to set the Java Heap base and to place the Java Heap above 4GB virtual address.
# This output file may be truncated or incomplete.
#
#  Out of Memory Error (os_windows.cpp:3769), pid=19088, tid=17444
#
# JRE version: OpenJDK Runtime Environment (17.0.6) (build 17.0.6+0-b2043.56-9586694)
# Java VM: OpenJDK 64-Bit Server VM (17.0.6+0-b2043.56-9586694, mixed mode, tiered, compressed oops, compressed class ptrs, g1 gc, windows-amd64)
# No core dump will be written. Minidumps are not enabled by default on client versions of Windows
#

---------------  S U M M A R Y ------------

Command Line: --add-opens=java.base/java.util=ALL-UNNAMED --add-opens=java.base/java.lang=ALL-UNNAMED --add-opens=java.base/java.lang.invoke=ALL-UNNAMED --add-opens=java.prefs/java.util.prefs=ALL-UNNAMED --add-opens=java.base/java.nio.charset=ALL-UNNAMED --add-opens=java.base/java.net=ALL-UNNAMED --add-opens=java.base/java.util.concurrent.atomic=ALL-UNNAMED -Xmx2048m -Dfile.encoding=UTF-8 -Duser.country=CN -Duser.language=zh -Duser.variant org.gradle.launcher.daemon.bootstrap.GradleDaemon 8.0

Host: AMD Ryzen 5 3500U with Radeon Vega Mobile Gfx  , 8 cores, 6G,  Windows 11 , 64 bit Build 22000 (10.0.22000.1761)
Time: Tue Jun 27 23:18:19 2023  Windows 11 , 64 bit Build 22000 (10.0.22000.1761) elapsed time: 9.315457 seconds (0d 0h 0m 9s)

---------------  T H R E A D  ---------------

Current thread (0x000002e6e4238a40):  VMThread "VM Thread" [stack: 0x000000f084a00000,0x000000f084b00000] [id=17444]

Stack: [0x000000f084a00000,0x000000f084b00000]
Native frames: (J=compiled Java code, j=interpreted, Vv=VM code, C=native code)
V  [jvm.dll+0x683b4a]
V  [jvm.dll+0x842654]
V  [jvm.dll+0x843dfe]
V  [jvm.dll+0x844463]
V  [jvm.dll+0x249b75]
V  [jvm.dll+0x680a19]
V  [jvm.dll+0x674f0a]
V  [jvm.dll+0x309acb]
V  [jvm.dll+0x310f86]
V  [jvm.dll+0x3608ee]
V  [jvm.dll+0x360b1f]
V  [jvm.dll+0x2dfbf8]
V  [jvm.dll+0x2e2ce6]
V  [jvm.dll+0x2ed478]
V  [jvm.dll+0x322150]
V  [jvm.dll+0x84893b]
V  [jvm.dll+0x849674]
V  [jvm.dll+0x849b8d]
V  [jvm.dll+0x849f64]
V  [jvm.dll+0x84a030]
V  [jvm.dll+0x7f25fa]
V  [jvm.dll+0x682985]
C  [ucrtbase.dll+0x26c0c]
C  [KERNEL32.DLL+0x15590]
C  [ntdll.dll+0x485b]

VM_Operation (0x000000f0846ffa10): G1Concurrent, mode: safepoint, requested by thread 0x000002e6ca440840


---------------  P R O C E S S  ---------------

Threads class SMR info:
_java_thread_list=0x000002e6e817d730, length=126, elements={
0x000002e6ca3d4970, 0x000002e6e4205750, 0x000002e6e4208310, 0x000002e6e4255910,
0x000002e6e42581e0, 0x000002e6e4258aa0, 0x000002e6e4259360, 0x000002e6e4c47cc0,
0x000002e6e4c505d0, 0x000002e6e4c52ee0, 0x000002e6e4dc1010, 0x000002e6e4dc1d00,
0x000002e6e71e39d0, 0x000002e6e4fe4ef0, 0x000002e6e65f2510, 0x000002e6e74f8470,
0x000002e6e74f6d60, 0x000002e6e708cf20, 0x000002e6e5edf110, 0x000002e6e539c830,
0x000002e6e5b39950, 0x000002e6e7d60e20, 0x000002e6e4e95980, 0x000002e6e4e95e50,
0x000002e6e4e954b0, 0x000002e6e7249960, 0x000002e6e4e97b30, 0x000002e6e4e97190,
0x000002e6e4e98000, 0x000002e6e4e96cc0, 0x000002e6e4e97660, 0x000002e6e7bea540,
0x000002e6e7beda30, 0x000002e6e7beed70, 0x000002e6e7bed090, 0x000002e6e7bec6f0,
0x000002e6e7beb880, 0x000002e6e7bef710, 0x000002e6e7bee3d0, 0x000002e6e7beaa10,
0x000002e6e7bf18c0, 0x000002e6e7beaee0, 0x000002e6e7beb3b0, 0x000002e6e7bebd50,
0x000002e6e7bee8a0, 0x000002e6e7befbe0, 0x000002e6e7bf00b0, 0x000002e6e7bf0a50,
0x000002e6e7bf0f20, 0x000002e6ea523bc0, 0x000002e6ea521a10, 0x000002e6ea520ba0,
0x000002e6ea521ee0, 0x000002e6ea520200, 0x000002e6ea5223b0, 0x000002e6ea522d50,
0x000002e6ea521070, 0x000002e6ea5206d0, 0x000002e6ea521540, 0x000002e6ea522880,
0x000002e6ea523220, 0x000002e6ea5236f0, 0x000002e6e88338d0, 0x000002e6e8837760,
0x000002e6e8834270, 0x000002e6e8833400, 0x000002e6e8834c10, 0x000002e6e8838f70,
0x000002e6e88385d0, 0x000002e6e8837290, 0x000002e6e8838aa0, 0x000002e6e8839de0,
0x000002e6e8838100, 0x000002e6e88350e0, 0x000002e6e8835f50, 0x000002e6e8836dc0,
0x000002e6e8839440, 0x000002e6e8833da0, 0x000002e6e8832590, 0x000002e6e8837c30,
0x000002e6e8839910, 0x000002e6e8832a60, 0x000002e6e8834740, 0x000002e6e88355b0,
0x000002e6e8832f30, 0x000002e6e8835a80, 0x000002e6e8836420, 0x000002e6e88368f0,
0x000002e6e5074170, 0x000002e6e5077660, 0x000002e6e5075980, 0x000002e6e5077b30,
0x000002e6e5076cc0, 0x000002e6e5074640, 0x000002e6e5074b10, 0x000002e6e5077190,
0x000002e6e5074fe0, 0x000002e6e50754b0, 0x000002e6e5075e50, 0x000002e6e5076320,
0x000002e6e50767f0, 0x000002e6e85cd6f0, 0x000002e6e85d1f20, 0x000002e6e85cbee0,
0x000002e6e85ce090, 0x000002e6e85d10b0, 0x000002e6e85cdbc0, 0x000002e6e85d23f0,
0x000002e6e85cea30, 0x000002e6e85d1580, 0x000002e6e85d2d90, 0x000002e6e85cc3b0,
0x000002e6e85cf8a0, 0x000002e6e85ccd50, 0x000002e6e85ce560, 0x000002e6e85d1a50,
0x000002e6e85d0240, 0x000002e6e85cc880, 0x000002e6e85cd220, 0x000002e6e85cef00,
0x000002e6e85d28c0, 0x000002e6e85cba10, 0x000002e6e85cf3d0, 0x000002e6e85cb540,
0x000002e6e85cfd70, 0x000002e6ea4d1890
}

Java Threads: ( => current thread )
  0x000002e6ca3d4970 JavaThread "main" [_thread_blocked, id=8848, stack(0x000000f084400000,0x000000f084500000)]
  0x000002e6e4205750 JavaThread "Reference Handler" daemon [_thread_blocked, id=20088, stack(0x000000f084b00000,0x000000f084c00000)]
  0x000002e6e4208310 JavaThread "Finalizer" daemon [_thread_blocked, id=20140, stack(0x000000f084c00000,0x000000f084d00000)]
  0x000002e6e4255910 JavaThread "Signal Dispatcher" daemon [_thread_blocked, id=16624, stack(0x000000f084d00000,0x000000f084e00000)]
  0x000002e6e42581e0 JavaThread "Attach Listener" daemon [_thread_blocked, id=17508, stack(0x000000f084e00000,0x000000f084f00000)]
  0x000002e6e4258aa0 JavaThread "Service Thread" daemon [_thread_blocked, id=3908, stack(0x000000f084f00000,0x000000f085000000)]
  0x000002e6e4259360 JavaThread "Monitor Deflation Thread" daemon [_thread_blocked, id=20304, stack(0x000000f085000000,0x000000f085100000)]
  0x000002e6e4c47cc0 JavaThread "C2 CompilerThread0" daemon [_thread_blocked, id=19588, stack(0x000000f085100000,0x000000f085200000)]
  0x000002e6e4c505d0 JavaThread "C1 CompilerThread0" daemon [_thread_blocked, id=18788, stack(0x000000f085200000,0x000000f085300000)]
  0x000002e6e4c52ee0 JavaThread "Sweeper thread" daemon [_thread_blocked, id=21384, stack(0x000000f085300000,0x000000f085400000)]
  0x000002e6e4dc1010 JavaThread "Common-Cleaner" daemon [_thread_blocked, id=3200, stack(0x000000f085400000,0x000000f085500000)]
  0x000002e6e4dc1d00 JavaThread "Notification Thread" daemon [_thread_blocked, id=9668, stack(0x000000f085500000,0x000000f085600000)]
  0x000002e6e71e39d0 JavaThread "Daemon health stats" [_thread_blocked, id=9640, stack(0x000000f085e00000,0x000000f085f00000)]
  0x000002e6e4fe4ef0 JavaThread "Incoming local TCP Connector on port 59516" [_thread_in_native, id=20912, stack(0x000000f085800000,0x000000f085900000)]
  0x000002e6e65f2510 JavaThread "Daemon periodic checks" [_thread_blocked, id=15616, stack(0x000000f085900000,0x000000f085a00000)]
  0x000002e6e74f8470 JavaThread "Daemon" [_thread_blocked, id=20040, stack(0x000000f086000000,0x000000f086100000)]
  0x000002e6e74f6d60 JavaThread "Handler for socket connection from /127.0.0.1:59516 to /127.0.0.1:59517" [_thread_in_native, id=10880, stack(0x000000f086100000,0x000000f086200000)]
  0x000002e6e708cf20 JavaThread "Cancel handler" [_thread_blocked, id=19624, stack(0x000000f086200000,0x000000f086300000)]
  0x000002e6e5edf110 JavaThread "Daemon worker" [_thread_blocked, id=2428, stack(0x000000f086300000,0x000000f086400000)]
  0x000002e6e539c830 JavaThread "Asynchronous log dispatcher for DefaultDaemonConnection: socket connection from /127.0.0.1:59516 to /127.0.0.1:59517" [_thread_blocked, id=3120, stack(0x000000f086400000,0x000000f086500000)]
  0x000002e6e5b39950 JavaThread "Stdin handler" [_thread_blocked, id=20956, stack(0x000000f086500000,0x000000f086600000)]
  0x000002e6e7d60e20 JavaThread "Daemon client event forwarder" [_thread_blocked, id=21288, stack(0x000000f086600000,0x000000f086700000)]
  0x000002e6e4e95980 JavaThread "Cache worker for journal cache (C:\Users\an'zhi'lin\.gradle\caches\journal-1)" [_thread_blocked, id=15124, stack(0x000000f086a00000,0x000000f086b00000)]
  0x000002e6e4e95e50 JavaThread "File lock request listener" [_thread_in_native, id=19980, stack(0x000000f086b00000,0x000000f086c00000)]
  0x000002e6e4e954b0 JavaThread "Cache worker for file hash cache (C:\Users\an'zhi'lin\.gradle\caches\8.0\fileHashes)" [_thread_blocked, id=14744, stack(0x000000f086c00000,0x000000f086d00000)]
  0x000002e6e7249960 JavaThread "C2 CompilerThread1" daemon [_thread_in_native, id=3196, stack(0x000000f086d00000,0x000000f086e00000)]
  0x000002e6e4e97b30 JavaThread "File watcher server" daemon [_thread_in_native, id=18360, stack(0x000000f086e00000,0x000000f086f00000)]
  0x000002e6e4e97190 JavaThread "File watcher consumer" daemon [_thread_blocked, id=19448, stack(0x000000f086f00000,0x000000f087000000)]
  0x000002e6e4e98000 JavaThread "Cache worker for checksums cache (D:\android_project\test1\.gradle\8.0\checksums)" [_thread_blocked, id=5132, stack(0x000000f087000000,0x000000f087100000)]
  0x000002e6e4e96cc0 JavaThread "Cache worker for cache directory md-rule (C:\Users\an'zhi'lin\.gradle\caches\8.0\md-rule)" [_thread_blocked, id=456, stack(0x000000f087100000,0x000000f087200000)]
  0x000002e6e4e97660 JavaThread "Cache worker for file content cache (C:\Users\an'zhi'lin\.gradle\caches\8.0\fileContent)" [_thread_blocked, id=17232, stack(0x000000f087200000,0x000000f087300000)]
  0x000002e6e7bea540 JavaThread "Cache worker for file hash cache (D:\android_project\test1\.gradle\8.0\fileHashes)" [_thread_blocked, id=20268, stack(0x000000f087300000,0x000000f087400000)]
  0x000002e6e7beda30 JavaThread "Cache worker for cache directory md-supplier (C:\Users\an'zhi'lin\.gradle\caches\8.0\md-supplier)" [_thread_blocked, id=3028, stack(0x000000f087400000,0x000000f087500000)]
  0x000002e6e7beed70 JavaThread "Cache worker for execution history cache (C:\Users\an'zhi'lin\.gradle\caches\8.0\executionHistory)" [_thread_blocked, id=15044, stack(0x000000f087500000,0x000000f087600000)]
  0x000002e6e7bed090 JavaThread "jar transforms" [_thread_blocked, id=14304, stack(0x000000f087600000,0x000000f087700000)]
  0x000002e6e7bec6f0 JavaThread "jar transforms Thread 2" [_thread_blocked, id=11132, stack(0x000000f087700000,0x000000f087800000)]
  0x000002e6e7beb880 JavaThread "jar transforms Thread 3" [_thread_blocked, id=21492, stack(0x000000f087800000,0x000000f087900000)]
  0x000002e6e7bef710 JavaThread "jar transforms Thread 4" [_thread_blocked, id=13348, stack(0x000000f087900000,0x000000f087a00000)]
  0x000002e6e7bee3d0 JavaThread "Cache worker for dependencies-accessors (D:\android_project\test1\.gradle\8.0\dependencies-accessors)" [_thread_blocked, id=17192, stack(0x000000f087a00000,0x000000f087b00000)]
  0x000002e6e7beaa10 JavaThread "jar transforms Thread 5" [_thread_blocked, id=2356, stack(0x000000f087b00000,0x000000f087c00000)]
  0x000002e6e7bf18c0 JavaThread "Cache worker for Build Output Cleanup Cache (D:\android_project\test1\.gradle\buildOutputCleanup)" [_thread_blocked, id=11640, stack(0x000000f087c00000,0x000000f087d00000)]
  0x000002e6e7beaee0 JavaThread "Unconstrained build operations" [_thread_blocked, id=16000, stack(0x000000f087d00000,0x000000f087e00000)]
  0x000002e6e7beb3b0 JavaThread "Unconstrained build operations Thread 2" [_thread_blocked, id=19004, stack(0x000000f087e00000,0x000000f087f00000)]
  0x000002e6e7bebd50 JavaThread "Unconstrained build operations Thread 3" [_thread_blocked, id=20788, stack(0x000000f087f00000,0x000000f088000000)]
  0x000002e6e7bee8a0 JavaThread "Unconstrained build operations Thread 4" [_thread_blocked, id=2460, stack(0x000000f088000000,0x000000f088100000)]
  0x000002e6e7befbe0 JavaThread "Unconstrained build operations Thread 5" [_thread_blocked, id=9328, stack(0x000000f088100000,0x000000f088200000)]
  0x000002e6e7bf00b0 JavaThread "Unconstrained build operations Thread 6" [_thread_blocked, id=21348, stack(0x000000f088200000,0x000000f088300000)]
  0x000002e6e7bf0a50 JavaThread "Unconstrained build operations Thread 7" [_thread_blocked, id=7712, stack(0x000000f088300000,0x000000f088400000)]
  0x000002e6e7bf0f20 JavaThread "Unconstrained build operations Thread 8" [_thread_blocked, id=1756, stack(0x000000f088400000,0x000000f088500000)]
  0x000002e6ea523bc0 JavaThread "Unconstrained build operations Thread 9" [_thread_blocked, id=6132, stack(0x000000f088500000,0x000000f088600000)]
  0x000002e6ea521a10 JavaThread "Unconstrained build operations Thread 10" [_thread_blocked, id=16324, stack(0x000000f088600000,0x000000f088700000)]
  0x000002e6ea520ba0 JavaThread "Unconstrained build operations Thread 11" [_thread_blocked, id=7100, stack(0x000000f088700000,0x000000f088800000)]
  0x000002e6ea521ee0 JavaThread "Unconstrained build operations Thread 12" [_thread_blocked, id=20880, stack(0x000000f088800000,0x000000f088900000)]
  0x000002e6ea520200 JavaThread "Unconstrained build operations Thread 13" [_thread_blocked, id=8872, stack(0x000000f088900000,0x000000f088a00000)]
  0x000002e6ea5223b0 JavaThread "Unconstrained build operations Thread 14" [_thread_blocked, id=17420, stack(0x000000f088a00000,0x000000f088b00000)]
  0x000002e6ea522d50 JavaThread "Unconstrained build operations Thread 15" [_thread_blocked, id=1844, stack(0x000000f088b00000,0x000000f088c00000)]
  0x000002e6ea521070 JavaThread "Unconstrained build operations Thread 16" [_thread_blocked, id=7808, stack(0x000000f088c00000,0x000000f088d00000)]
  0x000002e6ea5206d0 JavaThread "Unconstrained build operations Thread 17" [_thread_blocked, id=1300, stack(0x000000f088d00000,0x000000f088e00000)]
  0x000002e6ea521540 JavaThread "Unconstrained build operations Thread 18" [_thread_blocked, id=3816, stack(0x000000f088e00000,0x000000f088f00000)]
  0x000002e6ea522880 JavaThread "Unconstrained build operations Thread 19" [_thread_blocked, id=18376, stack(0x000000f088f00000,0x000000f089000000)]
  0x000002e6ea523220 JavaThread "Unconstrained build operations Thread 20" [_thread_blocked, id=12556, stack(0x000000f089000000,0x000000f089100000)]
  0x000002e6ea5236f0 JavaThread "Unconstrained build operations Thread 21" [_thread_blocked, id=19080, stack(0x000000f089100000,0x000000f089200000)]
  0x000002e6e88338d0 JavaThread "Unconstrained build operations Thread 22" [_thread_blocked, id=19424, stack(0x000000f089200000,0x000000f089300000)]
  0x000002e6e8837760 JavaThread "Unconstrained build operations Thread 23" [_thread_blocked, id=15576, stack(0x000000f089300000,0x000000f089400000)]
  0x000002e6e8834270 JavaThread "Unconstrained build operations Thread 24" [_thread_blocked, id=17304, stack(0x000000f089400000,0x000000f089500000)]
  0x000002e6e8833400 JavaThread "Unconstrained build operations Thread 25" [_thread_blocked, id=15772, stack(0x000000f089500000,0x000000f089600000)]
  0x000002e6e8834c10 JavaThread "Unconstrained build operations Thread 26" [_thread_blocked, id=16180, stack(0x000000f089600000,0x000000f089700000)]
  0x000002e6e8838f70 JavaThread "Unconstrained build operations Thread 27" [_thread_blocked, id=17064, stack(0x000000f089700000,0x000000f089800000)]
  0x000002e6e88385d0 JavaThread "Unconstrained build operations Thread 28" [_thread_blocked, id=9836, stack(0x000000f089800000,0x000000f089900000)]
  0x000002e6e8837290 JavaThread "Unconstrained build operations Thread 29" [_thread_blocked, id=16540, stack(0x000000f089900000,0x000000f089a00000)]
  0x000002e6e8838aa0 JavaThread "Unconstrained build operations Thread 30" [_thread_blocked, id=13996, stack(0x000000f089a00000,0x000000f089b00000)]
  0x000002e6e8839de0 JavaThread "Unconstrained build operations Thread 31" [_thread_blocked, id=20392, stack(0x000000f089b00000,0x000000f089c00000)]
  0x000002e6e8838100 JavaThread "Unconstrained build operations Thread 32" [_thread_blocked, id=3672, stack(0x000000f089c00000,0x000000f089d00000)]
  0x000002e6e88350e0 JavaThread "Unconstrained build operations Thread 33" [_thread_blocked, id=18992, stack(0x000000f089d00000,0x000000f089e00000)]
  0x000002e6e8835f50 JavaThread "Unconstrained build operations Thread 34" [_thread_blocked, id=18264, stack(0x000000f089e00000,0x000000f089f00000)]
  0x000002e6e8836dc0 JavaThread "Unconstrained build operations Thread 35" [_thread_blocked, id=17332, stack(0x000000f089f00000,0x000000f08a000000)]
  0x000002e6e8839440 JavaThread "Unconstrained build operations Thread 36" [_thread_blocked, id=18640, stack(0x000000f08a000000,0x000000f08a100000)]
  0x000002e6e8833da0 JavaThread "Unconstrained build operations Thread 37" [_thread_blocked, id=19540, stack(0x000000f08a100000,0x000000f08a200000)]
  0x000002e6e8832590 JavaThread "Unconstrained build operations Thread 38" [_thread_blocked, id=19360, stack(0x000000f08a200000,0x000000f08a300000)]
  0x000002e6e8837c30 JavaThread "Unconstrained build operations Thread 39" [_thread_blocked, id=14228, stack(0x000000f08a300000,0x000000f08a400000)]
  0x000002e6e8839910 JavaThread "Unconstrained build operations Thread 40" [_thread_blocked, id=11436, stack(0x000000f08a400000,0x000000f08a500000)]
  0x000002e6e8832a60 JavaThread "Unconstrained build operations Thread 41" [_thread_blocked, id=20984, stack(0x000000f08a500000,0x000000f08a600000)]
  0x000002e6e8834740 JavaThread "Unconstrained build operations Thread 42" [_thread_blocked, id=18536, stack(0x000000f08a600000,0x000000f08a700000)]
  0x000002e6e88355b0 JavaThread "Unconstrained build operations Thread 43" [_thread_blocked, id=21336, stack(0x000000f08a700000,0x000000f08a800000)]
  0x000002e6e8832f30 JavaThread "Unconstrained build operations Thread 44" [_thread_blocked, id=17228, stack(0x000000f08a800000,0x000000f08a900000)]
  0x000002e6e8835a80 JavaThread "Unconstrained build operations Thread 45" [_thread_blocked, id=8380, stack(0x000000f08a900000,0x000000f08aa00000)]
  0x000002e6e8836420 JavaThread "Unconstrained build operations Thread 46" [_thread_blocked, id=480, stack(0x000000f08aa00000,0x000000f08ab00000)]
  0x000002e6e88368f0 JavaThread "Unconstrained build operations Thread 47" [_thread_blocked, id=21128, stack(0x000000f08ab00000,0x000000f08ac00000)]
  0x000002e6e5074170 JavaThread "Unconstrained build operations Thread 48" [_thread_blocked, id=20848, stack(0x000000f08ac00000,0x000000f08ad00000)]
  0x000002e6e5077660 JavaThread "Unconstrained build operations Thread 49" [_thread_blocked, id=11180, stack(0x000000f08ad00000,0x000000f08ae00000)]
  0x000002e6e5075980 JavaThread "Unconstrained build operations Thread 50" [_thread_blocked, id=1916, stack(0x000000f08ae00000,0x000000f08af00000)]
  0x000002e6e5077b30 JavaThread "Unconstrained build operations Thread 51" [_thread_blocked, id=18464, stack(0x000000f08af00000,0x000000f08b000000)]
  0x000002e6e5076cc0 JavaThread "Unconstrained build operations Thread 52" [_thread_blocked, id=11124, stack(0x000000f08b000000,0x000000f08b100000)]
  0x000002e6e5074640 JavaThread "Unconstrained build operations Thread 53" [_thread_blocked, id=12552, stack(0x000000f08b100000,0x000000f08b200000)]
  0x000002e6e5074b10 JavaThread "Unconstrained build operations Thread 54" [_thread_blocked, id=17720, stack(0x000000f08b200000,0x000000f08b300000)]
  0x000002e6e5077190 JavaThread "Unconstrained build operations Thread 55" [_thread_blocked, id=19900, stack(0x000000f08b300000,0x000000f08b400000)]
  0x000002e6e5074fe0 JavaThread "Unconstrained build operations Thread 56" [_thread_blocked, id=21352, stack(0x000000f08b400000,0x000000f08b500000)]
  0x000002e6e50754b0 JavaThread "Unconstrained build operations Thread 57" [_thread_blocked, id=12436, stack(0x000000f08b500000,0x000000f08b600000)]
  0x000002e6e5075e50 JavaThread "Unconstrained build operations Thread 58" [_thread_blocked, id=19500, stack(0x000000f08b600000,0x000000f08b700000)]
  0x000002e6e5076320 JavaThread "Unconstrained build operations Thread 59" [_thread_blocked, id=13052, stack(0x000000f08b700000,0x000000f08b800000)]
  0x000002e6e50767f0 JavaThread "Unconstrained build operations Thread 60" [_thread_blocked, id=20664, stack(0x000000f08b800000,0x000000f08b900000)]
  0x000002e6e85cd6f0 JavaThread "Unconstrained build operations Thread 61" [_thread_blocked, id=9616, stack(0x000000f08b900000,0x000000f08ba00000)]
  0x000002e6e85d1f20 JavaThread "Unconstrained build operations Thread 62" [_thread_blocked, id=16100, stack(0x000000f08ba00000,0x000000f08bb00000)]
  0x000002e6e85cbee0 JavaThread "Unconstrained build operations Thread 63" [_thread_blocked, id=12592, stack(0x000000f08bb00000,0x000000f08bc00000)]
  0x000002e6e85ce090 JavaThread "Unconstrained build operations Thread 64" [_thread_blocked, id=20396, stack(0x000000f08bc00000,0x000000f08bd00000)]
  0x000002e6e85d10b0 JavaThread "Unconstrained build operations Thread 65" [_thread_blocked, id=6656, stack(0x000000f08bd00000,0x000000f08be00000)]
  0x000002e6e85cdbc0 JavaThread "Unconstrained build operations Thread 66" [_thread_blocked, id=13132, stack(0x000000f08be00000,0x000000f08bf00000)]
  0x000002e6e85d23f0 JavaThread "Unconstrained build operations Thread 67" [_thread_blocked, id=9636, stack(0x000000f08bf00000,0x000000f08c000000)]
  0x000002e6e85cea30 JavaThread "Unconstrained build operations Thread 68" [_thread_blocked, id=17004, stack(0x000000f08c000000,0x000000f08c100000)]
  0x000002e6e85d1580 JavaThread "Unconstrained build operations Thread 69" [_thread_blocked, id=1692, stack(0x000000f08c100000,0x000000f08c200000)]
  0x000002e6e85d2d90 JavaThread "Unconstrained build operations Thread 70" [_thread_blocked, id=19912, stack(0x000000f08c200000,0x000000f08c300000)]
  0x000002e6e85cc3b0 JavaThread "Unconstrained build operations Thread 71" [_thread_blocked, id=2912, stack(0x000000f08c300000,0x000000f08c400000)]
  0x000002e6e85cf8a0 JavaThread "Unconstrained build operations Thread 72" [_thread_blocked, id=19432, stack(0x000000f08c400000,0x000000f08c500000)]
  0x000002e6e85ccd50 JavaThread "Unconstrained build operations Thread 73" [_thread_blocked, id=20052, stack(0x000000f08c500000,0x000000f08c600000)]
  0x000002e6e85ce560 JavaThread "Unconstrained build operations Thread 74" [_thread_blocked, id=12560, stack(0x000000f08c600000,0x000000f08c700000)]
  0x000002e6e85d1a50 JavaThread "Unconstrained build operations Thread 75" [_thread_blocked, id=18112, stack(0x000000f08c700000,0x000000f08c800000)]
  0x000002e6e85d0240 JavaThread "Unconstrained build operations Thread 76" [_thread_blocked, id=13560, stack(0x000000f08c800000,0x000000f08c900000)]
  0x000002e6e85cc880 JavaThread "Unconstrained build operations Thread 77" [_thread_blocked, id=18452, stack(0x000000f08c900000,0x000000f08ca00000)]
  0x000002e6e85cd220 JavaThread "Unconstrained build operations Thread 78" [_thread_blocked, id=10536, stack(0x000000f08ca00000,0x000000f08cb00000)]
  0x000002e6e85cef00 JavaThread "Unconstrained build operations Thread 79" [_thread_blocked, id=19464, stack(0x000000f08cb00000,0x000000f08cc00000)]
  0x000002e6e85d28c0 JavaThread "Unconstrained build operations Thread 80" [_thread_blocked, id=21312, stack(0x000000f08cc00000,0x000000f08cd00000)]
  0x000002e6e85cba10 JavaThread "jar transforms Thread 6" [_thread_blocked, id=17220, stack(0x000000f08cd00000,0x000000f08ce00000)]
  0x000002e6e85cf3d0 JavaThread "jar transforms Thread 7" [_thread_blocked, id=16748, stack(0x000000f08ce00000,0x000000f08cf00000)]
  0x000002e6e85cb540 JavaThread "jar transforms Thread 8" [_thread_blocked, id=15244, stack(0x000000f08cf00000,0x000000f08d000000)]
  0x000002e6e85cfd70 JavaThread "build event listener" [_thread_blocked, id=19172, stack(0x000000f08d000000,0x000000f08d100000)]
  0x000002e6ea4d1890 JavaThread "Memory manager" [_thread_blocked, id=17436, stack(0x000000f08d100000,0x000000f08d200000)]

Other Threads:
=>0x000002e6e4238a40 VMThread "VM Thread" [stack: 0x000000f084a00000,0x000000f084b00000] [id=17444]
  0x000002e6ca44ce00 WatcherThread [stack: 0x000000f085600000,0x000000f085700000] [id=17096]
  0x000002e6ca42f900 GCTaskThread "GC Thread#0" [stack: 0x000000f084500000,0x000000f084600000] [id=17808]
  0x000002e6e5cada40 GCTaskThread "GC Thread#1" [stack: 0x000000f085a00000,0x000000f085b00000] [id=16840]
  0x000002e6e5aa8a80 GCTaskThread "GC Thread#2" [stack: 0x000000f085b00000,0x000000f085c00000] [id=11680]
  0x000002e6e52c7bf0 GCTaskThread "GC Thread#3" [stack: 0x000000f085c00000,0x000000f085d00000] [id=18116]
  0x000002e6e6271a60 GCTaskThread "GC Thread#4" [stack: 0x000000f085d00000,0x000000f085e00000] [id=10724]
  0x000002e6e62b1dd0 GCTaskThread "GC Thread#5" [stack: 0x000000f085f00000,0x000000f086000000] [id=14712]
  0x000002e6e670dd30 GCTaskThread "GC Thread#6" [stack: 0x000000f086700000,0x000000f086800000] [id=7340]
  0x000002e6e71fc890 GCTaskThread "GC Thread#7" [stack: 0x000000f086800000,0x000000f086900000] [id=3436]
  0x000002e6ca440840 ConcurrentGCThread "G1 Main Marker" [stack: 0x000000f084600000,0x000000f084700000] [id=12780]
  0x000002e6ca441250 ConcurrentGCThread "G1 Conc#0" [stack: 0x000000f084700000,0x000000f084800000] [id=11928]
  0x000002e6e82a7880 ConcurrentGCThread "G1 Conc#1" [stack: 0x000000f086900000,0x000000f086a00000] [id=13136]
  0x000002e6ca4956c0 ConcurrentGCThread "G1 Refine#0" [stack: 0x000000f084800000,0x000000f084900000] [id=15364]
  0x000002e6e4082210 ConcurrentGCThread "G1 Service" [stack: 0x000000f084900000,0x000000f084a00000] [id=12196]

Threads with active compile tasks:
C2 CompilerThread0     9342 6238       4       java.util.ImmutableCollections$MapN::probe (60 bytes)
C2 CompilerThread1     9342 6211 % !   4       java.util.jar.Attributes::read @ 214 (494 bytes)

VM state: at safepoint (normal execution)

VM Mutex/Monitor currently owned by a thread:  ([mutex/lock_event])
[0x000002e6ca3cfde0] Threads_lock - owner thread: 0x000002e6e4238a40
[0x000002e6ca3cf600] Heap_lock - owner thread: 0x000002e6ca440840

Heap address: 0x0000000080000000, size: 2048 MB, Compressed Oops mode: 32-bit

CDS archive(s) not mapped
Compressed class space mapped at: 0x0000000100000000-0x0000000140000000, reserved size: 1073741824
Narrow klass base: 0x0000000000000000, Narrow klass shift: 3, Narrow klass range: 0x140000000

GC Precious Log:
 CPUs: 8 total, 8 available
 Memory: 7103M
 Large Page Support: Disabled
 NUMA Support: Disabled
 Compressed Oops: Enabled (32-bit)
 Heap Region Size: 1M
 Heap Min Capacity: 8M
 Heap Initial Capacity: 112M
 Heap Max Capacity: 2G
 Pre-touch: Disabled
 Parallel Workers: 8
 Concurrent Workers: 2
 Concurrent Refinement Workers: 8
 Periodic GC: Disabled

Heap:
 garbage-first heap   total 98304K, used 60177K [0x0000000080000000, 0x0000000100000000)
  region size 1024K, 11 young (11264K), 2 survivors (2048K)
 Metaspace       used 62431K, committed 62976K, reserved 1105920K
  class space    used 8256K, committed 8448K, reserved 1048576K

Heap Regions: E=young(eden), S=young(survivor), O=old, HS=humongous(starts), HC=humongous(continues), CS=collection set, F=free, OA=open archive, CA=closed archive, TAMS=top-at-mark-start (previous, next)
|   0|0x0000000080000000, 0x0000000080100000, 0x0000000080100000|100%|HS|  |TAMS 0x0000000080100000, 0x0000000080000000| Complete 
|   1|0x0000000080100000, 0x0000000080200000, 0x0000000080200000|100%|HC|  |TAMS 0x0000000080200000, 0x0000000080100000| Complete 
|   2|0x0000000080200000, 0x0000000080300000, 0x0000000080300000|100%|HC|  |TAMS 0x0000000080300000, 0x0000000080200000| Complete 
|   3|0x0000000080300000, 0x0000000080400000, 0x0000000080400000|100%|HC|  |TAMS 0x0000000080400000, 0x0000000080300000| Complete 
|   4|0x0000000080400000, 0x0000000080500000, 0x0000000080500000|100%| O|  |TAMS 0x0000000080500000, 0x0000000080400000| Untracked 
|   5|0x0000000080500000, 0x0000000080600000, 0x0000000080600000|100%| O|  |TAMS 0x0000000080600000, 0x0000000080500000| Untracked 
|   6|0x0000000080600000, 0x0000000080700000, 0x0000000080700000|100%| O|  |TAMS 0x0000000080700000, 0x0000000080600000| Untracked 
|   7|0x0000000080700000, 0x0000000080800000, 0x0000000080800000|100%| O|  |TAMS 0x0000000080800000, 0x0000000080700000| Untracked 
|   8|0x0000000080800000, 0x0000000080900000, 0x0000000080900000|100%| O|  |TAMS 0x0000000080900000, 0x0000000080800000| Untracked 
|   9|0x0000000080900000, 0x0000000080a00000, 0x0000000080a00000|100%| O|  |TAMS 0x0000000080a00000, 0x0000000080900000| Untracked 
|  10|0x0000000080a00000, 0x0000000080b00000, 0x0000000080b00000|100%| O|  |TAMS 0x0000000080b00000, 0x0000000080a00000| Untracked 
|  11|0x0000000080b00000, 0x0000000080c00000, 0x0000000080c00000|100%| O|  |TAMS 0x0000000080c00000, 0x0000000080b00000| Untracked 
|  12|0x0000000080c00000, 0x0000000080d00000, 0x0000000080d00000|100%| O|  |TAMS 0x0000000080d00000, 0x0000000080c00000| Updating 
|  13|0x0000000080d00000, 0x0000000080e00000, 0x0000000080e00000|100%| O|  |TAMS 0x0000000080e00000, 0x0000000080d00000| Untracked 
|  14|0x0000000080e00000, 0x0000000080f00000, 0x0000000080f00000|100%| O|  |TAMS 0x0000000080f00000, 0x0000000080e00000| Untracked 
|  15|0x0000000080f00000, 0x0000000081000000, 0x0000000081000000|100%| O|  |TAMS 0x0000000081000000, 0x0000000080f00000| Untracked 
|  16|0x0000000081000000, 0x0000000081100000, 0x0000000081100000|100%| O|  |TAMS 0x0000000081100000, 0x0000000081000000| Untracked 
|  17|0x0000000081100000, 0x0000000081200000, 0x0000000081200000|100%| O|  |TAMS 0x0000000081200000, 0x0000000081100000| Untracked 
|  18|0x0000000081200000, 0x0000000081300000, 0x0000000081300000|100%| O|  |TAMS 0x0000000081300000, 0x0000000081200000| Untracked 
|  19|0x0000000081300000, 0x0000000081400000, 0x0000000081400000|100%| O|  |TAMS 0x0000000081400000, 0x0000000081300000| Untracked 
|  20|0x0000000081400000, 0x0000000081500000, 0x0000000081500000|100%| O|  |TAMS 0x0000000081500000, 0x0000000081400000| Updating 
|  21|0x0000000081500000, 0x0000000081600000, 0x0000000081600000|100%| O|  |TAMS 0x0000000081600000, 0x0000000081500000| Updating 
|  22|0x0000000081600000, 0x0000000081700000, 0x0000000081700000|100%| O|  |TAMS 0x0000000081700000, 0x0000000081600000| Updating 
|  23|0x0000000081700000, 0x0000000081800000, 0x0000000081800000|100%| O|  |TAMS 0x0000000081800000, 0x0000000081700000| Untracked 
|  24|0x0000000081800000, 0x0000000081900000, 0x0000000081900000|100%| O|  |TAMS 0x0000000081900000, 0x0000000081800000| Untracked 
|  25|0x0000000081900000, 0x0000000081a00000, 0x0000000081a00000|100%| O|  |TAMS 0x0000000081a00000, 0x0000000081900000| Updating 
|  26|0x0000000081a00000, 0x0000000081b00000, 0x0000000081b00000|100%|HS|  |TAMS 0x0000000081b00000, 0x0000000081a00000| Complete 
|  27|0x0000000081b00000, 0x0000000081c00000, 0x0000000081c00000|100%| O|  |TAMS 0x0000000081c00000, 0x0000000081b00000| Untracked 
|  28|0x0000000081c00000, 0x0000000081d00000, 0x0000000081d00000|100%| O|  |TAMS 0x0000000081d00000, 0x0000000081c00000| Untracked 
|  29|0x0000000081d00000, 0x0000000081e00000, 0x0000000081e00000|100%| O|  |TAMS 0x0000000081e00000, 0x0000000081d00000| Untracked 
|  30|0x0000000081e00000, 0x0000000081f00000, 0x0000000081f00000|100%| O|  |TAMS 0x0000000081f00000, 0x0000000081e00000| Untracked 
|  31|0x0000000081f00000, 0x0000000082000000, 0x0000000082000000|100%| O|  |TAMS 0x0000000082000000, 0x0000000081f00000| Untracked 
|  32|0x0000000082000000, 0x0000000082100000, 0x0000000082100000|100%| O|  |TAMS 0x0000000082100000, 0x0000000082000000| Untracked 
|  33|0x0000000082100000, 0x0000000082200000, 0x0000000082200000|100%|HS|  |TAMS 0x0000000082200000, 0x0000000082100000| Complete 
|  34|0x0000000082200000, 0x0000000082300000, 0x0000000082300000|100%| O|  |TAMS 0x0000000082300000, 0x0000000082200000| Untracked 
|  35|0x0000000082300000, 0x0000000082400000, 0x0000000082400000|100%| O|  |TAMS 0x0000000082400000, 0x0000000082300000| Untracked 
|  36|0x0000000082400000, 0x0000000082500000, 0x0000000082500000|100%| O|  |TAMS 0x0000000082500000, 0x0000000082400000| Untracked 
|  37|0x0000000082500000, 0x0000000082600000, 0x0000000082600000|100%| O|  |TAMS 0x0000000082600000, 0x0000000082500000| Untracked 
|  38|0x0000000082600000, 0x0000000082700000, 0x0000000082700000|100%| O|  |TAMS 0x0000000082700000, 0x0000000082600000| Updating 
|  39|0x0000000082700000, 0x0000000082800000, 0x0000000082800000|100%| O|  |TAMS 0x0000000082800000, 0x0000000082700000| Untracked 
|  40|0x0000000082800000, 0x0000000082900000, 0x0000000082900000|100%| O|  |TAMS 0x0000000082900000, 0x0000000082800000| Updating 
|  41|0x0000000082900000, 0x0000000082a00000, 0x0000000082a00000|100%| O|  |TAMS 0x0000000082a00000, 0x0000000082900000| Untracked 
|  42|0x0000000082a00000, 0x0000000082b00000, 0x0000000082b00000|100%| O|  |TAMS 0x0000000082b00000, 0x0000000082a00000| Untracked 
|  43|0x0000000082b00000, 0x0000000082c00000, 0x0000000082c00000|100%| O|  |TAMS 0x0000000082b19400, 0x0000000082b00000| Untracked 
|  44|0x0000000082c00000, 0x0000000082d00000, 0x0000000082d00000|100%| O|  |TAMS 0x0000000082c00000, 0x0000000082c00000| Untracked 
|  45|0x0000000082d00000, 0x0000000082dac200, 0x0000000082e00000| 67%| O|  |TAMS 0x0000000082d00000, 0x0000000082d00000| Updating 
|  46|0x0000000082e00000, 0x0000000082f00000, 0x0000000082f00000|100%|HS|  |TAMS 0x0000000082e00000, 0x0000000082e00000| Complete 
|  47|0x0000000082f00000, 0x0000000083000000, 0x0000000083000000|100%|HS|  |TAMS 0x0000000082f00000, 0x0000000082f00000| Complete 
|  48|0x0000000083000000, 0x0000000083100000, 0x0000000083100000|100%|HS|  |TAMS 0x0000000083000000, 0x0000000083000000| Complete 
|  49|0x0000000083100000, 0x0000000083200000, 0x0000000083200000|100%|HS|  |TAMS 0x0000000083100000, 0x0000000083100000| Complete 
|  50|0x0000000083200000, 0x0000000083200000, 0x0000000083300000|  0%| F|  |TAMS 0x0000000083200000, 0x0000000083200000| Untracked 
|  51|0x0000000083300000, 0x0000000083300000, 0x0000000083400000|  0%| F|  |TAMS 0x0000000083300000, 0x0000000083300000| Untracked 
|  52|0x0000000083400000, 0x0000000083400000, 0x0000000083500000|  0%| F|  |TAMS 0x0000000083400000, 0x0000000083400000| Untracked 
|  53|0x0000000083500000, 0x0000000083500000, 0x0000000083600000|  0%| F|  |TAMS 0x0000000083500000, 0x0000000083500000| Untracked 
|  54|0x0000000083600000, 0x0000000083600000, 0x0000000083700000|  0%| F|  |TAMS 0x0000000083600000, 0x0000000083600000| Untracked 
|  55|0x0000000083700000, 0x0000000083700000, 0x0000000083800000|  0%| F|  |TAMS 0x0000000083700000, 0x0000000083700000| Untracked 
|  56|0x0000000083800000, 0x0000000083800000, 0x0000000083900000|  0%| F|  |TAMS 0x0000000083800000, 0x0000000083800000| Untracked 
|  57|0x0000000083900000, 0x0000000083900000, 0x0000000083a00000|  0%| F|  |TAMS 0x0000000083900000, 0x0000000083900000| Untracked 
|  58|0x0000000083a00000, 0x0000000083a00000, 0x0000000083b00000|  0%| F|  |TAMS 0x0000000083a00000, 0x0000000083a00000| Untracked 
|  59|0x0000000083b00000, 0x0000000083b00000, 0x0000000083c00000|  0%| F|  |TAMS 0x0000000083b00000, 0x0000000083b00000| Untracked 
|  60|0x0000000083c00000, 0x0000000083c00000, 0x0000000083d00000|  0%| F|  |TAMS 0x0000000083c00000, 0x0000000083c00000| Untracked 
|  61|0x0000000083d00000, 0x0000000083d00000, 0x0000000083e00000|  0%| F|  |TAMS 0x0000000083d00000, 0x0000000083d00000| Untracked 
|  62|0x0000000083e00000, 0x0000000083e00000, 0x0000000083f00000|  0%| F|  |TAMS 0x0000000083e00000, 0x0000000083e00000| Untracked 
|  63|0x0000000083f00000, 0x0000000083f00000, 0x0000000084000000|  0%| F|  |TAMS 0x0000000083f00000, 0x0000000083f00000| Untracked 
|  64|0x0000000084000000, 0x0000000084000000, 0x0000000084100000|  0%| F|  |TAMS 0x0000000084000000, 0x0000000084000000| Untracked 
|  65|0x0000000084100000, 0x0000000084100000, 0x0000000084200000|  0%| F|  |TAMS 0x0000000084100000, 0x0000000084100000| Untracked 
|  66|0x0000000084200000, 0x0000000084200000, 0x0000000084300000|  0%| F|  |TAMS 0x0000000084200000, 0x0000000084200000| Untracked 
|  67|0x0000000084300000, 0x0000000084300000, 0x0000000084400000|  0%| F|  |TAMS 0x0000000084300000, 0x0000000084300000| Untracked 
|  68|0x0000000084400000, 0x0000000084400000, 0x0000000084500000|  0%| F|  |TAMS 0x0000000084400000, 0x0000000084400000| Untracked 
|  69|0x0000000084500000, 0x0000000084500000, 0x0000000084600000|  0%| F|  |TAMS 0x0000000084500000, 0x0000000084500000| Untracked 
|  70|0x0000000084600000, 0x0000000084600000, 0x0000000084700000|  0%| F|  |TAMS 0x0000000084600000, 0x0000000084600000| Untracked 
|  71|0x0000000084700000, 0x0000000084700000, 0x0000000084800000|  0%| F|  |TAMS 0x0000000084700000, 0x0000000084700000| Untracked 
|  72|0x0000000084800000, 0x0000000084800000, 0x0000000084900000|  0%| F|  |TAMS 0x0000000084800000, 0x0000000084800000| Untracked 
|  73|0x0000000084900000, 0x0000000084900000, 0x0000000084a00000|  0%| F|  |TAMS 0x0000000084900000, 0x0000000084900000| Untracked 
|  74|0x0000000084a00000, 0x0000000084a00000, 0x0000000084b00000|  0%| F|  |TAMS 0x0000000084a00000, 0x0000000084a00000| Untracked 
|  75|0x0000000084b00000, 0x0000000084b00000, 0x0000000084c00000|  0%| F|  |TAMS 0x0000000084b00000, 0x0000000084b00000| Untracked 
|  76|0x0000000084c00000, 0x0000000084c18428, 0x0000000084d00000|  9%| S|CS|TAMS 0x0000000084c00000, 0x0000000084c00000| Complete 
|  77|0x0000000084d00000, 0x0000000084e00000, 0x0000000084e00000|100%| S|CS|TAMS 0x0000000084d00000, 0x0000000084d00000| Complete 
|  78|0x0000000084e00000, 0x0000000084e00000, 0x0000000084f00000|  0%| F|  |TAMS 0x0000000084e00000, 0x0000000084e00000| Untracked 
|  79|0x0000000084f00000, 0x0000000084f00000, 0x0000000085000000|  0%| F|  |TAMS 0x0000000084f00000, 0x0000000084f00000| Untracked 
|  80|0x0000000085000000, 0x0000000085000000, 0x0000000085100000|  0%| F|  |TAMS 0x0000000085000000, 0x0000000085000000| Untracked 
|  81|0x0000000085100000, 0x0000000085100000, 0x0000000085200000|  0%| F|  |TAMS 0x0000000085100000, 0x0000000085100000| Untracked 
|  82|0x0000000085200000, 0x0000000085200000, 0x0000000085300000|  0%| F|  |TAMS 0x0000000085200000, 0x0000000085200000| Untracked 
|  83|0x0000000085300000, 0x0000000085300000, 0x0000000085400000|  0%| F|  |TAMS 0x0000000085300000, 0x0000000085300000| Untracked 
|  84|0x0000000085400000, 0x0000000085400000, 0x0000000085500000|  0%| F|  |TAMS 0x0000000085400000, 0x0000000085400000| Untracked 
|  85|0x0000000085500000, 0x0000000085500000, 0x0000000085600000|  0%| F|  |TAMS 0x0000000085500000, 0x0000000085500000| Untracked 
|  86|0x0000000085600000, 0x0000000085600000, 0x0000000085700000|  0%| F|  |TAMS 0x0000000085600000, 0x0000000085600000| Untracked 
|  87|0x0000000085700000, 0x0000000085772c28, 0x0000000085800000| 44%| E|  |TAMS 0x0000000085700000, 0x0000000085700000| Complete 
|  88|0x0000000085800000, 0x0000000085900000, 0x0000000085900000|100%| E|CS|TAMS 0x0000000085800000, 0x0000000085800000| Complete 
|  89|0x0000000085900000, 0x0000000085a00000, 0x0000000085a00000|100%| E|CS|TAMS 0x0000000085900000, 0x0000000085900000| Complete 
|  90|0x0000000085a00000, 0x0000000085b00000, 0x0000000085b00000|100%| E|CS|TAMS 0x0000000085a00000, 0x0000000085a00000| Complete 
|  91|0x0000000085b00000, 0x0000000085c00000, 0x0000000085c00000|100%| E|CS|TAMS 0x0000000085b00000, 0x0000000085b00000| Complete 
|  92|0x0000000085c00000, 0x0000000085d00000, 0x0000000085d00000|100%| E|CS|TAMS 0x0000000085c00000, 0x0000000085c00000| Complete 
|  93|0x0000000085d00000, 0x0000000085e00000, 0x0000000085e00000|100%| E|CS|TAMS 0x0000000085d00000, 0x0000000085d00000| Complete 
|  94|0x0000000085e00000, 0x0000000085f00000, 0x0000000085f00000|100%| E|CS|TAMS 0x0000000085e00000, 0x0000000085e00000| Complete 
| 111|0x0000000086f00000, 0x0000000087000000, 0x0000000087000000|100%| E|CS|TAMS 0x0000000086f00000, 0x0000000086f00000| Complete 

Card table byte_map: [0x000002e6dcfd0000,0x000002e6dd3d0000] _byte_map_base: 0x000002e6dcbd0000

Marking Bits (Prev, Next): (CMBitMap*) 0x000002e6ca42ff10, (CMBitMap*) 0x000002e6ca42ff50
 Prev Bits: [0x000002e6dd7d0000, 0x000002e6df7d0000)
 Next Bits: [0x000002e6df7d0000, 0x000002e6e17d0000)

Polling page: 0x000002e6c8310000

Metaspace:

Usage:
  Non-class:     52.91 MB used.
      Class:      8.06 MB used.
       Both:     60.97 MB used.

Virtual space:
  Non-class space:       56.00 MB reserved,      53.25 MB ( 95%) committed,  7 nodes.
      Class space:        1.00 GB reserved,       8.25 MB ( <1%) committed,  1 nodes.
             Both:        1.05 GB reserved,      61.50 MB (  6%) committed. 

Chunk freelists:
   Non-Class:  2.37 MB
       Class:  3.64 MB
        Both:  6.01 MB

MaxMetaspaceSize: unlimited
CompressedClassSpaceSize: 1.00 GB
Initial GC threshold: 21.00 MB
Current GC threshold: 96.69 MB
CDS: off
MetaspaceReclaimPolicy: balanced
 - commit_granule_bytes: 65536.
 - commit_granule_words: 8192.
 - virtual_space_node_default_size: 1048576.
 - enlarge_chunks_in_place: 1.
 - new_chunks_are_fully_committed: 0.
 - uncommit_free_chunks: 1.
 - use_allocation_guard: 0.
 - handle_deallocations: 1.


Internal statistics:

num_allocs_failed_limit: 6.
num_arena_births: 588.
num_arena_deaths: 0.
num_vsnodes_births: 8.
num_vsnodes_deaths: 0.
num_space_committed: 984.
num_space_uncommitted: 0.
num_chunks_returned_to_freelist: 6.
num_chunks_taken_from_freelist: 2561.
num_chunk_merges: 6.
num_chunk_splits: 1720.
num_chunks_enlarged: 1180.
num_purges: 0.
num_inconsistent_stats: 0.

CodeHeap 'non-profiled nmethods': size=120000Kb used=2624Kb max_used=3326Kb free=117376Kb
 bounds [0x000002e6d5370000, 0x000002e6d56d0000, 0x000002e6dc8a0000]
CodeHeap 'profiled nmethods': size=120000Kb used=10274Kb max_used=12345Kb free=109726Kb
 bounds [0x000002e6cd8a0000, 0x000002e6ce4b0000, 0x000002e6d4dd0000]
CodeHeap 'non-nmethods': size=5760Kb used=2342Kb max_used=2414Kb free=3417Kb
 bounds [0x000002e6d4dd0000, 0x000002e6d5040000, 0x000002e6d5370000]
 total_blobs=6240 nmethods=5375 adapters=777
 compilation: enabled
              stopped_count=0, restarted_count=0
 full_count=0

Compilation events (20 events):
Event: 9.254 Thread 0x000002e6e4c505d0 6235       3       sun.security.util.SignatureFileVerifier::updateSigners (132 bytes)
Event: 9.255 Thread 0x000002e6e4c505d0 nmethod 6235 0x000002e6cd924b10 code [0x000002e6cd924dc0, 0x000002e6cd925d78]
Event: 9.255 Thread 0x000002e6e4c505d0 6236       3       sun.security.util.SignatureFileVerifier::matches (93 bytes)
Event: 9.256 Thread 0x000002e6e4c505d0 nmethod 6236 0x000002e6cd91df90 code [0x000002e6cd91e1c0, 0x000002e6cd91ea78]
Event: 9.256 Thread 0x000002e6e4c505d0 6237       3       java.security.Provider$UString::hashCode (8 bytes)
Event: 9.256 Thread 0x000002e6e4c505d0 nmethod 6237 0x000002e6cd921590 code [0x000002e6cd921740, 0x000002e6cd921888]
Event: 9.257 Thread 0x000002e6e4c47cc0 nmethod 6226% 0x000002e6d53a8f90 code [0x000002e6d53a9120, 0x000002e6d53a9678]
Event: 9.257 Thread 0x000002e6e4c47cc0 6232 %     4       java.math.BigInteger::implSquareToLen @ 9 (154 bytes)
Event: 9.268 Thread 0x000002e6e7249960 nmethod 6219% 0x000002e6d538b410 code [0x000002e6d538b5a0, 0x000002e6d538bdf8]
Event: 9.268 Thread 0x000002e6e7249960 6211 % !   4       java.util.jar.Attributes::read @ 214 (494 bytes)
Event: 9.300 Thread 0x000002e6e4c47cc0 nmethod 6232% 0x000002e6d5386110 code [0x000002e6d53862c0, 0x000002e6d5387248]
Event: 9.300 Thread 0x000002e6e4c47cc0 6238       4       java.util.ImmutableCollections$MapN::probe (60 bytes)
Event: 9.302 Thread 0x000002e6e4c505d0 6245       3       sun.security.util.DerValue::toDigit (51 bytes)
Event: 9.302 Thread 0x000002e6e4c505d0 nmethod 6245 0x000002e6cd8b2010 code [0x000002e6cd8b2260, 0x000002e6cd8b2988]
Event: 9.302 Thread 0x000002e6e4c505d0 6246       3       sun.security.util.DerValue::getOID (76 bytes)
Event: 9.303 Thread 0x000002e6e4c505d0 nmethod 6246 0x000002e6cd8c6910 code [0x000002e6cd8c6b60, 0x000002e6cd8c72b8]
Event: 9.303 Thread 0x000002e6e4c505d0 6247       3       sun.security.util.ObjectIdentifier::<init> (39 bytes)
Event: 9.304 Thread 0x000002e6e4c505d0 nmethod 6247 0x000002e6cdbb7510 code [0x000002e6cdbb76c0, 0x000002e6cdbb7978]
Event: 9.304 Thread 0x000002e6e4c505d0 6250       3       java.util.concurrent.ConcurrentHashMap::isEmpty (15 bytes)
Event: 9.304 Thread 0x000002e6e4c505d0 nmethod 6250 0x000002e6cd9edd90 code [0x000002e6cd9edf40, 0x000002e6cd9ee0e8]

GC Heap History (20 events):
Event: 6.568 GC heap before
{Heap before GC invocations=12 (full 0):
 garbage-first heap   total 78848K, used 60473K [0x0000000080000000, 0x0000000100000000)
  region size 1024K, 30 young (30720K), 3 survivors (3072K)
 Metaspace       used 47922K, committed 48320K, reserved 1097728K
  class space    used 6312K, committed 6528K, reserved 1048576K
}
Event: 6.571 GC heap after
{Heap after GC invocations=13 (full 0):
 garbage-first heap   total 78848K, used 33660K [0x0000000080000000, 0x0000000100000000)
  region size 1024K, 2 young (2048K), 2 survivors (2048K)
 Metaspace       used 47922K, committed 48320K, reserved 1097728K
  class space    used 6312K, committed 6528K, reserved 1048576K
}
Event: 7.286 GC heap before
{Heap before GC invocations=13 (full 0):
 garbage-first heap   total 78848K, used 61308K [0x0000000080000000, 0x0000000100000000)
  region size 1024K, 29 young (29696K), 2 survivors (2048K)
 Metaspace       used 51015K, committed 51392K, reserved 1097728K
  class space    used 6753K, committed 6912K, reserved 1048576K
}
Event: 7.291 GC heap after
{Heap after GC invocations=14 (full 0):
 garbage-first heap   total 78848K, used 35554K [0x0000000080000000, 0x0000000100000000)
  region size 1024K, 4 young (4096K), 4 survivors (4096K)
 Metaspace       used 51015K, committed 51392K, reserved 1097728K
  class space    used 6753K, committed 6912K, reserved 1048576K
}
Event: 7.763 GC heap before
{Heap before GC invocations=14 (full 0):
 garbage-first heap   total 78848K, used 63202K [0x0000000080000000, 0x0000000100000000)
  region size 1024K, 29 young (29696K), 4 survivors (4096K)
 Metaspace       used 51835K, committed 52288K, reserved 1097728K
  class space    used 6844K, committed 7040K, reserved 1048576K
}
Event: 7.768 GC heap after
{Heap after GC invocations=15 (full 0):
 garbage-first heap   total 78848K, used 41055K [0x0000000080000000, 0x0000000100000000)
  region size 1024K, 4 young (4096K), 4 survivors (4096K)
 Metaspace       used 51835K, committed 52288K, reserved 1097728K
  class space    used 6844K, committed 7040K, reserved 1048576K
}
Event: 7.775 GC heap before
{Heap before GC invocations=15 (full 0):
 garbage-first heap   total 78848K, used 42079K [0x0000000080000000, 0x0000000100000000)
  region size 1024K, 6 young (6144K), 4 survivors (4096K)
 Metaspace       used 51835K, committed 52288K, reserved 1097728K
  class space    used 6844K, committed 7040K, reserved 1048576K
}
Event: 7.779 GC heap after
{Heap after GC invocations=16 (full 0):
 garbage-first heap   total 78848K, used 42674K [0x0000000080000000, 0x0000000100000000)
  region size 1024K, 2 young (2048K), 2 survivors (2048K)
 Metaspace       used 51835K, committed 52288K, reserved 1097728K
  class space    used 6844K, committed 7040K, reserved 1048576K
}
Event: 7.961 GC heap before
{Heap before GC invocations=17 (full 0):
 garbage-first heap   total 80896K, used 52914K [0x0000000080000000, 0x0000000100000000)
  region size 1024K, 12 young (12288K), 2 survivors (2048K)
 Metaspace       used 52925K, committed 53376K, reserved 1097728K
  class space    used 6990K, committed 7168K, reserved 1048576K
}
Event: 7.962 GC heap after
{Heap after GC invocations=18 (full 0):
 garbage-first heap   total 80896K, used 44146K [0x0000000080000000, 0x0000000100000000)
  region size 1024K, 2 young (2048K), 2 survivors (2048K)
 Metaspace       used 52925K, committed 53376K, reserved 1097728K
  class space    used 6990K, committed 7168K, reserved 1048576K
}
Event: 8.180 GC heap before
{Heap before GC invocations=18 (full 0):
 garbage-first heap   total 80896K, used 54386K [0x0000000080000000, 0x0000000100000000)
  region size 1024K, 13 young (13312K), 2 survivors (2048K)
 Metaspace       used 54430K, committed 54912K, reserved 1097728K
  class space    used 7212K, committed 7424K, reserved 1048576K
}
Event: 8.182 GC heap after
{Heap after GC invocations=19 (full 0):
 garbage-first heap   total 80896K, used 44483K [0x0000000080000000, 0x0000000100000000)
  region size 1024K, 1 young (1024K), 1 survivors (1024K)
 Metaspace       used 54430K, committed 54912K, reserved 1097728K
  class space    used 7212K, committed 7424K, reserved 1048576K
}
Event: 8.466 GC heap before
{Heap before GC invocations=20 (full 0):
 garbage-first heap   total 80896K, used 56771K [0x0000000080000000, 0x0000000100000000)
  region size 1024K, 14 young (14336K), 1 survivors (1024K)
 Metaspace       used 56554K, committed 57088K, reserved 1105920K
  class space    used 7460K, committed 7680K, reserved 1048576K
}
Event: 8.468 GC heap after
{Heap after GC invocations=21 (full 0):
 garbage-first heap   total 80896K, used 44962K [0x0000000080000000, 0x0000000100000000)
  region size 1024K, 1 young (1024K), 1 survivors (1024K)
 Metaspace       used 56554K, committed 57088K, reserved 1105920K
  class space    used 7460K, committed 7680K, reserved 1048576K
}
Event: 8.792 GC heap before
{Heap before GC invocations=21 (full 0):
 garbage-first heap   total 80896K, used 59298K [0x0000000080000000, 0x0000000100000000)
  region size 1024K, 15 young (15360K), 1 survivors (1024K)
 Metaspace       used 58653K, committed 59200K, reserved 1105920K
  class space    used 7766K, committed 8000K, reserved 1048576K
}
Event: 8.795 GC heap after
{Heap after GC invocations=22 (full 0):
 garbage-first heap   total 80896K, used 45502K [0x0000000080000000, 0x0000000100000000)
  region size 1024K, 2 young (2048K), 2 survivors (2048K)
 Metaspace       used 58653K, committed 59200K, reserved 1105920K
  class space    used 7766K, committed 8000K, reserved 1048576K
}
Event: 9.225 GC heap before
{Heap before GC invocations=23 (full 0):
 garbage-first heap   total 81920K, used 59838K [0x0000000080000000, 0x0000000100000000)
  region size 1024K, 17 young (17408K), 2 survivors (2048K)
 Metaspace       used 62379K, committed 62912K, reserved 1105920K
  class space    used 8249K, committed 8448K, reserved 1048576K
}
Event: 9.229 GC heap after
{Heap after GC invocations=24 (full 0):
 garbage-first heap   total 81920K, used 47205K [0x0000000080000000, 0x0000000100000000)
  region size 1024K, 3 young (3072K), 3 survivors (3072K)
 Metaspace       used 62379K, committed 62912K, reserved 1105920K
  class space    used 8249K, committed 8448K, reserved 1048576K
}
Event: 9.261 GC heap before
{Heap before GC invocations=24 (full 0):
 garbage-first heap   total 81920K, used 48229K [0x0000000080000000, 0x0000000100000000)
  region size 1024K, 5 young (5120K), 3 survivors (3072K)
 Metaspace       used 62428K, committed 62976K, reserved 1105920K
  class space    used 8256K, committed 8448K, reserved 1048576K
}
Event: 9.265 GC heap after
{Heap after GC invocations=25 (full 0):
 garbage-first heap   total 98304K, used 47889K [0x0000000080000000, 0x0000000100000000)
  region size 1024K, 2 young (2048K), 2 survivors (2048K)
 Metaspace       used 62428K, committed 62976K, reserved 1105920K
  class space    used 8256K, committed 8448K, reserved 1048576K
}

Dll operation events (2 events):
Event: 0.011 Loaded shared library D:\Android\jbr\bin\java.dll
Event: 0.715 Loaded shared library D:\Android\jbr\bin\verify.dll

Deoptimization events (20 events):
Event: 9.303 Thread 0x000002e6e5edf110 DEOPT PACKING pc=0x000002e6cdd1bc38 sp=0x000000f0863f2100
Event: 9.303 Thread 0x000002e6e5edf110 DEOPT UNPACKING pc=0x000002e6d4e27143 sp=0x000000f0863f1580 mode 0
Event: 9.304 Thread 0x000002e6e5edf110 DEOPT PACKING pc=0x000002e6ce0b2f82 sp=0x000000f0863f25d0
Event: 9.304 Thread 0x000002e6e5edf110 DEOPT UNPACKING pc=0x000002e6d4e27143 sp=0x000000f0863f1a48 mode 0
Event: 9.304 Thread 0x000002e6e5edf110 DEOPT PACKING pc=0x000002e6ce0b2f82 sp=0x000000f0863f25d0
Event: 9.304 Thread 0x000002e6e5edf110 DEOPT UNPACKING pc=0x000002e6d4e27143 sp=0x000000f0863f1a48 mode 0
Event: 9.304 Thread 0x000002e6e5edf110 DEOPT PACKING pc=0x000002e6ce0b2f82 sp=0x000000f0863f25d0
Event: 9.304 Thread 0x000002e6e5edf110 DEOPT UNPACKING pc=0x000002e6d4e27143 sp=0x000000f0863f1a48 mode 0
Event: 9.305 Thread 0x000002e6e5edf110 DEOPT PACKING pc=0x000002e6ce0b2f82 sp=0x000000f0863f25d0
Event: 9.305 Thread 0x000002e6e5edf110 DEOPT UNPACKING pc=0x000002e6d4e27143 sp=0x000000f0863f1a48 mode 0
Event: 9.306 Thread 0x000002e6e5edf110 DEOPT PACKING pc=0x000002e6ce0b2f82 sp=0x000000f0863f25d0
Event: 9.306 Thread 0x000002e6e5edf110 DEOPT UNPACKING pc=0x000002e6d4e27143 sp=0x000000f0863f1a48 mode 0
Event: 9.306 Thread 0x000002e6e5edf110 DEOPT PACKING pc=0x000002e6ce0b2f82 sp=0x000000f0863f25d0
Event: 9.307 Thread 0x000002e6e5edf110 DEOPT UNPACKING pc=0x000002e6d4e27143 sp=0x000000f0863f1a48 mode 0
Event: 9.307 Thread 0x000002e6e5edf110 DEOPT PACKING pc=0x000002e6ce0b2f82 sp=0x000000f0863f25d0
Event: 9.307 Thread 0x000002e6e5edf110 DEOPT UNPACKING pc=0x000002e6d4e27143 sp=0x000000f0863f1a48 mode 0
Event: 9.308 Thread 0x000002e6e5edf110 DEOPT PACKING pc=0x000002e6ce0b2f82 sp=0x000000f0863f25d0
Event: 9.308 Thread 0x000002e6e5edf110 DEOPT UNPACKING pc=0x000002e6d4e27143 sp=0x000000f0863f1a48 mode 0
Event: 9.309 Thread 0x000002e6e5edf110 DEOPT PACKING pc=0x000002e6ce0b2f82 sp=0x000000f0863f25d0
Event: 9.309 Thread 0x000002e6e5edf110 DEOPT UNPACKING pc=0x000002e6d4e27143 sp=0x000000f0863f1a48 mode 0

Classes unloaded (0 events):
No events

Classes redefined (0 events):
No events

Internal exceptions (20 events):
Event: 7.674 Thread 0x000002e6e7d60e20 Exception <a 'java/lang/NoSuchMethodError'{0x00000000839b2f80}: static Lorg/gradle/internal/build/event/types/DefaultOperationFinishedProgressEvent;.<clinit>()V> (0x00000000839b2f80) 
thrown [s\src\hotspot\share\prims\jni.cpp, line 1108]
Event: 7.677 Thread 0x000002e6e7d60e20 Exception <a 'java/lang/NoSuchMethodError'{0x00000000839d8410}: static Lorg/gradle/internal/build/event/types/DefaultProjectConfigurationSuccessResult;.<clinit>()V> (0x00000000839d8410) 
thrown [s\src\hotspot\share\prims\jni.cpp, line 1108]
Event: 7.677 Thread 0x000002e6e7d60e20 Exception <a 'java/lang/NoSuchMethodError'{0x00000000839d9720}: static Lorg/gradle/internal/build/event/types/AbstractProjectConfigurationResult;.<clinit>()V> (0x00000000839d9720) 
thrown [s\src\hotspot\share\prims\jni.cpp, line 1108]
Event: 7.678 Thread 0x000002e6e7d60e20 Exception <a 'java/lang/NoSuchMethodError'{0x00000000839dae90}: static Lorg/gradle/internal/build/event/types/AbstractOperationResult;.<clinit>()V> (0x00000000839dae90) 
thrown [s\src\hotspot\share\prims\jni.cpp, line 1108]
Event: 7.678 Thread 0x000002e6e7d60e20 Exception <a 'java/lang/NoSuchMethodError'{0x00000000839dbd40}: static Lorg/gradle/internal/build/event/types/AbstractResult;.<clinit>()V> (0x00000000839dbd40) 
thrown [s\src\hotspot\share\prims\jni.cpp, line 1108]
Event: 7.680 Thread 0x000002e6e7d60e20 Exception <a 'java/lang/NoSuchMethodError'{0x00000000839f1af8}: static Lorg/gradle/internal/build/event/types/DefaultPluginApplicationResult;.<clinit>()V> (0x00000000839f1af8) 
thrown [s\src\hotspot\share\prims\jni.cpp, line 1108]
Event: 7.682 Thread 0x000002e6e7d60e20 Exception <a 'java/lang/NoSuchMethodError'{0x00000000839fcc60}: static Lorg/gradle/internal/build/event/types/DefaultBinaryPluginIdentifier;.<clinit>()V> (0x00000000839fcc60) 
thrown [s\src\hotspot\share\prims\jni.cpp, line 1108]
Event: 7.685 Thread 0x000002e6e7d60e20 Exception <a 'java/lang/NoSuchMethodError'{0x0000000083812d90}: static Lorg/gradle/internal/build/event/types/DefaultScriptPluginIdentifier;.<clinit>()V> (0x0000000083812d90) 
thrown [s\src\hotspot\share\prims\jni.cpp, line 1108]
Event: 7.697 Thread 0x000002e6e5edf110 Exception <a 'java/lang/ClassNotFoundException'{0x00000000838768e0}: build_6ry5bwpmo6wnjt5jm0t9swrhyBeanInfo> (0x00000000838768e0) 
thrown [s\src\hotspot\share\classfile\systemDictionary.cpp, line 256]
Event: 7.697 Thread 0x000002e6e5edf110 Exception <a 'java/lang/ClassNotFoundException'{0x000000008387d160}: build_6ry5bwpmo6wnjt5jm0t9swrhyCustomizer> (0x000000008387d160) 
thrown [s\src\hotspot\share\classfile\systemDictionary.cpp, line 256]
Event: 7.814 Thread 0x000002e6e5edf110 Exception <a 'java/lang/ClassNotFoundException'{0x0000000084853168}: org/gradle/api/internal/plugins/DefaultObjectConfigurationActionBeanInfo> (0x0000000084853168) 
thrown [s\src\hotspot\share\classfile\systemDictionary.cpp, line 256]
Event: 7.815 Thread 0x000002e6e5edf110 Exception <a 'java/lang/ClassNotFoundException'{0x00000000848657e0}: org/gradle/api/internal/plugins/DefaultObjectConfigurationActionCustomizer> (0x00000000848657e0) 
thrown [s\src\hotspot\share\classfile\systemDictionary.cpp, line 256]
Event: 8.015 Thread 0x000002e6e5edf110 Exception <a 'java/lang/NoSuchMethodError'{0x0000000084b1b6b8}: 'java.lang.Object java.lang.invoke.DirectMethodHandle$Holder.newInvokeSpecial(java.lang.Object, java.lang.Object, java.lang.Object, java.lang.Object, int)'> (0x0000000084b1b6b8) 
thrown [s\src\hotspot\share\interpreter\linkResolver.cpp, line 771]
Event: 8.016 Thread 0x000002e6e5edf110 Exception <a 'java/lang/NoSuchMethodError'{0x0000000084b20858}: 'java.lang.Object java.lang.invoke.DirectMethodHandle$Holder.invokeSpecial(java.lang.Object, java.lang.Object, java.lang.Object, java.lang.Object, java.lang.Object, int)'> (0x0000000084b20858) 
thrown [s\src\hotspot\share\interpreter\linkResolver.cpp, line 771]
Event: 8.017 Thread 0x000002e6e5edf110 Exception <a 'java/lang/NoSuchMethodError'{0x0000000084b25330}: 'java.lang.Object java.lang.invoke.Invokers$Holder.linkToTargetMethod(java.lang.Object, java.lang.Object, java.lang.Object, int, java.lang.Object)'> (0x0000000084b25330) 
thrown [s\src\hotspot\share\interpreter\linkResolver.cpp, line 771]
Event: 8.334 Thread 0x000002e6e5edf110 Exception <a 'java/lang/NoSuchMethodError'{0x0000000084814d60}: 'int java.lang.invoke.DirectMethodHandle$Holder.invokeInterface(java.lang.Object, java.lang.Object, java.lang.Object, java.lang.Object)'> (0x0000000084814d60) 
thrown [s\src\hotspot\share\interpreter\linkResolver.cpp, line 771]
Event: 8.897 Thread 0x000002e6e5edf110 Exception <a 'java/lang/IncompatibleClassChangeError'{0x0000000084e59208}: Found class java.lang.Object, but interface was expected> (0x0000000084e59208) 
thrown [s\src\hotspot\share\interpreter\linkResolver.cpp, line 838]
Event: 8.962 Thread 0x000002e6e5edf110 Implicit null exception at 0x000002e6d56437d4 to 0x000002e6d564397c
Event: 8.962 Thread 0x000002e6e5edf110 Implicit null exception at 0x000002e6d561d869 to 0x000002e6d561f518
Event: 9.174 Thread 0x000002e6e5edf110 Implicit null exception at 0x000002e6d5511b0c to 0x000002e6d5511c3e

VM Operations (20 events):
Event: 8.795 Executing VM operation: G1CollectForAllocation done
Event: 8.843 Executing VM operation: G1Concurrent
Event: 8.846 Executing VM operation: G1Concurrent done
Event: 8.864 Executing VM operation: G1Concurrent
Event: 8.865 Executing VM operation: G1Concurrent done
Event: 9.131 Executing VM operation: HandshakeAllThreads
Event: 9.131 Executing VM operation: HandshakeAllThreads done
Event: 9.167 Executing VM operation: HandshakeAllThreads
Event: 9.168 Executing VM operation: HandshakeAllThreads done
Event: 9.185 Executing VM operation: HandshakeAllThreads
Event: 9.185 Executing VM operation: HandshakeAllThreads done
Event: 9.185 Executing VM operation: HandshakeAllThreads
Event: 9.186 Executing VM operation: HandshakeAllThreads done
Event: 9.206 Executing VM operation: HandshakeAllThreads
Event: 9.206 Executing VM operation: HandshakeAllThreads done
Event: 9.225 Executing VM operation: G1CollectForAllocation
Event: 9.229 Executing VM operation: G1CollectForAllocation done
Event: 9.261 Executing VM operation: G1TryInitiateConcMark
Event: 9.265 Executing VM operation: G1TryInitiateConcMark done
Event: 9.310 Executing VM operation: G1Concurrent

Events (20 events):
Event: 9.224 loading class java/security/cert/CertPathValidatorException$BasicReason
Event: 9.224 loading class java/security/cert/CertPathValidatorException$Reason
Event: 9.224 loading class java/security/cert/CertPathValidatorException$Reason done
Event: 9.224 loading class java/security/cert/CertPathValidatorException$BasicReason done
Event: 9.225 loading class java/security/SignatureException
Event: 9.225 loading class java/security/SignatureException done
Event: 9.233 loading class sun/security/rsa/RSASignature$SHA256withRSA
Event: 9.233 loading class sun/security/rsa/RSASignature$SHA256withRSA done
Event: 9.235 loading class sun/security/provider/DSA$SHA256withDSA
Event: 9.235 loading class sun/security/provider/DSA$SHA256withDSA done
Event: 9.253 loading class java/util/Base64
Event: 9.253 loading class java/util/Base64 done
Event: 9.253 loading class java/util/Base64$Decoder
Event: 9.253 loading class java/util/Base64$Decoder done
Event: 9.253 loading class java/util/Base64$Encoder
Event: 9.254 loading class java/util/Base64$Encoder done
Event: 9.255 loading class java/util/jar/JarVerifier$VerifierStream
Event: 9.255 loading class java/util/jar/JarVerifier$VerifierStream done
Event: 9.255 loading class sun/security/util/ManifestEntryVerifier$SunProviderHolder
Event: 9.255 loading class sun/security/util/ManifestEntryVerifier$SunProviderHolder done


Dynamic libraries:
0x00007ff78f650000 - 0x00007ff78f65a000 	D:\Android\jbr\bin\java.exe
0x00007ffd9b420000 - 0x00007ffd9b629000 	C:\WINDOWS\SYSTEM32\ntdll.dll
0x00007ffd9a930000 - 0x00007ffd9a9ee000 	C:\WINDOWS\System32\KERNEL32.DLL
0x00007ffd98b60000 - 0x00007ffd98ee3000 	C:\WINDOWS\System32\KERNELBASE.dll
0x00007ffd98f70000 - 0x00007ffd99081000 	C:\WINDOWS\System32\ucrtbase.dll
0x00007ffd70f30000 - 0x00007ffd70f47000 	D:\Android\jbr\bin\jli.dll
0x00007ffd9add0000 - 0x00007ffd9af7d000 	C:\WINDOWS\System32\USER32.dll
0x00007ffd99260000 - 0x00007ffd99286000 	C:\WINDOWS\System32\win32u.dll
0x00007ffd70ed0000 - 0x00007ffd70eeb000 	D:\Android\jbr\bin\VCRUNTIME140.dll
0x00007ffd9b280000 - 0x00007ffd9b2a9000 	C:\WINDOWS\System32\GDI32.dll
0x00007ffd988d0000 - 0x00007ffd989ea000 	C:\WINDOWS\System32\gdi32full.dll
0x00007ffd99150000 - 0x00007ffd991ed000 	C:\WINDOWS\System32\msvcp_win.dll
0x00007ffd7ec40000 - 0x00007ffd7eee5000 	C:\WINDOWS\WinSxS\amd64_microsoft.windows.common-controls_6595b64144ccf1df_6.0.22000.120_none_9d947278b86cc467\COMCTL32.dll
0x00007ffd9b000000 - 0x00007ffd9b0a3000 	C:\WINDOWS\System32\msvcrt.dll
0x00007ffd99450000 - 0x00007ffd99481000 	C:\WINDOWS\System32\IMM32.DLL
0x00007ffd900d0000 - 0x00007ffd900dc000 	D:\Android\jbr\bin\vcruntime140_1.dll
0x00007ffd42c00000 - 0x00007ffd42c8d000 	D:\Android\jbr\bin\msvcp140.dll
0x00007ffd22640000 - 0x00007ffd232ad000 	D:\Android\jbr\bin\server\jvm.dll
0x00007ffd9b140000 - 0x00007ffd9b1ee000 	C:\WINDOWS\System32\ADVAPI32.dll
0x00007ffd9ab90000 - 0x00007ffd9ac2e000 	C:\WINDOWS\System32\sechost.dll
0x00007ffd9b2b0000 - 0x00007ffd9b3d1000 	C:\WINDOWS\System32\RPCRT4.dll
0x00007ffd92fe0000 - 0x00007ffd92fe9000 	C:\WINDOWS\SYSTEM32\WSOCK32.dll
0x00007ffd99490000 - 0x00007ffd994ff000 	C:\WINDOWS\System32\WS2_32.dll
0x00007ffd95680000 - 0x00007ffd956b3000 	C:\WINDOWS\SYSTEM32\WINMM.dll
0x00007ffd90540000 - 0x00007ffd9054a000 	C:\WINDOWS\SYSTEM32\VERSION.dll
0x00007ffd97950000 - 0x00007ffd97968000 	C:\WINDOWS\SYSTEM32\kernel.appcore.dll
0x00007ffd92940000 - 0x00007ffd9294a000 	D:\Android\jbr\bin\jimage.dll
0x00007ffd96060000 - 0x00007ffd96281000 	C:\WINDOWS\SYSTEM32\DBGHELP.DLL
0x00007ffd90f10000 - 0x00007ffd90f41000 	C:\WINDOWS\SYSTEM32\dbgcore.DLL
0x00007ffd98ef0000 - 0x00007ffd98f6f000 	C:\WINDOWS\System32\bcryptPrimitives.dll
0x00007ffd77480000 - 0x00007ffd774a5000 	D:\Android\jbr\bin\java.dll
0x00007ffd8ece0000 - 0x00007ffd8ecf8000 	D:\Android\jbr\bin\zip.dll
0x00007ffd99d70000 - 0x00007ffd9a535000 	C:\WINDOWS\System32\SHELL32.dll
0x00007ffd969b0000 - 0x00007ffd97214000 	C:\WINDOWS\SYSTEM32\windows.storage.dll
0x00007ffd9a5b0000 - 0x00007ffd9a926000 	C:\WINDOWS\System32\combase.dll
0x00007ffd96840000 - 0x00007ffd969a7000 	C:\WINDOWS\SYSTEM32\wintypes.dll
0x00007ffd9ac30000 - 0x00007ffd9ad1a000 	C:\WINDOWS\System32\SHCORE.dll
0x00007ffd993e0000 - 0x00007ffd9943d000 	C:\WINDOWS\System32\shlwapi.dll
0x00007ffd98800000 - 0x00007ffd98821000 	C:\WINDOWS\SYSTEM32\profapi.dll
0x00007ffd886a0000 - 0x00007ffd886b9000 	D:\Android\jbr\bin\net.dll
0x00007ffd91e30000 - 0x00007ffd91f42000 	C:\WINDOWS\SYSTEM32\WINHTTP.dll
0x00007ffd97df0000 - 0x00007ffd97e57000 	C:\WINDOWS\system32\mswsock.dll
0x00007ffd88650000 - 0x00007ffd88666000 	D:\Android\jbr\bin\nio.dll
0x00007ffd92830000 - 0x00007ffd92840000 	D:\Android\jbr\bin\verify.dll
0x00007ffd76dc0000 - 0x00007ffd76de7000 	C:\Users\an'zhi'lin\.gradle\native\68d5fa5c4cc2d200863cafc0d521ce42e7d3e7ee720ec0a83991735586a16f82\windows-amd64\native-platform.dll
0x00007ffd3e930000 - 0x00007ffd3ea74000 	C:\Users\an'zhi'lin\.gradle\native\e376f236ea51e6404a007f0833ffe2c6e607c4080706a723a18a27aeea778392\windows-amd64\native-platform-file-events.dll
0x00007ffd92900000 - 0x00007ffd92909000 	D:\Android\jbr\bin\management.dll
0x00007ffd928d0000 - 0x00007ffd928db000 	D:\Android\jbr\bin\management_ext.dll
0x00007ffd9b1f0000 - 0x00007ffd9b1f8000 	C:\WINDOWS\System32\PSAPI.DLL
0x00007ffd98050000 - 0x00007ffd98068000 	C:\WINDOWS\SYSTEM32\CRYPTSP.dll
0x00007ffd978b0000 - 0x00007ffd978e5000 	C:\WINDOWS\system32\rsaenh.dll
0x00007ffd97ef0000 - 0x00007ffd97f19000 	C:\WINDOWS\SYSTEM32\USERENV.dll
0x00007ffd981c0000 - 0x00007ffd981e7000 	C:\WINDOWS\SYSTEM32\bcrypt.dll
0x00007ffd98040000 - 0x00007ffd9804c000 	C:\WINDOWS\SYSTEM32\CRYPTBASE.dll
0x00007ffd97470000 - 0x00007ffd9749d000 	C:\WINDOWS\SYSTEM32\IPHLPAPI.DLL
0x00007ffd99440000 - 0x00007ffd99449000 	C:\WINDOWS\System32\NSI.dll
0x00007ffd91c00000 - 0x00007ffd91c19000 	C:\WINDOWS\SYSTEM32\dhcpcsvc6.DLL
0x00007ffd925b0000 - 0x00007ffd925ce000 	C:\WINDOWS\SYSTEM32\dhcpcsvc.DLL
0x00007ffd974e0000 - 0x00007ffd975c8000 	C:\WINDOWS\SYSTEM32\DNSAPI.dll
0x00007ffd92180000 - 0x00007ffd92188000 	C:\WINDOWS\system32\wshunix.dll

dbghelp: loaded successfully - version: 4.0.5 - missing functions: none
symbol engine: initialized successfully - sym options: 0x614 - pdb path: .;D:\Android\jbr\bin;C:\WINDOWS\SYSTEM32;C:\WINDOWS\WinSxS\amd64_microsoft.windows.common-controls_6595b64144ccf1df_6.0.22000.120_none_9d947278b86cc467;D:\Android\jbr\bin\server;C:\Users\an'zhi'lin\.gradle\native\68d5fa5c4cc2d200863cafc0d521ce42e7d3e7ee720ec0a83991735586a16f82\windows-amd64;C:\Users\an'zhi'lin\.gradle\native\e376f236ea51e6404a007f0833ffe2c6e607c4080706a723a18a27aeea778392\windows-amd64

VM Arguments:
jvm_args: --add-opens=java.base/java.util=ALL-UNNAMED --add-opens=java.base/java.lang=ALL-UNNAMED --add-opens=java.base/java.lang.invoke=ALL-UNNAMED --add-opens=java.prefs/java.util.prefs=ALL-UNNAMED --add-opens=java.base/java.nio.charset=ALL-UNNAMED --add-opens=java.base/java.net=ALL-UNNAMED --add-opens=java.base/java.util.concurrent.atomic=ALL-UNNAMED -Xmx2048m -Dfile.encoding=UTF-8 -Duser.country=CN -Duser.language=zh -Duser.variant 
java_command: org.gradle.launcher.daemon.bootstrap.GradleDaemon 8.0
java_class_path (initial): C:\Users\an'zhi'lin\.gradle\wrapper\dists\gradle-8.0-bin\ca5e32bp14vu59qr306oxotwh\gradle-8.0\lib\gradle-launcher-8.0.jar
Launcher Type: SUN_STANDARD

[Global flags]
     intx CICompilerCount                          = 4                                         {product} {ergonomic}
     uint ConcGCThreads                            = 2                                         {product} {ergonomic}
     uint G1ConcRefinementThreads                  = 8                                         {product} {ergonomic}
   size_t G1HeapRegionSize                         = 1048576                                   {product} {ergonomic}
    uintx GCDrainStackTargetSize                   = 64                                        {product} {ergonomic}
   size_t InitialHeapSize                          = 117440512                                 {product} {ergonomic}
   size_t MarkStackSize                            = 4194304                                   {product} {ergonomic}
   size_t MaxHeapSize                              = 2147483648                                {product} {command line}
   size_t MaxNewSize                               = 1287651328                                {product} {ergonomic}
   size_t MinHeapDeltaBytes                        = 1048576                                   {product} {ergonomic}
   size_t MinHeapSize                              = 8388608                                   {product} {ergonomic}
    uintx NonNMethodCodeHeapSize                   = 5839372                                {pd product} {ergonomic}
    uintx NonProfiledCodeHeapSize                  = 122909434                              {pd product} {ergonomic}
    uintx ProfiledCodeHeapSize                     = 122909434                              {pd product} {ergonomic}
    uintx ReservedCodeCacheSize                    = 251658240                              {pd product} {ergonomic}
     bool SegmentedCodeCache                       = true                                      {product} {ergonomic}
   size_t SoftMaxHeapSize                          = 2147483648                             {manageable} {ergonomic}
     bool UseCompressedClassPointers               = true                           {product lp64_product} {ergonomic}
     bool UseCompressedOops                        = true                           {product lp64_product} {ergonomic}
     bool UseG1GC                                  = true                                      {product} {ergonomic}
     bool UseLargePagesIndividualAllocation        = false                                  {pd product} {ergonomic}

Logging:
Log output configuration:
 #0: stdout all=warning uptime,level,tags
 #1: stderr all=off uptime,level,tags

Environment Variables:
JAVA_HOME=C:\Program Files\Java\jdk1.8.0_241
CLASSPATH=.;C:\Program Files\Java\jdk1.8.0_241\lib;C:\Program Files\Java\jdk1.8.0_241\lib\tools.jar
PATH=C:\WINDOWS\system32;C:\WINDOWS;C:\WINDOWS\System32\Wbem;C:\WINDOWS\System32\WindowsPowerShell\v1.0\;C:\WINDOWS\System32\OpenSSH\;C:\Program Files\Java\jdk1.8.0_241\bin;C:\Program Files\Java\jdk1.8.0_241\jre\bin;C:\Program Files\Git\cmd;D:\mingw64\bin;D:\Anaconda\bin;C:\Program Files\MySQL\MySQL Server 8.0\bin;C:\Program Files\Microsoft SQL Server\Client SDK\ODBC\170\Tools\Binn\;C:\Program Files (x86)\Microsoft SQL Server\150\Tools\Binn\;C:\Program Files\Microsoft SQL Server\150\Tools\Binn\;C:\Program Files\Microsoft SQL Server\150\DTS\Binn\;D:\Tomcat\apache-tomcat-8.5.69\bin\;D:\Tomcat\apache-tomcat-8.5.69\lib\;D:\hugo\bin;C:\Strawberry\c\bin;C:\Strawberry\perl\site\bin;C:\Strawberry\perl\bin;D:\My_Qt\Tools\mingw1120_64\bin;D:\My_Qt\Tools\mingw1120_64\lib;D:\My_Qt\6.3.1\mingw_64\bin;D:\My_Qt\6.3.1\mingw_64\lib;C:\Program Files\CMake\bin;C:\Program Files\MySQL\MySQL Server 8.0\bin;C:\Program Files\MySQL\MySQL Server 8.0\lib;C:\Users\an'zhi'lin\;C:\Program Files\MySQL\MySQL Shell 8.0\bin\;D:\Anaconda;D:\Anaconda\Library\mingw-w64\bin;D:\Anaconda\Library\usr\bin;D:\Anaconda\Library\bin;D:\Anaconda\Scripts;C:\Users\an'zhi'lin\AppData\Local\Programs\Python\Python39\Scripts\;C:\Users\an'zhi'lin\AppData\Local\Programs\Python\Python39\;C:\Users\an'zhi'lin\AppData\Local\Microsoft\WindowsApps;D:\HONOR Magic-link\\IntelliJ IDEA 2020.1\bin;;C:\Users\an'zhi'lin\AppData\Local\GitHubDesktop\bin;C:\Program Files\JetBrains\CLion 2021.2.3\bin;D:\pycharm\PyCharm Community Edition 2021.2.3\bin;C:\Program Files\Azure Data Studio\bin
USERNAME=an'zhi'lin
OS=Windows_NT
PROCESSOR_IDENTIFIER=AMD64 Family 23 Model 24 Stepping 1, AuthenticAMD
TMP=C:\Users\AN'ZHI~1\AppData\Local\Temp
TEMP=C:\Users\AN'ZHI~1\AppData\Local\Temp



---------------  S Y S T E M  ---------------

OS:
 Windows 11 , 64 bit Build 22000 (10.0.22000.1761)
OS uptime: 1 days 6:48 hours

CPU: total 8 (initial active 8) (8 cores per cpu, 2 threads per core) family 23 model 24 stepping 1 microcode 0x0, cx8, cmov, fxsr, ht, mmx, 3dnowpref, sse, sse2, sse3, ssse3, sse4a, sse4.1, sse4.2, popcnt, lzcnt, tsc, tscinvbit, avx, avx2, aes, clmul, bmi1, bmi2, adx, sha, fma, vzeroupper, clflush, clflushopt

Memory: 4k page, system-wide physical 7103M (465M free)
TotalPageFile size 18145M (AvailPageFile size 10M)
current process WorkingSet (physical memory assigned to process): 284M, peak: 284M
current process commit charge ("private bytes"): 327M, peak: 333M

vm_info: OpenJDK 64-Bit Server VM (17.0.6+0-b2043.56-9586694) for windows-amd64 JRE (17.0.6+0-b2043.56-9586694), built on Feb  9 2023 20:06:20 by "androidbuild" with MS VC++ 16.10 / 16.11 (VS2019)

END.
