#
# There is insufficient memory for the Java Runtime Environment to continue.
# Native memory allocation (malloc) failed to allocate 1826736 bytes for Chunk::new
# Possible reasons:
#   The system is out of physical RAM or swap space
#   The process is running with CompressedOops enabled, and the Java Heap may be blocking the growth of the native heap
# Possible solutions:
#   Reduce memory load on the system
#   Increase physical memory or swap space
#   Check if swap backing store is full
#   Decrease Java heap size (-Xmx/-Xms)
#   Decrease number of Java threads
#   Decrease Java thread stack sizes (-Xss)
#   Set larger code cache with -XX:ReservedCodeCacheSize=
#   JVM is running with Unscaled Compressed Oops mode in which the Java heap is
#     placed in the first 4GB address space. The Java Heap base address is the
#     maximum limit for the native heap growth. Please use -XX:HeapBaseMinAddress
#     to set the Java Heap base and to place the Java Heap above 4GB virtual address.
# This output file may be truncated or incomplete.
#
#  Out of Memory Error (arena.cpp:189), pid=13440, tid=20388
#
# JRE version: OpenJDK Runtime Environment (17.0.6) (build 17.0.6+0-b2043.56-9586694)
# Java VM: OpenJDK 64-Bit Server VM (17.0.6+0-b2043.56-9586694, mixed mode, tiered, compressed oops, compressed class ptrs, g1 gc, windows-amd64)
# No core dump will be written. Minidumps are not enabled by default on client versions of Windows
#

---------------  S U M M A R Y ------------

Command Line: --add-opens=java.base/java.util=ALL-UNNAMED --add-opens=java.base/java.lang=ALL-UNNAMED --add-opens=java.base/java.lang.invoke=ALL-UNNAMED --add-opens=java.prefs/java.util.prefs=ALL-UNNAMED --add-opens=java.base/java.nio.charset=ALL-UNNAMED --add-opens=java.base/java.net=ALL-UNNAMED --add-opens=java.base/java.util.concurrent.atomic=ALL-UNNAMED -Xmx2048m -Dfile.encoding=UTF-8 -Duser.country=CN -Duser.language=zh -Duser.variant org.gradle.launcher.daemon.bootstrap.GradleDaemon 8.0

Host: AMD Ryzen 5 3500U with Radeon Vega Mobile Gfx  , 8 cores, 6G,  Windows 11 , 64 bit Build 22000 (10.0.22000.1761)
Time: Tue Jun 27 23:17:17 2023  Windows 11 , 64 bit Build 22000 (10.0.22000.1761) elapsed time: 9.122780 seconds (0d 0h 0m 9s)

---------------  T H R E A D  ---------------

Current thread (0x000001d97a421e60):  JavaThread "C2 CompilerThread0" daemon [_thread_in_native, id=20388, stack(0x0000009c29d00000,0x0000009c29e00000)]


Current CompileTask:
C2:   9122 5971       4       jdk.internal.org.objectweb.asm.Frame::execute (2305 bytes)

Stack: [0x0000009c29d00000,0x0000009c29e00000]
Native frames: (J=compiled Java code, j=interpreted, Vv=VM code, C=native code)
V  [jvm.dll+0x683b4a]
V  [jvm.dll+0x842654]
V  [jvm.dll+0x843dfe]
V  [jvm.dll+0x844463]
V  [jvm.dll+0x249b75]
V  [jvm.dll+0xabcac]
V  [jvm.dll+0xac27c]
V  [jvm.dll+0x368802]
V  [jvm.dll+0x332f31]
V  [jvm.dll+0x3323da]
V  [jvm.dll+0x21c201]
V  [jvm.dll+0x21b621]
V  [jvm.dll+0x1a4fdd]
V  [jvm.dll+0x22b098]
V  [jvm.dll+0x229159]
V  [jvm.dll+0x7f809c]
V  [jvm.dll+0x7f25fa]
V  [jvm.dll+0x682985]
C  [ucrtbase.dll+0x26c0c]
C  [KERNEL32.DLL+0x15590]
C  [ntdll.dll+0x485b]


---------------  P R O C E S S  ---------------

Threads class SMR info:
_java_thread_list=0x000001d97e114be0, length=125, elements={
0x000001d96eca6480, 0x000001d979b03010, 0x000001d979b06080, 0x000001d979b17600,
0x000001d979b17ec0, 0x000001d979b18870, 0x000001d97a41cba0, 0x000001d97a421e60,
0x000001d97a422f00, 0x000001d97a423fa0, 0x000001d97a5be980, 0x000001d97a5c3270,
0x000001d97ce682c0, 0x000001d97a776dd0, 0x000001d97cf4f350, 0x000001d97be31020,
0x000001d97bec8740, 0x000001d97ca61050, 0x000001d97cc4b890, 0x000001d97b893e20,
0x000001d97c991c70, 0x000001d97d7a2350, 0x000001d97d7a5840, 0x000001d97d7a3b60,
0x000001d97d7a1e80, 0x000001d97d7a4500, 0x000001d97d7a31c0, 0x000001d97d7a5370,
0x000001d97d7a2820, 0x000001d97d7a3690, 0x000001d97d7a49d0, 0x000001d97d7a4ea0,
0x000001d97dc05520, 0x000001d97dc0abc0, 0x000001d97dc0b090, 0x000001d97dc076d0,
0x000001d97dc059f0, 0x000001d97dc05ec0, 0x000001d97dc0ba30, 0x000001d97dc08ee0,
0x000001d97dc08a10, 0x000001d97dc06d30, 0x000001d97dc09d50, 0x000001d97dc07200,
0x000001d97dc093b0, 0x000001d97dc0a220, 0x000001d97dc0a6f0, 0x000001d97dc0b560,
0x000001d97dc0bf00, 0x000001d97d444850, 0x000001d97d444380, 0x000001d97d446a00,
0x000001d97d44b700, 0x000001d97d444d20, 0x000001d97d449a20, 0x000001d97d4456c0,
0x000001d97d447d40, 0x000001d97d4451f0, 0x000001d97d445b90, 0x000001d97d4486e0,
0x000001d97d446ed0, 0x000001d97d446060, 0x000001d97d447870, 0x000001d97d448bb0,
0x000001d97d449080, 0x000001d97d449ef0, 0x000001d97d446530, 0x000001d97d4473a0,
0x000001d97d449550, 0x000001d97d44a3c0, 0x000001d97d44a890, 0x000001d97d44ad60,
0x000001d97d44b230, 0x000001d97d44bbd0, 0x000001d97d521e30, 0x000001d97d51c790,
0x000001d97d51cc60, 0x000001d97d51d130, 0x000001d97d51dad0, 0x000001d97d523b10,
0x000001d97d520150, 0x000001d97d51f2e0, 0x000001d97d520620, 0x000001d97d523640,
0x000001d97d523170, 0x000001d97d51c2c0, 0x000001d97d522300, 0x000001d97d51e470,
0x000001d97d51d600, 0x000001d97d51ee10, 0x000001d97d5227d0, 0x000001d97d51dfa0,
0x000001d97d522ca0, 0x000001d97d520af0, 0x000001d97d520fc0, 0x000001d97d51e940,
0x000001d97d51f7b0, 0x000001d97d51fc80, 0x000001d97d521490, 0x000001d97d521960,
0x000001d97cbb6aa0, 0x000001d97cbb2740, 0x000001d97cbb82b0, 0x000001d97cbb6100,
0x000001d97cbb1da0, 0x000001d97cbb7440, 0x000001d97cbb65d0, 0x000001d97cbb5760,
0x000001d97cbb2270, 0x000001d97cbb2c10, 0x000001d97cbb4420, 0x000001d97cbb30e0,
0x000001d97cbb7910, 0x000001d97cbb1400, 0x000001d97cbb7de0, 0x000001d97cbb48f0,
0x000001d97cbb0a60, 0x000001d97cbb6f70, 0x000001d97cbb35b0, 0x000001d97cbb0f30,
0x000001d97cbb3a80, 0x000001d97cbb18d0, 0x000001d97cbb3f50, 0x000001d97cbb4dc0,
0x000001d911929fb0
}

Java Threads: ( => current thread )
  0x000001d96eca6480 JavaThread "main" [_thread_blocked, id=13388, stack(0x0000009c29000000,0x0000009c29100000)]
  0x000001d979b03010 JavaThread "Reference Handler" daemon [_thread_blocked, id=9124, stack(0x0000009c29700000,0x0000009c29800000)]
  0x000001d979b06080 JavaThread "Finalizer" daemon [_thread_blocked, id=7764, stack(0x0000009c29800000,0x0000009c29900000)]
  0x000001d979b17600 JavaThread "Signal Dispatcher" daemon [_thread_blocked, id=20940, stack(0x0000009c29900000,0x0000009c29a00000)]
  0x000001d979b17ec0 JavaThread "Attach Listener" daemon [_thread_blocked, id=520, stack(0x0000009c29a00000,0x0000009c29b00000)]
  0x000001d979b18870 JavaThread "Service Thread" daemon [_thread_blocked, id=8152, stack(0x0000009c29b00000,0x0000009c29c00000)]
  0x000001d97a41cba0 JavaThread "Monitor Deflation Thread" daemon [_thread_blocked, id=5476, stack(0x0000009c29c00000,0x0000009c29d00000)]
=>0x000001d97a421e60 JavaThread "C2 CompilerThread0" daemon [_thread_in_native, id=20388, stack(0x0000009c29d00000,0x0000009c29e00000)]
  0x000001d97a422f00 JavaThread "C1 CompilerThread0" daemon [_thread_in_vm, id=17848, stack(0x0000009c29e00000,0x0000009c29f00000)]
  0x000001d97a423fa0 JavaThread "Sweeper thread" daemon [_thread_blocked, id=15164, stack(0x0000009c29f00000,0x0000009c2a000000)]
  0x000001d97a5be980 JavaThread "Common-Cleaner" daemon [_thread_blocked, id=8480, stack(0x0000009c2a000000,0x0000009c2a100000)]
  0x000001d97a5c3270 JavaThread "Notification Thread" daemon [_thread_blocked, id=9084, stack(0x0000009c2a100000,0x0000009c2a200000)]
  0x000001d97ce682c0 JavaThread "Daemon health stats" [_thread_blocked, id=18024, stack(0x0000009c2a900000,0x0000009c2aa00000)]
  0x000001d97a776dd0 JavaThread "Incoming local TCP Connector on port 59480" [_thread_in_native, id=18204, stack(0x0000009c2a300000,0x0000009c2a400000)]
  0x000001d97cf4f350 JavaThread "Daemon periodic checks" [_thread_blocked, id=15176, stack(0x0000009c2a400000,0x0000009c2a500000)]
  0x000001d97be31020 JavaThread "C2 CompilerThread1" daemon [_thread_in_native, id=14904, stack(0x0000009c2aa00000,0x0000009c2ab00000)]
  0x000001d97bec8740 JavaThread "Daemon" [_thread_blocked, id=17812, stack(0x0000009c2ab00000,0x0000009c2ac00000)]
  0x000001d97ca61050 JavaThread "Handler for socket connection from /127.0.0.1:59480 to /127.0.0.1:59481" [_thread_in_native, id=8304, stack(0x0000009c2ac00000,0x0000009c2ad00000)]
  0x000001d97cc4b890 JavaThread "Cancel handler" [_thread_blocked, id=7276, stack(0x0000009c2ad00000,0x0000009c2ae00000)]
  0x000001d97b893e20 JavaThread "Daemon worker" [_thread_in_Java, id=10840, stack(0x0000009c2ae00000,0x0000009c2af00000)]
  0x000001d97c991c70 JavaThread "Asynchronous log dispatcher for DefaultDaemonConnection: socket connection from /127.0.0.1:59480 to /127.0.0.1:59481" [_thread_blocked, id=18796, stack(0x0000009c2af00000,0x0000009c2b000000)]
  0x000001d97d7a2350 JavaThread "Stdin handler" [_thread_blocked, id=3868, stack(0x0000009c2b000000,0x0000009c2b100000)]
  0x000001d97d7a5840 JavaThread "Daemon client event forwarder" [_thread_blocked, id=9508, stack(0x0000009c2b100000,0x0000009c2b200000)]
  0x000001d97d7a3b60 JavaThread "Cache worker for journal cache (C:\Users\an'zhi'lin\.gradle\caches\journal-1)" [_thread_blocked, id=17604, stack(0x0000009c2b600000,0x0000009c2b700000)]
  0x000001d97d7a1e80 JavaThread "File lock request listener" [_thread_in_native, id=12312, stack(0x0000009c2b700000,0x0000009c2b800000)]
  0x000001d97d7a4500 JavaThread "Cache worker for file hash cache (C:\Users\an'zhi'lin\.gradle\caches\8.0\fileHashes)" [_thread_blocked, id=4688, stack(0x0000009c2b800000,0x0000009c2b900000)]
  0x000001d97d7a31c0 JavaThread "File watcher server" daemon [_thread_in_native, id=10852, stack(0x0000009c2b900000,0x0000009c2ba00000)]
  0x000001d97d7a5370 JavaThread "File watcher consumer" daemon [_thread_blocked, id=10680, stack(0x0000009c2ba00000,0x0000009c2bb00000)]
  0x000001d97d7a2820 JavaThread "Cache worker for checksums cache (D:\android_project\test1\.gradle\8.0\checksums)" [_thread_blocked, id=5996, stack(0x0000009c2bb00000,0x0000009c2bc00000)]
  0x000001d97d7a3690 JavaThread "Cache worker for cache directory md-rule (C:\Users\an'zhi'lin\.gradle\caches\8.0\md-rule)" [_thread_blocked, id=13668, stack(0x0000009c2bc00000,0x0000009c2bd00000)]
  0x000001d97d7a49d0 JavaThread "Cache worker for file content cache (C:\Users\an'zhi'lin\.gradle\caches\8.0\fileContent)" [_thread_blocked, id=17780, stack(0x0000009c2bd00000,0x0000009c2be00000)]
  0x000001d97d7a4ea0 JavaThread "Cache worker for file hash cache (D:\android_project\test1\.gradle\8.0\fileHashes)" [_thread_blocked, id=11508, stack(0x0000009c2be00000,0x0000009c2bf00000)]
  0x000001d97dc05520 JavaThread "Cache worker for cache directory md-supplier (C:\Users\an'zhi'lin\.gradle\caches\8.0\md-supplier)" [_thread_blocked, id=19136, stack(0x0000009c2bf00000,0x0000009c2c000000)]
  0x000001d97dc0abc0 JavaThread "Cache worker for execution history cache (C:\Users\an'zhi'lin\.gradle\caches\8.0\executionHistory)" [_thread_blocked, id=17588, stack(0x0000009c2c000000,0x0000009c2c100000)]
  0x000001d97dc0b090 JavaThread "jar transforms" [_thread_blocked, id=5708, stack(0x0000009c2c100000,0x0000009c2c200000)]
  0x000001d97dc076d0 JavaThread "jar transforms Thread 2" [_thread_blocked, id=5832, stack(0x0000009c2c200000,0x0000009c2c300000)]
  0x000001d97dc059f0 JavaThread "jar transforms Thread 3" [_thread_blocked, id=13552, stack(0x0000009c2c400000,0x0000009c2c500000)]
  0x000001d97dc05ec0 JavaThread "jar transforms Thread 4" [_thread_blocked, id=15196, stack(0x0000009c2c500000,0x0000009c2c600000)]
  0x000001d97dc0ba30 JavaThread "Cache worker for dependencies-accessors (D:\android_project\test1\.gradle\8.0\dependencies-accessors)" [_thread_blocked, id=19672, stack(0x0000009c2c600000,0x0000009c2c700000)]
  0x000001d97dc08ee0 JavaThread "jar transforms Thread 5" [_thread_blocked, id=17432, stack(0x0000009c2c700000,0x0000009c2c800000)]
  0x000001d97dc08a10 JavaThread "Cache worker for Build Output Cleanup Cache (D:\android_project\test1\.gradle\buildOutputCleanup)" [_thread_blocked, id=11576, stack(0x0000009c2c800000,0x0000009c2c900000)]
  0x000001d97dc06d30 JavaThread "Unconstrained build operations" [_thread_blocked, id=19112, stack(0x0000009c2c900000,0x0000009c2ca00000)]
  0x000001d97dc09d50 JavaThread "Unconstrained build operations Thread 2" [_thread_blocked, id=19780, stack(0x0000009c2ca00000,0x0000009c2cb00000)]
  0x000001d97dc07200 JavaThread "Unconstrained build operations Thread 3" [_thread_blocked, id=16516, stack(0x0000009c2cb00000,0x0000009c2cc00000)]
  0x000001d97dc093b0 JavaThread "Unconstrained build operations Thread 4" [_thread_blocked, id=19076, stack(0x0000009c2cc00000,0x0000009c2cd00000)]
  0x000001d97dc0a220 JavaThread "Unconstrained build operations Thread 5" [_thread_blocked, id=20352, stack(0x0000009c2cd00000,0x0000009c2ce00000)]
  0x000001d97dc0a6f0 JavaThread "Unconstrained build operations Thread 6" [_thread_blocked, id=11432, stack(0x0000009c2ce00000,0x0000009c2cf00000)]
  0x000001d97dc0b560 JavaThread "Unconstrained build operations Thread 7" [_thread_blocked, id=7156, stack(0x0000009c2cf00000,0x0000009c2d000000)]
  0x000001d97dc0bf00 JavaThread "Unconstrained build operations Thread 8" [_thread_blocked, id=9812, stack(0x0000009c2d000000,0x0000009c2d100000)]
  0x000001d97d444850 JavaThread "Unconstrained build operations Thread 9" [_thread_blocked, id=19024, stack(0x0000009c2d100000,0x0000009c2d200000)]
  0x000001d97d444380 JavaThread "Unconstrained build operations Thread 10" [_thread_blocked, id=5532, stack(0x0000009c2d200000,0x0000009c2d300000)]
  0x000001d97d446a00 JavaThread "Unconstrained build operations Thread 11" [_thread_blocked, id=19856, stack(0x0000009c2d300000,0x0000009c2d400000)]
  0x000001d97d44b700 JavaThread "Unconstrained build operations Thread 12" [_thread_blocked, id=20596, stack(0x0000009c2d400000,0x0000009c2d500000)]
  0x000001d97d444d20 JavaThread "Unconstrained build operations Thread 13" [_thread_blocked, id=20728, stack(0x0000009c2d500000,0x0000009c2d600000)]
  0x000001d97d449a20 JavaThread "Unconstrained build operations Thread 14" [_thread_blocked, id=1540, stack(0x0000009c2d600000,0x0000009c2d700000)]
  0x000001d97d4456c0 JavaThread "Unconstrained build operations Thread 15" [_thread_blocked, id=16804, stack(0x0000009c2d700000,0x0000009c2d800000)]
  0x000001d97d447d40 JavaThread "Unconstrained build operations Thread 16" [_thread_blocked, id=11292, stack(0x0000009c2d800000,0x0000009c2d900000)]
  0x000001d97d4451f0 JavaThread "Unconstrained build operations Thread 17" [_thread_blocked, id=15536, stack(0x0000009c2d900000,0x0000009c2da00000)]
  0x000001d97d445b90 JavaThread "Unconstrained build operations Thread 18" [_thread_blocked, id=17940, stack(0x0000009c2da00000,0x0000009c2db00000)]
  0x000001d97d4486e0 JavaThread "Unconstrained build operations Thread 19" [_thread_blocked, id=20636, stack(0x0000009c2db00000,0x0000009c2dc00000)]
  0x000001d97d446ed0 JavaThread "Unconstrained build operations Thread 20" [_thread_blocked, id=19704, stack(0x0000009c2dc00000,0x0000009c2dd00000)]
  0x000001d97d446060 JavaThread "Unconstrained build operations Thread 21" [_thread_blocked, id=12252, stack(0x0000009c2dd00000,0x0000009c2de00000)]
  0x000001d97d447870 JavaThread "Unconstrained build operations Thread 22" [_thread_blocked, id=8220, stack(0x0000009c2de00000,0x0000009c2df00000)]
  0x000001d97d448bb0 JavaThread "Unconstrained build operations Thread 23" [_thread_blocked, id=12216, stack(0x0000009c2df00000,0x0000009c2e000000)]
  0x000001d97d449080 JavaThread "Unconstrained build operations Thread 24" [_thread_blocked, id=1812, stack(0x0000009c2e000000,0x0000009c2e100000)]
  0x000001d97d449ef0 JavaThread "Unconstrained build operations Thread 25" [_thread_blocked, id=6868, stack(0x0000009c2e100000,0x0000009c2e200000)]
  0x000001d97d446530 JavaThread "Unconstrained build operations Thread 26" [_thread_blocked, id=10848, stack(0x0000009c2e200000,0x0000009c2e300000)]
  0x000001d97d4473a0 JavaThread "Unconstrained build operations Thread 27" [_thread_blocked, id=21480, stack(0x0000009c2e300000,0x0000009c2e400000)]
  0x000001d97d449550 JavaThread "Unconstrained build operations Thread 28" [_thread_blocked, id=12280, stack(0x0000009c2e400000,0x0000009c2e500000)]
  0x000001d97d44a3c0 JavaThread "Unconstrained build operations Thread 29" [_thread_blocked, id=16432, stack(0x0000009c2e500000,0x0000009c2e600000)]
  0x000001d97d44a890 JavaThread "Unconstrained build operations Thread 30" [_thread_blocked, id=6268, stack(0x0000009c2e600000,0x0000009c2e700000)]
  0x000001d97d44ad60 JavaThread "Unconstrained build operations Thread 31" [_thread_blocked, id=21180, stack(0x0000009c2e700000,0x0000009c2e800000)]
  0x000001d97d44b230 JavaThread "Unconstrained build operations Thread 32" [_thread_blocked, id=20896, stack(0x0000009c2e800000,0x0000009c2e900000)]
  0x000001d97d44bbd0 JavaThread "Unconstrained build operations Thread 33" [_thread_blocked, id=20248, stack(0x0000009c2e900000,0x0000009c2ea00000)]
  0x000001d97d521e30 JavaThread "Unconstrained build operations Thread 34" [_thread_blocked, id=3416, stack(0x0000009c2ea00000,0x0000009c2eb00000)]
  0x000001d97d51c790 JavaThread "Unconstrained build operations Thread 35" [_thread_blocked, id=20692, stack(0x0000009c2eb00000,0x0000009c2ec00000)]
  0x000001d97d51cc60 JavaThread "Unconstrained build operations Thread 36" [_thread_blocked, id=18808, stack(0x0000009c2ec00000,0x0000009c2ed00000)]
  0x000001d97d51d130 JavaThread "Unconstrained build operations Thread 37" [_thread_blocked, id=17860, stack(0x0000009c2ed00000,0x0000009c2ee00000)]
  0x000001d97d51dad0 JavaThread "Unconstrained build operations Thread 38" [_thread_blocked, id=18908, stack(0x0000009c2ee00000,0x0000009c2ef00000)]
  0x000001d97d523b10 JavaThread "Unconstrained build operations Thread 39" [_thread_blocked, id=14376, stack(0x0000009c2ef00000,0x0000009c2f000000)]
  0x000001d97d520150 JavaThread "Unconstrained build operations Thread 40" [_thread_blocked, id=8248, stack(0x0000009c2f000000,0x0000009c2f100000)]
  0x000001d97d51f2e0 JavaThread "Unconstrained build operations Thread 41" [_thread_blocked, id=7140, stack(0x0000009c2f100000,0x0000009c2f200000)]
  0x000001d97d520620 JavaThread "Unconstrained build operations Thread 42" [_thread_blocked, id=21160, stack(0x0000009c2f200000,0x0000009c2f300000)]
  0x000001d97d523640 JavaThread "Unconstrained build operations Thread 43" [_thread_blocked, id=4192, stack(0x0000009c2f300000,0x0000009c2f400000)]
  0x000001d97d523170 JavaThread "Unconstrained build operations Thread 44" [_thread_blocked, id=14196, stack(0x0000009c2f400000,0x0000009c2f500000)]
  0x000001d97d51c2c0 JavaThread "Unconstrained build operations Thread 45" [_thread_blocked, id=12604, stack(0x0000009c2f500000,0x0000009c2f600000)]
  0x000001d97d522300 JavaThread "Unconstrained build operations Thread 46" [_thread_blocked, id=1232, stack(0x0000009c2f600000,0x0000009c2f700000)]
  0x000001d97d51e470 JavaThread "Unconstrained build operations Thread 47" [_thread_blocked, id=15992, stack(0x0000009c2f700000,0x0000009c2f800000)]
  0x000001d97d51d600 JavaThread "Unconstrained build operations Thread 48" [_thread_blocked, id=984, stack(0x0000009c2f800000,0x0000009c2f900000)]
  0x000001d97d51ee10 JavaThread "Unconstrained build operations Thread 49" [_thread_blocked, id=10284, stack(0x0000009c2f900000,0x0000009c2fa00000)]
  0x000001d97d5227d0 JavaThread "Unconstrained build operations Thread 50" [_thread_blocked, id=15872, stack(0x0000009c2fa00000,0x0000009c2fb00000)]
  0x000001d97d51dfa0 JavaThread "Unconstrained build operations Thread 51" [_thread_blocked, id=14812, stack(0x0000009c2fb00000,0x0000009c2fc00000)]
  0x000001d97d522ca0 JavaThread "Unconstrained build operations Thread 52" [_thread_blocked, id=8204, stack(0x0000009c2fc00000,0x0000009c2fd00000)]
  0x000001d97d520af0 JavaThread "Unconstrained build operations Thread 53" [_thread_blocked, id=17428, stack(0x0000009c2fd00000,0x0000009c2fe00000)]
  0x000001d97d520fc0 JavaThread "Unconstrained build operations Thread 54" [_thread_blocked, id=15384, stack(0x0000009c2fe00000,0x0000009c2ff00000)]
  0x000001d97d51e940 JavaThread "Unconstrained build operations Thread 55" [_thread_blocked, id=18948, stack(0x0000009c2ff00000,0x0000009c30000000)]
  0x000001d97d51f7b0 JavaThread "Unconstrained build operations Thread 56" [_thread_blocked, id=3892, stack(0x0000009c30000000,0x0000009c30100000)]
  0x000001d97d51fc80 JavaThread "Unconstrained build operations Thread 57" [_thread_blocked, id=5488, stack(0x0000009c30100000,0x0000009c30200000)]
  0x000001d97d521490 JavaThread "Unconstrained build operations Thread 58" [_thread_blocked, id=18584, stack(0x0000009c30200000,0x0000009c30300000)]
  0x000001d97d521960 JavaThread "Unconstrained build operations Thread 59" [_thread_blocked, id=16496, stack(0x0000009c30300000,0x0000009c30400000)]
  0x000001d97cbb6aa0 JavaThread "Unconstrained build operations Thread 60" [_thread_blocked, id=17800, stack(0x0000009c30400000,0x0000009c30500000)]
  0x000001d97cbb2740 JavaThread "Unconstrained build operations Thread 61" [_thread_blocked, id=15168, stack(0x0000009c30500000,0x0000009c30600000)]
  0x000001d97cbb82b0 JavaThread "Unconstrained build operations Thread 62" [_thread_blocked, id=13448, stack(0x0000009c30600000,0x0000009c30700000)]
  0x000001d97cbb6100 JavaThread "Unconstrained build operations Thread 63" [_thread_blocked, id=3016, stack(0x0000009c30700000,0x0000009c30800000)]
  0x000001d97cbb1da0 JavaThread "Unconstrained build operations Thread 64" [_thread_blocked, id=2240, stack(0x0000009c30800000,0x0000009c30900000)]
  0x000001d97cbb7440 JavaThread "Unconstrained build operations Thread 65" [_thread_blocked, id=14576, stack(0x0000009c30900000,0x0000009c30a00000)]
  0x000001d97cbb65d0 JavaThread "Unconstrained build operations Thread 66" [_thread_blocked, id=4292, stack(0x0000009c30a00000,0x0000009c30b00000)]
  0x000001d97cbb5760 JavaThread "Unconstrained build operations Thread 67" [_thread_blocked, id=9520, stack(0x0000009c30b00000,0x0000009c30c00000)]
  0x000001d97cbb2270 JavaThread "Unconstrained build operations Thread 68" [_thread_blocked, id=18996, stack(0x0000009c30c00000,0x0000009c30d00000)]
  0x000001d97cbb2c10 JavaThread "Unconstrained build operations Thread 69" [_thread_blocked, id=9984, stack(0x0000009c30d00000,0x0000009c30e00000)]
  0x000001d97cbb4420 JavaThread "Unconstrained build operations Thread 70" [_thread_blocked, id=17876, stack(0x0000009c30e00000,0x0000009c30f00000)]
  0x000001d97cbb30e0 JavaThread "Unconstrained build operations Thread 71" [_thread_blocked, id=5196, stack(0x0000009c30f00000,0x0000009c31000000)]
  0x000001d97cbb7910 JavaThread "Unconstrained build operations Thread 72" [_thread_blocked, id=16148, stack(0x0000009c31000000,0x0000009c31100000)]
  0x000001d97cbb1400 JavaThread "Unconstrained build operations Thread 73" [_thread_blocked, id=19836, stack(0x0000009c31100000,0x0000009c31200000)]
  0x000001d97cbb7de0 JavaThread "Unconstrained build operations Thread 74" [_thread_blocked, id=14648, stack(0x0000009c31200000,0x0000009c31300000)]
  0x000001d97cbb48f0 JavaThread "Unconstrained build operations Thread 75" [_thread_blocked, id=21056, stack(0x0000009c31300000,0x0000009c31400000)]
  0x000001d97cbb0a60 JavaThread "Unconstrained build operations Thread 76" [_thread_blocked, id=21012, stack(0x0000009c31400000,0x0000009c31500000)]
  0x000001d97cbb6f70 JavaThread "Unconstrained build operations Thread 77" [_thread_blocked, id=16860, stack(0x0000009c31500000,0x0000009c31600000)]
  0x000001d97cbb35b0 JavaThread "Unconstrained build operations Thread 78" [_thread_blocked, id=18604, stack(0x0000009c31600000,0x0000009c31700000)]
  0x000001d97cbb0f30 JavaThread "Unconstrained build operations Thread 79" [_thread_blocked, id=3532, stack(0x0000009c31700000,0x0000009c31800000)]
  0x000001d97cbb3a80 JavaThread "Unconstrained build operations Thread 80" [_thread_blocked, id=19864, stack(0x0000009c31800000,0x0000009c31900000)]
  0x000001d97cbb18d0 JavaThread "jar transforms Thread 6" [_thread_blocked, id=260, stack(0x0000009c31900000,0x0000009c31a00000)]
  0x000001d97cbb3f50 JavaThread "jar transforms Thread 7" [_thread_blocked, id=6332, stack(0x0000009c31a00000,0x0000009c31b00000)]
  0x000001d97cbb4dc0 JavaThread "jar transforms Thread 8" [_thread_blocked, id=12180, stack(0x0000009c31b00000,0x0000009c31c00000)]
  0x000001d911929fb0 JavaThread "build event listener" [_thread_blocked, id=872, stack(0x0000009c31c00000,0x0000009c31d00000)]

Other Threads:
  0x000001d979ae2060 VMThread "VM Thread" [stack: 0x0000009c29600000,0x0000009c29700000] [id=14368]
  0x000001d97a509b80 WatcherThread [stack: 0x0000009c2a200000,0x0000009c2a300000] [id=15456]
  0x000001d96ed00bc0 GCTaskThread "GC Thread#0" [stack: 0x0000009c29100000,0x0000009c29200000] [id=20652]
  0x000001d97b467070 GCTaskThread "GC Thread#1" [stack: 0x0000009c2a500000,0x0000009c2a600000] [id=20312]
  0x000001d97b32a140 GCTaskThread "GC Thread#2" [stack: 0x0000009c2a600000,0x0000009c2a700000] [id=12700]
  0x000001d97b32a3f0 GCTaskThread "GC Thread#3" [stack: 0x0000009c2a700000,0x0000009c2a800000] [id=18296]
  0x000001d97b6bf2b0 GCTaskThread "GC Thread#4" [stack: 0x0000009c2a800000,0x0000009c2a900000] [id=2244]
  0x000001d97ab1a2d0 GCTaskThread "GC Thread#5" [stack: 0x0000009c2b200000,0x0000009c2b300000] [id=18044]
  0x000001d97bfaf7f0 GCTaskThread "GC Thread#6" [stack: 0x0000009c2b300000,0x0000009c2b400000] [id=19284]
  0x000001d97bd606d0 GCTaskThread "GC Thread#7" [stack: 0x0000009c2b400000,0x0000009c2b500000] [id=2512]
  0x000001d96ed11a00 ConcurrentGCThread "G1 Main Marker" [stack: 0x0000009c29200000,0x0000009c29300000] [id=19124]
  0x000001d96ed12470 ConcurrentGCThread "G1 Conc#0" [stack: 0x0000009c29300000,0x0000009c29400000] [id=11252]
  0x000001d97bc90d80 ConcurrentGCThread "G1 Conc#1" [stack: 0x0000009c2b500000,0x0000009c2b600000] [id=13604]
  0x000001d9799420b0 ConcurrentGCThread "G1 Refine#0" [stack: 0x0000009c29400000,0x0000009c29500000] [id=3344]
  0x000001d97e4a8050 ConcurrentGCThread "G1 Refine#1" [stack: 0x0000009c2c300000,0x0000009c2c400000] [id=3472]
  0x000001d9799428e0 ConcurrentGCThread "G1 Service" [stack: 0x0000009c29500000,0x0000009c29600000] [id=13380]

Threads with active compile tasks:
C2 CompilerThread0     9163 5971       4       jdk.internal.org.objectweb.asm.Frame::execute (2305 bytes)
C2 CompilerThread1     9163 5994       4       org.objectweb.asm.SymbolTable::addConstantUtf8 (98 bytes)

VM state: not at safepoint (normal execution)

VM Mutex/Monitor currently owned by a thread: None

Heap address: 0x0000000080000000, size: 2048 MB, Compressed Oops mode: 32-bit

CDS archive(s) not mapped
Compressed class space mapped at: 0x0000000100000000-0x0000000140000000, reserved size: 1073741824
Narrow klass base: 0x0000000000000000, Narrow klass shift: 3, Narrow klass range: 0x140000000

GC Precious Log:
 CPUs: 8 total, 8 available
 Memory: 7103M
 Large Page Support: Disabled
 NUMA Support: Disabled
 Compressed Oops: Enabled (32-bit)
 Heap Region Size: 1M
 Heap Min Capacity: 8M
 Heap Initial Capacity: 112M
 Heap Max Capacity: 2G
 Pre-touch: Disabled
 Parallel Workers: 8
 Concurrent Workers: 2
 Concurrent Refinement Workers: 8
 Periodic GC: Disabled

Heap:
 garbage-first heap   total 82944K, used 59525K [0x0000000080000000, 0x0000000100000000)
  region size 1024K, 16 young (16384K), 1 survivors (1024K)
 Metaspace       used 60023K, committed 60544K, reserved 1105920K
  class space    used 7950K, committed 8192K, reserved 1048576K

Heap Regions: E=young(eden), S=young(survivor), O=old, HS=humongous(starts), HC=humongous(continues), CS=collection set, F=free, OA=open archive, CA=closed archive, TAMS=top-at-mark-start (previous, next)
|   0|0x0000000080000000, 0x0000000080100000, 0x0000000080100000|100%|HS|  |TAMS 0x0000000080100000, 0x0000000080000000| Complete 
|   1|0x0000000080100000, 0x0000000080200000, 0x0000000080200000|100%|HC|  |TAMS 0x0000000080200000, 0x0000000080100000| Complete 
|   2|0x0000000080200000, 0x0000000080300000, 0x0000000080300000|100%|HC|  |TAMS 0x0000000080300000, 0x0000000080200000| Complete 
|   3|0x0000000080300000, 0x0000000080400000, 0x0000000080400000|100%|HC|  |TAMS 0x0000000080400000, 0x0000000080300000| Complete 
|   4|0x0000000080400000, 0x0000000080500000, 0x0000000080500000|100%| O|  |TAMS 0x0000000080500000, 0x0000000080400000| Untracked 
|   5|0x0000000080500000, 0x0000000080600000, 0x0000000080600000|100%| O|  |TAMS 0x0000000080600000, 0x0000000080500000| Untracked 
|   6|0x0000000080600000, 0x0000000080700000, 0x0000000080700000|100%| O|  |TAMS 0x0000000080700000, 0x0000000080600000| Untracked 
|   7|0x0000000080700000, 0x0000000080800000, 0x0000000080800000|100%| O|  |TAMS 0x0000000080800000, 0x0000000080700000| Untracked 
|   8|0x0000000080800000, 0x0000000080900000, 0x0000000080900000|100%| O|  |TAMS 0x0000000080900000, 0x0000000080800000| Untracked 
|   9|0x0000000080900000, 0x0000000080a00000, 0x0000000080a00000|100%| O|  |TAMS 0x0000000080a00000, 0x0000000080900000| Untracked 
|  10|0x0000000080a00000, 0x0000000080b00000, 0x0000000080b00000|100%| O|  |TAMS 0x0000000080b00000, 0x0000000080a00000| Untracked 
|  11|0x0000000080b00000, 0x0000000080b62e00, 0x0000000080c00000| 38%| O|  |TAMS 0x0000000080b62e00, 0x0000000080b00000| Untracked 
|  12|0x0000000080c00000, 0x0000000080d00000, 0x0000000080d00000|100%| O|  |TAMS 0x0000000080d00000, 0x0000000080c00000| Untracked 
|  13|0x0000000080d00000, 0x0000000080e00000, 0x0000000080e00000|100%| O|  |TAMS 0x0000000080e00000, 0x0000000080d00000| Untracked 
|  14|0x0000000080e00000, 0x0000000080f00000, 0x0000000080f00000|100%| O|  |TAMS 0x0000000080f00000, 0x0000000080e00000| Untracked 
|  15|0x0000000080f00000, 0x0000000081000000, 0x0000000081000000|100%| O|  |TAMS 0x0000000081000000, 0x0000000080f00000| Untracked 
|  16|0x0000000081000000, 0x0000000081100000, 0x0000000081100000|100%| O|  |TAMS 0x0000000081100000, 0x0000000081000000| Untracked 
|  17|0x0000000081100000, 0x0000000081200000, 0x0000000081200000|100%| O|  |TAMS 0x0000000081200000, 0x0000000081100000| Untracked 
|  18|0x0000000081200000, 0x0000000081300000, 0x0000000081300000|100%| O|  |TAMS 0x0000000081300000, 0x0000000081200000| Untracked 
|  19|0x0000000081300000, 0x0000000081400000, 0x0000000081400000|100%| O|  |TAMS 0x0000000081400000, 0x0000000081300000| Untracked 
|  20|0x0000000081400000, 0x0000000081500000, 0x0000000081500000|100%| O|  |TAMS 0x0000000081500000, 0x0000000081400000| Untracked 
|  21|0x0000000081500000, 0x0000000081600000, 0x0000000081600000|100%| O|  |TAMS 0x0000000081600000, 0x0000000081500000| Untracked 
|  22|0x0000000081600000, 0x0000000081700000, 0x0000000081700000|100%| O|  |TAMS 0x0000000081700000, 0x0000000081600000| Untracked 
|  23|0x0000000081700000, 0x0000000081800000, 0x0000000081800000|100%| O|  |TAMS 0x0000000081800000, 0x0000000081700000| Untracked 
|  24|0x0000000081800000, 0x0000000081900000, 0x0000000081900000|100%| O|  |TAMS 0x0000000081900000, 0x0000000081800000| Untracked 
|  25|0x0000000081900000, 0x0000000081a00000, 0x0000000081a00000|100%| O|  |TAMS 0x0000000081a00000, 0x0000000081900000| Untracked 
|  26|0x0000000081a00000, 0x0000000081b00000, 0x0000000081b00000|100%| O|  |TAMS 0x0000000081b00000, 0x0000000081a00000| Untracked 
|  27|0x0000000081b00000, 0x0000000081c00000, 0x0000000081c00000|100%| O|  |TAMS 0x0000000081c00000, 0x0000000081b00000| Untracked 
|  28|0x0000000081c00000, 0x0000000081d00000, 0x0000000081d00000|100%| O|  |TAMS 0x0000000081d00000, 0x0000000081c00000| Untracked 
|  29|0x0000000081d00000, 0x0000000081e00000, 0x0000000081e00000|100%| O|  |TAMS 0x0000000081e00000, 0x0000000081d00000| Untracked 
|  30|0x0000000081e00000, 0x0000000081f00000, 0x0000000081f00000|100%| O|  |TAMS 0x0000000081f00000, 0x0000000081e00000| Untracked 
|  31|0x0000000081f00000, 0x0000000082000000, 0x0000000082000000|100%| O|  |TAMS 0x0000000082000000, 0x0000000081f00000| Untracked 
|  32|0x0000000082000000, 0x0000000082100000, 0x0000000082100000|100%| O|  |TAMS 0x0000000082100000, 0x0000000082000000| Untracked 
|  33|0x0000000082100000, 0x0000000082200000, 0x0000000082200000|100%|HS|  |TAMS 0x0000000082200000, 0x0000000082100000| Complete 
|  34|0x0000000082200000, 0x0000000082300000, 0x0000000082300000|100%|HS|  |TAMS 0x0000000082300000, 0x0000000082200000| Complete 
|  35|0x0000000082300000, 0x0000000082400000, 0x0000000082400000|100%| O|  |TAMS 0x0000000082300000, 0x0000000082300000| Untracked 
|  36|0x0000000082400000, 0x0000000082500000, 0x0000000082500000|100%| O|  |TAMS 0x0000000082500000, 0x0000000082400000| Untracked 
|  37|0x0000000082500000, 0x0000000082600000, 0x0000000082600000|100%| O|  |TAMS 0x0000000082600000, 0x0000000082500000| Untracked 
|  38|0x0000000082600000, 0x0000000082700000, 0x0000000082700000|100%| O|  |TAMS 0x0000000082700000, 0x0000000082600000| Untracked 
|  39|0x0000000082700000, 0x0000000082800000, 0x0000000082800000|100%| O|  |TAMS 0x0000000082800000, 0x0000000082700000| Untracked 
|  40|0x0000000082800000, 0x0000000082900000, 0x0000000082900000|100%| O|  |TAMS 0x0000000082853600, 0x0000000082800000| Untracked 
|  41|0x0000000082900000, 0x0000000082a00000, 0x0000000082a00000|100%| O|  |TAMS 0x0000000082900000, 0x0000000082900000| Untracked 
|  42|0x0000000082a00000, 0x0000000082b00000, 0x0000000082b00000|100%| O|  |TAMS 0x0000000082a00000, 0x0000000082a00000| Untracked 
|  43|0x0000000082b00000, 0x0000000082be6a00, 0x0000000082c00000| 90%| O|  |TAMS 0x0000000082b00000, 0x0000000082b00000| Untracked 
|  44|0x0000000082c00000, 0x0000000082c00000, 0x0000000082d00000|  0%| F|  |TAMS 0x0000000082c00000, 0x0000000082c00000| Untracked 
|  45|0x0000000082d00000, 0x0000000082d00000, 0x0000000082e00000|  0%| F|  |TAMS 0x0000000082d00000, 0x0000000082d00000| Untracked 
|  46|0x0000000082e00000, 0x0000000082e00000, 0x0000000082f00000|  0%| F|  |TAMS 0x0000000082e00000, 0x0000000082e00000| Untracked 
|  47|0x0000000082f00000, 0x0000000082f00000, 0x0000000083000000|  0%| F|  |TAMS 0x0000000082f00000, 0x0000000082f00000| Untracked 
|  48|0x0000000083000000, 0x0000000083000000, 0x0000000083100000|  0%| F|  |TAMS 0x0000000083000000, 0x0000000083000000| Untracked 
|  49|0x0000000083100000, 0x0000000083100000, 0x0000000083200000|  0%| F|  |TAMS 0x0000000083100000, 0x0000000083100000| Untracked 
|  50|0x0000000083200000, 0x0000000083200000, 0x0000000083300000|  0%| F|  |TAMS 0x0000000083200000, 0x0000000083200000| Untracked 
|  51|0x0000000083300000, 0x0000000083300000, 0x0000000083400000|  0%| F|  |TAMS 0x0000000083300000, 0x0000000083300000| Untracked 
|  52|0x0000000083400000, 0x0000000083400000, 0x0000000083500000|  0%| F|  |TAMS 0x0000000083400000, 0x0000000083400000| Untracked 
|  53|0x0000000083500000, 0x0000000083500000, 0x0000000083600000|  0%| F|  |TAMS 0x0000000083500000, 0x0000000083500000| Untracked 
|  54|0x0000000083600000, 0x0000000083600000, 0x0000000083700000|  0%| F|  |TAMS 0x0000000083600000, 0x0000000083600000| Untracked 
|  55|0x0000000083700000, 0x0000000083700000, 0x0000000083800000|  0%| F|  |TAMS 0x0000000083700000, 0x0000000083700000| Untracked 
|  56|0x0000000083800000, 0x0000000083800000, 0x0000000083900000|  0%| F|  |TAMS 0x0000000083800000, 0x0000000083800000| Untracked 
|  57|0x0000000083900000, 0x0000000083900000, 0x0000000083a00000|  0%| F|  |TAMS 0x0000000083900000, 0x0000000083900000| Untracked 
|  58|0x0000000083a00000, 0x0000000083a00000, 0x0000000083b00000|  0%| F|  |TAMS 0x0000000083a00000, 0x0000000083a00000| Untracked 
|  59|0x0000000083b00000, 0x0000000083b00000, 0x0000000083c00000|  0%| F|  |TAMS 0x0000000083b00000, 0x0000000083b00000| Untracked 
|  60|0x0000000083c00000, 0x0000000083cd7f80, 0x0000000083d00000| 84%| S|CS|TAMS 0x0000000083c00000, 0x0000000083c00000| Complete 
|  61|0x0000000083d00000, 0x0000000083d00000, 0x0000000083e00000|  0%| F|  |TAMS 0x0000000083d00000, 0x0000000083d00000| Untracked 
|  62|0x0000000083e00000, 0x0000000083e00000, 0x0000000083f00000|  0%| F|  |TAMS 0x0000000083e00000, 0x0000000083e00000| Untracked 
|  63|0x0000000083f00000, 0x0000000083f00000, 0x0000000084000000|  0%| F|  |TAMS 0x0000000083f00000, 0x0000000083f00000| Untracked 
|  64|0x0000000084000000, 0x0000000084000000, 0x0000000084100000|  0%| F|  |TAMS 0x0000000084000000, 0x0000000084000000| Untracked 
|  65|0x0000000084100000, 0x0000000084100000, 0x0000000084200000|  0%| F|  |TAMS 0x0000000084100000, 0x0000000084100000| Untracked 
|  66|0x0000000084200000, 0x000000008425e638, 0x0000000084300000| 36%| E|  |TAMS 0x0000000084200000, 0x0000000084200000| Complete 
|  67|0x0000000084300000, 0x0000000084400000, 0x0000000084400000|100%| E|CS|TAMS 0x0000000084300000, 0x0000000084300000| Complete 
|  68|0x0000000084400000, 0x0000000084500000, 0x0000000084500000|100%| E|CS|TAMS 0x0000000084400000, 0x0000000084400000| Complete 
|  69|0x0000000084500000, 0x0000000084600000, 0x0000000084600000|100%| E|CS|TAMS 0x0000000084500000, 0x0000000084500000| Complete 
|  70|0x0000000084600000, 0x0000000084700000, 0x0000000084700000|100%| E|CS|TAMS 0x0000000084600000, 0x0000000084600000| Complete 
|  71|0x0000000084700000, 0x0000000084800000, 0x0000000084800000|100%| E|CS|TAMS 0x0000000084700000, 0x0000000084700000| Complete 
|  72|0x0000000084800000, 0x0000000084900000, 0x0000000084900000|100%| E|CS|TAMS 0x0000000084800000, 0x0000000084800000| Complete 
|  73|0x0000000084900000, 0x0000000084a00000, 0x0000000084a00000|100%| E|CS|TAMS 0x0000000084900000, 0x0000000084900000| Complete 
|  74|0x0000000084a00000, 0x0000000084b00000, 0x0000000084b00000|100%| E|CS|TAMS 0x0000000084a00000, 0x0000000084a00000| Complete 
|  75|0x0000000084b00000, 0x0000000084c00000, 0x0000000084c00000|100%| E|CS|TAMS 0x0000000084b00000, 0x0000000084b00000| Complete 
|  76|0x0000000084c00000, 0x0000000084d00000, 0x0000000084d00000|100%| E|CS|TAMS 0x0000000084c00000, 0x0000000084c00000| Complete 
|  77|0x0000000084d00000, 0x0000000084e00000, 0x0000000084e00000|100%| E|CS|TAMS 0x0000000084d00000, 0x0000000084d00000| Complete 
|  78|0x0000000084e00000, 0x0000000084f00000, 0x0000000084f00000|100%| E|CS|TAMS 0x0000000084e00000, 0x0000000084e00000| Complete 
|  79|0x0000000084f00000, 0x0000000085000000, 0x0000000085000000|100%| E|CS|TAMS 0x0000000084f00000, 0x0000000084f00000| Complete 
| 111|0x0000000086f00000, 0x0000000087000000, 0x0000000087000000|100%| E|CS|TAMS 0x0000000086f00000, 0x0000000086f00000| Complete 

Card table byte_map: [0x000001d9728a0000,0x000001d972ca0000] _byte_map_base: 0x000001d9724a0000

Marking Bits (Prev, Next): (CMBitMap*) 0x000001d96ed01110, (CMBitMap*) 0x000001d96ed010d0
 Prev Bits: [0x000001d9750a0000, 0x000001d9770a0000)
 Next Bits: [0x000001d9730a0000, 0x000001d9750a0000)

Polling page: 0x000001d96cca0000

Metaspace:

Usage:
  Non-class:     50.89 MB used.
      Class:      7.77 MB used.
       Both:     58.66 MB used.

Virtual space:
  Non-class space:       56.00 MB reserved,      51.19 MB ( 91%) committed,  7 nodes.
      Class space:        1.00 GB reserved,       8.00 MB ( <1%) committed,  1 nodes.
             Both:        1.05 GB reserved,      59.19 MB (  5%) committed. 

Chunk freelists:
   Non-Class:  109.00 KB
       Class:  38.00 KB
        Both:  147.00 KB

MaxMetaspaceSize: unlimited
CompressedClassSpaceSize: 1.00 GB
Initial GC threshold: 21.00 MB
Current GC threshold: 94.81 MB
CDS: off
MetaspaceReclaimPolicy: balanced
 - commit_granule_bytes: 65536.
 - commit_granule_words: 8192.
 - virtual_space_node_default_size: 1048576.
 - enlarge_chunks_in_place: 1.
 - new_chunks_are_fully_committed: 0.
 - uncommit_free_chunks: 1.
 - use_allocation_guard: 0.
 - handle_deallocations: 1.


Internal statistics:

num_allocs_failed_limit: 6.
num_arena_births: 582.
num_arena_deaths: 0.
num_vsnodes_births: 8.
num_vsnodes_deaths: 0.
num_space_committed: 947.
num_space_uncommitted: 0.
num_chunks_returned_to_freelist: 6.
num_chunks_taken_from_freelist: 2513.
num_chunk_merges: 6.
num_chunk_splits: 1693.
num_chunks_enlarged: 1147.
num_purges: 0.
num_inconsistent_stats: 0.

CodeHeap 'non-profiled nmethods': size=120000Kb used=3402Kb max_used=3402Kb free=116597Kb
 bounds [0x000001d907ad0000, 0x000001d907e30000, 0x000001d90f000000]
CodeHeap 'profiled nmethods': size=120000Kb used=12178Kb max_used=12178Kb free=107822Kb
 bounds [0x000001d900000000, 0x000001d900bf0000, 0x000001d907530000]
CodeHeap 'non-nmethods': size=5760Kb used=2336Kb max_used=2396Kb free=3423Kb
 bounds [0x000001d907530000, 0x000001d9077a0000, 0x000001d907ad0000]
 total_blobs=6937 nmethods=6080 adapters=769
 compilation: enabled
              stopped_count=0, restarted_count=0
 full_count=0

Compilation events (20 events):
Event: 9.056 Thread 0x000001d97a422f00 6050       3       java.lang.invoke.SimpleMethodHandle::make (10 bytes)
Event: 9.057 Thread 0x000001d97a422f00 nmethod 6050 0x000001d900bcd890 code [0x000001d900bcda40, 0x000001d900bcdc28]
Event: 9.057 Thread 0x000001d97a422f00 6051       3       java.lang.invoke.SimpleMethodHandle::<init> (7 bytes)
Event: 9.057 Thread 0x000001d97a422f00 nmethod 6051 0x000001d900bcdd10 code [0x000001d900bcdec0, 0x000001d900bce088]
Event: 9.090 Thread 0x000001d97a422f00 6052       3       java.lang.invoke.MethodHandles::identity (87 bytes)
Event: 9.091 Thread 0x000001d97a422f00 nmethod 6052 0x000001d900bce190 code [0x000001d900bce380, 0x000001d900bce7b8]
Event: 9.100 Thread 0x000001d97a422f00 6053       3       java.lang.invoke.LambdaForm$MH/0x00000001000ac000::invoke (25 bytes)
Event: 9.101 Thread 0x000001d97a422f00 nmethod 6053 0x000001d900bce990 code [0x000001d900bceb60, 0x000001d900bcf058]
Event: 9.101 Thread 0x000001d97a422f00 6054       3       java.lang.invoke.DirectMethodHandle$Holder::invokeStatic (15 bytes)
Event: 9.101 Thread 0x000001d97a422f00 nmethod 6054 0x000001d900bcf190 code [0x000001d900bcf360, 0x000001d900bcf898]
Event: 9.101 Thread 0x000001d97a422f00 6055       3       java.util.logging.LogManager::getProperty (9 bytes)
Event: 9.101 Thread 0x000001d97a422f00 nmethod 6055 0x000001d900bcf990 code [0x000001d900bcfb40, 0x000001d900bcfd08]
Event: 9.104 Thread 0x000001d97a422f00 6056       3       java.lang.invoke.LambdaForm::identityForm (27 bytes)
Event: 9.105 Thread 0x000001d97a422f00 nmethod 6056 0x000001d900bcfe10 code [0x000001d900bcffc0, 0x000001d900bd01a8]
Event: 9.105 Thread 0x000001d97a422f00 6057       3       java.lang.invoke.MethodHandleImpl::makeIntrinsic (14 bytes)
Event: 9.105 Thread 0x000001d97a422f00 nmethod 6057 0x000001d900bd0290 code [0x000001d900bd0480, 0x000001d900bd0b58]
Event: 9.105 Thread 0x000001d97a422f00 6058       3       java.lang.invoke.SimpleMethodHandle::speciesData (4 bytes)
Event: 9.106 Thread 0x000001d97a422f00 nmethod 6058 0x000001d900bd0d90 code [0x000001d900bd0f20, 0x000001d900bd1038]
Event: 9.106 Thread 0x000001d97a422f00 6059       3       java.util.concurrent.ConcurrentHashMap$ValuesView::iterator (34 bytes)
Event: 9.106 Thread 0x000001d97a422f00 nmethod 6059 0x000001d900bd1110 code [0x000001d900bd12c0, 0x000001d900bd14e8]

GC Heap History (20 events):
Event: 4.296 GC heap before
{Heap before GC invocations=5 (full 0):
 garbage-first heap   total 68608K, used 47754K [0x0000000080000000, 0x0000000100000000)
  region size 1024K, 29 young (29696K), 3 survivors (3072K)
 Metaspace       used 30398K, committed 30720K, reserved 1081344K
  class space    used 4127K, committed 4224K, reserved 1048576K
}
Event: 4.301 GC heap after
{Heap after GC invocations=6 (full 0):
 garbage-first heap   total 68608K, used 22525K [0x0000000080000000, 0x0000000100000000)
  region size 1024K, 4 young (4096K), 4 survivors (4096K)
 Metaspace       used 30398K, committed 30720K, reserved 1081344K
  class space    used 4127K, committed 4224K, reserved 1048576K
}
Event: 4.823 GC heap before
{Heap before GC invocations=6 (full 0):
 garbage-first heap   total 68608K, used 49149K [0x0000000080000000, 0x0000000100000000)
  region size 1024K, 30 young (30720K), 4 survivors (4096K)
 Metaspace       used 34855K, committed 35200K, reserved 1081344K
  class space    used 4834K, committed 4992K, reserved 1048576K
}
Event: 4.828 GC heap after
{Heap after GC invocations=7 (full 0):
 garbage-first heap   total 68608K, used 24119K [0x0000000080000000, 0x0000000100000000)
  region size 1024K, 4 young (4096K), 4 survivors (4096K)
 Metaspace       used 34855K, committed 35200K, reserved 1081344K
  class space    used 4834K, committed 4992K, reserved 1048576K
}
Event: 4.917 GC heap before
{Heap before GC invocations=7 (full 0):
 garbage-first heap   total 68608K, used 26167K [0x0000000080000000, 0x0000000100000000)
  region size 1024K, 8 young (8192K), 4 survivors (4096K)
 Metaspace       used 35626K, committed 35968K, reserved 1081344K
  class space    used 4880K, committed 5056K, reserved 1048576K
}
Event: 4.922 GC heap after
{Heap after GC invocations=8 (full 0):
 garbage-first heap   total 68608K, used 24627K [0x0000000080000000, 0x0000000100000000)
  region size 1024K, 3 young (3072K), 3 survivors (3072K)
 Metaspace       used 35626K, committed 35968K, reserved 1081344K
  class space    used 4880K, committed 5056K, reserved 1048576K
}
Event: 5.434 GC heap before
{Heap before GC invocations=9 (full 0):
 garbage-first heap   total 68608K, used 48179K [0x0000000080000000, 0x0000000100000000)
  region size 1024K, 27 young (27648K), 3 survivors (3072K)
 Metaspace       used 40391K, committed 40704K, reserved 1089536K
  class space    used 5360K, committed 5504K, reserved 1048576K
}
Event: 5.439 GC heap after
{Heap after GC invocations=10 (full 0):
 garbage-first heap   total 68608K, used 28515K [0x0000000080000000, 0x0000000100000000)
  region size 1024K, 4 young (4096K), 4 survivors (4096K)
 Metaspace       used 40391K, committed 40704K, reserved 1089536K
  class space    used 5360K, committed 5504K, reserved 1048576K
}
Event: 5.743 GC heap before
{Heap before GC invocations=10 (full 0):
 garbage-first heap   total 68608K, used 54115K [0x0000000080000000, 0x0000000100000000)
  region size 1024K, 26 young (26624K), 4 survivors (4096K)
 Metaspace       used 42540K, committed 42880K, reserved 1089536K
  class space    used 5566K, committed 5696K, reserved 1048576K
}
Event: 5.748 GC heap after
{Heap after GC invocations=11 (full 0):
 garbage-first heap   total 82944K, used 30054K [0x0000000080000000, 0x0000000100000000)
  region size 1024K, 3 young (3072K), 3 survivors (3072K)
 Metaspace       used 42540K, committed 42880K, reserved 1089536K
  class space    used 5566K, committed 5696K, reserved 1048576K
}
Event: 6.369 GC heap before
{Heap before GC invocations=11 (full 0):
 garbage-first heap   total 82944K, used 60774K [0x0000000080000000, 0x0000000100000000)
  region size 1024K, 33 young (33792K), 3 survivors (3072K)
 Metaspace       used 45660K, committed 46080K, reserved 1089536K
  class space    used 6064K, committed 6272K, reserved 1048576K
}
Event: 6.375 GC heap after
{Heap after GC invocations=12 (full 0):
 garbage-first heap   total 82944K, used 32671K [0x0000000080000000, 0x0000000100000000)
  region size 1024K, 5 young (5120K), 5 survivors (5120K)
 Metaspace       used 45660K, committed 46080K, reserved 1089536K
  class space    used 6064K, committed 6272K, reserved 1048576K
}
Event: 7.017 GC heap before
{Heap before GC invocations=12 (full 0):
 garbage-first heap   total 82944K, used 63391K [0x0000000080000000, 0x0000000100000000)
  region size 1024K, 34 young (34816K), 5 survivors (5120K)
 Metaspace       used 50020K, committed 50432K, reserved 1097728K
  class space    used 6621K, committed 6784K, reserved 1048576K
}
Event: 7.023 GC heap after
{Heap after GC invocations=13 (full 0):
 garbage-first heap   total 82944K, used 34099K [0x0000000080000000, 0x0000000100000000)
  region size 1024K, 4 young (4096K), 4 survivors (4096K)
 Metaspace       used 50020K, committed 50432K, reserved 1097728K
  class space    used 6621K, committed 6784K, reserved 1048576K
}
Event: 7.694 GC heap before
{Heap before GC invocations=13 (full 0):
 garbage-first heap   total 82944K, used 63795K [0x0000000080000000, 0x0000000100000000)
  region size 1024K, 34 young (34816K), 4 survivors (4096K)
 Metaspace       used 51475K, committed 51904K, reserved 1097728K
  class space    used 6801K, committed 6976K, reserved 1048576K
}
Event: 7.700 GC heap after
{Heap after GC invocations=14 (full 0):
 garbage-first heap   total 82944K, used 35922K [0x0000000080000000, 0x0000000100000000)
  region size 1024K, 4 young (4096K), 4 survivors (4096K)
 Metaspace       used 51475K, committed 51904K, reserved 1097728K
  class space    used 6801K, committed 6976K, reserved 1048576K
}
Event: 8.282 GC heap before
{Heap before GC invocations=14 (full 0):
 garbage-first heap   total 82944K, used 66642K [0x0000000080000000, 0x0000000100000000)
  region size 1024K, 32 young (32768K), 4 survivors (4096K)
 Metaspace       used 54058K, committed 54528K, reserved 1097728K
  class space    used 7154K, committed 7360K, reserved 1048576K
}
Event: 8.289 GC heap after
{Heap after GC invocations=15 (full 0):
 garbage-first heap   total 82944K, used 43737K [0x0000000080000000, 0x0000000100000000)
  region size 1024K, 4 young (4096K), 4 survivors (4096K)
 Metaspace       used 54058K, committed 54528K, reserved 1097728K
  class space    used 7154K, committed 7360K, reserved 1048576K
}
Event: 8.735 GC heap before
{Heap before GC invocations=15 (full 0):
 garbage-first heap   total 82944K, used 64217K [0x0000000080000000, 0x0000000100000000)
  region size 1024K, 24 young (24576K), 4 survivors (4096K)
 Metaspace       used 57281K, committed 57664K, reserved 1105920K
  class space    used 7558K, committed 7744K, reserved 1048576K
}
Event: 8.739 GC heap after
{Heap after GC invocations=16 (full 0):
 garbage-first heap   total 82944K, used 45189K [0x0000000080000000, 0x0000000100000000)
  region size 1024K, 1 young (1024K), 1 survivors (1024K)
 Metaspace       used 57281K, committed 57664K, reserved 1105920K
  class space    used 7558K, committed 7744K, reserved 1048576K
}

Dll operation events (2 events):
Event: 0.014 Loaded shared library D:\Android\jbr\bin\java.dll
Event: 0.603 Loaded shared library D:\Android\jbr\bin\verify.dll

Deoptimization events (20 events):
Event: 8.427 Thread 0x000001d97b893e20 Uncommon trap: trap_request=0xffffffde fr.pc=0x000001d907cf82e0 relative=0x00000000000009e0
Event: 8.427 Thread 0x000001d97b893e20 Uncommon trap: reason=class_check action=maybe_recompile pc=0x000001d907cf82e0 method=java.io.BufferedInputStream.read1([BII)I @ 39 c2
Event: 8.427 Thread 0x000001d97b893e20 DEOPT PACKING pc=0x000001d907cf82e0 sp=0x0000009c2aef7020
Event: 8.427 Thread 0x000001d97b893e20 DEOPT UNPACKING pc=0x000001d9075869a3 sp=0x0000009c2aef6f38 mode 2
Event: 8.427 Thread 0x000001d97b893e20 Uncommon trap: trap_request=0xffffffde fr.pc=0x000001d907cf82e0 relative=0x00000000000009e0
Event: 8.427 Thread 0x000001d97b893e20 Uncommon trap: reason=class_check action=maybe_recompile pc=0x000001d907cf82e0 method=java.io.BufferedInputStream.read1([BII)I @ 39 c2
Event: 8.427 Thread 0x000001d97b893e20 DEOPT PACKING pc=0x000001d907cf82e0 sp=0x0000009c2aef7060
Event: 8.427 Thread 0x000001d97b893e20 DEOPT UNPACKING pc=0x000001d9075869a3 sp=0x0000009c2aef6f78 mode 2
Event: 8.457 Thread 0x000001d97b893e20 Uncommon trap: trap_request=0xffffffde fr.pc=0x000001d907cf82e0 relative=0x00000000000009e0
Event: 8.457 Thread 0x000001d97b893e20 Uncommon trap: reason=class_check action=maybe_recompile pc=0x000001d907cf82e0 method=java.io.BufferedInputStream.read1([BII)I @ 39 c2
Event: 8.457 Thread 0x000001d97b893e20 DEOPT PACKING pc=0x000001d907cf82e0 sp=0x0000009c2aef7af0
Event: 8.457 Thread 0x000001d97b893e20 DEOPT UNPACKING pc=0x000001d9075869a3 sp=0x0000009c2aef7a08 mode 2
Event: 8.457 Thread 0x000001d97b893e20 Uncommon trap: trap_request=0xffffffc6 fr.pc=0x000001d907c278b8 relative=0x0000000000000cb8
Event: 8.457 Thread 0x000001d97b893e20 Uncommon trap: reason=bimorphic_or_optimized_type_check action=maybe_recompile pc=0x000001d907c278b8 method=java.util.Properties$LineReader.readLine()I @ 479 c2
Event: 8.457 Thread 0x000001d97b893e20 DEOPT PACKING pc=0x000001d907c278b8 sp=0x0000009c2aef7bc0
Event: 8.457 Thread 0x000001d97b893e20 DEOPT UNPACKING pc=0x000001d9075869a3 sp=0x0000009c2aef7b60 mode 2
Event: 8.914 Thread 0x000001d97b893e20 Uncommon trap: trap_request=0xffffff45 fr.pc=0x000001d907d91ea8 relative=0x00000000000001e8
Event: 8.914 Thread 0x000001d97b893e20 Uncommon trap: reason=unstable_if action=reinterpret pc=0x000001d907d91ea8 method=java.lang.ThreadLocal$ThreadLocalMap.getEntryAfterMiss(Ljava/lang/ThreadLocal;ILjava/lang/ThreadLocal$ThreadLocalMap$Entry;)Ljava/lang/ThreadLocal$ThreadLocalMap$Entry; @ 30
Event: 8.915 Thread 0x000001d97b893e20 DEOPT PACKING pc=0x000001d907d91ea8 sp=0x0000009c2aef7fb0
Event: 8.915 Thread 0x000001d97b893e20 DEOPT UNPACKING pc=0x000001d9075869a3 sp=0x0000009c2aef7e40 mode 2

Classes unloaded (0 events):
No events

Classes redefined (0 events):
No events

Internal exceptions (20 events):
Event: 7.126 Thread 0x000001d97b893e20 Exception <a 'java/lang/NoSuchMethodError'{0x0000000084c0eb40}: 'java.lang.Object java.lang.invoke.DirectMethodHandle$Holder.invokeStatic(java.lang.Object, java.lang.Object, java.lang.Object, java.lang.Object, java.lang.Object, java.lang.Object, java.lang.Object, java.lang.Object, java.lang.Object, java.lang.Object, java.lang.Object, java.lang.Object, java.lang.Object, java.lang.Object, java.lang.Object, java.lang.Object, java.lang.Object, java.lang.Object, java.lang.Object, java.lang.Object, java.lang.Obj
Event: 7.129 Thread 0x000001d97b893e20 Exception <a 'java/lang/NoSuchMethodError'{0x0000000084c3d720}: 'java.lang.Object java.lang.invoke.DirectMethodHandle$Holder.invokeStatic(java.lang.Object, java.lang.Object, java.lang.Object, java.lang.Object, java.lang.Object, java.lang.Object, java.lang.Object, java.lang.Object, java.lang.Object, java.lang.Object, java.lang.Object, java.lang.Object, java.lang.Object, java.lang.Object, java.lang.Object, java.lang.Object, java.lang.Object, java.lang.Object, java.lang.Object, java.lang.Object, java.lang.Obj
Event: 7.779 Thread 0x000001d97b893e20 Exception <a 'java/lang/NoSuchMethodError'{0x0000000084d308f0}: 'long java.lang.invoke.DirectMethodHandle$Holder.invokeVirtual(java.lang.Object, java.lang.Object)'> (0x0000000084d308f0) 
thrown [s\src\hotspot\share\interpreter\linkResolver.cpp, line 771]
Event: 7.785 Thread 0x000001d97d7a5840 Exception <a 'java/lang/NoSuchMethodError'{0x0000000084d8f8f8}: static Lorg/gradle/internal/build/event/types/DefaultOperationFinishedProgressEvent;.<clinit>()V> (0x0000000084d8f8f8) 
thrown [s\src\hotspot\share\prims\jni.cpp, line 1108]
Event: 7.788 Thread 0x000001d97d7a5840 Exception <a 'java/lang/NoSuchMethodError'{0x0000000084db4ce8}: static Lorg/gradle/internal/build/event/types/DefaultProjectConfigurationSuccessResult;.<clinit>()V> (0x0000000084db4ce8) 
thrown [s\src\hotspot\share\prims\jni.cpp, line 1108]
Event: 7.788 Thread 0x000001d97d7a5840 Exception <a 'java/lang/NoSuchMethodError'{0x0000000084db6000}: static Lorg/gradle/internal/build/event/types/AbstractProjectConfigurationResult;.<clinit>()V> (0x0000000084db6000) 
thrown [s\src\hotspot\share\prims\jni.cpp, line 1108]
Event: 7.789 Thread 0x000001d97d7a5840 Exception <a 'java/lang/NoSuchMethodError'{0x0000000084dbab88}: static Lorg/gradle/internal/build/event/types/AbstractOperationResult;.<clinit>()V> (0x0000000084dbab88) 
thrown [s\src\hotspot\share\prims\jni.cpp, line 1108]
Event: 7.789 Thread 0x000001d97d7a5840 Exception <a 'java/lang/NoSuchMethodError'{0x0000000084dbba38}: static Lorg/gradle/internal/build/event/types/AbstractResult;.<clinit>()V> (0x0000000084dbba38) 
thrown [s\src\hotspot\share\prims\jni.cpp, line 1108]
Event: 7.791 Thread 0x000001d97d7a5840 Exception <a 'java/lang/NoSuchMethodError'{0x0000000084dd1870}: static Lorg/gradle/internal/build/event/types/DefaultPluginApplicationResult;.<clinit>()V> (0x0000000084dd1870) 
thrown [s\src\hotspot\share\prims\jni.cpp, line 1108]
Event: 7.792 Thread 0x000001d97d7a5840 Exception <a 'java/lang/NoSuchMethodError'{0x0000000084ddce78}: static Lorg/gradle/internal/build/event/types/DefaultBinaryPluginIdentifier;.<clinit>()V> (0x0000000084ddce78) 
thrown [s\src\hotspot\share\prims\jni.cpp, line 1108]
Event: 7.795 Thread 0x000001d97d7a5840 Exception <a 'java/lang/NoSuchMethodError'{0x0000000084df2d30}: static Lorg/gradle/internal/build/event/types/DefaultScriptPluginIdentifier;.<clinit>()V> (0x0000000084df2d30) 
thrown [s\src\hotspot\share\prims\jni.cpp, line 1108]
Event: 7.804 Thread 0x000001d97b893e20 Exception <a 'java/lang/ClassNotFoundException'{0x0000000084c5a600}: build_6ry5bwpmo6wnjt5jm0t9swrhyBeanInfo> (0x0000000084c5a600) 
thrown [s\src\hotspot\share\classfile\systemDictionary.cpp, line 256]
Event: 7.805 Thread 0x000001d97b893e20 Exception <a 'java/lang/ClassNotFoundException'{0x0000000084c60e80}: build_6ry5bwpmo6wnjt5jm0t9swrhyCustomizer> (0x0000000084c60e80) 
thrown [s\src\hotspot\share\classfile\systemDictionary.cpp, line 256]
Event: 7.951 Thread 0x000001d97b893e20 Exception <a 'java/lang/ClassNotFoundException'{0x0000000084467260}: org/gradle/api/internal/plugins/DefaultObjectConfigurationActionBeanInfo> (0x0000000084467260) 
thrown [s\src\hotspot\share\classfile\systemDictionary.cpp, line 256]
Event: 7.952 Thread 0x000001d97b893e20 Exception <a 'java/lang/ClassNotFoundException'{0x00000000844798f8}: org/gradle/api/internal/plugins/DefaultObjectConfigurationActionCustomizer> (0x00000000844798f8) 
thrown [s\src\hotspot\share\classfile\systemDictionary.cpp, line 256]
Event: 8.171 Thread 0x000001d97b893e20 Exception <a 'java/lang/NoSuchMethodError'{0x0000000083925168}: 'java.lang.Object java.lang.invoke.DirectMethodHandle$Holder.newInvokeSpecial(java.lang.Object, java.lang.Object, java.lang.Object, java.lang.Object, int)'> (0x0000000083925168) 
thrown [s\src\hotspot\share\interpreter\linkResolver.cpp, line 771]
Event: 8.171 Thread 0x000001d97b893e20 Exception <a 'java/lang/NoSuchMethodError'{0x000000008392a308}: 'java.lang.Object java.lang.invoke.DirectMethodHandle$Holder.invokeSpecial(java.lang.Object, java.lang.Object, java.lang.Object, java.lang.Object, java.lang.Object, int)'> (0x000000008392a308) 
thrown [s\src\hotspot\share\interpreter\linkResolver.cpp, line 771]
Event: 8.172 Thread 0x000001d97b893e20 Exception <a 'java/lang/NoSuchMethodError'{0x000000008392ede0}: 'java.lang.Object java.lang.invoke.Invokers$Holder.linkToTargetMethod(java.lang.Object, java.lang.Object, java.lang.Object, int, java.lang.Object)'> (0x000000008392ede0) 
thrown [s\src\hotspot\share\interpreter\linkResolver.cpp, line 771]
Event: 8.517 Thread 0x000001d97b893e20 Exception <a 'java/lang/NoSuchMethodError'{0x00000000847145c0}: 'int java.lang.invoke.DirectMethodHandle$Holder.invokeInterface(java.lang.Object, java.lang.Object, java.lang.Object, java.lang.Object)'> (0x00000000847145c0) 
thrown [s\src\hotspot\share\interpreter\linkResolver.cpp, line 771]
Event: 9.104 Thread 0x000001d97b893e20 Exception <a 'java/lang/IncompatibleClassChangeError'{0x000000008435aa10}: Found class java.lang.Object, but interface was expected> (0x000000008435aa10) 
thrown [s\src\hotspot\share\interpreter\linkResolver.cpp, line 838]

VM Operations (20 events):
Event: 7.474 Executing VM operation: ICBufferFull
Event: 7.474 Executing VM operation: ICBufferFull done
Event: 7.694 Executing VM operation: G1CollectForAllocation
Event: 7.700 Executing VM operation: G1CollectForAllocation done
Event: 7.781 Executing VM operation: HandshakeAllThreads
Event: 7.781 Executing VM operation: HandshakeAllThreads done
Event: 7.828 Executing VM operation: ICBufferFull
Event: 7.828 Executing VM operation: ICBufferFull done
Event: 8.282 Executing VM operation: G1CollectForAllocation
Event: 8.289 Executing VM operation: G1CollectForAllocation done
Event: 8.503 Executing VM operation: HandshakeAllThreads
Event: 8.503 Executing VM operation: HandshakeAllThreads done
Event: 8.514 Executing VM operation: HandshakeAllThreads
Event: 8.514 Executing VM operation: HandshakeAllThreads done
Event: 8.735 Executing VM operation: G1CollectForAllocation
Event: 8.739 Executing VM operation: G1CollectForAllocation done
Event: 8.780 Executing VM operation: G1Concurrent
Event: 8.783 Executing VM operation: G1Concurrent done
Event: 8.801 Executing VM operation: G1Concurrent
Event: 8.802 Executing VM operation: G1Concurrent done

Events (20 events):
Event: 9.116 loading class com/sun/jmx/mbeanserver/MXBeanMapping done
Event: 9.116 loading class com/sun/jmx/mbeanserver/DefaultMXBeanMappingFactory$NonNullMXBeanMapping done
Event: 9.116 loading class com/sun/jmx/mbeanserver/DefaultMXBeanMappingFactory$IdentityMapping done
Event: 9.116 loading class javax/management/openmbean/ArrayType
Event: 9.117 loading class javax/management/openmbean/ArrayType done
Event: 9.118 loading class com/sun/jmx/mbeanserver/MBeanAnalyzer$AttrMethods
Event: 9.118 loading class com/sun/jmx/mbeanserver/MBeanAnalyzer$AttrMethods done
Event: 9.119 loading class com/sun/jmx/mbeanserver/DefaultMXBeanMappingFactory$CollectionMapping
Event: 9.119 loading class com/sun/jmx/mbeanserver/DefaultMXBeanMappingFactory$CollectionMapping done
Event: 9.119 loading class javax/management/openmbean/CompositeType
Event: 9.119 loading class javax/management/openmbean/CompositeType done
Event: 9.120 loading class javax/management/openmbean/TabularType
Event: 9.120 loading class javax/management/openmbean/TabularType done
Event: 9.120 loading class com/sun/jmx/mbeanserver/DefaultMXBeanMappingFactory$TabularMapping
Event: 9.120 loading class com/sun/jmx/mbeanserver/DefaultMXBeanMappingFactory$TabularMapping done
Event: 9.120 loading class com/sun/jmx/mbeanserver/MBeanIntrospector$MBeanInfoMaker
Event: 9.120 loading class com/sun/jmx/mbeanserver/MBeanAnalyzer$MBeanVisitor
Event: 9.120 loading class com/sun/jmx/mbeanserver/MBeanAnalyzer$MBeanVisitor done
Event: 9.120 loading class com/sun/jmx/mbeanserver/MBeanIntrospector$MBeanInfoMaker done
Event: 9.121 loading class javax/management/openmbean/OpenMBeanAttributeInfoSupport


Dynamic libraries:
0x00007ff78f650000 - 0x00007ff78f65a000 	D:\Android\jbr\bin\java.exe
0x00007ffd9b420000 - 0x00007ffd9b629000 	C:\WINDOWS\SYSTEM32\ntdll.dll
0x00007ffd9a930000 - 0x00007ffd9a9ee000 	C:\WINDOWS\System32\KERNEL32.DLL
0x00007ffd98b60000 - 0x00007ffd98ee3000 	C:\WINDOWS\System32\KERNELBASE.dll
0x00007ffd98f70000 - 0x00007ffd99081000 	C:\WINDOWS\System32\ucrtbase.dll
0x00007ffd69920000 - 0x00007ffd69937000 	D:\Android\jbr\bin\jli.dll
0x00007ffd65250000 - 0x00007ffd6526b000 	D:\Android\jbr\bin\VCRUNTIME140.dll
0x00007ffd9add0000 - 0x00007ffd9af7d000 	C:\WINDOWS\System32\USER32.dll
0x00007ffd7ec40000 - 0x00007ffd7eee5000 	C:\WINDOWS\WinSxS\amd64_microsoft.windows.common-controls_6595b64144ccf1df_6.0.22000.120_none_9d947278b86cc467\COMCTL32.dll
0x00007ffd99260000 - 0x00007ffd99286000 	C:\WINDOWS\System32\win32u.dll
0x00007ffd9b000000 - 0x00007ffd9b0a3000 	C:\WINDOWS\System32\msvcrt.dll
0x00007ffd9b280000 - 0x00007ffd9b2a9000 	C:\WINDOWS\System32\GDI32.dll
0x00007ffd988d0000 - 0x00007ffd989ea000 	C:\WINDOWS\System32\gdi32full.dll
0x00007ffd99150000 - 0x00007ffd991ed000 	C:\WINDOWS\System32\msvcp_win.dll
0x00007ffd99450000 - 0x00007ffd99481000 	C:\WINDOWS\System32\IMM32.DLL
0x00007ffd8e370000 - 0x00007ffd8e37c000 	D:\Android\jbr\bin\vcruntime140_1.dll
0x00007ffd42c00000 - 0x00007ffd42c8d000 	D:\Android\jbr\bin\msvcp140.dll
0x00007ffd22640000 - 0x00007ffd232ad000 	D:\Android\jbr\bin\server\jvm.dll
0x00007ffd9b140000 - 0x00007ffd9b1ee000 	C:\WINDOWS\System32\ADVAPI32.dll
0x00007ffd9ab90000 - 0x00007ffd9ac2e000 	C:\WINDOWS\System32\sechost.dll
0x00007ffd9b2b0000 - 0x00007ffd9b3d1000 	C:\WINDOWS\System32\RPCRT4.dll
0x00007ffd92fe0000 - 0x00007ffd92fe9000 	C:\WINDOWS\SYSTEM32\WSOCK32.dll
0x00007ffd95680000 - 0x00007ffd956b3000 	C:\WINDOWS\SYSTEM32\WINMM.dll
0x00007ffd90540000 - 0x00007ffd9054a000 	C:\WINDOWS\SYSTEM32\VERSION.dll
0x00007ffd99490000 - 0x00007ffd994ff000 	C:\WINDOWS\System32\WS2_32.dll
0x00007ffd97950000 - 0x00007ffd97968000 	C:\WINDOWS\SYSTEM32\kernel.appcore.dll
0x00007ffd92940000 - 0x00007ffd9294a000 	D:\Android\jbr\bin\jimage.dll
0x00007ffd96060000 - 0x00007ffd96281000 	C:\WINDOWS\SYSTEM32\DBGHELP.DLL
0x00007ffd90f10000 - 0x00007ffd90f41000 	C:\WINDOWS\SYSTEM32\dbgcore.DLL
0x00007ffd98ef0000 - 0x00007ffd98f6f000 	C:\WINDOWS\System32\bcryptPrimitives.dll
0x00007ffd77480000 - 0x00007ffd774a5000 	D:\Android\jbr\bin\java.dll
0x00007ffd8ece0000 - 0x00007ffd8ecf8000 	D:\Android\jbr\bin\zip.dll
0x00007ffd99d70000 - 0x00007ffd9a535000 	C:\WINDOWS\System32\SHELL32.dll
0x00007ffd969b0000 - 0x00007ffd97214000 	C:\WINDOWS\SYSTEM32\windows.storage.dll
0x00007ffd9a5b0000 - 0x00007ffd9a926000 	C:\WINDOWS\System32\combase.dll
0x00007ffd96840000 - 0x00007ffd969a7000 	C:\WINDOWS\SYSTEM32\wintypes.dll
0x00007ffd9ac30000 - 0x00007ffd9ad1a000 	C:\WINDOWS\System32\SHCORE.dll
0x00007ffd993e0000 - 0x00007ffd9943d000 	C:\WINDOWS\System32\shlwapi.dll
0x00007ffd98800000 - 0x00007ffd98821000 	C:\WINDOWS\SYSTEM32\profapi.dll
0x00007ffd886a0000 - 0x00007ffd886b9000 	D:\Android\jbr\bin\net.dll
0x00007ffd91e30000 - 0x00007ffd91f42000 	C:\WINDOWS\SYSTEM32\WINHTTP.dll
0x00007ffd97df0000 - 0x00007ffd97e57000 	C:\WINDOWS\system32\mswsock.dll
0x00007ffd88650000 - 0x00007ffd88666000 	D:\Android\jbr\bin\nio.dll
0x00007ffd92830000 - 0x00007ffd92840000 	D:\Android\jbr\bin\verify.dll
0x00007ffd76dc0000 - 0x00007ffd76de7000 	C:\Users\an'zhi'lin\.gradle\native\68d5fa5c4cc2d200863cafc0d521ce42e7d3e7ee720ec0a83991735586a16f82\windows-amd64\native-platform.dll
0x00007ffd3e930000 - 0x00007ffd3ea74000 	C:\Users\an'zhi'lin\.gradle\native\e376f236ea51e6404a007f0833ffe2c6e607c4080706a723a18a27aeea778392\windows-amd64\native-platform-file-events.dll
0x00007ffd92900000 - 0x00007ffd92909000 	D:\Android\jbr\bin\management.dll
0x00007ffd928d0000 - 0x00007ffd928db000 	D:\Android\jbr\bin\management_ext.dll
0x00007ffd9b1f0000 - 0x00007ffd9b1f8000 	C:\WINDOWS\System32\PSAPI.DLL
0x00007ffd98050000 - 0x00007ffd98068000 	C:\WINDOWS\SYSTEM32\CRYPTSP.dll
0x00007ffd978b0000 - 0x00007ffd978e5000 	C:\WINDOWS\system32\rsaenh.dll
0x00007ffd97ef0000 - 0x00007ffd97f19000 	C:\WINDOWS\SYSTEM32\USERENV.dll
0x00007ffd981c0000 - 0x00007ffd981e7000 	C:\WINDOWS\SYSTEM32\bcrypt.dll
0x00007ffd98040000 - 0x00007ffd9804c000 	C:\WINDOWS\SYSTEM32\CRYPTBASE.dll
0x00007ffd97470000 - 0x00007ffd9749d000 	C:\WINDOWS\SYSTEM32\IPHLPAPI.DLL
0x00007ffd99440000 - 0x00007ffd99449000 	C:\WINDOWS\System32\NSI.dll
0x00007ffd91c00000 - 0x00007ffd91c19000 	C:\WINDOWS\SYSTEM32\dhcpcsvc6.DLL
0x00007ffd925b0000 - 0x00007ffd925ce000 	C:\WINDOWS\SYSTEM32\dhcpcsvc.DLL
0x00007ffd974e0000 - 0x00007ffd975c8000 	C:\WINDOWS\SYSTEM32\DNSAPI.dll
0x00007ffd92180000 - 0x00007ffd92188000 	C:\WINDOWS\system32\wshunix.dll

dbghelp: loaded successfully - version: 4.0.5 - missing functions: none
symbol engine: initialized successfully - sym options: 0x614 - pdb path: .;D:\Android\jbr\bin;C:\WINDOWS\SYSTEM32;C:\WINDOWS\WinSxS\amd64_microsoft.windows.common-controls_6595b64144ccf1df_6.0.22000.120_none_9d947278b86cc467;D:\Android\jbr\bin\server;C:\Users\an'zhi'lin\.gradle\native\68d5fa5c4cc2d200863cafc0d521ce42e7d3e7ee720ec0a83991735586a16f82\windows-amd64;C:\Users\an'zhi'lin\.gradle\native\e376f236ea51e6404a007f0833ffe2c6e607c4080706a723a18a27aeea778392\windows-amd64

VM Arguments:
jvm_args: --add-opens=java.base/java.util=ALL-UNNAMED --add-opens=java.base/java.lang=ALL-UNNAMED --add-opens=java.base/java.lang.invoke=ALL-UNNAMED --add-opens=java.prefs/java.util.prefs=ALL-UNNAMED --add-opens=java.base/java.nio.charset=ALL-UNNAMED --add-opens=java.base/java.net=ALL-UNNAMED --add-opens=java.base/java.util.concurrent.atomic=ALL-UNNAMED -Xmx2048m -Dfile.encoding=UTF-8 -Duser.country=CN -Duser.language=zh -Duser.variant 
java_command: org.gradle.launcher.daemon.bootstrap.GradleDaemon 8.0
java_class_path (initial): C:\Users\an'zhi'lin\.gradle\wrapper\dists\gradle-8.0-bin\ca5e32bp14vu59qr306oxotwh\gradle-8.0\lib\gradle-launcher-8.0.jar
Launcher Type: SUN_STANDARD

[Global flags]
     intx CICompilerCount                          = 4                                         {product} {ergonomic}
     uint ConcGCThreads                            = 2                                         {product} {ergonomic}
     uint G1ConcRefinementThreads                  = 8                                         {product} {ergonomic}
   size_t G1HeapRegionSize                         = 1048576                                   {product} {ergonomic}
    uintx GCDrainStackTargetSize                   = 64                                        {product} {ergonomic}
   size_t InitialHeapSize                          = 117440512                                 {product} {ergonomic}
   size_t MarkStackSize                            = 4194304                                   {product} {ergonomic}
   size_t MaxHeapSize                              = 2147483648                                {product} {command line}
   size_t MaxNewSize                               = 1287651328                                {product} {ergonomic}
   size_t MinHeapDeltaBytes                        = 1048576                                   {product} {ergonomic}
   size_t MinHeapSize                              = 8388608                                   {product} {ergonomic}
    uintx NonNMethodCodeHeapSize                   = 5839372                                {pd product} {ergonomic}
    uintx NonProfiledCodeHeapSize                  = 122909434                              {pd product} {ergonomic}
    uintx ProfiledCodeHeapSize                     = 122909434                              {pd product} {ergonomic}
    uintx ReservedCodeCacheSize                    = 251658240                              {pd product} {ergonomic}
     bool SegmentedCodeCache                       = true                                      {product} {ergonomic}
   size_t SoftMaxHeapSize                          = 2147483648                             {manageable} {ergonomic}
     bool UseCompressedClassPointers               = true                           {product lp64_product} {ergonomic}
     bool UseCompressedOops                        = true                           {product lp64_product} {ergonomic}
     bool UseG1GC                                  = true                                      {product} {ergonomic}
     bool UseLargePagesIndividualAllocation        = false                                  {pd product} {ergonomic}

Logging:
Log output configuration:
 #0: stdout all=warning uptime,level,tags
 #1: stderr all=off uptime,level,tags

Environment Variables:
JAVA_HOME=C:\Program Files\Java\jdk1.8.0_241
CLASSPATH=.;C:\Program Files\Java\jdk1.8.0_241\lib;C:\Program Files\Java\jdk1.8.0_241\lib\tools.jar
PATH=C:\WINDOWS\system32;C:\WINDOWS;C:\WINDOWS\System32\Wbem;C:\WINDOWS\System32\WindowsPowerShell\v1.0\;C:\WINDOWS\System32\OpenSSH\;C:\Program Files\Java\jdk1.8.0_241\bin;C:\Program Files\Java\jdk1.8.0_241\jre\bin;C:\Program Files\Git\cmd;D:\mingw64\bin;D:\Anaconda\bin;C:\Program Files\MySQL\MySQL Server 8.0\bin;C:\Program Files\Microsoft SQL Server\Client SDK\ODBC\170\Tools\Binn\;C:\Program Files (x86)\Microsoft SQL Server\150\Tools\Binn\;C:\Program Files\Microsoft SQL Server\150\Tools\Binn\;C:\Program Files\Microsoft SQL Server\150\DTS\Binn\;D:\Tomcat\apache-tomcat-8.5.69\bin\;D:\Tomcat\apache-tomcat-8.5.69\lib\;D:\hugo\bin;C:\Strawberry\c\bin;C:\Strawberry\perl\site\bin;C:\Strawberry\perl\bin;D:\My_Qt\Tools\mingw1120_64\bin;D:\My_Qt\Tools\mingw1120_64\lib;D:\My_Qt\6.3.1\mingw_64\bin;D:\My_Qt\6.3.1\mingw_64\lib;C:\Program Files\CMake\bin;C:\Program Files\MySQL\MySQL Server 8.0\bin;C:\Program Files\MySQL\MySQL Server 8.0\lib;C:\Users\an'zhi'lin\;C:\Program Files\MySQL\MySQL Shell 8.0\bin\;D:\Anaconda;D:\Anaconda\Library\mingw-w64\bin;D:\Anaconda\Library\usr\bin;D:\Anaconda\Library\bin;D:\Anaconda\Scripts;C:\Users\an'zhi'lin\AppData\Local\Programs\Python\Python39\Scripts\;C:\Users\an'zhi'lin\AppData\Local\Programs\Python\Python39\;C:\Users\an'zhi'lin\AppData\Local\Microsoft\WindowsApps;D:\HONOR Magic-link\\IntelliJ IDEA 2020.1\bin;;C:\Users\an'zhi'lin\AppData\Local\GitHubDesktop\bin;C:\Program Files\JetBrains\CLion 2021.2.3\bin;D:\pycharm\PyCharm Community Edition 2021.2.3\bin;C:\Program Files\Azure Data Studio\bin
USERNAME=an'zhi'lin
OS=Windows_NT
PROCESSOR_IDENTIFIER=AMD64 Family 23 Model 24 Stepping 1, AuthenticAMD
TMP=C:\Users\AN'ZHI~1\AppData\Local\Temp
TEMP=C:\Users\AN'ZHI~1\AppData\Local\Temp



---------------  S Y S T E M  ---------------

OS:
 Windows 11 , 64 bit Build 22000 (10.0.22000.1761)
OS uptime: 1 days 6:47 hours

CPU: total 8 (initial active 8) (8 cores per cpu, 2 threads per core) family 23 model 24 stepping 1 microcode 0x0, cx8, cmov, fxsr, ht, mmx, 3dnowpref, sse, sse2, sse3, ssse3, sse4a, sse4.1, sse4.2, popcnt, lzcnt, tsc, tscinvbit, avx, avx2, aes, clmul, bmi1, bmi2, adx, sha, fma, vzeroupper, clflush, clflushopt

Memory: 4k page, system-wide physical 7103M (423M free)
TotalPageFile size 18145M (AvailPageFile size 7M)
current process WorkingSet (physical memory assigned to process): 273M, peak: 274M
current process commit charge ("private bytes"): 309M, peak: 313M

vm_info: OpenJDK 64-Bit Server VM (17.0.6+0-b2043.56-9586694) for windows-amd64 JRE (17.0.6+0-b2043.56-9586694), built on Feb  9 2023 20:06:20 by "androidbuild" with MS VC++ 16.10 / 16.11 (VS2019)

END.
