#
# There is insufficient memory for the Java Runtime Environment to continue.
# Native memory allocation (mmap) failed to map 12582912 bytes for G1 virtual space
# Possible reasons:
#   The system is out of physical RAM or swap space
#   The process is running with CompressedOops enabled, and the Java Heap may be blocking the growth of the native heap
# Possible solutions:
#   Reduce memory load on the system
#   Increase physical memory or swap space
#   Check if swap backing store is full
#   Decrease Java heap size (-Xmx/-Xms)
#   Decrease number of Java threads
#   Decrease Java thread stack sizes (-Xss)
#   Set larger code cache with -XX:ReservedCodeCacheSize=
#   JVM is running with Unscaled Compressed Oops mode in which the Java heap is
#     placed in the first 4GB address space. The Java Heap base address is the
#     maximum limit for the native heap growth. Please use -XX:HeapBaseMinAddress
#     to set the Java Heap base and to place the Java Heap above 4GB virtual address.
# This output file may be truncated or incomplete.
#
#  Out of Memory Error (os_windows.cpp:3769), pid=18596, tid=11400
#
# JRE version: OpenJDK Runtime Environment (17.0.6) (build 17.0.6+0-b2043.56-9586694)
# Java VM: OpenJDK 64-Bit Server VM (17.0.6+0-b2043.56-9586694, mixed mode, tiered, compressed oops, compressed class ptrs, g1 gc, windows-amd64)
# No core dump will be written. Minidumps are not enabled by default on client versions of Windows
#

---------------  S U M M A R Y ------------

Command Line: --add-opens=java.base/java.util=ALL-UNNAMED --add-opens=java.base/java.lang=ALL-UNNAMED --add-opens=java.base/java.lang.invoke=ALL-UNNAMED --add-opens=java.prefs/java.util.prefs=ALL-UNNAMED --add-opens=java.base/java.nio.charset=ALL-UNNAMED --add-opens=java.base/java.net=ALL-UNNAMED --add-opens=java.base/java.util.concurrent.atomic=ALL-UNNAMED -Xmx2048m -Dfile.encoding=UTF-8 -Duser.country=CN -Duser.language=zh -Duser.variant org.gradle.launcher.daemon.bootstrap.GradleDaemon 8.0

Host: AMD Ryzen 5 3500U with Radeon Vega Mobile Gfx  , 8 cores, 6G,  Windows 11 , 64 bit Build 22000 (10.0.22000.1761)
Time: Tue Jun 27 23:16:48 2023  Windows 11 , 64 bit Build 22000 (10.0.22000.1761) elapsed time: 166.049966 seconds (0d 0h 2m 46s)

---------------  T H R E A D  ---------------

Current thread (0x0000017428ede560):  VMThread "VM Thread" [stack: 0x0000001519300000,0x0000001519400000] [id=11400]

Stack: [0x0000001519300000,0x0000001519400000]
Native frames: (J=compiled Java code, j=interpreted, Vv=VM code, C=native code)
V  [jvm.dll+0x683b4a]
V  [jvm.dll+0x842654]
V  [jvm.dll+0x843dfe]
V  [jvm.dll+0x844463]
V  [jvm.dll+0x249b75]
V  [jvm.dll+0x680a19]
V  [jvm.dll+0x674f0a]
V  [jvm.dll+0x309acb]
V  [jvm.dll+0x310f86]
V  [jvm.dll+0x3608ee]
V  [jvm.dll+0x360b1f]
V  [jvm.dll+0x2dfbf8]
V  [jvm.dll+0x2e2ce6]
V  [jvm.dll+0x2ed478]
V  [jvm.dll+0x322150]
V  [jvm.dll+0x84893b]
V  [jvm.dll+0x849674]
V  [jvm.dll+0x849b8d]
V  [jvm.dll+0x849f64]
V  [jvm.dll+0x84a030]
V  [jvm.dll+0x7f25fa]
V  [jvm.dll+0x682985]
C  [ucrtbase.dll+0x26c0c]
C  [KERNEL32.DLL+0x15590]
C  [ntdll.dll+0x485b]

VM_Operation (0x0000001518fff880): G1Concurrent, mode: safepoint, requested by thread 0x000001740d16fb00


---------------  P R O C E S S  ---------------

Threads class SMR info:
_java_thread_list=0x000001742afce950, length=148, elements={
0x000001740d103090, 0x0000017428ee0330, 0x0000017428ee3690, 0x0000017428f297f0,
0x0000017428f2a0b0, 0x0000017428f2b110, 0x0000017428f2bac0, 0x0000017428f2cf40,
0x0000017428f2e670, 0x000001742980c930, 0x00000174299c0b30, 0x00000174299dd4b0,
0x000001742a7491e0, 0x000001742a7ea830, 0x000001742bd177c0, 0x000001742a1b7490,
0x000001742a1b5c80, 0x000001742a1b7960, 0x000001742a1b6620, 0x000001742a1b6af0,
0x000001742a1b52e0, 0x000001742d399960, 0x000001742d39a300, 0x000001742d399e30,
0x000001742d39bfe0, 0x000001742d395600, 0x000001742d39ce50, 0x0000017429e1e8b0,
0x0000017429e1ed80, 0x0000017429e1d570, 0x000001742ff35d00, 0x00000174324cbe10,
0x000001742fe88550, 0x000001742c322da0, 0x00000174340c4480, 0x000001742fb3bc70,
0x00000174340c1e00, 0x00000174340c4950, 0x000001742fd97060, 0x000001742fd97530,
0x000001742d05d810, 0x000001742ff361d0, 0x000001742ff3aa00, 0x000001742ff39b90,
0x00000174340c1930, 0x00000174340c1460, 0x00000174340c3ae0, 0x00000174340c27a0,
0x00000174340c22d0, 0x000001742c3245b0, 0x000001742c321590, 0x000001742c3210c0,
0x000001742c323740, 0x000001742c3228d0, 0x000001742c321f30, 0x000001742c3240e0,
0x000001742c323270, 0x000001742c321a60, 0x000001742cb21e60, 0x000001742fe88a20,
0x000001742fe88ef0, 0x000001742fe893c0, 0x000001742fe88080, 0x000001742fe89890,
0x000001742b2485a0, 0x000001742b24a280, 0x000001742b247730, 0x000001742b247260,
0x000001742b247c00, 0x000001742b248a70, 0x000001742b2498e0, 0x000001742fb3a460,
0x000001742fb3c140, 0x000001742cb21990, 0x0000017429c7cef0, 0x0000017429c7ebd0,
0x0000017429c7e700, 0x0000017429c7c080, 0x0000017429c7d3c0, 0x0000017429c7f0a0,
0x00000174340c4e20, 0x00000174340c3fb0, 0x00000174340c3610, 0x00000174340c3140,
0x0000017432204a80, 0x0000017432204f50, 0x0000017432203c10, 0x0000017432205420,
0x00000174322045b0, 0x000001742d265750, 0x000001742d265c20, 0x000001742d265280,
0x000001742d266f60, 0x000001742d264db0, 0x000001742d2660f0, 0x000001742d2665c0,
0x000001742d267430, 0x000001742d266a90, 0x000001742d2682a0, 0x000001742ff37eb0,
0x000001742ff38380, 0x000001742ff38850, 0x000001742ff36b70, 0x000001742ff366a0,
0x000001742ff37040, 0x000001742ff391f0, 0x000001742ff35830, 0x000001742fb3b2d0,
0x000001742b2468c0, 0x000001742b246d90, 0x000001742b2480d0, 0x000001742b248f40,
0x000001742ff3b3a0, 0x000001742ff37510, 0x000001742d05f020, 0x000001742d05ce70,
0x000001742d05f4f0, 0x000001742d05c000, 0x000001742d05c4d0, 0x000001742d05d340,
0x000001742d05f9c0, 0x000001742d05dce0, 0x000001742fb3a930, 0x000001742fb395f0,
0x000001742fb3c610, 0x000001742fb39120, 0x000001742fb3cae0, 0x000001742c322400,
0x000001742c323c10, 0x000001742d05e1b0, 0x000001742b249410, 0x000001742fb39ac0,
0x000001742d267900, 0x000001742d267dd0, 0x000001742d268770, 0x0000017429d29440,
0x0000017429d28aa0, 0x0000017429d29910, 0x0000017429d28100, 0x000001742ff396c0,
0x0000017433d04a20, 0x0000017433d04080, 0x0000017433d04550, 0x000001743241e860,
0x000001743241c1e0, 0x000001743241b840, 0x000001743241c6b0, 0x000001743241d050
}

Java Threads: ( => current thread )
  0x000001740d103090 JavaThread "main" [_thread_blocked, id=21312, stack(0x0000001518d00000,0x0000001518e00000)]
  0x0000017428ee0330 JavaThread "Reference Handler" daemon [_thread_blocked, id=9616, stack(0x0000001519400000,0x0000001519500000)]
  0x0000017428ee3690 JavaThread "Finalizer" daemon [_thread_blocked, id=16100, stack(0x0000001519500000,0x0000001519600000)]
  0x0000017428f297f0 JavaThread "Signal Dispatcher" daemon [_thread_blocked, id=12592, stack(0x0000001519600000,0x0000001519700000)]
  0x0000017428f2a0b0 JavaThread "Attach Listener" daemon [_thread_blocked, id=20396, stack(0x0000001519700000,0x0000001519800000)]
  0x0000017428f2b110 JavaThread "Service Thread" daemon [_thread_blocked, id=6656, stack(0x0000001519800000,0x0000001519900000)]
  0x0000017428f2bac0 JavaThread "Monitor Deflation Thread" daemon [_thread_blocked, id=13132, stack(0x0000001519900000,0x0000001519a00000)]
  0x0000017428f2cf40 JavaThread "C2 CompilerThread0" daemon [_thread_in_native, id=9636, stack(0x0000001519a00000,0x0000001519b00000)]
  0x0000017428f2e670 JavaThread "C1 CompilerThread0" daemon [_thread_blocked, id=17004, stack(0x0000001519b00000,0x0000001519c00000)]
  0x000001742980c930 JavaThread "Sweeper thread" daemon [_thread_blocked, id=1692, stack(0x0000001519c00000,0x0000001519d00000)]
  0x00000174299c0b30 JavaThread "Common-Cleaner" daemon [_thread_blocked, id=19912, stack(0x0000001519d00000,0x0000001519e00000)]
  0x00000174299dd4b0 JavaThread "Notification Thread" daemon [_thread_blocked, id=2912, stack(0x0000001519e00000,0x0000001519f00000)]
  0x000001742a7491e0 JavaThread "Daemon health stats" [_thread_blocked, id=10536, stack(0x000000151a500000,0x000000151a600000)]
  0x000001742a7ea830 JavaThread "Incoming local TCP Connector on port 59238" [_thread_in_native, id=17948, stack(0x000000151a400000,0x000000151a500000)]
  0x000001742bd177c0 JavaThread "Daemon periodic checks" [_thread_blocked, id=19464, stack(0x000000151a600000,0x000000151a700000)]
  0x000001742a1b7490 JavaThread "Cache worker for journal cache (C:\Users\an'zhi'lin\.gradle\caches\journal-1)" [_thread_blocked, id=20224, stack(0x000000151b300000,0x000000151b400000)]
  0x000001742a1b5c80 JavaThread "File lock request listener" [_thread_in_native, id=6360, stack(0x000000151b400000,0x000000151b500000)]
  0x000001742a1b7960 JavaThread "Cache worker for file hash cache (C:\Users\an'zhi'lin\.gradle\caches\8.0\fileHashes)" [_thread_blocked, id=12520, stack(0x000000151b500000,0x000000151b600000)]
  0x000001742a1b6620 JavaThread "File watcher server" daemon [_thread_blocked, id=16664, stack(0x000000151b600000,0x000000151b700000)]
  0x000001742a1b6af0 JavaThread "File watcher consumer" daemon [_thread_blocked, id=20508, stack(0x000000151b700000,0x000000151b800000)]
  0x000001742a1b52e0 JavaThread "Cache worker for file content cache (C:\Users\an'zhi'lin\.gradle\caches\8.0\fileContent)" [_thread_blocked, id=2552, stack(0x000000151ba00000,0x000000151bb00000)]
  0x000001742d399960 JavaThread "Cache worker for execution history cache (C:\Users\an'zhi'lin\.gradle\caches\8.0\executionHistory)" [_thread_blocked, id=13948, stack(0x000000151bd00000,0x000000151be00000)]
  0x000001742d39a300 JavaThread "jar transforms" [_thread_blocked, id=18452, stack(0x000000151a700000,0x000000151a800000)]
  0x000001742d399e30 JavaThread "jar transforms Thread 2" [_thread_blocked, id=20468, stack(0x000000151bf00000,0x000000151c000000)]
  0x000001742d39bfe0 JavaThread "jar transforms Thread 3" [_thread_blocked, id=16644, stack(0x000000151c100000,0x000000151c200000)]
  0x000001742d395600 JavaThread "jar transforms Thread 4" [_thread_blocked, id=17740, stack(0x000000151c200000,0x000000151c300000)]
  0x000001742d39ce50 JavaThread "jar transforms Thread 5" [_thread_blocked, id=16132, stack(0x000000151c400000,0x000000151c500000)]
  0x0000017429e1e8b0 JavaThread "jar transforms Thread 6" [_thread_blocked, id=6236, stack(0x0000001521600000,0x0000001521700000)]
  0x0000017429e1ed80 JavaThread "jar transforms Thread 7" [_thread_blocked, id=15704, stack(0x0000001521700000,0x0000001521800000)]
  0x0000017429e1d570 JavaThread "jar transforms Thread 8" [_thread_blocked, id=3224, stack(0x0000001521800000,0x0000001521900000)]
  0x000001742ff35d00 JavaThread "Memory manager" [_thread_blocked, id=21076, stack(0x0000001521a00000,0x0000001521b00000)]
  0x00000174324cbe10 JavaThread "Cache worker for Java compile cache (C:\Users\an'zhi'lin\.gradle\caches\8.0\javaCompile)" [_thread_blocked, id=18004, stack(0x0000001522400000,0x0000001522500000)]
  0x000001742fe88550 JavaThread "ForkJoinPool.commonPool-worker-1" daemon [_thread_blocked, id=12284, stack(0x000000151be00000,0x000000151bf00000)]
  0x000001742c322da0 JavaThread "ForkJoinPool.commonPool-worker-3" daemon [_thread_blocked, id=19176, stack(0x0000001523700000,0x0000001523800000)]
  0x00000174340c4480 JavaThread "ForkJoinPool.commonPool-worker-4" daemon [_thread_blocked, id=4400, stack(0x0000001523800000,0x0000001523900000)]
  0x000001742fb3bc70 JavaThread "ForkJoinPool.commonPool-worker-6" daemon [_thread_blocked, id=13408, stack(0x0000001523a00000,0x0000001523b00000)]
  0x00000174340c1e00 JavaThread "ForkJoinPool.commonPool-worker-7" daemon [_thread_blocked, id=19028, stack(0x0000001523b00000,0x0000001523c00000)]
  0x00000174340c4950 JavaThread "Daemon Thread 2" [_thread_blocked, id=18372, stack(0x0000001518a00000,0x0000001518b00000)]
  0x000001742fd97060 JavaThread "Handler for socket connection from /127.0.0.1:59238 to /127.0.0.1:59453" [_thread_in_native, id=20708, stack(0x0000001518b00000,0x0000001518c00000)]
  0x000001742fd97530 JavaThread "Cancel handler" [_thread_blocked, id=3316, stack(0x0000001518c00000,0x0000001518d00000)]
  0x000001742d05d810 JavaThread "Daemon worker Thread 2" [_thread_blocked, id=13276, stack(0x000000151a800000,0x000000151a900000)]
  0x000001742ff361d0 JavaThread "Asynchronous log dispatcher for DefaultDaemonConnection: socket connection from /127.0.0.1:59238 to /127.0.0.1:59453" [_thread_blocked, id=15316, stack(0x000000151a900000,0x000000151aa00000)]
  0x000001742ff3aa00 JavaThread "Stdin handler" [_thread_blocked, id=15708, stack(0x000000151aa00000,0x000000151ab00000)]
  0x000001742ff39b90 JavaThread "Daemon client event forwarder" [_thread_blocked, id=1504, stack(0x000000151ab00000,0x000000151ac00000)]
  0x00000174340c1930 JavaThread "Cache worker for checksums cache (D:\android_project\test1\.gradle\8.0\checksums)" [_thread_blocked, id=21140, stack(0x000000151ac00000,0x000000151ad00000)]
  0x00000174340c1460 JavaThread "Cache worker for cache directory md-rule (C:\Users\an'zhi'lin\.gradle\caches\8.0\md-rule)" [_thread_blocked, id=19524, stack(0x000000151ad00000,0x000000151ae00000)]
  0x00000174340c3ae0 JavaThread "Cache worker for file hash cache (D:\android_project\test1\.gradle\8.0\fileHashes)" [_thread_blocked, id=9024, stack(0x000000151ae00000,0x000000151af00000)]
  0x00000174340c27a0 JavaThread "Cache worker for cache directory md-supplier (C:\Users\an'zhi'lin\.gradle\caches\8.0\md-supplier)" [_thread_blocked, id=17020, stack(0x000000151b800000,0x000000151b900000)]
  0x00000174340c22d0 JavaThread "Cache worker for dependencies-accessors (D:\android_project\test1\.gradle\8.0\dependencies-accessors)" [_thread_blocked, id=6648, stack(0x000000151b900000,0x000000151ba00000)]
  0x000001742c3245b0 JavaThread "Cache worker for Build Output Cleanup Cache (D:\android_project\test1\.gradle\buildOutputCleanup)" [_thread_blocked, id=14420, stack(0x000000151bb00000,0x000000151bc00000)]
  0x000001742c321590 JavaThread "Unconstrained build operations" [_thread_blocked, id=19920, stack(0x000000151bc00000,0x000000151bd00000)]
  0x000001742c3210c0 JavaThread "Unconstrained build operations Thread 2" [_thread_blocked, id=18820, stack(0x000000151c300000,0x000000151c400000)]
  0x000001742c323740 JavaThread "Unconstrained build operations Thread 3" [_thread_blocked, id=13816, stack(0x000000151c500000,0x000000151c600000)]
  0x000001742c3228d0 JavaThread "Unconstrained build operations Thread 4" [_thread_blocked, id=8424, stack(0x000000151c600000,0x000000151c700000)]
  0x000001742c321f30 JavaThread "Unconstrained build operations Thread 5" [_thread_blocked, id=20724, stack(0x000000151c700000,0x000000151c800000)]
  0x000001742c3240e0 JavaThread "Unconstrained build operations Thread 6" [_thread_blocked, id=2176, stack(0x000000151c800000,0x000000151c900000)]
  0x000001742c323270 JavaThread "Unconstrained build operations Thread 7" [_thread_blocked, id=7632, stack(0x000000151c900000,0x000000151ca00000)]
  0x000001742c321a60 JavaThread "Unconstrained build operations Thread 8" [_thread_blocked, id=1156, stack(0x000000151ca00000,0x000000151cb00000)]
  0x000001742cb21e60 JavaThread "Unconstrained build operations Thread 9" [_thread_blocked, id=4544, stack(0x000000151cb00000,0x000000151cc00000)]
  0x000001742fe88a20 JavaThread "Unconstrained build operations Thread 10" [_thread_blocked, id=17484, stack(0x000000151cc00000,0x000000151cd00000)]
  0x000001742fe88ef0 JavaThread "Unconstrained build operations Thread 11" [_thread_blocked, id=15244, stack(0x000000151cd00000,0x000000151ce00000)]
  0x000001742fe893c0 JavaThread "Unconstrained build operations Thread 12" [_thread_blocked, id=2104, stack(0x000000151ce00000,0x000000151cf00000)]
  0x000001742fe88080 JavaThread "Unconstrained build operations Thread 13" [_thread_blocked, id=6060, stack(0x000000151cf00000,0x000000151d000000)]
  0x000001742fe89890 JavaThread "Unconstrained build operations Thread 14" [_thread_blocked, id=5716, stack(0x000000151d000000,0x000000151d100000)]
  0x000001742b2485a0 JavaThread "Unconstrained build operations Thread 15" [_thread_blocked, id=20520, stack(0x000000151d100000,0x000000151d200000)]
  0x000001742b24a280 JavaThread "Unconstrained build operations Thread 16" [_thread_blocked, id=16880, stack(0x000000151d200000,0x000000151d300000)]
  0x000001742b247730 JavaThread "Unconstrained build operations Thread 17" [_thread_blocked, id=9656, stack(0x000000151d300000,0x000000151d400000)]
  0x000001742b247260 JavaThread "Unconstrained build operations Thread 18" [_thread_blocked, id=19368, stack(0x000000151d400000,0x000000151d500000)]
  0x000001742b247c00 JavaThread "Unconstrained build operations Thread 19" [_thread_blocked, id=20564, stack(0x000000151d500000,0x000000151d600000)]
  0x000001742b248a70 JavaThread "Unconstrained build operations Thread 20" [_thread_blocked, id=4088, stack(0x000000151d600000,0x000000151d700000)]
  0x000001742b2498e0 JavaThread "Unconstrained build operations Thread 21" [_thread_blocked, id=15408, stack(0x000000151d700000,0x000000151d800000)]
  0x000001742fb3a460 JavaThread "Unconstrained build operations Thread 22" [_thread_blocked, id=16748, stack(0x000000151d800000,0x000000151d900000)]
  0x000001742fb3c140 JavaThread "Unconstrained build operations Thread 23" [_thread_blocked, id=10064, stack(0x000000151d900000,0x000000151da00000)]
  0x000001742cb21990 JavaThread "Unconstrained build operations Thread 24" [_thread_blocked, id=20992, stack(0x000000151da00000,0x000000151db00000)]
  0x0000017429c7cef0 JavaThread "Unconstrained build operations Thread 25" [_thread_blocked, id=19880, stack(0x000000151db00000,0x000000151dc00000)]
  0x0000017429c7ebd0 JavaThread "Unconstrained build operations Thread 26" [_thread_blocked, id=2108, stack(0x000000151dc00000,0x000000151dd00000)]
  0x0000017429c7e700 JavaThread "Unconstrained build operations Thread 27" [_thread_blocked, id=20676, stack(0x000000151dd00000,0x000000151de00000)]
  0x0000017429c7c080 JavaThread "Unconstrained build operations Thread 28" [_thread_blocked, id=3232, stack(0x000000151de00000,0x000000151df00000)]
  0x0000017429c7d3c0 JavaThread "Unconstrained build operations Thread 29" [_thread_blocked, id=2172, stack(0x000000151df00000,0x000000151e000000)]
  0x0000017429c7f0a0 JavaThread "Unconstrained build operations Thread 30" [_thread_blocked, id=1404, stack(0x000000151e000000,0x000000151e100000)]
  0x00000174340c4e20 JavaThread "Unconstrained build operations Thread 31" [_thread_blocked, id=4708, stack(0x000000151e100000,0x000000151e200000)]
  0x00000174340c3fb0 JavaThread "Unconstrained build operations Thread 32" [_thread_blocked, id=17028, stack(0x000000151e200000,0x000000151e300000)]
  0x00000174340c3610 JavaThread "Unconstrained build operations Thread 33" [_thread_blocked, id=17140, stack(0x000000151e300000,0x000000151e400000)]
  0x00000174340c3140 JavaThread "Unconstrained build operations Thread 34" [_thread_blocked, id=4140, stack(0x000000151e400000,0x000000151e500000)]
  0x0000017432204a80 JavaThread "Unconstrained build operations Thread 35" [_thread_blocked, id=21116, stack(0x000000151e500000,0x000000151e600000)]
  0x0000017432204f50 JavaThread "Unconstrained build operations Thread 36" [_thread_blocked, id=19172, stack(0x000000151e600000,0x000000151e700000)]
  0x0000017432203c10 JavaThread "Unconstrained build operations Thread 37" [_thread_blocked, id=16440, stack(0x000000151e700000,0x000000151e800000)]
  0x0000017432205420 JavaThread "Unconstrained build operations Thread 38" [_thread_blocked, id=4904, stack(0x000000151e800000,0x000000151e900000)]
  0x00000174322045b0 JavaThread "Unconstrained build operations Thread 39" [_thread_blocked, id=9932, stack(0x000000151e900000,0x000000151ea00000)]
  0x000001742d265750 JavaThread "Unconstrained build operations Thread 40" [_thread_blocked, id=16812, stack(0x000000151ea00000,0x000000151eb00000)]
  0x000001742d265c20 JavaThread "Unconstrained build operations Thread 41" [_thread_blocked, id=16160, stack(0x000000151eb00000,0x000000151ec00000)]
  0x000001742d265280 JavaThread "Unconstrained build operations Thread 42" [_thread_blocked, id=16760, stack(0x000000151ec00000,0x000000151ed00000)]
  0x000001742d266f60 JavaThread "Unconstrained build operations Thread 43" [_thread_blocked, id=18620, stack(0x000000151ed00000,0x000000151ee00000)]
  0x000001742d264db0 JavaThread "Unconstrained build operations Thread 44" [_thread_blocked, id=9104, stack(0x000000151ee00000,0x000000151ef00000)]
  0x000001742d2660f0 JavaThread "Unconstrained build operations Thread 45" [_thread_blocked, id=6276, stack(0x000000151ef00000,0x000000151f000000)]
  0x000001742d2665c0 JavaThread "Unconstrained build operations Thread 46" [_thread_blocked, id=19280, stack(0x000000151f000000,0x000000151f100000)]
  0x000001742d267430 JavaThread "Unconstrained build operations Thread 47" [_thread_blocked, id=14104, stack(0x000000151f100000,0x000000151f200000)]
  0x000001742d266a90 JavaThread "Unconstrained build operations Thread 48" [_thread_blocked, id=16124, stack(0x000000151f200000,0x000000151f300000)]
  0x000001742d2682a0 JavaThread "Unconstrained build operations Thread 49" [_thread_blocked, id=17220, stack(0x000000151f300000,0x000000151f400000)]
  0x000001742ff37eb0 JavaThread "Unconstrained build operations Thread 50" [_thread_blocked, id=12796, stack(0x000000151f400000,0x000000151f500000)]
  0x000001742ff38380 JavaThread "Unconstrained build operations Thread 51" [_thread_blocked, id=15572, stack(0x000000151f500000,0x000000151f600000)]
  0x000001742ff38850 JavaThread "Unconstrained build operations Thread 52" [_thread_blocked, id=3696, stack(0x000000151f600000,0x000000151f700000)]
  0x000001742ff36b70 JavaThread "Unconstrained build operations Thread 53" [_thread_blocked, id=5052, stack(0x000000151f700000,0x000000151f800000)]
  0x000001742ff366a0 JavaThread "Unconstrained build operations Thread 54" [_thread_blocked, id=17376, stack(0x000000151f800000,0x000000151f900000)]
  0x000001742ff37040 JavaThread "Unconstrained build operations Thread 55" [_thread_blocked, id=19356, stack(0x000000151f900000,0x000000151fa00000)]
  0x000001742ff391f0 JavaThread "Unconstrained build operations Thread 56" [_thread_blocked, id=21008, stack(0x000000151fa00000,0x000000151fb00000)]
  0x000001742ff35830 JavaThread "Unconstrained build operations Thread 57" [_thread_blocked, id=18012, stack(0x000000151fb00000,0x000000151fc00000)]
  0x000001742fb3b2d0 JavaThread "Unconstrained build operations Thread 58" [_thread_blocked, id=19044, stack(0x000000151fc00000,0x000000151fd00000)]
  0x000001742b2468c0 JavaThread "Unconstrained build operations Thread 59" [_thread_blocked, id=13656, stack(0x000000151fd00000,0x000000151fe00000)]
  0x000001742b246d90 JavaThread "Unconstrained build operations Thread 60" [_thread_blocked, id=18324, stack(0x000000151fe00000,0x000000151ff00000)]
  0x000001742b2480d0 JavaThread "Unconstrained build operations Thread 61" [_thread_blocked, id=15528, stack(0x000000151ff00000,0x0000001520000000)]
  0x000001742b248f40 JavaThread "Unconstrained build operations Thread 62" [_thread_blocked, id=17660, stack(0x0000001520000000,0x0000001520100000)]
  0x000001742ff3b3a0 JavaThread "Unconstrained build operations Thread 63" [_thread_blocked, id=21052, stack(0x0000001520100000,0x0000001520200000)]
  0x000001742ff37510 JavaThread "Unconstrained build operations Thread 64" [_thread_blocked, id=16156, stack(0x0000001520200000,0x0000001520300000)]
  0x000001742d05f020 JavaThread "Unconstrained build operations Thread 65" [_thread_blocked, id=2740, stack(0x0000001520300000,0x0000001520400000)]
  0x000001742d05ce70 JavaThread "Unconstrained build operations Thread 66" [_thread_blocked, id=9488, stack(0x0000001520400000,0x0000001520500000)]
  0x000001742d05f4f0 JavaThread "Unconstrained build operations Thread 67" [_thread_blocked, id=21388, stack(0x0000001520500000,0x0000001520600000)]
  0x000001742d05c000 JavaThread "Unconstrained build operations Thread 68" [_thread_blocked, id=10656, stack(0x0000001520600000,0x0000001520700000)]
  0x000001742d05c4d0 JavaThread "Unconstrained build operations Thread 69" [_thread_blocked, id=9556, stack(0x0000001520700000,0x0000001520800000)]
  0x000001742d05d340 JavaThread "Unconstrained build operations Thread 70" [_thread_blocked, id=14084, stack(0x0000001520800000,0x0000001520900000)]
  0x000001742d05f9c0 JavaThread "Unconstrained build operations Thread 71" [_thread_blocked, id=11460, stack(0x0000001520900000,0x0000001520a00000)]
  0x000001742d05dce0 JavaThread "Unconstrained build operations Thread 72" [_thread_blocked, id=17628, stack(0x0000001520a00000,0x0000001520b00000)]
  0x000001742fb3a930 JavaThread "Unconstrained build operations Thread 73" [_thread_blocked, id=19148, stack(0x0000001520b00000,0x0000001520c00000)]
  0x000001742fb395f0 JavaThread "Unconstrained build operations Thread 74" [_thread_blocked, id=20320, stack(0x0000001520c00000,0x0000001520d00000)]
  0x000001742fb3c610 JavaThread "Unconstrained build operations Thread 75" [_thread_blocked, id=13496, stack(0x0000001520d00000,0x0000001520e00000)]
  0x000001742fb39120 JavaThread "Unconstrained build operations Thread 76" [_thread_blocked, id=16688, stack(0x0000001520e00000,0x0000001520f00000)]
  0x000001742fb3cae0 JavaThread "Unconstrained build operations Thread 77" [_thread_blocked, id=16332, stack(0x0000001520f00000,0x0000001521000000)]
  0x000001742c322400 JavaThread "Unconstrained build operations Thread 78" [_thread_blocked, id=8132, stack(0x0000001521000000,0x0000001521100000)]
  0x000001742c323c10 JavaThread "Unconstrained build operations Thread 79" [_thread_blocked, id=19468, stack(0x0000001521100000,0x0000001521200000)]
  0x000001742d05e1b0 JavaThread "Unconstrained build operations Thread 80" [_thread_blocked, id=6800, stack(0x0000001521200000,0x0000001521300000)]
  0x000001742b249410 JavaThread "build event listener" [_thread_blocked, id=8668, stack(0x0000001521300000,0x0000001521400000)]
  0x000001742fb39ac0 JavaThread "included builds" [_thread_blocked, id=20872, stack(0x0000001521400000,0x0000001521500000)]
  0x000001742d267900 JavaThread "Execution worker" [_thread_blocked, id=3368, stack(0x0000001521500000,0x0000001521600000)]
  0x000001742d267dd0 JavaThread "Execution worker Thread 2" [_thread_blocked, id=18780, stack(0x0000001521900000,0x0000001521a00000)]
  0x000001742d268770 JavaThread "Execution worker Thread 3" [_thread_blocked, id=20488, stack(0x0000001521b00000,0x0000001521c00000)]
  0x0000017429d29440 JavaThread "Execution worker Thread 4" [_thread_blocked, id=20068, stack(0x0000001521c00000,0x0000001521d00000)]
  0x0000017429d28aa0 JavaThread "Execution worker Thread 5" [_thread_blocked, id=21224, stack(0x0000001521d00000,0x0000001521e00000)]
  0x0000017429d29910 JavaThread "Execution worker Thread 6" [_thread_blocked, id=13512, stack(0x0000001521e00000,0x0000001521f00000)]
  0x0000017429d28100 JavaThread "Execution worker Thread 7" [_thread_blocked, id=15688, stack(0x0000001521f00000,0x0000001522000000)]
  0x000001742ff396c0 JavaThread "Cache worker for execution history cache (D:\android_project\test1\.gradle\8.0\executionHistory)" [_thread_blocked, id=18092, stack(0x0000001522000000,0x0000001522100000)]
  0x0000017433d04a20 JavaThread "Build operations" [_thread_blocked, id=5656, stack(0x0000001522100000,0x0000001522200000)]
  0x0000017433d04080 JavaThread "Build operations Thread 2" [_thread_blocked, id=17976, stack(0x0000001522200000,0x0000001522300000)]
  0x0000017433d04550 JavaThread "Build operations Thread 3" [_thread_blocked, id=7804, stack(0x0000001522300000,0x0000001522400000)]
  0x000001743241e860 JavaThread "Build operations Thread 4" [_thread_blocked, id=1012, stack(0x0000001522500000,0x0000001522600000)]
  0x000001743241c1e0 JavaThread "Build operations Thread 5" [_thread_blocked, id=3612, stack(0x0000001522600000,0x0000001522700000)]
  0x000001743241b840 JavaThread "Build operations Thread 6" [_thread_blocked, id=20116, stack(0x0000001522700000,0x0000001522800000)]
  0x000001743241c6b0 JavaThread "Build operations Thread 7" [_thread_blocked, id=9224, stack(0x0000001522800000,0x0000001522900000)]
  0x000001743241d050 JavaThread "Build operations Thread 8" [_thread_blocked, id=4068, stack(0x0000001522900000,0x0000001522a00000)]

Other Threads:
=>0x0000017428ede560 VMThread "VM Thread" [stack: 0x0000001519300000,0x0000001519400000] [id=11400]
  0x0000017429901f40 WatcherThread [stack: 0x0000001519f00000,0x000000151a000000] [id=19432]
  0x000001740d15ebc0 GCTaskThread "GC Thread#0" [stack: 0x0000001518e00000,0x0000001518f00000] [id=21352]
  0x000001742a05c8e0 GCTaskThread "GC Thread#1" [stack: 0x000000151a100000,0x000000151a200000] [id=20052]
  0x000001742a61db90 GCTaskThread "GC Thread#2" [stack: 0x000000151a200000,0x000000151a300000] [id=12560]
  0x000001742a0f2e70 GCTaskThread "GC Thread#3" [stack: 0x000000151a300000,0x000000151a400000] [id=18112]
  0x000001742a047710 GCTaskThread "GC Thread#4" [stack: 0x000000151a000000,0x000000151a100000] [id=13560]
  0x000001742cd11160 GCTaskThread "GC Thread#5" [stack: 0x000000151af00000,0x000000151b000000] [id=7908]
  0x000001742b00b880 GCTaskThread "GC Thread#6" [stack: 0x000000151b000000,0x000000151b100000] [id=4356]
  0x000001742aeb66f0 GCTaskThread "GC Thread#7" [stack: 0x000000151b100000,0x000000151b200000] [id=2984]
  0x000001740d16fb00 ConcurrentGCThread "G1 Main Marker" [stack: 0x0000001518f00000,0x0000001519000000] [id=12436]
  0x000001740d170510 ConcurrentGCThread "G1 Conc#0" [stack: 0x0000001519000000,0x0000001519100000] [id=19500]
  0x000001742bc5f250 ConcurrentGCThread "G1 Conc#1" [stack: 0x000000151b200000,0x000000151b300000] [id=17436]
  0x000001740d1c4910 ConcurrentGCThread "G1 Refine#0" [stack: 0x0000001519100000,0x0000001519200000] [id=13052]
  0x000001742f469d20 ConcurrentGCThread "G1 Refine#1" [stack: 0x000000151c000000,0x000000151c100000] [id=18496]
  0x0000017428d524b0 ConcurrentGCThread "G1 Service" [stack: 0x0000001519200000,0x0000001519300000] [id=20664]

Threads with active compile tasks:
C2 CompilerThread0   166095 15212   !   4       com.google.common.reflect.TypeVisitor::visit (244 bytes)

VM state: at safepoint (normal execution)

VM Mutex/Monitor currently owned by a thread:  ([mutex/lock_event])
[0x000001740d0fcec0] Threads_lock - owner thread: 0x0000017428ede560
[0x000001740d0fd070] Heap_lock - owner thread: 0x000001740d16fb00

Heap address: 0x0000000080000000, size: 2048 MB, Compressed Oops mode: 32-bit

CDS archive(s) not mapped
Compressed class space mapped at: 0x0000000100000000-0x0000000140000000, reserved size: 1073741824
Narrow klass base: 0x0000000000000000, Narrow klass shift: 3, Narrow klass range: 0x140000000

GC Precious Log:
 CPUs: 8 total, 8 available
 Memory: 7103M
 Large Page Support: Disabled
 NUMA Support: Disabled
 Compressed Oops: Enabled (32-bit)
 Heap Region Size: 1M
 Heap Min Capacity: 8M
 Heap Initial Capacity: 112M
 Heap Max Capacity: 2G
 Pre-touch: Disabled
 Parallel Workers: 8
 Concurrent Workers: 2
 Concurrent Refinement Workers: 8
 Periodic GC: Disabled

Heap:
 garbage-first heap   total 179200K, used 112169K [0x0000000080000000, 0x0000000100000000)
  region size 1024K, 15 young (15360K), 6 survivors (6144K)
 Metaspace       used 118220K, committed 119040K, reserved 1155072K
  class space    used 16222K, committed 16640K, reserved 1048576K

Heap Regions: E=young(eden), S=young(survivor), O=old, HS=humongous(starts), HC=humongous(continues), CS=collection set, F=free, OA=open archive, CA=closed archive, TAMS=top-at-mark-start (previous, next)
|   0|0x0000000080000000, 0x0000000080100000, 0x0000000080100000|100%|HS|  |TAMS 0x0000000080100000, 0x0000000080000000| Complete 
|   1|0x0000000080100000, 0x0000000080200000, 0x0000000080200000|100%|HC|  |TAMS 0x0000000080200000, 0x0000000080100000| Complete 
|   2|0x0000000080200000, 0x0000000080300000, 0x0000000080300000|100%|HC|  |TAMS 0x0000000080300000, 0x0000000080200000| Complete 
|   3|0x0000000080300000, 0x0000000080400000, 0x0000000080400000|100%|HC|  |TAMS 0x0000000080400000, 0x0000000080300000| Complete 
|   4|0x0000000080400000, 0x0000000080500000, 0x0000000080500000|100%| O|  |TAMS 0x0000000080500000, 0x0000000080400000| Untracked 
|   5|0x0000000080500000, 0x0000000080600000, 0x0000000080600000|100%| O|  |TAMS 0x0000000080600000, 0x0000000080500000| Untracked 
|   6|0x0000000080600000, 0x0000000080700000, 0x0000000080700000|100%| O|  |TAMS 0x0000000080700000, 0x0000000080600000| Untracked 
|   7|0x0000000080700000, 0x0000000080800000, 0x0000000080800000|100%| O|  |TAMS 0x0000000080800000, 0x0000000080700000| Untracked 
|   8|0x0000000080800000, 0x0000000080900000, 0x0000000080900000|100%| O|  |TAMS 0x0000000080900000, 0x0000000080800000| Untracked 
|   9|0x0000000080900000, 0x0000000080a00000, 0x0000000080a00000|100%| O|  |TAMS 0x0000000080a00000, 0x0000000080900000| Untracked 
|  10|0x0000000080a00000, 0x0000000080b00000, 0x0000000080b00000|100%| O|  |TAMS 0x0000000080b00000, 0x0000000080a00000| Untracked 
|  11|0x0000000080b00000, 0x0000000080c00000, 0x0000000080c00000|100%| O|  |TAMS 0x0000000080c00000, 0x0000000080b00000| Untracked 
|  12|0x0000000080c00000, 0x0000000080d00000, 0x0000000080d00000|100%| O|  |TAMS 0x0000000080d00000, 0x0000000080c00000| Untracked 
|  13|0x0000000080d00000, 0x0000000080e00000, 0x0000000080e00000|100%|HS|  |TAMS 0x0000000080e00000, 0x0000000080d00000| Complete 
|  14|0x0000000080e00000, 0x0000000080f00000, 0x0000000080f00000|100%| O|  |TAMS 0x0000000080f00000, 0x0000000080e00000| Untracked 
|  15|0x0000000080f00000, 0x0000000081000000, 0x0000000081000000|100%| O|  |TAMS 0x0000000081000000, 0x0000000080f00000| Untracked 
|  16|0x0000000081000000, 0x0000000081100000, 0x0000000081100000|100%| O|  |TAMS 0x0000000081100000, 0x0000000081000000| Untracked 
|  17|0x0000000081100000, 0x0000000081200000, 0x0000000081200000|100%| O|  |TAMS 0x0000000081200000, 0x0000000081100000| Untracked 
|  18|0x0000000081200000, 0x0000000081300000, 0x0000000081300000|100%| O|  |TAMS 0x0000000081300000, 0x0000000081200000| Untracked 
|  19|0x0000000081300000, 0x0000000081400000, 0x0000000081400000|100%| O|  |TAMS 0x0000000081400000, 0x0000000081300000| Updating 
|  20|0x0000000081400000, 0x0000000081500000, 0x0000000081500000|100%| O|  |TAMS 0x0000000081500000, 0x0000000081400000| Updating 
|  21|0x0000000081500000, 0x0000000081600000, 0x0000000081600000|100%| O|  |TAMS 0x0000000081600000, 0x0000000081500000| Updating 
|  22|0x0000000081600000, 0x0000000081700000, 0x0000000081700000|100%| O|  |TAMS 0x0000000081700000, 0x0000000081600000| Updating 
|  23|0x0000000081700000, 0x0000000081800000, 0x0000000081800000|100%| O|  |TAMS 0x0000000081800000, 0x0000000081700000| Updating 
|  24|0x0000000081800000, 0x0000000081900000, 0x0000000081900000|100%| O|  |TAMS 0x0000000081900000, 0x0000000081800000| Untracked 
|  25|0x0000000081900000, 0x0000000081a00000, 0x0000000081a00000|100%| O|  |TAMS 0x0000000081a00000, 0x0000000081900000| Untracked 
|  26|0x0000000081a00000, 0x0000000081b00000, 0x0000000081b00000|100%| O|  |TAMS 0x0000000081b00000, 0x0000000081a00000| Untracked 
|  27|0x0000000081b00000, 0x0000000081c00000, 0x0000000081c00000|100%| O|  |TAMS 0x0000000081c00000, 0x0000000081b00000| Updating 
|  28|0x0000000081c00000, 0x0000000081d00000, 0x0000000081d00000|100%| O|  |TAMS 0x0000000081d00000, 0x0000000081c00000| Updating 
|  29|0x0000000081d00000, 0x0000000081e00000, 0x0000000081e00000|100%| O|  |TAMS 0x0000000081e00000, 0x0000000081d00000| Untracked 
|  30|0x0000000081e00000, 0x0000000081f00000, 0x0000000081f00000|100%| O|  |TAMS 0x0000000081f00000, 0x0000000081e00000| Untracked 
|  31|0x0000000081f00000, 0x0000000082000000, 0x0000000082000000|100%| O|  |TAMS 0x0000000082000000, 0x0000000081f00000| Untracked 
|  32|0x0000000082000000, 0x0000000082100000, 0x0000000082100000|100%| O|  |TAMS 0x0000000082100000, 0x0000000082000000| Updating 
|  33|0x0000000082100000, 0x0000000082200000, 0x0000000082200000|100%|HS|  |TAMS 0x0000000082200000, 0x0000000082100000| Complete 
|  34|0x0000000082200000, 0x0000000082300000, 0x0000000082300000|100%| O|  |TAMS 0x0000000082300000, 0x0000000082200000| Untracked 
|  35|0x0000000082300000, 0x0000000082400000, 0x0000000082400000|100%| O|  |TAMS 0x0000000082400000, 0x0000000082300000| Updating 
|  36|0x0000000082400000, 0x0000000082500000, 0x0000000082500000|100%| O|  |TAMS 0x0000000082500000, 0x0000000082400000| Untracked 
|  37|0x0000000082500000, 0x0000000082600000, 0x0000000082600000|100%| O|  |TAMS 0x0000000082600000, 0x0000000082500000| Untracked 
|  38|0x0000000082600000, 0x0000000082700000, 0x0000000082700000|100%| O|  |TAMS 0x0000000082700000, 0x0000000082600000| Updating 
|  39|0x0000000082700000, 0x0000000082800000, 0x0000000082800000|100%| O|  |TAMS 0x0000000082800000, 0x0000000082700000| Updating 
|  40|0x0000000082800000, 0x0000000082900000, 0x0000000082900000|100%| O|  |TAMS 0x0000000082900000, 0x0000000082800000| Untracked 
|  41|0x0000000082900000, 0x0000000082a00000, 0x0000000082a00000|100%| O|  |TAMS 0x0000000082a00000, 0x0000000082900000| Updating 
|  42|0x0000000082a00000, 0x0000000082b00000, 0x0000000082b00000|100%| O|  |TAMS 0x0000000082b00000, 0x0000000082a00000| Untracked 
|  43|0x0000000082b00000, 0x0000000082c00000, 0x0000000082c00000|100%| O|  |TAMS 0x0000000082c00000, 0x0000000082b00000| Updating 
|  44|0x0000000082c00000, 0x0000000082d00000, 0x0000000082d00000|100%| O|  |TAMS 0x0000000082d00000, 0x0000000082c00000| Updating 
|  45|0x0000000082d00000, 0x0000000082e00000, 0x0000000082e00000|100%| O|  |TAMS 0x0000000082e00000, 0x0000000082d00000| Untracked 
|  46|0x0000000082e00000, 0x0000000082f00000, 0x0000000082f00000|100%| O|  |TAMS 0x0000000082f00000, 0x0000000082e00000| Untracked 
|  47|0x0000000082f00000, 0x0000000083000000, 0x0000000083000000|100%| O|  |TAMS 0x0000000083000000, 0x0000000082f00000| Untracked 
|  48|0x0000000083000000, 0x0000000083100000, 0x0000000083100000|100%| O|  |TAMS 0x0000000083100000, 0x0000000083000000| Untracked 
|  49|0x0000000083100000, 0x0000000083200000, 0x0000000083200000|100%| O|  |TAMS 0x0000000083200000, 0x0000000083100000| Untracked 
|  50|0x0000000083200000, 0x0000000083300000, 0x0000000083300000|100%| O|  |TAMS 0x0000000083300000, 0x0000000083200000| Untracked 
|  51|0x0000000083300000, 0x0000000083400000, 0x0000000083400000|100%| O|  |TAMS 0x0000000083400000, 0x0000000083300000| Untracked 
|  52|0x0000000083400000, 0x0000000083500000, 0x0000000083500000|100%| O|  |TAMS 0x0000000083500000, 0x0000000083400000| Updating 
|  53|0x0000000083500000, 0x0000000083600000, 0x0000000083600000|100%| O|  |TAMS 0x0000000083600000, 0x0000000083500000| Updating 
|  54|0x0000000083600000, 0x0000000083700000, 0x0000000083700000|100%| O|  |TAMS 0x0000000083700000, 0x0000000083600000| Untracked 
|  55|0x0000000083700000, 0x0000000083800000, 0x0000000083800000|100%| O|  |TAMS 0x0000000083800000, 0x0000000083700000| Untracked 
|  56|0x0000000083800000, 0x0000000083900000, 0x0000000083900000|100%| O|  |TAMS 0x0000000083900000, 0x0000000083800000| Updating 
|  57|0x0000000083900000, 0x0000000083a00000, 0x0000000083a00000|100%| O|  |TAMS 0x0000000083a00000, 0x0000000083900000| Updating 
|  58|0x0000000083a00000, 0x0000000083b00000, 0x0000000083b00000|100%| O|  |TAMS 0x0000000083b00000, 0x0000000083a00000| Updating 
|  59|0x0000000083b00000, 0x0000000083c00000, 0x0000000083c00000|100%| O|  |TAMS 0x0000000083c00000, 0x0000000083b00000| Updating 
|  60|0x0000000083c00000, 0x0000000083d00000, 0x0000000083d00000|100%| O|  |TAMS 0x0000000083d00000, 0x0000000083c00000| Updating 
|  61|0x0000000083d00000, 0x0000000083e00000, 0x0000000083e00000|100%| O|  |TAMS 0x0000000083e00000, 0x0000000083d00000| Updating 
|  62|0x0000000083e00000, 0x0000000083f00000, 0x0000000083f00000|100%| O|  |TAMS 0x0000000083f00000, 0x0000000083e00000| Untracked 
|  63|0x0000000083f00000, 0x0000000084000000, 0x0000000084000000|100%| O|  |TAMS 0x0000000084000000, 0x0000000083f00000| Updating 
|  64|0x0000000084000000, 0x0000000084100000, 0x0000000084100000|100%| O|  |TAMS 0x0000000084100000, 0x0000000084000000| Untracked 
|  65|0x0000000084100000, 0x0000000084200000, 0x0000000084200000|100%| O|  |TAMS 0x0000000084200000, 0x0000000084100000| Updating 
|  66|0x0000000084200000, 0x0000000084300000, 0x0000000084300000|100%| O|  |TAMS 0x0000000084300000, 0x0000000084200000| Untracked 
|  67|0x0000000084300000, 0x0000000084400000, 0x0000000084400000|100%| O|  |TAMS 0x0000000084400000, 0x0000000084300000| Untracked 
|  68|0x0000000084400000, 0x0000000084500000, 0x0000000084500000|100%| O|  |TAMS 0x0000000084500000, 0x0000000084400000| Untracked 
|  69|0x0000000084500000, 0x0000000084600000, 0x0000000084600000|100%| O|  |TAMS 0x0000000084600000, 0x0000000084500000| Untracked 
|  70|0x0000000084600000, 0x0000000084700000, 0x0000000084700000|100%| O|  |TAMS 0x0000000084700000, 0x0000000084600000| Updating 
|  71|0x0000000084700000, 0x0000000084800000, 0x0000000084800000|100%| O|  |TAMS 0x0000000084800000, 0x0000000084700000| Updating 
|  72|0x0000000084800000, 0x0000000084900000, 0x0000000084900000|100%| O|  |TAMS 0x0000000084900000, 0x0000000084800000| Updating 
|  73|0x0000000084900000, 0x0000000084a00000, 0x0000000084a00000|100%| O|  |TAMS 0x0000000084a00000, 0x0000000084900000| Updating 
|  74|0x0000000084a00000, 0x0000000084b00000, 0x0000000084b00000|100%| O|  |TAMS 0x0000000084b00000, 0x0000000084a00000| Updating 
|  75|0x0000000084b00000, 0x0000000084c00000, 0x0000000084c00000|100%| O|  |TAMS 0x0000000084c00000, 0x0000000084b00000| Updating 
|  76|0x0000000084c00000, 0x0000000084d00000, 0x0000000084d00000|100%| O|  |TAMS 0x0000000084d00000, 0x0000000084c00000| Updating 
|  77|0x0000000084d00000, 0x0000000084e00000, 0x0000000084e00000|100%| O|  |TAMS 0x0000000084e00000, 0x0000000084d00000| Updating 
|  78|0x0000000084e00000, 0x0000000084f00000, 0x0000000084f00000|100%| O|  |TAMS 0x0000000084f00000, 0x0000000084e00000| Updating 
|  79|0x0000000084f00000, 0x0000000085000000, 0x0000000085000000|100%| O|  |TAMS 0x0000000085000000, 0x0000000084f00000| Untracked 
|  80|0x0000000085000000, 0x0000000085100000, 0x0000000085100000|100%| O|  |TAMS 0x0000000085100000, 0x0000000085000000| Updating 
|  81|0x0000000085100000, 0x0000000085200000, 0x0000000085200000|100%| O|  |TAMS 0x0000000085200000, 0x0000000085100000| Updating 
|  82|0x0000000085200000, 0x0000000085300000, 0x0000000085300000|100%| O|  |TAMS 0x0000000085300000, 0x0000000085200000| Updating 
|  83|0x0000000085300000, 0x0000000085300000, 0x0000000085400000|  0%| F|  |TAMS 0x0000000085300000, 0x0000000085300000| Untracked 
|  84|0x0000000085400000, 0x0000000085500000, 0x0000000085500000|100%| O|  |TAMS 0x0000000085500000, 0x0000000085400000| Updating 
|  85|0x0000000085500000, 0x0000000085600000, 0x0000000085600000|100%| O|  |TAMS 0x0000000085600000, 0x0000000085500000| Updating 
|  86|0x0000000085600000, 0x000000008568a400, 0x0000000085700000| 54%| O|  |TAMS 0x000000008568a400, 0x0000000085600000| Updating 
|  87|0x0000000085700000, 0x0000000085700000, 0x0000000085800000|  0%| F|  |TAMS 0x0000000085700000, 0x0000000085700000| Untracked 
|  88|0x0000000085800000, 0x0000000085900000, 0x0000000085900000|100%| O|  |TAMS 0x0000000085900000, 0x0000000085800000| Updating 
|  89|0x0000000085900000, 0x0000000085900000, 0x0000000085a00000|  0%| F|  |TAMS 0x0000000085900000, 0x0000000085900000| Untracked 
|  90|0x0000000085a00000, 0x0000000085b00000, 0x0000000085b00000|100%| O|  |TAMS 0x0000000085b00000, 0x0000000085a00000| Updating 
|  91|0x0000000085b00000, 0x0000000085c00000, 0x0000000085c00000|100%| O|  |TAMS 0x0000000085c00000, 0x0000000085b00000| Untracked 
|  92|0x0000000085c00000, 0x0000000085d00000, 0x0000000085d00000|100%| O|  |TAMS 0x0000000085d00000, 0x0000000085c00000| Untracked 
|  93|0x0000000085d00000, 0x0000000085e00000, 0x0000000085e00000|100%| O|  |TAMS 0x0000000085e00000, 0x0000000085d00000| Untracked 
|  94|0x0000000085e00000, 0x0000000085f00000, 0x0000000085f00000|100%| O|  |TAMS 0x0000000085f00000, 0x0000000085e00000| Untracked 
|  95|0x0000000085f00000, 0x0000000086000000, 0x0000000086000000|100%| O|  |TAMS 0x0000000086000000, 0x0000000085f00000| Untracked 
|  96|0x0000000086000000, 0x0000000086100000, 0x0000000086100000|100%| O|  |TAMS 0x0000000086100000, 0x0000000086000000| Untracked 
|  97|0x0000000086100000, 0x0000000086200000, 0x0000000086200000|100%| O|  |TAMS 0x0000000086200000, 0x0000000086100000| Updating 
|  98|0x0000000086200000, 0x0000000086300000, 0x0000000086300000|100%|HS|  |TAMS 0x0000000086200000, 0x0000000086200000| Complete 
|  99|0x0000000086300000, 0x0000000086400000, 0x0000000086400000|100%|HC|  |TAMS 0x0000000086300000, 0x0000000086300000| Complete 
| 100|0x0000000086400000, 0x0000000086400000, 0x0000000086500000|  0%| F|  |TAMS 0x0000000086400000, 0x0000000086400000| Untracked 
| 101|0x0000000086500000, 0x0000000086500000, 0x0000000086600000|  0%| F|  |TAMS 0x0000000086500000, 0x0000000086500000| Untracked 
| 102|0x0000000086600000, 0x0000000086600000, 0x0000000086700000|  0%| F|  |TAMS 0x0000000086600000, 0x0000000086600000| Untracked 
| 103|0x0000000086700000, 0x0000000086700000, 0x0000000086800000|  0%| F|  |TAMS 0x0000000086700000, 0x0000000086700000| Untracked 
| 104|0x0000000086800000, 0x0000000086800000, 0x0000000086900000|  0%| F|  |TAMS 0x0000000086800000, 0x0000000086800000| Untracked 
| 105|0x0000000086900000, 0x0000000086900000, 0x0000000086a00000|  0%| F|  |TAMS 0x0000000086900000, 0x0000000086900000| Untracked 
| 106|0x0000000086a00000, 0x0000000086a00000, 0x0000000086b00000|  0%| F|  |TAMS 0x0000000086a00000, 0x0000000086a00000| Untracked 
| 107|0x0000000086b00000, 0x0000000086b00000, 0x0000000086c00000|  0%| F|  |TAMS 0x0000000086b00000, 0x0000000086b00000| Untracked 
| 108|0x0000000086c00000, 0x0000000086c00000, 0x0000000086d00000|  0%| F|  |TAMS 0x0000000086c00000, 0x0000000086c00000| Untracked 
| 109|0x0000000086d00000, 0x0000000086d00000, 0x0000000086e00000|  0%| F|  |TAMS 0x0000000086d00000, 0x0000000086d00000| Untracked 
| 110|0x0000000086e00000, 0x0000000086e00000, 0x0000000086f00000|  0%| F|  |TAMS 0x0000000086e00000, 0x0000000086e00000| Untracked 
| 111|0x0000000086f00000, 0x0000000086f00000, 0x0000000087000000|  0%| F|  |TAMS 0x0000000086f00000, 0x0000000086f00000| Untracked 
| 112|0x0000000087000000, 0x0000000087000000, 0x0000000087100000|  0%| F|  |TAMS 0x0000000087000000, 0x0000000087000000| Untracked 
| 113|0x0000000087100000, 0x0000000087100000, 0x0000000087200000|  0%| F|  |TAMS 0x0000000087100000, 0x0000000087100000| Untracked 
| 114|0x0000000087200000, 0x0000000087200000, 0x0000000087300000|  0%| F|  |TAMS 0x0000000087200000, 0x0000000087200000| Untracked 
| 115|0x0000000087300000, 0x0000000087300000, 0x0000000087400000|  0%| F|  |TAMS 0x0000000087300000, 0x0000000087300000| Untracked 
| 116|0x0000000087400000, 0x0000000087400000, 0x0000000087500000|  0%| F|  |TAMS 0x0000000087400000, 0x0000000087400000| Untracked 
| 117|0x0000000087500000, 0x0000000087500000, 0x0000000087600000|  0%| F|  |TAMS 0x0000000087500000, 0x0000000087500000| Untracked 
| 118|0x0000000087600000, 0x0000000087600000, 0x0000000087700000|  0%| F|  |TAMS 0x0000000087600000, 0x0000000087600000| Untracked 
| 119|0x0000000087700000, 0x0000000087700000, 0x0000000087800000|  0%| F|  |TAMS 0x0000000087700000, 0x0000000087700000| Untracked 
| 120|0x0000000087800000, 0x0000000087800000, 0x0000000087900000|  0%| F|  |TAMS 0x0000000087800000, 0x0000000087800000| Untracked 
| 121|0x0000000087900000, 0x0000000087900000, 0x0000000087a00000|  0%| F|  |TAMS 0x0000000087900000, 0x0000000087900000| Untracked 
| 122|0x0000000087a00000, 0x0000000087a00000, 0x0000000087b00000|  0%| F|  |TAMS 0x0000000087a00000, 0x0000000087a00000| Untracked 
| 123|0x0000000087b00000, 0x0000000087b00000, 0x0000000087c00000|  0%| F|  |TAMS 0x0000000087b00000, 0x0000000087b00000| Untracked 
| 124|0x0000000087c00000, 0x0000000087c00000, 0x0000000087d00000|  0%| F|  |TAMS 0x0000000087c00000, 0x0000000087c00000| Untracked 
| 125|0x0000000087d00000, 0x0000000087d00000, 0x0000000087e00000|  0%| F|  |TAMS 0x0000000087d00000, 0x0000000087d00000| Untracked 
| 126|0x0000000087e00000, 0x0000000087e00000, 0x0000000087f00000|  0%| F|  |TAMS 0x0000000087e00000, 0x0000000087e00000| Untracked 
| 127|0x0000000087f00000, 0x0000000087f00000, 0x0000000088000000|  0%| F|  |TAMS 0x0000000087f00000, 0x0000000087f00000| Untracked 
| 128|0x0000000088000000, 0x0000000088000000, 0x0000000088100000|  0%| F|  |TAMS 0x0000000088000000, 0x0000000088000000| Untracked 
| 129|0x0000000088100000, 0x0000000088100000, 0x0000000088200000|  0%| F|  |TAMS 0x0000000088100000, 0x0000000088100000| Untracked 
| 130|0x0000000088200000, 0x0000000088200000, 0x0000000088300000|  0%| F|  |TAMS 0x0000000088200000, 0x0000000088200000| Untracked 
| 131|0x0000000088300000, 0x0000000088300000, 0x0000000088400000|  0%| F|  |TAMS 0x0000000088300000, 0x0000000088300000| Untracked 
| 132|0x0000000088400000, 0x0000000088400000, 0x0000000088500000|  0%| F|  |TAMS 0x0000000088400000, 0x0000000088400000| Untracked 
| 133|0x0000000088500000, 0x0000000088500000, 0x0000000088600000|  0%| F|  |TAMS 0x0000000088500000, 0x0000000088500000| Untracked 
| 134|0x0000000088600000, 0x0000000088600000, 0x0000000088700000|  0%| F|  |TAMS 0x0000000088600000, 0x0000000088600000| Untracked 
| 135|0x0000000088700000, 0x0000000088700000, 0x0000000088800000|  0%| F|  |TAMS 0x0000000088700000, 0x0000000088700000| Untracked 
| 136|0x0000000088800000, 0x0000000088800000, 0x0000000088900000|  0%| F|  |TAMS 0x0000000088800000, 0x0000000088800000| Untracked 
| 137|0x0000000088900000, 0x0000000088900000, 0x0000000088a00000|  0%| F|  |TAMS 0x0000000088900000, 0x0000000088900000| Untracked 
| 138|0x0000000088a00000, 0x0000000088a00000, 0x0000000088b00000|  0%| F|  |TAMS 0x0000000088a00000, 0x0000000088a00000| Untracked 
| 139|0x0000000088b00000, 0x0000000088b00000, 0x0000000088c00000|  0%| F|  |TAMS 0x0000000088b00000, 0x0000000088b00000| Untracked 
| 140|0x0000000088c00000, 0x0000000088d00000, 0x0000000088d00000|100%| S|CS|TAMS 0x0000000088c00000, 0x0000000088c00000| Complete 
| 141|0x0000000088d00000, 0x0000000088e00000, 0x0000000088e00000|100%| S|CS|TAMS 0x0000000088d00000, 0x0000000088d00000| Complete 
| 142|0x0000000088e00000, 0x0000000088f00000, 0x0000000088f00000|100%| S|CS|TAMS 0x0000000088e00000, 0x0000000088e00000| Complete 
| 143|0x0000000088f00000, 0x0000000089000000, 0x0000000089000000|100%| S|CS|TAMS 0x0000000088f00000, 0x0000000088f00000| Complete 
| 144|0x0000000089000000, 0x0000000089100000, 0x0000000089100000|100%| S|CS|TAMS 0x0000000089000000, 0x0000000089000000| Complete 
| 145|0x0000000089100000, 0x0000000089200000, 0x0000000089200000|100%| S|CS|TAMS 0x0000000089100000, 0x0000000089100000| Complete 
| 146|0x0000000089200000, 0x0000000089200000, 0x0000000089300000|  0%| F|  |TAMS 0x0000000089200000, 0x0000000089200000| Untracked 
| 147|0x0000000089300000, 0x0000000089300000, 0x0000000089400000|  0%| F|  |TAMS 0x0000000089300000, 0x0000000089300000| Untracked 
| 148|0x0000000089400000, 0x0000000089400000, 0x0000000089500000|  0%| F|  |TAMS 0x0000000089400000, 0x0000000089400000| Untracked 
| 149|0x0000000089500000, 0x0000000089500000, 0x0000000089600000|  0%| F|  |TAMS 0x0000000089500000, 0x0000000089500000| Untracked 
| 150|0x0000000089600000, 0x0000000089600000, 0x0000000089700000|  0%| F|  |TAMS 0x0000000089600000, 0x0000000089600000| Untracked 
| 151|0x0000000089700000, 0x0000000089700000, 0x0000000089800000|  0%| F|  |TAMS 0x0000000089700000, 0x0000000089700000| Untracked 
| 152|0x0000000089800000, 0x0000000089800000, 0x0000000089900000|  0%| F|  |TAMS 0x0000000089800000, 0x0000000089800000| Untracked 
| 153|0x0000000089900000, 0x0000000089900000, 0x0000000089a00000|  0%| F|  |TAMS 0x0000000089900000, 0x0000000089900000| Untracked 
| 154|0x0000000089a00000, 0x0000000089a00000, 0x0000000089b00000|  0%| F|  |TAMS 0x0000000089a00000, 0x0000000089a00000| Untracked 
| 155|0x0000000089b00000, 0x0000000089b00000, 0x0000000089c00000|  0%| F|  |TAMS 0x0000000089b00000, 0x0000000089b00000| Untracked 
| 156|0x0000000089c00000, 0x0000000089c00000, 0x0000000089d00000|  0%| F|  |TAMS 0x0000000089c00000, 0x0000000089c00000| Untracked 
| 157|0x0000000089d00000, 0x0000000089d00000, 0x0000000089e00000|  0%| F|  |TAMS 0x0000000089d00000, 0x0000000089d00000| Untracked 
| 158|0x0000000089e00000, 0x0000000089e00000, 0x0000000089f00000|  0%| F|  |TAMS 0x0000000089e00000, 0x0000000089e00000| Untracked 
| 159|0x0000000089f00000, 0x0000000089f00000, 0x000000008a000000|  0%| F|  |TAMS 0x0000000089f00000, 0x0000000089f00000| Untracked 
| 160|0x000000008a000000, 0x000000008a000000, 0x000000008a100000|  0%| F|  |TAMS 0x000000008a000000, 0x000000008a000000| Untracked 
| 161|0x000000008a100000, 0x000000008a100000, 0x000000008a200000|  0%| F|  |TAMS 0x000000008a100000, 0x000000008a100000| Untracked 
| 162|0x000000008a200000, 0x000000008a200000, 0x000000008a300000|  0%| F|  |TAMS 0x000000008a200000, 0x000000008a200000| Untracked 
| 163|0x000000008a300000, 0x000000008a300000, 0x000000008a400000|  0%| F|  |TAMS 0x000000008a300000, 0x000000008a300000| Untracked 
| 164|0x000000008a400000, 0x000000008a400000, 0x000000008a500000|  0%| F|  |TAMS 0x000000008a400000, 0x000000008a400000| Untracked 
| 165|0x000000008a500000, 0x000000008a500000, 0x000000008a600000|  0%| F|  |TAMS 0x000000008a500000, 0x000000008a500000| Untracked 
| 166|0x000000008a600000, 0x000000008a6c30d8, 0x000000008a700000| 76%| E|  |TAMS 0x000000008a600000, 0x000000008a600000| Complete 
| 167|0x000000008a700000, 0x000000008a800000, 0x000000008a800000|100%| E|CS|TAMS 0x000000008a700000, 0x000000008a700000| Complete 
| 168|0x000000008a800000, 0x000000008a900000, 0x000000008a900000|100%| E|CS|TAMS 0x000000008a800000, 0x000000008a800000| Complete 
| 169|0x000000008a900000, 0x000000008aa00000, 0x000000008aa00000|100%| E|CS|TAMS 0x000000008a900000, 0x000000008a900000| Complete 
| 170|0x000000008aa00000, 0x000000008ab00000, 0x000000008ab00000|100%| E|CS|TAMS 0x000000008aa00000, 0x000000008aa00000| Complete 
| 171|0x000000008ab00000, 0x000000008ac00000, 0x000000008ac00000|100%| E|CS|TAMS 0x000000008ab00000, 0x000000008ab00000| Complete 
| 172|0x000000008ac00000, 0x000000008ad00000, 0x000000008ad00000|100%| E|CS|TAMS 0x000000008ac00000, 0x000000008ac00000| Complete 
| 173|0x000000008ad00000, 0x000000008ae00000, 0x000000008ae00000|100%| E|  |TAMS 0x000000008ad00000, 0x000000008ad00000| Complete 
| 174|0x000000008ae00000, 0x000000008af00000, 0x000000008af00000|100%| E|CS|TAMS 0x000000008ae00000, 0x000000008ae00000| Complete 

Card table byte_map: [0x0000017421c20000,0x0000017422020000] _byte_map_base: 0x0000017421820000

Marking Bits (Prev, Next): (CMBitMap*) 0x000001740d15f1d0, (CMBitMap*) 0x000001740d15f210
 Prev Bits: [0x0000017422420000, 0x0000017424420000)
 Next Bits: [0x0000017424420000, 0x0000017426420000)

Polling page: 0x000001740d1d0000

Metaspace:

Usage:
  Non-class:     99.61 MB used.
      Class:     15.84 MB used.
       Both:    115.45 MB used.

Virtual space:
  Non-class space:      104.00 MB reserved,     100.00 MB ( 96%) committed,  13 nodes.
      Class space:        1.00 GB reserved,      16.25 MB (  2%) committed,  1 nodes.
             Both:        1.10 GB reserved,     116.25 MB ( 10%) committed. 

Chunk freelists:
   Non-Class:  2.89 MB
       Class:  3.61 MB
        Both:  6.50 MB

MaxMetaspaceSize: unlimited
CompressedClassSpaceSize: 1.00 GB
Initial GC threshold: 21.00 MB
Current GC threshold: 192.50 MB
CDS: off
MetaspaceReclaimPolicy: balanced
 - commit_granule_bytes: 65536.
 - commit_granule_words: 8192.
 - virtual_space_node_default_size: 1048576.
 - enlarge_chunks_in_place: 1.
 - new_chunks_are_fully_committed: 0.
 - uncommit_free_chunks: 1.
 - use_allocation_guard: 0.
 - handle_deallocations: 1.


Internal statistics:

num_allocs_failed_limit: 23.
num_arena_births: 1222.
num_arena_deaths: 18.
num_vsnodes_births: 14.
num_vsnodes_deaths: 0.
num_space_committed: 1860.
num_space_uncommitted: 0.
num_chunks_returned_to_freelist: 49.
num_chunks_taken_from_freelist: 5699.
num_chunk_merges: 29.
num_chunk_splits: 3785.
num_chunks_enlarged: 2551.
num_purges: 4.
num_inconsistent_stats: 0.

CodeHeap 'non-profiled nmethods': size=120000Kb used=6438Kb max_used=6438Kb free=113562Kb
 bounds [0x0000017419880000, 0x0000017419ed0000, 0x0000017420db0000]
CodeHeap 'profiled nmethods': size=120000Kb used=25197Kb max_used=25197Kb free=94802Kb
 bounds [0x0000017411db0000, 0x0000017413650000, 0x00000174192e0000]
CodeHeap 'non-nmethods': size=5760Kb used=2431Kb max_used=2479Kb free=3328Kb
 bounds [0x00000174192e0000, 0x0000017419550000, 0x0000017419880000]
 total_blobs=14712 nmethods=13741 adapters=883
 compilation: enabled
              stopped_count=0, restarted_count=0
 full_count=0

Compilation events (20 events):
Event: 165.870 Thread 0x0000017428f2e670 15710       2       com.sun.tools.javac.parser.JavacParser::term1 (39 bytes)
Event: 165.870 Thread 0x0000017428f2e670 nmethod 15710 0x0000017413646b10 code [0x0000017413646cc0, 0x0000017413646e78]
Event: 165.870 Thread 0x0000017428f2e670 15702       2       java.lang.StringUTF16::newString (58 bytes)
Event: 165.871 Thread 0x0000017428f2e670 nmethod 15702 0x0000017413646f90 code [0x0000017413647160, 0x00000174136474b8]
Event: 165.871 Thread 0x0000017428f2e670 15696       2       com.sun.tools.javac.parser.Tokens::lookupKind (29 bytes)
Event: 165.871 Thread 0x0000017428f2e670 nmethod 15696 0x0000017413647610 code [0x00000174136477c0, 0x0000017413647978]
Event: 165.884 Thread 0x0000017428f2e670 15712       2       jdk.nio.zipfs.ZipFileSystem::makeParentDirs (141 bytes)
Event: 165.885 Thread 0x0000017428f2e670 nmethod 15712 0x0000017413647b10 code [0x0000017413647d40, 0x0000017413648498]
Event: 165.891 Thread 0x0000017428f2e670 15713       2       java.util.concurrent.locks.AbstractQueuedSynchronizer::acquireShared (20 bytes)
Event: 165.891 Thread 0x0000017428f2e670 nmethod 15713 0x0000017413648890 code [0x0000017413648a40, 0x0000017413648bd8]
Event: 165.893 Thread 0x0000017428f2e670 15714   !   2       java.nio.file.Files::walkFileTree (297 bytes)
Event: 165.896 Thread 0x0000017428f2e670 nmethod 15714 0x0000017413648c90 code [0x0000017413648f40, 0x0000017413649878]
Event: 165.896 Thread 0x0000017428f2e670 15717       2       jdk.internal.util.ArraysSupport::mismatch (73 bytes)
Event: 165.896 Thread 0x0000017428f2e670 nmethod 15717 0x000001741364a290 code [0x000001741364a460, 0x000001741364a758]
Event: 165.896 Thread 0x0000017428f2e670 15715       1       java.nio.file.FileTreeWalker$DirectoryNode::stream (5 bytes)
Event: 165.897 Thread 0x0000017428f2e670 nmethod 15715 0x0000017419ec9510 code [0x0000017419ec96a0, 0x0000017419ec9778]
Event: 165.899 Thread 0x0000017428f2e670 15718       2       jdk.nio.zipfs.ZipFileSystem::getInode (36 bytes)
Event: 165.899 Thread 0x0000017428f2e670 nmethod 15718 0x000001741364a990 code [0x000001741364ab80, 0x000001741364ae68]
Event: 165.929 Thread 0x0000017428f2e670 15719       2       jdk.nio.zipfs.ZipFileSystem::readFullyAt (33 bytes)
Event: 165.929 Thread 0x0000017428f2e670 nmethod 15719 0x000001741364b090 code [0x000001741364b260, 0x000001741364b458]

GC Heap History (20 events):
Event: 19.110 GC heap before
{Heap before GC invocations=33 (full 0):
 garbage-first heap   total 171008K, used 138263K [0x0000000080000000, 0x0000000100000000)
  region size 1024K, 61 young (62464K), 7 survivors (7168K)
 Metaspace       used 93936K, committed 94592K, reserved 1138688K
  class space    used 12784K, committed 13120K, reserved 1048576K
}
Event: 19.122 GC heap after
{Heap after GC invocations=34 (full 0):
 garbage-first heap   total 171008K, used 92093K [0x0000000080000000, 0x0000000100000000)
  region size 1024K, 8 young (8192K), 8 survivors (8192K)
 Metaspace       used 93936K, committed 94592K, reserved 1138688K
  class space    used 12784K, committed 13120K, reserved 1048576K
}
Event: 19.817 GC heap before
{Heap before GC invocations=34 (full 0):
 garbage-first heap   total 171008K, used 136125K [0x0000000080000000, 0x0000000100000000)
  region size 1024K, 52 young (53248K), 8 survivors (8192K)
 Metaspace       used 95781K, committed 96512K, reserved 1138688K
  class space    used 13026K, committed 13376K, reserved 1048576K
}
Event: 19.825 GC heap after
{Heap after GC invocations=35 (full 0):
 garbage-first heap   total 171008K, used 92776K [0x0000000080000000, 0x0000000100000000)
  region size 1024K, 4 young (4096K), 4 survivors (4096K)
 Metaspace       used 95781K, committed 96512K, reserved 1138688K
  class space    used 13026K, committed 13376K, reserved 1048576K
}
Event: 20.761 GC heap before
{Heap before GC invocations=35 (full 0):
 garbage-first heap   total 171008K, used 136808K [0x0000000080000000, 0x0000000100000000)
  region size 1024K, 48 young (49152K), 4 survivors (4096K)
 Metaspace       used 103626K, committed 104320K, reserved 1146880K
  class space    used 14129K, committed 14464K, reserved 1048576K
}
Event: 20.768 GC heap after
{Heap after GC invocations=36 (full 0):
 garbage-first heap   total 171008K, used 94924K [0x0000000080000000, 0x0000000100000000)
  region size 1024K, 3 young (3072K), 3 survivors (3072K)
 Metaspace       used 103626K, committed 104320K, reserved 1146880K
  class space    used 14129K, committed 14464K, reserved 1048576K
}
Event: 21.915 GC heap before
{Heap before GC invocations=36 (full 0):
 garbage-first heap   total 171008K, used 136908K [0x0000000080000000, 0x0000000100000000)
  region size 1024K, 46 young (47104K), 3 survivors (3072K)
 Metaspace       used 111024K, committed 111680K, reserved 1146880K
  class space    used 15368K, committed 15680K, reserved 1048576K
}
Event: 21.920 GC heap after
{Heap after GC invocations=37 (full 0):
 garbage-first heap   total 171008K, used 96524K [0x0000000080000000, 0x0000000100000000)
  region size 1024K, 4 young (4096K), 4 survivors (4096K)
 Metaspace       used 111024K, committed 111680K, reserved 1146880K
  class space    used 15368K, committed 15680K, reserved 1048576K
}
Event: 22.955 GC heap before
{Heap before GC invocations=38 (full 0):
 garbage-first heap   total 171008K, used 145676K [0x0000000080000000, 0x0000000100000000)
  region size 1024K, 48 young (49152K), 4 survivors (4096K)
 Metaspace       used 116433K, committed 117120K, reserved 1155072K
  class space    used 16120K, committed 16448K, reserved 1048576K
}
Event: 22.962 GC heap after
{Heap after GC invocations=39 (full 0):
 garbage-first heap   total 171008K, used 99256K [0x0000000080000000, 0x0000000100000000)
  region size 1024K, 6 young (6144K), 6 survivors (6144K)
 Metaspace       used 116433K, committed 117120K, reserved 1155072K
  class space    used 16120K, committed 16448K, reserved 1048576K
}
Event: 23.022 GC heap before
{Heap before GC invocations=39 (full 0):
 garbage-first heap   total 171008K, used 101304K [0x0000000080000000, 0x0000000100000000)
  region size 1024K, 8 young (8192K), 6 survivors (6144K)
 Metaspace       used 116618K, committed 117312K, reserved 1155072K
  class space    used 16148K, committed 16448K, reserved 1048576K
}
Event: 23.029 GC heap after
{Heap after GC invocations=40 (full 0):
 garbage-first heap   total 171008K, used 97822K [0x0000000080000000, 0x0000000100000000)
  region size 1024K, 1 young (1024K), 1 survivors (1024K)
 Metaspace       used 116618K, committed 117312K, reserved 1155072K
  class space    used 16148K, committed 16448K, reserved 1048576K
}
Event: 43.323 GC heap before
{Heap before GC invocations=40 (full 0):
 garbage-first heap   total 171008K, used 141854K [0x0000000080000000, 0x0000000100000000)
  region size 1024K, 44 young (45056K), 1 survivors (1024K)
 Metaspace       used 117425K, committed 118208K, reserved 1155072K
  class space    used 16190K, committed 16576K, reserved 1048576K
}
Event: 43.331 GC heap after
{Heap after GC invocations=41 (full 0):
 garbage-first heap   total 171008K, used 102404K [0x0000000080000000, 0x0000000100000000)
  region size 1024K, 6 young (6144K), 6 survivors (6144K)
 Metaspace       used 117425K, committed 118208K, reserved 1155072K
  class space    used 16190K, committed 16576K, reserved 1048576K
}
Event: 164.950 GC heap before
{Heap before GC invocations=42 (full 0):
 garbage-first heap   total 179200K, used 137220K [0x0000000080000000, 0x0000000100000000)
  region size 1024K, 43 young (44032K), 6 survivors (6144K)
 Metaspace       used 117834K, committed 118656K, reserved 1155072K
  class space    used 16211K, committed 16576K, reserved 1048576K
}
Event: 164.969 GC heap after
{Heap after GC invocations=43 (full 0):
 garbage-first heap   total 179200K, used 98110K [0x0000000080000000, 0x0000000100000000)
  region size 1024K, 3 young (3072K), 3 survivors (3072K)
 Metaspace       used 117834K, committed 118656K, reserved 1155072K
  class space    used 16211K, committed 16576K, reserved 1048576K
}
Event: 165.134 GC heap before
{Heap before GC invocations=43 (full 0):
 garbage-first heap   total 179200K, used 103230K [0x0000000080000000, 0x0000000100000000)
  region size 1024K, 8 young (8192K), 3 survivors (3072K)
 Metaspace       used 117890K, committed 118720K, reserved 1155072K
  class space    used 16212K, committed 16576K, reserved 1048576K
}
Event: 165.148 GC heap after
{Heap after GC invocations=44 (full 0):
 garbage-first heap   total 179200K, used 97833K [0x0000000080000000, 0x0000000100000000)
  region size 1024K, 1 young (1024K), 1 survivors (1024K)
 Metaspace       used 117890K, committed 118720K, reserved 1155072K
  class space    used 16212K, committed 16576K, reserved 1048576K
}
Event: 165.845 GC heap before
{Heap before GC invocations=44 (full 0):
 garbage-first heap   total 179200K, used 124457K [0x0000000080000000, 0x0000000100000000)
  region size 1024K, 29 young (29696K), 1 survivors (1024K)
 Metaspace       used 118211K, committed 119040K, reserved 1155072K
  class space    used 16222K, committed 16640K, reserved 1048576K
}
Event: 165.854 GC heap after
{Heap after GC invocations=45 (full 0):
 garbage-first heap   total 179200K, used 102953K [0x0000000080000000, 0x0000000100000000)
  region size 1024K, 6 young (6144K), 6 survivors (6144K)
 Metaspace       used 118211K, committed 119040K, reserved 1155072K
  class space    used 16222K, committed 16640K, reserved 1048576K
}

Dll operation events (2 events):
Event: 0.015 Loaded shared library D:\Android\jbr\bin\java.dll
Event: 0.745 Loaded shared library D:\Android\jbr\bin\verify.dll

Deoptimization events (20 events):
Event: 164.603 Thread 0x000001742d05d810 DEOPT PACKING pc=0x0000017419d28388 sp=0x000000151a8f98f0
Event: 164.603 Thread 0x000001742d05d810 DEOPT UNPACKING pc=0x00000174193369a3 sp=0x000000151a8f97d0 mode 2
Event: 164.716 Thread 0x000001742d05d810 Uncommon trap: trap_request=0xffffff76 fr.pc=0x0000017419ea1948 relative=0x0000000000000388
Event: 164.716 Thread 0x000001742d05d810 Uncommon trap: reason=predicate action=maybe_recompile pc=0x0000017419ea1948 method=java.util.AbstractCollection.toArray([Ljava/lang/Object;)[Ljava/lang/Object; @ 43 c2
Event: 164.716 Thread 0x000001742d05d810 DEOPT PACKING pc=0x0000017419ea1948 sp=0x000000151a8f7cb0
Event: 164.716 Thread 0x000001742d05d810 DEOPT UNPACKING pc=0x00000174193369a3 sp=0x000000151a8f7c58 mode 2
Event: 165.235 Thread 0x000001742d05d810 DEOPT PACKING pc=0x000001741340eaa7 sp=0x000000151a8f8f90
Event: 165.235 Thread 0x000001742d05d810 DEOPT UNPACKING pc=0x0000017419337143 sp=0x000000151a8f8450 mode 0
Event: 165.559 Thread 0x000001742fb39ac0 DEOPT PACKING pc=0x0000017412eb06e3 sp=0x00000015214f9c30
Event: 165.559 Thread 0x000001742fb39ac0 DEOPT UNPACKING pc=0x0000017419337143 sp=0x00000015214f90c0 mode 0
Event: 165.630 Thread 0x000001742fb39ac0 Uncommon trap: trap_request=0xffffff45 fr.pc=0x0000017419ae585c relative=0x00000000000001bc
Event: 165.630 Thread 0x000001742fb39ac0 Uncommon trap: reason=unstable_if action=reinterpret pc=0x0000017419ae585c method=java.io.BufferedInputStream.read()I @ 23 c2
Event: 165.630 Thread 0x000001742fb39ac0 DEOPT PACKING pc=0x0000017419ae585c sp=0x00000015214faeb0
Event: 165.630 Thread 0x000001742fb39ac0 DEOPT UNPACKING pc=0x00000174193369a3 sp=0x00000015214fae68 mode 2
Event: 165.815 Thread 0x000001742fb39ac0 DEOPT PACKING pc=0x0000017412f51f51 sp=0x00000015214f7d60
Event: 165.815 Thread 0x000001742fb39ac0 DEOPT UNPACKING pc=0x0000017419337143 sp=0x00000015214f72e0 mode 0
Event: 165.837 Thread 0x000001742fb39ac0 Uncommon trap: trap_request=0xffffff45 fr.pc=0x0000017419d68104 relative=0x00000000000000e4
Event: 165.837 Thread 0x000001742fb39ac0 Uncommon trap: reason=unstable_if action=reinterpret pc=0x0000017419d68104 method=com.sun.tools.javac.parser.UnicodeReader.nextCodeUnit()V @ 15 c2
Event: 165.837 Thread 0x000001742fb39ac0 DEOPT PACKING pc=0x0000017419d68104 sp=0x00000015214f8130
Event: 165.837 Thread 0x000001742fb39ac0 DEOPT UNPACKING pc=0x00000174193369a3 sp=0x00000015214f7ff8 mode 2

Classes unloaded (9 events):
Event: 22.045 Thread 0x0000017428ede560 Unloading class 0x0000000100b89800 'java/lang/invoke/LambdaForm$DMH+0x0000000100b89800'
Event: 22.045 Thread 0x0000017428ede560 Unloading class 0x0000000100b89400 'java/lang/invoke/LambdaForm$DMH+0x0000000100b89400'
Event: 22.045 Thread 0x0000017428ede560 Unloading class 0x0000000100b88c00 'java/lang/invoke/LambdaForm$DMH+0x0000000100b88c00'
Event: 22.045 Thread 0x0000017428ede560 Unloading class 0x0000000100b89000 'java/lang/invoke/LambdaForm$DMH+0x0000000100b89000'
Event: 22.045 Thread 0x0000017428ede560 Unloading class 0x0000000100b88800 'java/lang/invoke/LambdaForm$DMH+0x0000000100b88800'
Event: 22.045 Thread 0x0000017428ede560 Unloading class 0x0000000100b88400 'java/lang/invoke/LambdaForm$DMH+0x0000000100b88400'
Event: 43.491 Thread 0x0000017428ede560 Unloading class 0x0000000100d34c00 'jdk/internal/reflect/GeneratedSerializationConstructorAccessor78'
Event: 43.491 Thread 0x0000017428ede560 Unloading class 0x0000000100d34800 'jdk/internal/reflect/GeneratedSerializationConstructorAccessor77'
Event: 43.491 Thread 0x0000017428ede560 Unloading class 0x0000000100d34400 'jdk/internal/reflect/GeneratedSerializationConstructorAccessor76'

Classes redefined (0 events):
No events

Internal exceptions (20 events):
Event: 43.635 Thread 0x00000174298e19b0 Exception <a 'sun/nio/fs/WindowsException'{0x000000008a9e8390}> (0x000000008a9e8390) 
thrown [s\src\hotspot\share\prims\jni.cpp, line 517]
Event: 43.644 Thread 0x000001742ff36b70 Exception <a 'sun/nio/fs/WindowsException'{0x000000008a89b9d0}> (0x000000008a89b9d0) 
thrown [s\src\hotspot\share\prims\jni.cpp, line 517]
Event: 43.687 Thread 0x000001742c77f640 Exception <a 'sun/nio/fs/WindowsException'{0x000000008a733870}> (0x000000008a733870) 
thrown [s\src\hotspot\share\prims\jni.cpp, line 517]
Event: 43.687 Thread 0x000001742c77f640 Exception <a 'sun/nio/fs/WindowsException'{0x000000008a733bc0}> (0x000000008a733bc0) 
thrown [s\src\hotspot\share\prims\jni.cpp, line 517]
Event: 43.687 Thread 0x000001742c77f640 Exception <a 'sun/nio/fs/WindowsException'{0x000000008a7359d0}> (0x000000008a7359d0) 
thrown [s\src\hotspot\share\prims\jni.cpp, line 517]
Event: 165.050 Thread 0x000001742d05d810 Exception <a 'sun/nio/fs/WindowsException'{0x000000008ab17d28}> (0x000000008ab17d28) 
thrown [s\src\hotspot\share\prims\jni.cpp, line 517]
Event: 165.050 Thread 0x000001742d05d810 Exception <a 'sun/nio/fs/WindowsException'{0x000000008ab19b40}> (0x000000008ab19b40) 
thrown [s\src\hotspot\share\prims\jni.cpp, line 517]
Event: 165.174 Thread 0x000001742d05d810 Exception <a 'java/lang/NoClassDefFoundError'{0x000000008ad7aef8}: org/jetbrains/kotlin/gradle/plugin/KotlinBasePluginWrapper> (0x000000008ad7aef8) 
thrown [s\src\hotspot\share\oops\constantPool.cpp, line 835]
Event: 165.232 Thread 0x000001742d05d810 Exception <a 'sun/nio/fs/WindowsException'{0x000000008aaf9d38}> (0x000000008aaf9d38) 
thrown [s\src\hotspot\share\prims\jni.cpp, line 517]
Event: 165.240 Thread 0x000001742d05d810 Exception <a 'sun/nio/fs/WindowsException'{0x000000008a8981d8}> (0x000000008a8981d8) 
thrown [s\src\hotspot\share\prims\jni.cpp, line 517]
Event: 165.240 Thread 0x000001742d05d810 Exception <a 'sun/nio/fs/WindowsException'{0x000000008a899578}> (0x000000008a899578) 
thrown [s\src\hotspot\share\prims\jni.cpp, line 517]
Event: 165.240 Thread 0x000001742d05d810 Exception <a 'sun/nio/fs/WindowsException'{0x000000008a89a968}> (0x000000008a89a968) 
thrown [s\src\hotspot\share\prims\jni.cpp, line 517]
Event: 165.241 Thread 0x000001742d05d810 Exception <a 'sun/nio/fs/WindowsException'{0x000000008a89bd58}> (0x000000008a89bd58) 
thrown [s\src\hotspot\share\prims\jni.cpp, line 517]
Event: 165.319 Thread 0x000001742d267900 Exception <a 'sun/nio/fs/WindowsException'{0x000000008a47b138}> (0x000000008a47b138) 
thrown [s\src\hotspot\share\prims\jni.cpp, line 517]
Event: 165.679 Thread 0x000001742fb39ac0 Exception <a 'sun/nio/fs/WindowsException'{0x00000000895a1fd8}> (0x00000000895a1fd8) 
thrown [s\src\hotspot\share\prims\jni.cpp, line 517]
Event: 165.680 Thread 0x000001742fb39ac0 Exception <a 'sun/nio/fs/WindowsException'{0x00000000895a7fc0}> (0x00000000895a7fc0) 
thrown [s\src\hotspot\share\prims\jni.cpp, line 517]
Event: 165.684 Thread 0x000001742fb39ac0 Exception <a 'sun/nio/fs/WindowsException'{0x00000000895b1868}> (0x00000000895b1868) 
thrown [s\src\hotspot\share\prims\jni.cpp, line 517]
Event: 165.685 Thread 0x000001742fb39ac0 Exception <a 'sun/nio/fs/WindowsException'{0x00000000895b23f0}> (0x00000000895b23f0) 
thrown [s\src\hotspot\share\prims\jni.cpp, line 517]
Event: 165.841 Thread 0x000001742fb39ac0 Exception <a 'sun/nio/fs/WindowsException'{0x0000000089278650}> (0x0000000089278650) 
thrown [s\src\hotspot\share\prims\jni.cpp, line 517]
Event: 165.841 Thread 0x000001742fb39ac0 Exception <a 'sun/nio/fs/WindowsException'{0x00000000892787e8}> (0x00000000892787e8) 
thrown [s\src\hotspot\share\prims\jni.cpp, line 517]

VM Operations (20 events):
Event: 111.139 Executing VM operation: Cleanup done
Event: 131.307 Executing VM operation: Cleanup
Event: 131.307 Executing VM operation: Cleanup done
Event: 140.373 Executing VM operation: Cleanup
Event: 140.373 Executing VM operation: Cleanup done
Event: 144.406 Executing VM operation: Cleanup
Event: 144.406 Executing VM operation: Cleanup done
Event: 164.622 Executing VM operation: Cleanup
Event: 164.622 Executing VM operation: Cleanup done
Event: 164.950 Executing VM operation: G1CollectForAllocation
Event: 164.969 Executing VM operation: G1CollectForAllocation done
Event: 165.134 Executing VM operation: G1CollectForAllocation
Event: 165.148 Executing VM operation: G1CollectForAllocation done
Event: 165.642 Executing VM operation: ICBufferFull
Event: 165.643 Executing VM operation: ICBufferFull done
Event: 165.643 Executing VM operation: ICBufferFull
Event: 165.644 Executing VM operation: ICBufferFull done
Event: 165.844 Executing VM operation: G1TryInitiateConcMark
Event: 165.854 Executing VM operation: G1TryInitiateConcMark done
Event: 166.035 Executing VM operation: G1Concurrent

Events (20 events):
Event: 164.911 Thread 0x000001742c323c10 Thread added: 0x000001742c323c10
Event: 164.913 Thread 0x000001742d05e1b0 Thread added: 0x000001742d05e1b0
Event: 164.996 Thread 0x000001742b249410 Thread added: 0x000001742b249410
Event: 165.296 Thread 0x000001742fb39ac0 Thread added: 0x000001742fb39ac0
Event: 165.297 Thread 0x000001742d267900 Thread added: 0x000001742d267900
Event: 165.297 Thread 0x000001742d267dd0 Thread added: 0x000001742d267dd0
Event: 165.297 Thread 0x000001742d268770 Thread added: 0x000001742d268770
Event: 165.297 Thread 0x0000017429d29440 Thread added: 0x0000017429d29440
Event: 165.297 Thread 0x0000017429d28aa0 Thread added: 0x0000017429d28aa0
Event: 165.297 Thread 0x0000017429d29910 Thread added: 0x0000017429d29910
Event: 165.297 Thread 0x0000017429d28100 Thread added: 0x0000017429d28100
Event: 165.298 Thread 0x000001742ff396c0 Thread added: 0x000001742ff396c0
Event: 165.662 Thread 0x0000017433d04a20 Thread added: 0x0000017433d04a20
Event: 165.663 Thread 0x0000017433d04080 Thread added: 0x0000017433d04080
Event: 165.663 Thread 0x0000017433d04550 Thread added: 0x0000017433d04550
Event: 165.663 Thread 0x000001743241e860 Thread added: 0x000001743241e860
Event: 165.663 Thread 0x000001743241c1e0 Thread added: 0x000001743241c1e0
Event: 165.663 Thread 0x000001743241b840 Thread added: 0x000001743241b840
Event: 165.663 Thread 0x000001743241c6b0 Thread added: 0x000001743241c6b0
Event: 165.663 Thread 0x000001743241d050 Thread added: 0x000001743241d050


Dynamic libraries:
0x00007ff78f650000 - 0x00007ff78f65a000 	D:\Android\jbr\bin\java.exe
0x00007ffd9b420000 - 0x00007ffd9b629000 	C:\WINDOWS\SYSTEM32\ntdll.dll
0x00007ffd9a930000 - 0x00007ffd9a9ee000 	C:\WINDOWS\System32\KERNEL32.DLL
0x00007ffd98b60000 - 0x00007ffd98ee3000 	C:\WINDOWS\System32\KERNELBASE.dll
0x00007ffd98f70000 - 0x00007ffd99081000 	C:\WINDOWS\System32\ucrtbase.dll
0x00007ffd70f30000 - 0x00007ffd70f4b000 	D:\Android\jbr\bin\VCRUNTIME140.dll
0x00007ffd77430000 - 0x00007ffd77447000 	D:\Android\jbr\bin\jli.dll
0x00007ffd9add0000 - 0x00007ffd9af7d000 	C:\WINDOWS\System32\USER32.dll
0x00007ffd99260000 - 0x00007ffd99286000 	C:\WINDOWS\System32\win32u.dll
0x00007ffd7ec40000 - 0x00007ffd7eee5000 	C:\WINDOWS\WinSxS\amd64_microsoft.windows.common-controls_6595b64144ccf1df_6.0.22000.120_none_9d947278b86cc467\COMCTL32.dll
0x00007ffd9b000000 - 0x00007ffd9b0a3000 	C:\WINDOWS\System32\msvcrt.dll
0x00007ffd9b280000 - 0x00007ffd9b2a9000 	C:\WINDOWS\System32\GDI32.dll
0x00007ffd988d0000 - 0x00007ffd989ea000 	C:\WINDOWS\System32\gdi32full.dll
0x00007ffd99150000 - 0x00007ffd991ed000 	C:\WINDOWS\System32\msvcp_win.dll
0x00007ffd99450000 - 0x00007ffd99481000 	C:\WINDOWS\System32\IMM32.DLL
0x00007ffd900d0000 - 0x00007ffd900dc000 	D:\Android\jbr\bin\vcruntime140_1.dll
0x00007ffd46450000 - 0x00007ffd464dd000 	D:\Android\jbr\bin\msvcp140.dll
0x00007ffd22640000 - 0x00007ffd232ad000 	D:\Android\jbr\bin\server\jvm.dll
0x00007ffd9b140000 - 0x00007ffd9b1ee000 	C:\WINDOWS\System32\ADVAPI32.dll
0x00007ffd9ab90000 - 0x00007ffd9ac2e000 	C:\WINDOWS\System32\sechost.dll
0x00007ffd9b2b0000 - 0x00007ffd9b3d1000 	C:\WINDOWS\System32\RPCRT4.dll
0x00007ffd92fe0000 - 0x00007ffd92fe9000 	C:\WINDOWS\SYSTEM32\WSOCK32.dll
0x00007ffd99490000 - 0x00007ffd994ff000 	C:\WINDOWS\System32\WS2_32.dll
0x00007ffd95680000 - 0x00007ffd956b3000 	C:\WINDOWS\SYSTEM32\WINMM.dll
0x00007ffd90540000 - 0x00007ffd9054a000 	C:\WINDOWS\SYSTEM32\VERSION.dll
0x00007ffd97950000 - 0x00007ffd97968000 	C:\WINDOWS\SYSTEM32\kernel.appcore.dll
0x00007ffd92940000 - 0x00007ffd9294a000 	D:\Android\jbr\bin\jimage.dll
0x00007ffd96060000 - 0x00007ffd96281000 	C:\WINDOWS\SYSTEM32\DBGHELP.DLL
0x00007ffd90f10000 - 0x00007ffd90f41000 	C:\WINDOWS\SYSTEM32\dbgcore.DLL
0x00007ffd98ef0000 - 0x00007ffd98f6f000 	C:\WINDOWS\System32\bcryptPrimitives.dll
0x00007ffd77480000 - 0x00007ffd774a5000 	D:\Android\jbr\bin\java.dll
0x00007ffd8ece0000 - 0x00007ffd8ecf8000 	D:\Android\jbr\bin\zip.dll
0x00007ffd99d70000 - 0x00007ffd9a535000 	C:\WINDOWS\System32\SHELL32.dll
0x00007ffd969b0000 - 0x00007ffd97214000 	C:\WINDOWS\SYSTEM32\windows.storage.dll
0x00007ffd9a5b0000 - 0x00007ffd9a926000 	C:\WINDOWS\System32\combase.dll
0x00007ffd96840000 - 0x00007ffd969a7000 	C:\WINDOWS\SYSTEM32\wintypes.dll
0x00007ffd9ac30000 - 0x00007ffd9ad1a000 	C:\WINDOWS\System32\SHCORE.dll
0x00007ffd993e0000 - 0x00007ffd9943d000 	C:\WINDOWS\System32\shlwapi.dll
0x00007ffd98800000 - 0x00007ffd98821000 	C:\WINDOWS\SYSTEM32\profapi.dll
0x00007ffd886a0000 - 0x00007ffd886b9000 	D:\Android\jbr\bin\net.dll
0x00007ffd91e30000 - 0x00007ffd91f42000 	C:\WINDOWS\SYSTEM32\WINHTTP.dll
0x00007ffd97df0000 - 0x00007ffd97e57000 	C:\WINDOWS\system32\mswsock.dll
0x00007ffd88650000 - 0x00007ffd88666000 	D:\Android\jbr\bin\nio.dll
0x00007ffd92830000 - 0x00007ffd92840000 	D:\Android\jbr\bin\verify.dll
0x00007ffd76dc0000 - 0x00007ffd76de7000 	C:\Users\an'zhi'lin\.gradle\native\68d5fa5c4cc2d200863cafc0d521ce42e7d3e7ee720ec0a83991735586a16f82\windows-amd64\native-platform.dll
0x00007ffd43400000 - 0x00007ffd43544000 	C:\Users\an'zhi'lin\.gradle\native\e376f236ea51e6404a007f0833ffe2c6e607c4080706a723a18a27aeea778392\windows-amd64\native-platform-file-events.dll
0x00007ffd92900000 - 0x00007ffd92909000 	D:\Android\jbr\bin\management.dll
0x00007ffd928d0000 - 0x00007ffd928db000 	D:\Android\jbr\bin\management_ext.dll
0x00007ffd9b1f0000 - 0x00007ffd9b1f8000 	C:\WINDOWS\System32\PSAPI.DLL
0x00007ffd98050000 - 0x00007ffd98068000 	C:\WINDOWS\SYSTEM32\CRYPTSP.dll
0x00007ffd978b0000 - 0x00007ffd978e5000 	C:\WINDOWS\system32\rsaenh.dll
0x00007ffd97ef0000 - 0x00007ffd97f19000 	C:\WINDOWS\SYSTEM32\USERENV.dll
0x00007ffd981c0000 - 0x00007ffd981e7000 	C:\WINDOWS\SYSTEM32\bcrypt.dll
0x00007ffd98040000 - 0x00007ffd9804c000 	C:\WINDOWS\SYSTEM32\CRYPTBASE.dll
0x00007ffd97470000 - 0x00007ffd9749d000 	C:\WINDOWS\SYSTEM32\IPHLPAPI.DLL
0x00007ffd99440000 - 0x00007ffd99449000 	C:\WINDOWS\System32\NSI.dll
0x00007ffd91c00000 - 0x00007ffd91c19000 	C:\WINDOWS\SYSTEM32\dhcpcsvc6.DLL
0x00007ffd925b0000 - 0x00007ffd925ce000 	C:\WINDOWS\SYSTEM32\dhcpcsvc.DLL
0x00007ffd974e0000 - 0x00007ffd975c8000 	C:\WINDOWS\SYSTEM32\DNSAPI.dll
0x00007ffd92180000 - 0x00007ffd92188000 	C:\WINDOWS\system32\wshunix.dll

dbghelp: loaded successfully - version: 4.0.5 - missing functions: none
symbol engine: initialized successfully - sym options: 0x614 - pdb path: .;D:\Android\jbr\bin;C:\WINDOWS\SYSTEM32;C:\WINDOWS\WinSxS\amd64_microsoft.windows.common-controls_6595b64144ccf1df_6.0.22000.120_none_9d947278b86cc467;D:\Android\jbr\bin\server;C:\Users\an'zhi'lin\.gradle\native\68d5fa5c4cc2d200863cafc0d521ce42e7d3e7ee720ec0a83991735586a16f82\windows-amd64;C:\Users\an'zhi'lin\.gradle\native\e376f236ea51e6404a007f0833ffe2c6e607c4080706a723a18a27aeea778392\windows-amd64

VM Arguments:
jvm_args: --add-opens=java.base/java.util=ALL-UNNAMED --add-opens=java.base/java.lang=ALL-UNNAMED --add-opens=java.base/java.lang.invoke=ALL-UNNAMED --add-opens=java.prefs/java.util.prefs=ALL-UNNAMED --add-opens=java.base/java.nio.charset=ALL-UNNAMED --add-opens=java.base/java.net=ALL-UNNAMED --add-opens=java.base/java.util.concurrent.atomic=ALL-UNNAMED -Xmx2048m -Dfile.encoding=UTF-8 -Duser.country=CN -Duser.language=zh -Duser.variant 
java_command: org.gradle.launcher.daemon.bootstrap.GradleDaemon 8.0
java_class_path (initial): C:\Users\an'zhi'lin\.gradle\wrapper\dists\gradle-8.0-bin\ca5e32bp14vu59qr306oxotwh\gradle-8.0\lib\gradle-launcher-8.0.jar
Launcher Type: SUN_STANDARD

[Global flags]
     intx CICompilerCount                          = 4                                         {product} {ergonomic}
     uint ConcGCThreads                            = 2                                         {product} {ergonomic}
     uint G1ConcRefinementThreads                  = 8                                         {product} {ergonomic}
   size_t G1HeapRegionSize                         = 1048576                                   {product} {ergonomic}
    uintx GCDrainStackTargetSize                   = 64                                        {product} {ergonomic}
   size_t InitialHeapSize                          = 117440512                                 {product} {ergonomic}
   size_t MarkStackSize                            = 4194304                                   {product} {ergonomic}
   size_t MaxHeapSize                              = 2147483648                                {product} {command line}
   size_t MaxNewSize                               = 1287651328                                {product} {ergonomic}
   size_t MinHeapDeltaBytes                        = 1048576                                   {product} {ergonomic}
   size_t MinHeapSize                              = 8388608                                   {product} {ergonomic}
    uintx NonNMethodCodeHeapSize                   = 5839372                                {pd product} {ergonomic}
    uintx NonProfiledCodeHeapSize                  = 122909434                              {pd product} {ergonomic}
    uintx ProfiledCodeHeapSize                     = 122909434                              {pd product} {ergonomic}
    uintx ReservedCodeCacheSize                    = 251658240                              {pd product} {ergonomic}
     bool SegmentedCodeCache                       = true                                      {product} {ergonomic}
   size_t SoftMaxHeapSize                          = 2147483648                             {manageable} {ergonomic}
     bool UseCompressedClassPointers               = true                           {product lp64_product} {ergonomic}
     bool UseCompressedOops                        = true                           {product lp64_product} {ergonomic}
     bool UseG1GC                                  = true                                      {product} {ergonomic}
     bool UseLargePagesIndividualAllocation        = false                                  {pd product} {ergonomic}

Logging:
Log output configuration:
 #0: stdout all=warning uptime,level,tags
 #1: stderr all=off uptime,level,tags

Environment Variables:
JAVA_HOME=C:\Program Files\Java\jdk1.8.0_241
CLASSPATH=.;C:\Program Files\Java\jdk1.8.0_241\lib;C:\Program Files\Java\jdk1.8.0_241\lib\tools.jar
PATH=C:\WINDOWS\system32;C:\WINDOWS;C:\WINDOWS\System32\Wbem;C:\WINDOWS\System32\WindowsPowerShell\v1.0\;C:\WINDOWS\System32\OpenSSH\;C:\Program Files\Java\jdk1.8.0_241\bin;C:\Program Files\Java\jdk1.8.0_241\jre\bin;C:\Program Files\Git\cmd;D:\mingw64\bin;D:\Anaconda\bin;C:\Program Files\MySQL\MySQL Server 8.0\bin;C:\Program Files\Microsoft SQL Server\Client SDK\ODBC\170\Tools\Binn\;C:\Program Files (x86)\Microsoft SQL Server\150\Tools\Binn\;C:\Program Files\Microsoft SQL Server\150\Tools\Binn\;C:\Program Files\Microsoft SQL Server\150\DTS\Binn\;D:\Tomcat\apache-tomcat-8.5.69\bin\;D:\Tomcat\apache-tomcat-8.5.69\lib\;D:\hugo\bin;C:\Strawberry\c\bin;C:\Strawberry\perl\site\bin;C:\Strawberry\perl\bin;D:\My_Qt\Tools\mingw1120_64\bin;D:\My_Qt\Tools\mingw1120_64\lib;D:\My_Qt\6.3.1\mingw_64\bin;D:\My_Qt\6.3.1\mingw_64\lib;C:\Program Files\CMake\bin;C:\Program Files\MySQL\MySQL Server 8.0\bin;C:\Program Files\MySQL\MySQL Server 8.0\lib;C:\Users\an'zhi'lin\;C:\Program Files\MySQL\MySQL Shell 8.0\bin\;D:\Anaconda;D:\Anaconda\Library\mingw-w64\bin;D:\Anaconda\Library\usr\bin;D:\Anaconda\Library\bin;D:\Anaconda\Scripts;C:\Users\an'zhi'lin\AppData\Local\Programs\Python\Python39\Scripts\;C:\Users\an'zhi'lin\AppData\Local\Programs\Python\Python39\;C:\Users\an'zhi'lin\AppData\Local\Microsoft\WindowsApps;D:\HONOR Magic-link\\IntelliJ IDEA 2020.1\bin;;C:\Users\an'zhi'lin\AppData\Local\GitHubDesktop\bin;C:\Program Files\JetBrains\CLion 2021.2.3\bin;D:\pycharm\PyCharm Community Edition 2021.2.3\bin;C:\Program Files\Azure Data Studio\bin
USERNAME=an'zhi'lin
OS=Windows_NT
PROCESSOR_IDENTIFIER=AMD64 Family 23 Model 24 Stepping 1, AuthenticAMD
TMP=C:\Users\AN'ZHI~1\AppData\Local\Temp
TEMP=C:\Users\AN'ZHI~1\AppData\Local\Temp



---------------  S Y S T E M  ---------------

OS:
 Windows 11 , 64 bit Build 22000 (10.0.22000.1761)
OS uptime: 1 days 6:47 hours

CPU: total 8 (initial active 8) (8 cores per cpu, 2 threads per core) family 23 model 24 stepping 1 microcode 0x0, cx8, cmov, fxsr, ht, mmx, 3dnowpref, sse, sse2, sse3, ssse3, sse4a, sse4.1, sse4.2, popcnt, lzcnt, tsc, tscinvbit, avx, avx2, aes, clmul, bmi1, bmi2, adx, sha, fma, vzeroupper, clflush, clflushopt

Memory: 4k page, system-wide physical 7103M (312M free)
TotalPageFile size 18145M (AvailPageFile size 12M)
current process WorkingSet (physical memory assigned to process): 391M, peak: 461M
current process commit charge ("private bytes"): 503M, peak: 512M

vm_info: OpenJDK 64-Bit Server VM (17.0.6+0-b2043.56-9586694) for windows-amd64 JRE (17.0.6+0-b2043.56-9586694), built on Feb  9 2023 20:06:20 by "androidbuild" with MS VC++ 16.10 / 16.11 (VS2019)

END.
