#
# There is insufficient memory for the Java Runtime Environment to continue.
# Native memory allocation (mmap) failed to map 18874368 bytes for G1 virtual space
# Possible reasons:
#   The system is out of physical RAM or swap space
#   The process is running with CompressedOops enabled, and the Java Heap may be blocking the growth of the native heap
# Possible solutions:
#   Reduce memory load on the system
#   Increase physical memory or swap space
#   Check if swap backing store is full
#   Decrease Java heap size (-Xmx/-Xms)
#   Decrease number of Java threads
#   Decrease Java thread stack sizes (-Xss)
#   Set larger code cache with -XX:ReservedCodeCacheSize=
#   JVM is running with Unscaled Compressed Oops mode in which the Java heap is
#     placed in the first 4GB address space. The Java Heap base address is the
#     maximum limit for the native heap growth. Please use -XX:HeapBaseMinAddress
#     to set the Java Heap base and to place the Java Heap above 4GB virtual address.
# This output file may be truncated or incomplete.
#
#  Out of Memory Error (os_windows.cpp:3769), pid=14900, tid=6536
#
# JRE version: OpenJDK Runtime Environment (17.0.6) (build 17.0.6+0-b2043.56-9586694)
# Java VM: OpenJDK 64-Bit Server VM (17.0.6+0-b2043.56-9586694, mixed mode, tiered, compressed oops, compressed class ptrs, g1 gc, windows-amd64)
# No core dump will be written. Minidumps are not enabled by default on client versions of Windows
#

---------------  S U M M A R Y ------------

Command Line: --add-opens=java.base/java.util=ALL-UNNAMED --add-opens=java.base/java.lang=ALL-UNNAMED --add-opens=java.base/java.lang.invoke=ALL-UNNAMED --add-opens=java.prefs/java.util.prefs=ALL-UNNAMED --add-opens=java.base/java.nio.charset=ALL-UNNAMED --add-opens=java.base/java.net=ALL-UNNAMED --add-opens=java.base/java.util.concurrent.atomic=ALL-UNNAMED -Xmx2048m -Dfile.encoding=UTF-8 -Duser.country=CN -Duser.language=zh -Duser.variant org.gradle.launcher.daemon.bootstrap.GradleDaemon 8.0

Host: AMD Ryzen 5 3500U with Radeon Vega Mobile Gfx  , 8 cores, 6G,  Windows 11 , 64 bit Build 22000 (10.0.22000.1761)
Time: Tue Jun 27 23:19:48 2023  Windows 11 , 64 bit Build 22000 (10.0.22000.1761) elapsed time: 9.304898 seconds (0d 0h 0m 9s)

---------------  T H R E A D  ---------------

Current thread (0x00000238427a5060):  VMThread "VM Thread" [stack: 0x0000009057200000,0x0000009057300000] [id=6536]

Stack: [0x0000009057200000,0x0000009057300000]
Native frames: (J=compiled Java code, j=interpreted, Vv=VM code, C=native code)
V  [jvm.dll+0x683b4a]
V  [jvm.dll+0x842654]
V  [jvm.dll+0x843dfe]
V  [jvm.dll+0x844463]
V  [jvm.dll+0x249b75]
V  [jvm.dll+0x680a19]
V  [jvm.dll+0x674f0a]
V  [jvm.dll+0x309acb]
V  [jvm.dll+0x310f86]
V  [jvm.dll+0x3608ee]
V  [jvm.dll+0x360b1f]
V  [jvm.dll+0x2dfbf8]
V  [jvm.dll+0x2e2ce6]
V  [jvm.dll+0x2ed478]
V  [jvm.dll+0x322150]
V  [jvm.dll+0x84893b]
V  [jvm.dll+0x849674]
V  [jvm.dll+0x849b8d]
V  [jvm.dll+0x849f64]
V  [jvm.dll+0x84a030]
V  [jvm.dll+0x7f25fa]
V  [jvm.dll+0x682985]
C  [ucrtbase.dll+0x26c0c]
C  [KERNEL32.DLL+0x15590]
C  [ntdll.dll+0x485b]

VM_Operation (0x0000009056effa00): G1Concurrent, mode: safepoint, requested by thread 0x00000238289d1b70


---------------  P R O C E S S  ---------------

Threads class SMR info:
_java_thread_list=0x0000023846fb0510, length=126, elements={
0x0000023828966090, 0x00000238427c6010, 0x00000238427c88e0, 0x000002384307c400,
0x000002384307ccc0, 0x000002384307db90, 0x000002384308f580, 0x0000023843090260,
0x0000023843091470, 0x00000238430aecb0, 0x000002384322e5c0, 0x000002384324db60,
0x00000238440972a0, 0x000002384485d6e0, 0x0000023843760f40, 0x000002384479b220,
0x00000238468b1810, 0x0000023845878600, 0x000002384468f7d0, 0x0000023844721420,
0x0000023843328030, 0x0000023843328500, 0x00000238433289d0, 0x0000023843329370,
0x0000023843329840, 0x00000238433271c0, 0x0000023843327b60, 0x0000023843329d10,
0x0000023843326350, 0x0000023843326820, 0x0000023843326cf0, 0x000002384873d3c0,
0x000002384873c550, 0x000002384873e230, 0x000002384873e700, 0x000002384873bbb0,
0x000002384873ca20, 0x000002384873c080, 0x00000238470e1970, 0x000002384873dd60,
0x00000238461ba0a0, 0x00000238461b66e0, 0x00000238461ba570, 0x00000238461b5d40,
0x00000238461b6210, 0x00000238461bb3e0, 0x00000238461bb8b0, 0x00000238461b4060,
0x00000238461b7550, 0x00000238461b53a0, 0x00000238461b6bb0, 0x00000238461b4530,
0x00000238461b7a20, 0x00000238461baa40, 0x00000238461b83c0, 0x00000238461b4a00,
0x00000238461b7ef0, 0x00000238461b9bd0, 0x00000238461b8890, 0x00000238461b4ed0,
0x00000238461b8d60, 0x00000238461b9230, 0x00000238461b9700, 0x00000238461baf10,
0x0000023846642740, 0x000002384663ed80, 0x000002384663f720, 0x0000023846643f50,
0x00000238466430e0, 0x000002384663f250, 0x0000023846643a80, 0x0000023846644420,
0x0000023846642c10, 0x0000023846641400, 0x000002384663e3e0, 0x000002384663d570,
0x000002384663fbf0, 0x00000238466418d0, 0x000002384663e8b0, 0x00000238466400c0,
0x0000023846640590, 0x0000023846641da0, 0x000002384663df10, 0x00000238466448f0,
0x0000023846640a60, 0x00000238466435b0, 0x000002384663d0a0, 0x0000023846640f30,
0x0000023846642270, 0x000002384663da40, 0x0000023845f0ffa0, 0x0000023845f10470,
0x0000023845f112e0, 0x0000023845f10940, 0x0000023845f117b0, 0x0000023845f0f130,
0x0000023845f11c80, 0x0000023845f0e790, 0x0000023845f12af0, 0x0000023845f14ca0,
0x0000023845f0fad0, 0x0000023845f0ddf0, 0x0000023845f13e30, 0x0000023845f13960,
0x0000023845f10e10, 0x0000023845f14300, 0x0000023845f0e2c0, 0x0000023845f0ec60,
0x0000023845f12150, 0x0000023845f0f600, 0x0000023845f12620, 0x0000023845f13490,
0x0000023845f12fc0, 0x0000023845f0d450, 0x0000023845f147d0, 0x0000023845f0d920,
0x0000023848a93610, 0x0000023848a94e20, 0x0000023848a957c0, 0x0000023848a95c90,
0x0000023848a93140, 0x0000023848a96160, 0x0000023848a93ae0, 0x0000023848a94480,
0x0000023848a94950, 0x0000023848a952f0
}

Java Threads: ( => current thread )
  0x0000023828966090 JavaThread "main" [_thread_blocked, id=13752, stack(0x0000009056c00000,0x0000009056d00000)]
  0x00000238427c6010 JavaThread "Reference Handler" daemon [_thread_blocked, id=14468, stack(0x0000009057300000,0x0000009057400000)]
  0x00000238427c88e0 JavaThread "Finalizer" daemon [_thread_blocked, id=7260, stack(0x0000009057400000,0x0000009057500000)]
  0x000002384307c400 JavaThread "Signal Dispatcher" daemon [_thread_blocked, id=18436, stack(0x0000009057500000,0x0000009057600000)]
  0x000002384307ccc0 JavaThread "Attach Listener" daemon [_thread_blocked, id=7552, stack(0x0000009057600000,0x0000009057700000)]
  0x000002384307db90 JavaThread "Service Thread" daemon [_thread_blocked, id=20836, stack(0x0000009057700000,0x0000009057800000)]
  0x000002384308f580 JavaThread "Monitor Deflation Thread" daemon [_thread_blocked, id=9492, stack(0x0000009057800000,0x0000009057900000)]
  0x0000023843090260 JavaThread "C2 CompilerThread0" daemon [_thread_blocked, id=21176, stack(0x0000009057900000,0x0000009057a00000)]
  0x0000023843091470 JavaThread "C1 CompilerThread0" daemon [_thread_blocked, id=2184, stack(0x0000009057a00000,0x0000009057b00000)]
  0x00000238430aecb0 JavaThread "Sweeper thread" daemon [_thread_blocked, id=316, stack(0x0000009057b00000,0x0000009057c00000)]
  0x000002384322e5c0 JavaThread "Common-Cleaner" daemon [_thread_blocked, id=13212, stack(0x0000009057c00000,0x0000009057d00000)]
  0x000002384324db60 JavaThread "Notification Thread" daemon [_thread_blocked, id=11500, stack(0x0000009057d00000,0x0000009057e00000)]
  0x00000238440972a0 JavaThread "Daemon health stats" [_thread_blocked, id=13140, stack(0x0000009058500000,0x0000009058600000)]
  0x000002384485d6e0 JavaThread "Incoming local TCP Connector on port 59598" [_thread_in_native, id=20756, stack(0x0000009058600000,0x0000009058700000)]
  0x0000023843760f40 JavaThread "Daemon periodic checks" [_thread_blocked, id=15776, stack(0x0000009058000000,0x0000009058100000)]
  0x000002384479b220 JavaThread "Daemon" [_thread_blocked, id=3712, stack(0x0000009058700000,0x0000009058800000)]
  0x00000238468b1810 JavaThread "Handler for socket connection from /127.0.0.1:59598 to /127.0.0.1:59599" [_thread_in_native, id=10008, stack(0x0000009058800000,0x0000009058900000)]
  0x0000023845878600 JavaThread "Cancel handler" [_thread_blocked, id=10956, stack(0x0000009058900000,0x0000009058a00000)]
  0x000002384468f7d0 JavaThread "Daemon worker" [_thread_blocked, id=1848, stack(0x0000009058a00000,0x0000009058b00000)]
  0x0000023844721420 JavaThread "Asynchronous log dispatcher for DefaultDaemonConnection: socket connection from /127.0.0.1:59598 to /127.0.0.1:59599" [_thread_blocked, id=12868, stack(0x0000009058b00000,0x0000009058c00000)]
  0x0000023843328030 JavaThread "Stdin handler" [_thread_blocked, id=17716, stack(0x0000009058c00000,0x0000009058d00000)]
  0x0000023843328500 JavaThread "Daemon client event forwarder" [_thread_blocked, id=18960, stack(0x0000009058d00000,0x0000009058e00000)]
  0x00000238433289d0 JavaThread "Cache worker for journal cache (C:\Users\an'zhi'lin\.gradle\caches\journal-1)" [_thread_blocked, id=21260, stack(0x0000009059200000,0x0000009059300000)]
  0x0000023843329370 JavaThread "File lock request listener" [_thread_in_native, id=18128, stack(0x0000009059300000,0x0000009059400000)]
  0x0000023843329840 JavaThread "Cache worker for file hash cache (C:\Users\an'zhi'lin\.gradle\caches\8.0\fileHashes)" [_thread_blocked, id=9100, stack(0x0000009059400000,0x0000009059500000)]
  0x00000238433271c0 JavaThread "File watcher server" daemon [_thread_in_native, id=14740, stack(0x0000009059500000,0x0000009059600000)]
  0x0000023843327b60 JavaThread "File watcher consumer" daemon [_thread_blocked, id=15976, stack(0x0000009059600000,0x0000009059700000)]
  0x0000023843329d10 JavaThread "Cache worker for checksums cache (D:\android_project\test1\.gradle\8.0\checksums)" [_thread_blocked, id=11772, stack(0x0000009059700000,0x0000009059800000)]
  0x0000023843326350 JavaThread "Cache worker for cache directory md-rule (C:\Users\an'zhi'lin\.gradle\caches\8.0\md-rule)" [_thread_blocked, id=12816, stack(0x0000009059800000,0x0000009059900000)]
  0x0000023843326820 JavaThread "Cache worker for file content cache (C:\Users\an'zhi'lin\.gradle\caches\8.0\fileContent)" [_thread_blocked, id=6364, stack(0x0000009059900000,0x0000009059a00000)]
  0x0000023843326cf0 JavaThread "Cache worker for file hash cache (D:\android_project\test1\.gradle\8.0\fileHashes)" [_thread_blocked, id=13244, stack(0x0000009059a00000,0x0000009059b00000)]
  0x000002384873d3c0 JavaThread "Cache worker for cache directory md-supplier (C:\Users\an'zhi'lin\.gradle\caches\8.0\md-supplier)" [_thread_blocked, id=19580, stack(0x0000009059b00000,0x0000009059c00000)]
  0x000002384873c550 JavaThread "Cache worker for execution history cache (C:\Users\an'zhi'lin\.gradle\caches\8.0\executionHistory)" [_thread_blocked, id=21028, stack(0x0000009057f00000,0x0000009058000000)]
  0x000002384873e230 JavaThread "jar transforms" [_thread_blocked, id=6284, stack(0x0000009059d00000,0x0000009059e00000)]
  0x000002384873e700 JavaThread "jar transforms Thread 2" [_thread_blocked, id=8616, stack(0x0000009059e00000,0x0000009059f00000)]
  0x000002384873bbb0 JavaThread "jar transforms Thread 3" [_thread_blocked, id=15736, stack(0x000000905a000000,0x000000905a100000)]
  0x000002384873ca20 JavaThread "jar transforms Thread 4" [_thread_blocked, id=21444, stack(0x000000905a100000,0x000000905a200000)]
  0x000002384873c080 JavaThread "Cache worker for dependencies-accessors (D:\android_project\test1\.gradle\8.0\dependencies-accessors)" [_thread_blocked, id=12440, stack(0x000000905a200000,0x000000905a300000)]
  0x00000238470e1970 JavaThread "C2 CompilerThread1" daemon [_thread_blocked, id=13316, stack(0x0000009059c00000,0x0000009059d00000)]
  0x000002384873dd60 JavaThread "jar transforms Thread 5" [_thread_blocked, id=12188, stack(0x000000905a300000,0x000000905a400000)]
  0x00000238461ba0a0 JavaThread "Cache worker for Build Output Cleanup Cache (D:\android_project\test1\.gradle\buildOutputCleanup)" [_thread_blocked, id=20996, stack(0x000000905a400000,0x000000905a500000)]
  0x00000238461b66e0 JavaThread "Unconstrained build operations" [_thread_blocked, id=19512, stack(0x000000905a500000,0x000000905a600000)]
  0x00000238461ba570 JavaThread "Unconstrained build operations Thread 2" [_thread_blocked, id=20048, stack(0x000000905a600000,0x000000905a700000)]
  0x00000238461b5d40 JavaThread "Unconstrained build operations Thread 3" [_thread_blocked, id=20824, stack(0x000000905a700000,0x000000905a800000)]
  0x00000238461b6210 JavaThread "Unconstrained build operations Thread 4" [_thread_blocked, id=17992, stack(0x000000905a800000,0x000000905a900000)]
  0x00000238461bb3e0 JavaThread "Unconstrained build operations Thread 5" [_thread_blocked, id=10208, stack(0x000000905a900000,0x000000905aa00000)]
  0x00000238461bb8b0 JavaThread "Unconstrained build operations Thread 6" [_thread_blocked, id=18812, stack(0x000000905aa00000,0x000000905ab00000)]
  0x00000238461b4060 JavaThread "Unconstrained build operations Thread 7" [_thread_blocked, id=14596, stack(0x000000905ab00000,0x000000905ac00000)]
  0x00000238461b7550 JavaThread "Unconstrained build operations Thread 8" [_thread_blocked, id=18684, stack(0x000000905ac00000,0x000000905ad00000)]
  0x00000238461b53a0 JavaThread "Unconstrained build operations Thread 9" [_thread_blocked, id=3144, stack(0x000000905ad00000,0x000000905ae00000)]
  0x00000238461b6bb0 JavaThread "Unconstrained build operations Thread 10" [_thread_blocked, id=3420, stack(0x000000905ae00000,0x000000905af00000)]
  0x00000238461b4530 JavaThread "Unconstrained build operations Thread 11" [_thread_blocked, id=16220, stack(0x000000905af00000,0x000000905b000000)]
  0x00000238461b7a20 JavaThread "Unconstrained build operations Thread 12" [_thread_blocked, id=21328, stack(0x000000905b000000,0x000000905b100000)]
  0x00000238461baa40 JavaThread "Unconstrained build operations Thread 13" [_thread_blocked, id=1732, stack(0x000000905b100000,0x000000905b200000)]
  0x00000238461b83c0 JavaThread "Unconstrained build operations Thread 14" [_thread_blocked, id=5472, stack(0x000000905b200000,0x000000905b300000)]
  0x00000238461b4a00 JavaThread "Unconstrained build operations Thread 15" [_thread_blocked, id=14584, stack(0x000000905b300000,0x000000905b400000)]
  0x00000238461b7ef0 JavaThread "Unconstrained build operations Thread 16" [_thread_blocked, id=2024, stack(0x000000905b400000,0x000000905b500000)]
  0x00000238461b9bd0 JavaThread "Unconstrained build operations Thread 17" [_thread_blocked, id=17460, stack(0x000000905b500000,0x000000905b600000)]
  0x00000238461b8890 JavaThread "Unconstrained build operations Thread 18" [_thread_blocked, id=19896, stack(0x000000905b600000,0x000000905b700000)]
  0x00000238461b4ed0 JavaThread "Unconstrained build operations Thread 19" [_thread_blocked, id=13472, stack(0x000000905b700000,0x000000905b800000)]
  0x00000238461b8d60 JavaThread "Unconstrained build operations Thread 20" [_thread_blocked, id=8840, stack(0x000000905b800000,0x000000905b900000)]
  0x00000238461b9230 JavaThread "Unconstrained build operations Thread 21" [_thread_blocked, id=2408, stack(0x000000905b900000,0x000000905ba00000)]
  0x00000238461b9700 JavaThread "Unconstrained build operations Thread 22" [_thread_blocked, id=19984, stack(0x000000905ba00000,0x000000905bb00000)]
  0x00000238461baf10 JavaThread "Unconstrained build operations Thread 23" [_thread_blocked, id=14856, stack(0x000000905bb00000,0x000000905bc00000)]
  0x0000023846642740 JavaThread "Unconstrained build operations Thread 24" [_thread_blocked, id=18932, stack(0x000000905bc00000,0x000000905bd00000)]
  0x000002384663ed80 JavaThread "Unconstrained build operations Thread 25" [_thread_blocked, id=17808, stack(0x000000905bd00000,0x000000905be00000)]
  0x000002384663f720 JavaThread "Unconstrained build operations Thread 26" [_thread_blocked, id=12780, stack(0x000000905be00000,0x000000905bf00000)]
  0x0000023846643f50 JavaThread "Unconstrained build operations Thread 27" [_thread_blocked, id=11928, stack(0x000000905bf00000,0x000000905c000000)]
  0x00000238466430e0 JavaThread "Unconstrained build operations Thread 28" [_thread_blocked, id=15364, stack(0x000000905c000000,0x000000905c100000)]
  0x000002384663f250 JavaThread "Unconstrained build operations Thread 29" [_thread_blocked, id=12196, stack(0x000000905c100000,0x000000905c200000)]
  0x0000023846643a80 JavaThread "Unconstrained build operations Thread 30" [_thread_blocked, id=20088, stack(0x000000905c200000,0x000000905c300000)]
  0x0000023846644420 JavaThread "Unconstrained build operations Thread 31" [_thread_blocked, id=20140, stack(0x000000905c300000,0x000000905c400000)]
  0x0000023846642c10 JavaThread "Unconstrained build operations Thread 32" [_thread_blocked, id=16624, stack(0x000000905c400000,0x000000905c500000)]
  0x0000023846641400 JavaThread "Unconstrained build operations Thread 33" [_thread_blocked, id=17508, stack(0x000000905c500000,0x000000905c600000)]
  0x000002384663e3e0 JavaThread "Unconstrained build operations Thread 34" [_thread_blocked, id=3908, stack(0x000000905c600000,0x000000905c700000)]
  0x000002384663d570 JavaThread "Unconstrained build operations Thread 35" [_thread_blocked, id=20304, stack(0x000000905c700000,0x000000905c800000)]
  0x000002384663fbf0 JavaThread "Unconstrained build operations Thread 36" [_thread_blocked, id=19588, stack(0x000000905c800000,0x000000905c900000)]
  0x00000238466418d0 JavaThread "Unconstrained build operations Thread 37" [_thread_blocked, id=18788, stack(0x000000905c900000,0x000000905ca00000)]
  0x000002384663e8b0 JavaThread "Unconstrained build operations Thread 38" [_thread_blocked, id=21384, stack(0x000000905ca00000,0x000000905cb00000)]
  0x00000238466400c0 JavaThread "Unconstrained build operations Thread 39" [_thread_blocked, id=3200, stack(0x000000905cb00000,0x000000905cc00000)]
  0x0000023846640590 JavaThread "Unconstrained build operations Thread 40" [_thread_blocked, id=9668, stack(0x000000905cc00000,0x000000905cd00000)]
  0x0000023846641da0 JavaThread "Unconstrained build operations Thread 41" [_thread_blocked, id=17096, stack(0x000000905cd00000,0x000000905ce00000)]
  0x000002384663df10 JavaThread "Unconstrained build operations Thread 42" [_thread_blocked, id=13136, stack(0x000000905ce00000,0x000000905cf00000)]
  0x00000238466448f0 JavaThread "Unconstrained build operations Thread 43" [_thread_blocked, id=16840, stack(0x000000905cf00000,0x000000905d000000)]
  0x0000023846640a60 JavaThread "Unconstrained build operations Thread 44" [_thread_blocked, id=11680, stack(0x000000905d000000,0x000000905d100000)]
  0x00000238466435b0 JavaThread "Unconstrained build operations Thread 45" [_thread_blocked, id=18116, stack(0x000000905d100000,0x000000905d200000)]
  0x000002384663d0a0 JavaThread "Unconstrained build operations Thread 46" [_thread_blocked, id=10724, stack(0x000000905d200000,0x000000905d300000)]
  0x0000023846640f30 JavaThread "Unconstrained build operations Thread 47" [_thread_blocked, id=9640, stack(0x000000905d300000,0x000000905d400000)]
  0x0000023846642270 JavaThread "Unconstrained build operations Thread 48" [_thread_blocked, id=20912, stack(0x000000905d400000,0x000000905d500000)]
  0x000002384663da40 JavaThread "Unconstrained build operations Thread 49" [_thread_blocked, id=15616, stack(0x000000905d500000,0x000000905d600000)]
  0x0000023845f0ffa0 JavaThread "Unconstrained build operations Thread 50" [_thread_blocked, id=8848, stack(0x000000905d600000,0x000000905d700000)]
  0x0000023845f10470 JavaThread "Unconstrained build operations Thread 51" [_thread_blocked, id=20040, stack(0x000000905d700000,0x000000905d800000)]
  0x0000023845f112e0 JavaThread "Unconstrained build operations Thread 52" [_thread_blocked, id=10880, stack(0x000000905d800000,0x000000905d900000)]
  0x0000023845f10940 JavaThread "Unconstrained build operations Thread 53" [_thread_blocked, id=19624, stack(0x000000905d900000,0x000000905da00000)]
  0x0000023845f117b0 JavaThread "Unconstrained build operations Thread 54" [_thread_blocked, id=2428, stack(0x000000905da00000,0x000000905db00000)]
  0x0000023845f0f130 JavaThread "Unconstrained build operations Thread 55" [_thread_blocked, id=20956, stack(0x000000905db00000,0x000000905dc00000)]
  0x0000023845f11c80 JavaThread "Unconstrained build operations Thread 56" [_thread_blocked, id=14712, stack(0x000000905dc00000,0x000000905dd00000)]
  0x0000023845f0e790 JavaThread "Unconstrained build operations Thread 57" [_thread_blocked, id=7340, stack(0x000000905dd00000,0x000000905de00000)]
  0x0000023845f12af0 JavaThread "Unconstrained build operations Thread 58" [_thread_blocked, id=3436, stack(0x000000905de00000,0x000000905df00000)]
  0x0000023845f14ca0 JavaThread "Unconstrained build operations Thread 59" [_thread_blocked, id=15124, stack(0x000000905df00000,0x000000905e000000)]
  0x0000023845f0fad0 JavaThread "Unconstrained build operations Thread 60" [_thread_blocked, id=19980, stack(0x000000905e000000,0x000000905e100000)]
  0x0000023845f0ddf0 JavaThread "Unconstrained build operations Thread 61" [_thread_blocked, id=14744, stack(0x000000905e100000,0x000000905e200000)]
  0x0000023845f13e30 JavaThread "Unconstrained build operations Thread 62" [_thread_blocked, id=3120, stack(0x000000905e200000,0x000000905e300000)]
  0x0000023845f13960 JavaThread "Unconstrained build operations Thread 63" [_thread_blocked, id=3196, stack(0x000000905e300000,0x000000905e400000)]
  0x0000023845f10e10 JavaThread "Unconstrained build operations Thread 64" [_thread_blocked, id=18360, stack(0x000000905e400000,0x000000905e500000)]
  0x0000023845f14300 JavaThread "Unconstrained build operations Thread 65" [_thread_blocked, id=19448, stack(0x000000905e500000,0x000000905e600000)]
  0x0000023845f0e2c0 JavaThread "Unconstrained build operations Thread 66" [_thread_blocked, id=5132, stack(0x000000905e600000,0x000000905e700000)]
  0x0000023845f0ec60 JavaThread "Unconstrained build operations Thread 67" [_thread_blocked, id=456, stack(0x000000905e700000,0x000000905e800000)]
  0x0000023845f12150 JavaThread "Unconstrained build operations Thread 68" [_thread_blocked, id=17232, stack(0x000000905e800000,0x000000905e900000)]
  0x0000023845f0f600 JavaThread "Unconstrained build operations Thread 69" [_thread_blocked, id=20268, stack(0x000000905e900000,0x000000905ea00000)]
  0x0000023845f12620 JavaThread "Unconstrained build operations Thread 70" [_thread_blocked, id=3028, stack(0x000000905ea00000,0x000000905eb00000)]
  0x0000023845f13490 JavaThread "Unconstrained build operations Thread 71" [_thread_blocked, id=15044, stack(0x000000905eb00000,0x000000905ec00000)]
  0x0000023845f12fc0 JavaThread "Unconstrained build operations Thread 72" [_thread_blocked, id=14304, stack(0x000000905ec00000,0x000000905ed00000)]
  0x0000023845f0d450 JavaThread "Unconstrained build operations Thread 73" [_thread_blocked, id=11132, stack(0x000000905ed00000,0x000000905ee00000)]
  0x0000023845f147d0 JavaThread "Unconstrained build operations Thread 74" [_thread_blocked, id=21492, stack(0x000000905ee00000,0x000000905ef00000)]
  0x0000023845f0d920 JavaThread "Unconstrained build operations Thread 75" [_thread_blocked, id=13348, stack(0x000000905ef00000,0x000000905f000000)]
  0x0000023848a93610 JavaThread "Unconstrained build operations Thread 76" [_thread_blocked, id=17192, stack(0x000000905f000000,0x000000905f100000)]
  0x0000023848a94e20 JavaThread "Unconstrained build operations Thread 77" [_thread_blocked, id=9328, stack(0x000000905f100000,0x000000905f200000)]
  0x0000023848a957c0 JavaThread "Unconstrained build operations Thread 78" [_thread_blocked, id=21288, stack(0x000000905f200000,0x000000905f300000)]
  0x0000023848a95c90 JavaThread "Unconstrained build operations Thread 79" [_thread_blocked, id=2356, stack(0x000000905f300000,0x000000905f400000)]
  0x0000023848a93140 JavaThread "Unconstrained build operations Thread 80" [_thread_blocked, id=11640, stack(0x000000905f400000,0x000000905f500000)]
  0x0000023848a96160 JavaThread "jar transforms Thread 6" [_thread_blocked, id=16000, stack(0x000000905f500000,0x000000905f600000)]
  0x0000023848a93ae0 JavaThread "jar transforms Thread 7" [_thread_blocked, id=19004, stack(0x000000905f600000,0x000000905f700000)]
  0x0000023848a94480 JavaThread "jar transforms Thread 8" [_thread_blocked, id=20788, stack(0x000000905f700000,0x000000905f800000)]
  0x0000023848a94950 JavaThread "build event listener" [_thread_blocked, id=1756, stack(0x000000905f800000,0x000000905f900000)]
  0x0000023848a952f0 JavaThread "Memory manager" [_thread_blocked, id=7100, stack(0x000000905f900000,0x000000905fa00000)]

Other Threads:
=>0x00000238427a5060 VMThread "VM Thread" [stack: 0x0000009057200000,0x0000009057300000] [id=6536]
  0x000002384324ea50 WatcherThread [stack: 0x0000009057e00000,0x0000009057f00000] [id=18008]
  0x00000238289c0bd0 GCTaskThread "GC Thread#0" [stack: 0x0000009056d00000,0x0000009056e00000] [id=21164]
  0x0000023843f790e0 GCTaskThread "GC Thread#1" [stack: 0x0000009058100000,0x0000009058200000] [id=11952]
  0x0000023843f56db0 GCTaskThread "GC Thread#2" [stack: 0x0000009058200000,0x0000009058300000] [id=1112]
  0x0000023843968ff0 GCTaskThread "GC Thread#3" [stack: 0x0000009058300000,0x0000009058400000] [id=1604]
  0x00000238443c0f20 GCTaskThread "GC Thread#4" [stack: 0x0000009058400000,0x0000009058500000] [id=3736]
  0x00000238466f1040 GCTaskThread "GC Thread#5" [stack: 0x0000009058e00000,0x0000009058f00000] [id=3912]
  0x0000023844722110 GCTaskThread "GC Thread#6" [stack: 0x0000009058f00000,0x0000009059000000] [id=13580]
  0x000002384479b6f0 GCTaskThread "GC Thread#7" [stack: 0x0000009059000000,0x0000009059100000] [id=11392]
  0x00000238289d1b70 ConcurrentGCThread "G1 Main Marker" [stack: 0x0000009056e00000,0x0000009056f00000] [id=4716]
  0x00000238289d2c20 ConcurrentGCThread "G1 Conc#0" [stack: 0x0000009056f00000,0x0000009057000000] [id=16628]
  0x000002384626d9c0 ConcurrentGCThread "G1 Conc#1" [stack: 0x0000009059100000,0x0000009059200000] [id=11016]
  0x00000238426020b0 ConcurrentGCThread "G1 Refine#0" [stack: 0x0000009057000000,0x0000009057100000] [id=15884]
  0x00000238443732f0 ConcurrentGCThread "G1 Refine#1" [stack: 0x0000009059f00000,0x000000905a000000] [id=11416]
  0x0000023842602870 ConcurrentGCThread "G1 Service" [stack: 0x0000009057100000,0x0000009057200000] [id=19308]

Threads with active compile tasks:
C2 CompilerThread0     9330 6153       4       java.util.ImmutableCollections$MapN::probe (60 bytes)
C2 CompilerThread1     9330 6122   !   4       java.util.jar.Attributes::read (494 bytes)

VM state: at safepoint (normal execution)

VM Mutex/Monitor currently owned by a thread:  ([mutex/lock_event])
[0x000002382895f5c0] Threads_lock - owner thread: 0x00000238427a5060
[0x0000023828961030] Heap_lock - owner thread: 0x00000238289d1b70

Heap address: 0x0000000080000000, size: 2048 MB, Compressed Oops mode: 32-bit

CDS archive(s) not mapped
Compressed class space mapped at: 0x0000000100000000-0x0000000140000000, reserved size: 1073741824
Narrow klass base: 0x0000000000000000, Narrow klass shift: 3, Narrow klass range: 0x140000000

GC Precious Log:
 CPUs: 8 total, 8 available
 Memory: 7103M
 Large Page Support: Disabled
 NUMA Support: Disabled
 Compressed Oops: Enabled (32-bit)
 Heap Region Size: 1M
 Heap Min Capacity: 8M
 Heap Initial Capacity: 112M
 Heap Max Capacity: 2G
 Pre-touch: Disabled
 Parallel Workers: 8
 Concurrent Workers: 2
 Concurrent Refinement Workers: 8
 Periodic GC: Disabled

Heap:
 garbage-first heap   total 86016K, used 59143K [0x0000000080000000, 0x0000000100000000)
  region size 1024K, 12 young (12288K), 3 survivors (3072K)
 Metaspace       used 62406K, committed 62848K, reserved 1105920K
  class space    used 8258K, committed 8448K, reserved 1048576K

Heap Regions: E=young(eden), S=young(survivor), O=old, HS=humongous(starts), HC=humongous(continues), CS=collection set, F=free, OA=open archive, CA=closed archive, TAMS=top-at-mark-start (previous, next)
|   0|0x0000000080000000, 0x0000000080100000, 0x0000000080100000|100%|HS|  |TAMS 0x0000000080100000, 0x0000000080000000| Complete 
|   1|0x0000000080100000, 0x0000000080200000, 0x0000000080200000|100%|HC|  |TAMS 0x0000000080200000, 0x0000000080100000| Complete 
|   2|0x0000000080200000, 0x0000000080300000, 0x0000000080300000|100%|HC|  |TAMS 0x0000000080300000, 0x0000000080200000| Complete 
|   3|0x0000000080300000, 0x0000000080400000, 0x0000000080400000|100%|HC|  |TAMS 0x0000000080400000, 0x0000000080300000| Complete 
|   4|0x0000000080400000, 0x0000000080500000, 0x0000000080500000|100%| O|  |TAMS 0x0000000080500000, 0x0000000080400000| Untracked 
|   5|0x0000000080500000, 0x0000000080600000, 0x0000000080600000|100%| O|  |TAMS 0x0000000080600000, 0x0000000080500000| Untracked 
|   6|0x0000000080600000, 0x0000000080700000, 0x0000000080700000|100%| O|  |TAMS 0x0000000080700000, 0x0000000080600000| Untracked 
|   7|0x0000000080700000, 0x0000000080800000, 0x0000000080800000|100%| O|  |TAMS 0x0000000080800000, 0x0000000080700000| Untracked 
|   8|0x0000000080800000, 0x0000000080900000, 0x0000000080900000|100%| O|  |TAMS 0x0000000080900000, 0x0000000080800000| Untracked 
|   9|0x0000000080900000, 0x0000000080a00000, 0x0000000080a00000|100%| O|  |TAMS 0x0000000080a00000, 0x0000000080900000| Updating 
|  10|0x0000000080a00000, 0x0000000080b00000, 0x0000000080b00000|100%| O|  |TAMS 0x0000000080b00000, 0x0000000080a00000| Untracked 
|  11|0x0000000080b00000, 0x0000000080b43a00, 0x0000000080c00000| 26%| O|  |TAMS 0x0000000080b43a00, 0x0000000080b00000| Updating 
|  12|0x0000000080c00000, 0x0000000080d00000, 0x0000000080d00000|100%| O|  |TAMS 0x0000000080d00000, 0x0000000080c00000| Untracked 
|  13|0x0000000080d00000, 0x0000000080e00000, 0x0000000080e00000|100%| O|  |TAMS 0x0000000080e00000, 0x0000000080d00000| Untracked 
|  14|0x0000000080e00000, 0x0000000080f00000, 0x0000000080f00000|100%| O|  |TAMS 0x0000000080f00000, 0x0000000080e00000| Untracked 
|  15|0x0000000080f00000, 0x0000000081000000, 0x0000000081000000|100%| O|  |TAMS 0x0000000081000000, 0x0000000080f00000| Untracked 
|  16|0x0000000081000000, 0x0000000081100000, 0x0000000081100000|100%| O|  |TAMS 0x0000000081100000, 0x0000000081000000| Untracked 
|  17|0x0000000081100000, 0x0000000081200000, 0x0000000081200000|100%| O|  |TAMS 0x0000000081200000, 0x0000000081100000| Untracked 
|  18|0x0000000081200000, 0x0000000081300000, 0x0000000081300000|100%| O|  |TAMS 0x0000000081300000, 0x0000000081200000| Untracked 
|  19|0x0000000081300000, 0x0000000081400000, 0x0000000081400000|100%| O|  |TAMS 0x0000000081400000, 0x0000000081300000| Untracked 
|  20|0x0000000081400000, 0x0000000081500000, 0x0000000081500000|100%| O|  |TAMS 0x0000000081500000, 0x0000000081400000| Untracked 
|  21|0x0000000081500000, 0x0000000081600000, 0x0000000081600000|100%| O|  |TAMS 0x0000000081600000, 0x0000000081500000| Untracked 
|  22|0x0000000081600000, 0x0000000081700000, 0x0000000081700000|100%| O|  |TAMS 0x0000000081700000, 0x0000000081600000| Untracked 
|  23|0x0000000081700000, 0x0000000081800000, 0x0000000081800000|100%| O|  |TAMS 0x0000000081800000, 0x0000000081700000| Updating 
|  24|0x0000000081800000, 0x0000000081900000, 0x0000000081900000|100%| O|  |TAMS 0x0000000081900000, 0x0000000081800000| Updating 
|  25|0x0000000081900000, 0x0000000081a00000, 0x0000000081a00000|100%| O|  |TAMS 0x0000000081a00000, 0x0000000081900000| Untracked 
|  26|0x0000000081a00000, 0x0000000081b00000, 0x0000000081b00000|100%| O|  |TAMS 0x0000000081b00000, 0x0000000081a00000| Untracked 
|  27|0x0000000081b00000, 0x0000000081c00000, 0x0000000081c00000|100%| O|  |TAMS 0x0000000081c00000, 0x0000000081b00000| Updating 
|  28|0x0000000081c00000, 0x0000000081d00000, 0x0000000081d00000|100%| O|  |TAMS 0x0000000081d00000, 0x0000000081c00000| Untracked 
|  29|0x0000000081d00000, 0x0000000081e00000, 0x0000000081e00000|100%| O|  |TAMS 0x0000000081e00000, 0x0000000081d00000| Untracked 
|  30|0x0000000081e00000, 0x0000000081f00000, 0x0000000081f00000|100%| O|  |TAMS 0x0000000081f00000, 0x0000000081e00000| Updating 
|  31|0x0000000081f00000, 0x0000000082000000, 0x0000000082000000|100%| O|  |TAMS 0x0000000082000000, 0x0000000081f00000| Untracked 
|  32|0x0000000082000000, 0x0000000082100000, 0x0000000082100000|100%| O|  |TAMS 0x0000000082100000, 0x0000000082000000| Updating 
|  33|0x0000000082100000, 0x0000000082200000, 0x0000000082200000|100%|HS|  |TAMS 0x0000000082200000, 0x0000000082100000| Complete 
|  34|0x0000000082200000, 0x0000000082300000, 0x0000000082300000|100%|HS|  |TAMS 0x0000000082300000, 0x0000000082200000| Complete 
|  35|0x0000000082300000, 0x0000000082400000, 0x0000000082400000|100%| O|  |TAMS 0x0000000082400000, 0x0000000082300000| Untracked 
|  36|0x0000000082400000, 0x0000000082500000, 0x0000000082500000|100%| O|  |TAMS 0x0000000082500000, 0x0000000082400000| Untracked 
|  37|0x0000000082500000, 0x0000000082600000, 0x0000000082600000|100%| O|  |TAMS 0x0000000082600000, 0x0000000082500000| Untracked 
|  38|0x0000000082600000, 0x0000000082700000, 0x0000000082700000|100%| O|  |TAMS 0x0000000082700000, 0x0000000082600000| Untracked 
|  39|0x0000000082700000, 0x0000000082800000, 0x0000000082800000|100%| O|  |TAMS 0x0000000082800000, 0x0000000082700000| Updating 
|  40|0x0000000082800000, 0x0000000082900000, 0x0000000082900000|100%| O|  |TAMS 0x0000000082900000, 0x0000000082800000| Untracked 
|  41|0x0000000082900000, 0x0000000082a00000, 0x0000000082a00000|100%| O|  |TAMS 0x0000000082a00000, 0x0000000082900000| Untracked 
|  42|0x0000000082a00000, 0x0000000082b00000, 0x0000000082b00000|100%| O|  |TAMS 0x0000000082b00000, 0x0000000082a00000| Untracked 
|  43|0x0000000082b00000, 0x0000000082c00000, 0x0000000082c00000|100%| O|  |TAMS 0x0000000082c00000, 0x0000000082b00000| Untracked 
|  44|0x0000000082c00000, 0x0000000082c84400, 0x0000000082d00000| 51%| O|  |TAMS 0x0000000082c84400, 0x0000000082c00000| Updating 
|  45|0x0000000082d00000, 0x0000000082e00000, 0x0000000082e00000|100%|HS|  |TAMS 0x0000000082d00000, 0x0000000082d00000| Complete 
|  46|0x0000000082e00000, 0x0000000082f00000, 0x0000000082f00000|100%|HS|  |TAMS 0x0000000082e00000, 0x0000000082e00000| Complete 
|  47|0x0000000082f00000, 0x0000000083000000, 0x0000000083000000|100%|HS|  |TAMS 0x0000000082f00000, 0x0000000082f00000| Complete 
|  48|0x0000000083000000, 0x0000000083100000, 0x0000000083100000|100%|HS|  |TAMS 0x0000000083000000, 0x0000000083000000| Complete 
|  49|0x0000000083100000, 0x0000000083100000, 0x0000000083200000|  0%| F|  |TAMS 0x0000000083100000, 0x0000000083100000| Untracked 
|  50|0x0000000083200000, 0x0000000083200000, 0x0000000083300000|  0%| F|  |TAMS 0x0000000083200000, 0x0000000083200000| Untracked 
|  51|0x0000000083300000, 0x0000000083300000, 0x0000000083400000|  0%| F|  |TAMS 0x0000000083300000, 0x0000000083300000| Untracked 
|  52|0x0000000083400000, 0x0000000083400000, 0x0000000083500000|  0%| F|  |TAMS 0x0000000083400000, 0x0000000083400000| Untracked 
|  53|0x0000000083500000, 0x0000000083500000, 0x0000000083600000|  0%| F|  |TAMS 0x0000000083500000, 0x0000000083500000| Untracked 
|  54|0x0000000083600000, 0x0000000083600000, 0x0000000083700000|  0%| F|  |TAMS 0x0000000083600000, 0x0000000083600000| Untracked 
|  55|0x0000000083700000, 0x0000000083700000, 0x0000000083800000|  0%| F|  |TAMS 0x0000000083700000, 0x0000000083700000| Untracked 
|  56|0x0000000083800000, 0x0000000083800000, 0x0000000083900000|  0%| F|  |TAMS 0x0000000083800000, 0x0000000083800000| Untracked 
|  57|0x0000000083900000, 0x0000000083900000, 0x0000000083a00000|  0%| F|  |TAMS 0x0000000083900000, 0x0000000083900000| Untracked 
|  58|0x0000000083a00000, 0x0000000083a00000, 0x0000000083b00000|  0%| F|  |TAMS 0x0000000083a00000, 0x0000000083a00000| Untracked 
|  59|0x0000000083b00000, 0x0000000083b00000, 0x0000000083c00000|  0%| F|  |TAMS 0x0000000083b00000, 0x0000000083b00000| Untracked 
|  60|0x0000000083c00000, 0x0000000083cf9e78, 0x0000000083d00000| 97%| S|CS|TAMS 0x0000000083c00000, 0x0000000083c00000| Complete 
|  61|0x0000000083d00000, 0x0000000083d00000, 0x0000000083e00000|  0%| F|  |TAMS 0x0000000083d00000, 0x0000000083d00000| Untracked 
|  62|0x0000000083e00000, 0x0000000083f00000, 0x0000000083f00000|100%| S|CS|TAMS 0x0000000083e00000, 0x0000000083e00000| Complete 
|  63|0x0000000083f00000, 0x0000000084000000, 0x0000000084000000|100%| S|CS|TAMS 0x0000000083f00000, 0x0000000083f00000| Complete 
|  64|0x0000000084000000, 0x0000000084000000, 0x0000000084100000|  0%| F|  |TAMS 0x0000000084000000, 0x0000000084000000| Untracked 
|  65|0x0000000084100000, 0x0000000084100000, 0x0000000084200000|  0%| F|  |TAMS 0x0000000084100000, 0x0000000084100000| Untracked 
|  66|0x0000000084200000, 0x0000000084200000, 0x0000000084300000|  0%| F|  |TAMS 0x0000000084200000, 0x0000000084200000| Untracked 
|  67|0x0000000084300000, 0x0000000084300000, 0x0000000084400000|  0%| F|  |TAMS 0x0000000084300000, 0x0000000084300000| Untracked 
|  68|0x0000000084400000, 0x0000000084400000, 0x0000000084500000|  0%| F|  |TAMS 0x0000000084400000, 0x0000000084400000| Untracked 
|  69|0x0000000084500000, 0x0000000084500000, 0x0000000084600000|  0%| F|  |TAMS 0x0000000084500000, 0x0000000084500000| Untracked 
|  70|0x0000000084600000, 0x0000000084600000, 0x0000000084700000|  0%| F|  |TAMS 0x0000000084600000, 0x0000000084600000| Untracked 
|  71|0x0000000084700000, 0x0000000084700000, 0x0000000084800000|  0%| F|  |TAMS 0x0000000084700000, 0x0000000084700000| Untracked 
|  72|0x0000000084800000, 0x0000000084800000, 0x0000000084900000|  0%| F|  |TAMS 0x0000000084800000, 0x0000000084800000| Untracked 
|  73|0x0000000084900000, 0x0000000084900000, 0x0000000084a00000|  0%| F|  |TAMS 0x0000000084900000, 0x0000000084900000| Untracked 
|  74|0x0000000084a00000, 0x0000000084a00000, 0x0000000084b00000|  0%| F|  |TAMS 0x0000000084a00000, 0x0000000084a00000| Untracked 
|  75|0x0000000084b00000, 0x0000000084b64da0, 0x0000000084c00000| 39%| E|  |TAMS 0x0000000084b00000, 0x0000000084b00000| Complete 
|  76|0x0000000084c00000, 0x0000000084d00000, 0x0000000084d00000|100%| E|CS|TAMS 0x0000000084c00000, 0x0000000084c00000| Complete 
|  77|0x0000000084d00000, 0x0000000084e00000, 0x0000000084e00000|100%| E|CS|TAMS 0x0000000084d00000, 0x0000000084d00000| Complete 
|  78|0x0000000084e00000, 0x0000000084f00000, 0x0000000084f00000|100%| E|CS|TAMS 0x0000000084e00000, 0x0000000084e00000| Complete 
|  79|0x0000000084f00000, 0x0000000085000000, 0x0000000085000000|100%| E|CS|TAMS 0x0000000084f00000, 0x0000000084f00000| Complete 
|  80|0x0000000085000000, 0x0000000085100000, 0x0000000085100000|100%| E|CS|TAMS 0x0000000085000000, 0x0000000085000000| Complete 
|  81|0x0000000085100000, 0x0000000085200000, 0x0000000085200000|100%| E|  |TAMS 0x0000000085100000, 0x0000000085100000| Complete 
|  82|0x0000000085200000, 0x0000000085300000, 0x0000000085300000|100%| E|CS|TAMS 0x0000000085200000, 0x0000000085200000| Complete 
| 111|0x0000000086f00000, 0x0000000087000000, 0x0000000087000000|100%| E|CS|TAMS 0x0000000086f00000, 0x0000000086f00000| Complete 

Card table byte_map: [0x000002383b560000,0x000002383b960000] _byte_map_base: 0x000002383b160000

Marking Bits (Prev, Next): (CMBitMap*) 0x00000238289c10e0, (CMBitMap*) 0x00000238289c1120
 Prev Bits: [0x000002383bd60000, 0x000002383dd60000)
 Next Bits: [0x000002383dd60000, 0x000002383fd60000)

Polling page: 0x0000023826ae0000

Metaspace:

Usage:
  Non-class:     52.88 MB used.
      Class:      8.06 MB used.
       Both:     60.94 MB used.

Virtual space:
  Non-class space:       56.00 MB reserved,      53.12 MB ( 95%) committed,  7 nodes.
      Class space:        1.00 GB reserved,       8.25 MB ( <1%) committed,  1 nodes.
             Both:        1.05 GB reserved,      61.38 MB (  6%) committed. 

Chunk freelists:
   Non-Class:  2.38 MB
       Class:  3.64 MB
        Both:  6.02 MB

MaxMetaspaceSize: unlimited
CompressedClassSpaceSize: 1.00 GB
Initial GC threshold: 21.00 MB
Current GC threshold: 96.38 MB
CDS: off
MetaspaceReclaimPolicy: balanced
 - commit_granule_bytes: 65536.
 - commit_granule_words: 8192.
 - virtual_space_node_default_size: 1048576.
 - enlarge_chunks_in_place: 1.
 - new_chunks_are_fully_committed: 0.
 - uncommit_free_chunks: 1.
 - use_allocation_guard: 0.
 - handle_deallocations: 1.


Internal statistics:

num_allocs_failed_limit: 6.
num_arena_births: 588.
num_arena_deaths: 0.
num_vsnodes_births: 8.
num_vsnodes_deaths: 0.
num_space_committed: 982.
num_space_uncommitted: 0.
num_chunks_returned_to_freelist: 6.
num_chunks_taken_from_freelist: 2571.
num_chunk_merges: 6.
num_chunk_splits: 1720.
num_chunks_enlarged: 1169.
num_purges: 0.
num_inconsistent_stats: 0.

CodeHeap 'non-profiled nmethods': size=120000Kb used=2554Kb max_used=3386Kb free=117445Kb
 bounds [0x0000023833900000, 0x0000023833c50000, 0x000002383ae30000]
CodeHeap 'profiled nmethods': size=120000Kb used=10218Kb max_used=12292Kb free=109782Kb
 bounds [0x000002382be30000, 0x000002382ca40000, 0x0000023833360000]
CodeHeap 'non-nmethods': size=5760Kb used=2342Kb max_used=2400Kb free=3417Kb
 bounds [0x0000023833360000, 0x00000238335d0000, 0x0000023833900000]
 total_blobs=6166 nmethods=5301 adapters=777
 compilation: enabled
              stopped_count=0, restarted_count=0
 full_count=0

Compilation events (20 events):
Event: 9.251 Thread 0x0000023843091470 6146       3       sun.security.util.SecurityProviderConstants::getAliases (65 bytes)
Event: 9.252 Thread 0x0000023843091470 nmethod 6146 0x000002382c090b90 code [0x000002382c090e00, 0x000002382c091708]
Event: 9.255 Thread 0x0000023843090260 nmethod 5893 0x0000023833a34090 code [0x0000023833a353e0, 0x0000023833a3d588]
Event: 9.256 Thread 0x0000023843090260 6137 %     4       java.math.BigInteger::implMultiplyToLen @ 135 (216 bytes)
Event: 9.275 Thread 0x0000023843090260 nmethod 6137% 0x0000023833938810 code [0x00000238339389a0, 0x0000023833938ef8]
Event: 9.275 Thread 0x0000023843090260 6148 %     4       sun.security.util.ManifestDigester::findSection @ 27 (181 bytes)
Event: 9.279 Thread 0x0000023843090260 nmethod 6148% 0x0000023833949010 code [0x00000238339491a0, 0x00000238339494d8]
Event: 9.279 Thread 0x0000023843090260 6150       4       java.io.ByteArrayOutputStream::ensureCapacity (32 bytes)
Event: 9.283 Thread 0x0000023843090260 nmethod 6150 0x00000238339d7c10 code [0x00000238339d7da0, 0x00000238339d81b8]
Event: 9.283 Thread 0x0000023843090260 6152       4       sun.security.util.ManifestDigester::findSection (181 bytes)
Event: 9.288 Thread 0x0000023843090260 nmethod 6152 0x000002383390f690 code [0x000002383390f820, 0x000002383390fad8]
Event: 9.288 Thread 0x0000023843090260 6153       4       java.util.ImmutableCollections$MapN::probe (60 bytes)
Event: 9.288 Thread 0x0000023843091470 6155       3       sun.security.util.DerValue::toDigit (51 bytes)
Event: 9.289 Thread 0x0000023843091470 nmethod 6155 0x000002382c1bb190 code [0x000002382c1bb3e0, 0x000002382c1bbb08]
Event: 9.289 Thread 0x0000023843091470 6156       3       sun.security.util.DerValue::getOID (76 bytes)
Event: 9.289 Thread 0x0000023843091470 nmethod 6156 0x000002382be81290 code [0x000002382be814e0, 0x000002382be81c38]
Event: 9.289 Thread 0x0000023843091470 6157       3       sun.security.util.ObjectIdentifier::<init> (39 bytes)
Event: 9.290 Thread 0x0000023843091470 nmethod 6157 0x000002382bf65310 code [0x000002382bf654c0, 0x000002382bf65778]
Event: 9.290 Thread 0x0000023843091470 6159       3       java.util.concurrent.ConcurrentHashMap::isEmpty (15 bytes)
Event: 9.290 Thread 0x0000023843091470 nmethod 6159 0x000002382c02b310 code [0x000002382c02b4c0, 0x000002382c02b668]

GC Heap History (20 events):
Event: 4.825 GC heap before
{Heap before GC invocations=6 (full 0):
 garbage-first heap   total 71680K, used 47621K [0x0000000080000000, 0x0000000100000000)
  region size 1024K, 30 young (30720K), 4 survivors (4096K)
 Metaspace       used 35631K, committed 35968K, reserved 1081344K
  class space    used 4882K, committed 5056K, reserved 1048576K
}
Event: 4.831 GC heap after
{Heap after GC invocations=7 (full 0):
 garbage-first heap   total 71680K, used 24205K [0x0000000080000000, 0x0000000100000000)
  region size 1024K, 4 young (4096K), 4 survivors (4096K)
 Metaspace       used 35631K, committed 35968K, reserved 1081344K
  class space    used 4882K, committed 5056K, reserved 1048576K
}
Event: 5.324 GC heap before
{Heap before GC invocations=8 (full 0):
 garbage-first heap   total 71680K, used 51853K [0x0000000080000000, 0x0000000100000000)
  region size 1024K, 32 young (32768K), 4 survivors (4096K)
 Metaspace       used 40397K, committed 40768K, reserved 1089536K
  class space    used 5362K, committed 5504K, reserved 1048576K
}
Event: 5.332 GC heap after
{Heap after GC invocations=9 (full 0):
 garbage-first heap   total 71680K, used 28390K [0x0000000080000000, 0x0000000100000000)
  region size 1024K, 4 young (4096K), 4 survivors (4096K)
 Metaspace       used 40397K, committed 40768K, reserved 1089536K
  class space    used 5362K, committed 5504K, reserved 1048576K
}
Event: 5.804 GC heap before
{Heap before GC invocations=9 (full 0):
 garbage-first heap   total 71680K, used 56038K [0x0000000080000000, 0x0000000100000000)
  region size 1024K, 28 young (28672K), 4 survivors (4096K)
 Metaspace       used 42598K, committed 43008K, reserved 1089536K
  class space    used 5575K, committed 5760K, reserved 1048576K
}
Event: 5.810 GC heap after
{Heap after GC invocations=10 (full 0):
 garbage-first heap   total 71680K, used 30866K [0x0000000080000000, 0x0000000100000000)
  region size 1024K, 3 young (3072K), 3 survivors (3072K)
 Metaspace       used 42598K, committed 43008K, reserved 1089536K
  class space    used 5575K, committed 5760K, reserved 1048576K
}
Event: 6.354 GC heap before
{Heap before GC invocations=10 (full 0):
 garbage-first heap   total 71680K, used 54418K [0x0000000080000000, 0x0000000100000000)
  region size 1024K, 26 young (26624K), 3 survivors (3072K)
 Metaspace       used 45397K, committed 45824K, reserved 1089536K
  class space    used 6025K, committed 6208K, reserved 1048576K
}
Event: 6.361 GC heap after
{Heap after GC invocations=11 (full 0):
 garbage-first heap   total 71680K, used 33131K [0x0000000080000000, 0x0000000100000000)
  region size 1024K, 3 young (3072K), 3 survivors (3072K)
 Metaspace       used 45397K, committed 45824K, reserved 1089536K
  class space    used 6025K, committed 6208K, reserved 1048576K
}
Event: 6.473 GC heap before
{Heap before GC invocations=11 (full 0):
 garbage-first heap   total 71680K, used 37227K [0x0000000080000000, 0x0000000100000000)
  region size 1024K, 9 young (9216K), 3 survivors (3072K)
 Metaspace       used 46076K, committed 46464K, reserved 1089536K
  class space    used 6115K, committed 6272K, reserved 1048576K
}
Event: 6.476 GC heap after
{Heap after GC invocations=12 (full 0):
 garbage-first heap   total 86016K, used 33867K [0x0000000080000000, 0x0000000100000000)
  region size 1024K, 1 young (1024K), 1 survivors (1024K)
 Metaspace       used 46076K, committed 46464K, reserved 1089536K
  class space    used 6115K, committed 6272K, reserved 1048576K
}
Event: 7.203 GC heap before
{Heap before GC invocations=12 (full 0):
 garbage-first heap   total 86016K, used 66635K [0x0000000080000000, 0x0000000100000000)
  region size 1024K, 32 young (32768K), 1 survivors (1024K)
 Metaspace       used 50710K, committed 51136K, reserved 1097728K
  class space    used 6736K, committed 6912K, reserved 1048576K
}
Event: 7.207 GC heap after
{Heap after GC invocations=13 (full 0):
 garbage-first heap   total 86016K, used 34572K [0x0000000080000000, 0x0000000100000000)
  region size 1024K, 2 young (2048K), 2 survivors (2048K)
 Metaspace       used 50710K, committed 51136K, reserved 1097728K
  class space    used 6736K, committed 6912K, reserved 1048576K
}
Event: 7.856 GC heap before
{Heap before GC invocations=13 (full 0):
 garbage-first heap   total 86016K, used 68364K [0x0000000080000000, 0x0000000100000000)
  region size 1024K, 34 young (34816K), 2 survivors (2048K)
 Metaspace       used 51824K, committed 52288K, reserved 1097728K
  class space    used 6847K, committed 7040K, reserved 1048576K
}
Event: 7.861 GC heap after
{Heap after GC invocations=14 (full 0):
 garbage-first heap   total 86016K, used 41034K [0x0000000080000000, 0x0000000100000000)
  region size 1024K, 5 young (5120K), 5 survivors (5120K)
 Metaspace       used 51824K, committed 52288K, reserved 1097728K
  class space    used 6847K, committed 7040K, reserved 1048576K
}
Event: 8.276 GC heap before
{Heap before GC invocations=14 (full 0):
 garbage-first heap   total 86016K, used 66634K [0x0000000080000000, 0x0000000100000000)
  region size 1024K, 30 young (30720K), 5 survivors (5120K)
 Metaspace       used 54837K, committed 55360K, reserved 1097728K
  class space    used 7264K, committed 7488K, reserved 1048576K
}
Event: 8.281 GC heap after
{Heap after GC invocations=15 (full 0):
 garbage-first heap   total 86016K, used 45049K [0x0000000080000000, 0x0000000100000000)
  region size 1024K, 4 young (4096K), 4 survivors (4096K)
 Metaspace       used 54837K, committed 55360K, reserved 1097728K
  class space    used 7264K, committed 7488K, reserved 1048576K
}
Event: 8.742 GC heap before
{Heap before GC invocations=15 (full 0):
 garbage-first heap   total 86016K, used 67577K [0x0000000080000000, 0x0000000100000000)
  region size 1024K, 26 young (26624K), 4 survivors (4096K)
 Metaspace       used 58411K, committed 58944K, reserved 1105920K
  class space    used 7699K, committed 7936K, reserved 1048576K
}
Event: 8.746 GC heap after
{Heap after GC invocations=16 (full 0):
 garbage-first heap   total 86016K, used 45833K [0x0000000080000000, 0x0000000100000000)
  region size 1024K, 1 young (1024K), 1 survivors (1024K)
 Metaspace       used 58411K, committed 58944K, reserved 1105920K
  class space    used 7699K, committed 7936K, reserved 1048576K
}
Event: 9.256 GC heap before
{Heap before GC invocations=17 (full 0):
 garbage-first heap   total 86016K, used 65289K [0x0000000080000000, 0x0000000100000000)
  region size 1024K, 21 young (21504K), 1 survivors (1024K)
 Metaspace       used 62404K, committed 62848K, reserved 1105920K
  class space    used 8258K, committed 8448K, reserved 1048576K
}
Event: 9.259 GC heap after
{Heap after GC invocations=18 (full 0):
 garbage-first heap   total 86016K, used 47879K [0x0000000080000000, 0x0000000100000000)
  region size 1024K, 3 young (3072K), 3 survivors (3072K)
 Metaspace       used 62404K, committed 62848K, reserved 1105920K
  class space    used 8258K, committed 8448K, reserved 1048576K
}

Dll operation events (2 events):
Event: 0.009 Loaded shared library D:\Android\jbr\bin\java.dll
Event: 0.622 Loaded shared library D:\Android\jbr\bin\verify.dll

Deoptimization events (20 events):
Event: 9.292 Thread 0x000002384468f7d0 DEOPT PACKING pc=0x000002382c1334d7 sp=0x0000009058af29c0
Event: 9.292 Thread 0x000002384468f7d0 DEOPT UNPACKING pc=0x00000238333b7143 sp=0x0000009058af1e38 mode 0
Event: 9.293 Thread 0x000002384468f7d0 DEOPT PACKING pc=0x000002382c1334d7 sp=0x0000009058af29c0
Event: 9.293 Thread 0x000002384468f7d0 DEOPT UNPACKING pc=0x00000238333b7143 sp=0x0000009058af1e38 mode 0
Event: 9.293 Thread 0x000002384468f7d0 DEOPT PACKING pc=0x000002382c1334d7 sp=0x0000009058af29c0
Event: 9.293 Thread 0x000002384468f7d0 DEOPT UNPACKING pc=0x00000238333b7143 sp=0x0000009058af1e38 mode 0
Event: 9.294 Thread 0x000002384468f7d0 DEOPT PACKING pc=0x000002382c1334d7 sp=0x0000009058af29c0
Event: 9.294 Thread 0x000002384468f7d0 DEOPT UNPACKING pc=0x00000238333b7143 sp=0x0000009058af1e38 mode 0
Event: 9.295 Thread 0x000002384468f7d0 DEOPT PACKING pc=0x000002382c1334d7 sp=0x0000009058af29c0
Event: 9.295 Thread 0x000002384468f7d0 DEOPT UNPACKING pc=0x00000238333b7143 sp=0x0000009058af1e38 mode 0
Event: 9.296 Thread 0x000002384468f7d0 DEOPT PACKING pc=0x000002382c1334d7 sp=0x0000009058af29c0
Event: 9.296 Thread 0x000002384468f7d0 DEOPT UNPACKING pc=0x00000238333b7143 sp=0x0000009058af1e38 mode 0
Event: 9.296 Thread 0x000002384468f7d0 DEOPT PACKING pc=0x000002382c1334d7 sp=0x0000009058af29c0
Event: 9.296 Thread 0x000002384468f7d0 DEOPT UNPACKING pc=0x00000238333b7143 sp=0x0000009058af1e38 mode 0
Event: 9.297 Thread 0x000002384468f7d0 DEOPT PACKING pc=0x000002382c1334d7 sp=0x0000009058af29c0
Event: 9.297 Thread 0x000002384468f7d0 DEOPT UNPACKING pc=0x00000238333b7143 sp=0x0000009058af1e38 mode 0
Event: 9.298 Thread 0x000002384468f7d0 DEOPT PACKING pc=0x000002382c1334d7 sp=0x0000009058af29c0
Event: 9.299 Thread 0x000002384468f7d0 DEOPT UNPACKING pc=0x00000238333b7143 sp=0x0000009058af1e38 mode 0
Event: 9.299 Thread 0x000002384468f7d0 DEOPT PACKING pc=0x000002382c1334d7 sp=0x0000009058af29c0
Event: 9.299 Thread 0x000002384468f7d0 DEOPT UNPACKING pc=0x00000238333b7143 sp=0x0000009058af1e38 mode 0

Classes unloaded (0 events):
No events

Classes redefined (0 events):
No events

Internal exceptions (20 events):
Event: 7.779 Thread 0x0000023843328500 Exception <a 'java/lang/NoSuchMethodError'{0x00000000838065b8}: static Lorg/gradle/internal/build/event/types/DefaultOperationFinishedProgressEvent;.<clinit>()V> (0x00000000838065b8) 
thrown [s\src\hotspot\share\prims\jni.cpp, line 1108]
Event: 7.783 Thread 0x0000023843328500 Exception <a 'java/lang/NoSuchMethodError'{0x00000000838a9a60}: static Lorg/gradle/internal/build/event/types/DefaultProjectConfigurationSuccessResult;.<clinit>()V> (0x00000000838a9a60) 
thrown [s\src\hotspot\share\prims\jni.cpp, line 1108]
Event: 7.783 Thread 0x0000023843328500 Exception <a 'java/lang/NoSuchMethodError'{0x00000000838aab18}: static Lorg/gradle/internal/build/event/types/AbstractProjectConfigurationResult;.<clinit>()V> (0x00000000838aab18) 
thrown [s\src\hotspot\share\prims\jni.cpp, line 1108]
Event: 7.783 Thread 0x0000023843328500 Exception <a 'java/lang/NoSuchMethodError'{0x00000000838ac028}: static Lorg/gradle/internal/build/event/types/AbstractOperationResult;.<clinit>()V> (0x00000000838ac028) 
thrown [s\src\hotspot\share\prims\jni.cpp, line 1108]
Event: 7.783 Thread 0x0000023843328500 Exception <a 'java/lang/NoSuchMethodError'{0x00000000838acfe8}: static Lorg/gradle/internal/build/event/types/AbstractResult;.<clinit>()V> (0x00000000838acfe8) 
thrown [s\src\hotspot\share\prims\jni.cpp, line 1108]
Event: 7.785 Thread 0x0000023843328500 Exception <a 'java/lang/NoSuchMethodError'{0x00000000838c1580}: static Lorg/gradle/internal/build/event/types/DefaultPluginApplicationResult;.<clinit>()V> (0x00000000838c1580) 
thrown [s\src\hotspot\share\prims\jni.cpp, line 1108]
Event: 7.786 Thread 0x0000023843328500 Exception <a 'java/lang/NoSuchMethodError'{0x00000000838cc408}: static Lorg/gradle/internal/build/event/types/DefaultBinaryPluginIdentifier;.<clinit>()V> (0x00000000838cc408) 
thrown [s\src\hotspot\share\prims\jni.cpp, line 1108]
Event: 7.789 Thread 0x0000023843328500 Exception <a 'java/lang/NoSuchMethodError'{0x00000000838e0b68}: static Lorg/gradle/internal/build/event/types/DefaultScriptPluginIdentifier;.<clinit>()V> (0x00000000838e0b68) 
thrown [s\src\hotspot\share\prims\jni.cpp, line 1108]
Event: 7.797 Thread 0x000002384468f7d0 Exception <a 'java/lang/ClassNotFoundException'{0x0000000083888730}: build_6ry5bwpmo6wnjt5jm0t9swrhyBeanInfo> (0x0000000083888730) 
thrown [s\src\hotspot\share\classfile\systemDictionary.cpp, line 256]
Event: 7.798 Thread 0x000002384468f7d0 Exception <a 'java/lang/ClassNotFoundException'{0x00000000838ff520}: build_6ry5bwpmo6wnjt5jm0t9swrhyCustomizer> (0x00000000838ff520) 
thrown [s\src\hotspot\share\classfile\systemDictionary.cpp, line 256]
Event: 7.897 Thread 0x000002384468f7d0 Exception <a 'java/lang/ClassNotFoundException'{0x0000000084f08020}: org/gradle/api/internal/plugins/DefaultObjectConfigurationActionBeanInfo> (0x0000000084f08020) 
thrown [s\src\hotspot\share\classfile\systemDictionary.cpp, line 256]
Event: 7.898 Thread 0x000002384468f7d0 Exception <a 'java/lang/ClassNotFoundException'{0x0000000084f1a448}: org/gradle/api/internal/plugins/DefaultObjectConfigurationActionCustomizer> (0x0000000084f1a448) 
thrown [s\src\hotspot\share\classfile\systemDictionary.cpp, line 256]
Event: 8.064 Thread 0x000002384468f7d0 Exception <a 'java/lang/NoSuchMethodError'{0x00000000845d3e88}: 'java.lang.Object java.lang.invoke.DirectMethodHandle$Holder.newInvokeSpecial(java.lang.Object, java.lang.Object, java.lang.Object, java.lang.Object, int)'> (0x00000000845d3e88) 
thrown [s\src\hotspot\share\interpreter\linkResolver.cpp, line 771]
Event: 8.065 Thread 0x000002384468f7d0 Exception <a 'java/lang/NoSuchMethodError'{0x00000000845d9028}: 'java.lang.Object java.lang.invoke.DirectMethodHandle$Holder.invokeSpecial(java.lang.Object, java.lang.Object, java.lang.Object, java.lang.Object, java.lang.Object, int)'> (0x00000000845d9028) 
thrown [s\src\hotspot\share\interpreter\linkResolver.cpp, line 771]
Event: 8.065 Thread 0x000002384468f7d0 Exception <a 'java/lang/NoSuchMethodError'{0x00000000845ddb00}: 'java.lang.Object java.lang.invoke.Invokers$Holder.linkToTargetMethod(java.lang.Object, java.lang.Object, java.lang.Object, int, java.lang.Object)'> (0x00000000845ddb00) 
thrown [s\src\hotspot\share\interpreter\linkResolver.cpp, line 771]
Event: 8.375 Thread 0x000002384468f7d0 Exception <a 'java/lang/NoSuchMethodError'{0x00000000850c2f90}: 'int java.lang.invoke.DirectMethodHandle$Holder.invokeInterface(java.lang.Object, java.lang.Object, java.lang.Object, java.lang.Object)'> (0x00000000850c2f90) 
thrown [s\src\hotspot\share\interpreter\linkResolver.cpp, line 771]
Event: 8.921 Thread 0x000002384468f7d0 Exception <a 'java/lang/IncompatibleClassChangeError'{0x0000000084d06438}: Found class java.lang.Object, but interface was expected> (0x0000000084d06438) 
thrown [s\src\hotspot\share\interpreter\linkResolver.cpp, line 838]
Event: 8.982 Thread 0x000002384468f7d0 Implicit null exception at 0x0000023833be6dd4 to 0x0000023833be6f7c
Event: 8.982 Thread 0x000002384468f7d0 Implicit null exception at 0x0000023833bc705d to 0x0000023833bc8d04
Event: 9.180 Thread 0x000002384468f7d0 Implicit null exception at 0x0000023833ab588c to 0x0000023833ab59be

VM Operations (20 events):
Event: 8.374 Executing VM operation: HandshakeAllThreads done
Event: 8.742 Executing VM operation: G1CollectForAllocation
Event: 8.747 Executing VM operation: G1CollectForAllocation done
Event: 8.795 Executing VM operation: G1Concurrent
Event: 8.799 Executing VM operation: G1Concurrent done
Event: 8.818 Executing VM operation: G1Concurrent
Event: 8.819 Executing VM operation: G1Concurrent done
Event: 9.147 Executing VM operation: HandshakeAllThreads
Event: 9.148 Executing VM operation: HandshakeAllThreads done
Event: 9.188 Executing VM operation: HandshakeAllThreads
Event: 9.188 Executing VM operation: HandshakeAllThreads done
Event: 9.188 Executing VM operation: HandshakeAllThreads
Event: 9.188 Executing VM operation: HandshakeAllThreads done
Event: 9.209 Executing VM operation: HandshakeAllThreads
Event: 9.209 Executing VM operation: HandshakeAllThreads done
Event: 9.236 Executing VM operation: HandshakeAllThreads
Event: 9.236 Executing VM operation: HandshakeAllThreads done
Event: 9.256 Executing VM operation: G1TryInitiateConcMark
Event: 9.259 Executing VM operation: G1TryInitiateConcMark done
Event: 9.300 Executing VM operation: G1Concurrent

Events (20 events):
Event: 9.244 Thread 0x00000238430aecb0 flushing nmethod 0x000002382c77df10
Event: 9.244 Thread 0x00000238430aecb0 flushing nmethod 0x000002382c7be110
Event: 9.244 Thread 0x00000238430aecb0 flushing nmethod 0x000002382c7cdb10
Event: 9.244 Thread 0x00000238430aecb0 flushing nmethod 0x000002382c7d5790
Event: 9.244 Thread 0x00000238430aecb0 flushing nmethod 0x000002382c7e4e90
Event: 9.244 Thread 0x00000238430aecb0 flushing nmethod 0x000002382c7eb510
Event: 9.244 Thread 0x00000238430aecb0 flushing nmethod 0x000002382c804690
Event: 9.245 Thread 0x00000238430aecb0 flushing nmethod 0x000002382c8fd790
Event: 9.245 Thread 0x00000238430aecb0 flushing nmethod 0x000002382c8ff290
Event: 9.245 Thread 0x00000238430aecb0 flushing nmethod 0x000002382c900590
Event: 9.248 loading class java/util/Base64
Event: 9.248 loading class java/util/Base64 done
Event: 9.248 loading class java/util/Base64$Decoder
Event: 9.248 loading class java/util/Base64$Decoder done
Event: 9.248 loading class java/util/Base64$Encoder
Event: 9.248 loading class java/util/Base64$Encoder done
Event: 9.249 loading class java/util/jar/JarVerifier$VerifierStream
Event: 9.250 loading class java/util/jar/JarVerifier$VerifierStream done
Event: 9.250 loading class sun/security/util/ManifestEntryVerifier$SunProviderHolder
Event: 9.250 loading class sun/security/util/ManifestEntryVerifier$SunProviderHolder done


Dynamic libraries:
0x00007ff78f650000 - 0x00007ff78f65a000 	D:\Android\jbr\bin\java.exe
0x00007ffd9b420000 - 0x00007ffd9b629000 	C:\WINDOWS\SYSTEM32\ntdll.dll
0x00007ffd9a930000 - 0x00007ffd9a9ee000 	C:\WINDOWS\System32\KERNEL32.DLL
0x00007ffd98b60000 - 0x00007ffd98ee3000 	C:\WINDOWS\System32\KERNELBASE.dll
0x00007ffd98f70000 - 0x00007ffd99081000 	C:\WINDOWS\System32\ucrtbase.dll
0x00007ffd70f30000 - 0x00007ffd70f4b000 	D:\Android\jbr\bin\VCRUNTIME140.dll
0x00007ffd70ed0000 - 0x00007ffd70ee7000 	D:\Android\jbr\bin\jli.dll
0x00007ffd9add0000 - 0x00007ffd9af7d000 	C:\WINDOWS\System32\USER32.dll
0x00007ffd7ec40000 - 0x00007ffd7eee5000 	C:\WINDOWS\WinSxS\amd64_microsoft.windows.common-controls_6595b64144ccf1df_6.0.22000.120_none_9d947278b86cc467\COMCTL32.dll
0x00007ffd99260000 - 0x00007ffd99286000 	C:\WINDOWS\System32\win32u.dll
0x00007ffd9b000000 - 0x00007ffd9b0a3000 	C:\WINDOWS\System32\msvcrt.dll
0x00007ffd9b280000 - 0x00007ffd9b2a9000 	C:\WINDOWS\System32\GDI32.dll
0x00007ffd988d0000 - 0x00007ffd989ea000 	C:\WINDOWS\System32\gdi32full.dll
0x00007ffd99150000 - 0x00007ffd991ed000 	C:\WINDOWS\System32\msvcp_win.dll
0x00007ffd99450000 - 0x00007ffd99481000 	C:\WINDOWS\System32\IMM32.DLL
0x00007ffd900d0000 - 0x00007ffd900dc000 	D:\Android\jbr\bin\vcruntime140_1.dll
0x00007ffd42c00000 - 0x00007ffd42c8d000 	D:\Android\jbr\bin\msvcp140.dll
0x00007ffd22640000 - 0x00007ffd232ad000 	D:\Android\jbr\bin\server\jvm.dll
0x00007ffd9b140000 - 0x00007ffd9b1ee000 	C:\WINDOWS\System32\ADVAPI32.dll
0x00007ffd9ab90000 - 0x00007ffd9ac2e000 	C:\WINDOWS\System32\sechost.dll
0x00007ffd9b2b0000 - 0x00007ffd9b3d1000 	C:\WINDOWS\System32\RPCRT4.dll
0x00007ffd92fe0000 - 0x00007ffd92fe9000 	C:\WINDOWS\SYSTEM32\WSOCK32.dll
0x00007ffd90540000 - 0x00007ffd9054a000 	C:\WINDOWS\SYSTEM32\VERSION.dll
0x00007ffd99490000 - 0x00007ffd994ff000 	C:\WINDOWS\System32\WS2_32.dll
0x00007ffd95680000 - 0x00007ffd956b3000 	C:\WINDOWS\SYSTEM32\WINMM.dll
0x00007ffd97950000 - 0x00007ffd97968000 	C:\WINDOWS\SYSTEM32\kernel.appcore.dll
0x00007ffd92940000 - 0x00007ffd9294a000 	D:\Android\jbr\bin\jimage.dll
0x00007ffd96060000 - 0x00007ffd96281000 	C:\WINDOWS\SYSTEM32\DBGHELP.DLL
0x00007ffd90f10000 - 0x00007ffd90f41000 	C:\WINDOWS\SYSTEM32\dbgcore.DLL
0x00007ffd98ef0000 - 0x00007ffd98f6f000 	C:\WINDOWS\System32\bcryptPrimitives.dll
0x00007ffd77480000 - 0x00007ffd774a5000 	D:\Android\jbr\bin\java.dll
0x00007ffd8ece0000 - 0x00007ffd8ecf8000 	D:\Android\jbr\bin\zip.dll
0x00007ffd99d70000 - 0x00007ffd9a535000 	C:\WINDOWS\System32\SHELL32.dll
0x00007ffd969b0000 - 0x00007ffd97214000 	C:\WINDOWS\SYSTEM32\windows.storage.dll
0x00007ffd9a5b0000 - 0x00007ffd9a926000 	C:\WINDOWS\System32\combase.dll
0x00007ffd96840000 - 0x00007ffd969a7000 	C:\WINDOWS\SYSTEM32\wintypes.dll
0x00007ffd9ac30000 - 0x00007ffd9ad1a000 	C:\WINDOWS\System32\SHCORE.dll
0x00007ffd993e0000 - 0x00007ffd9943d000 	C:\WINDOWS\System32\shlwapi.dll
0x00007ffd98800000 - 0x00007ffd98821000 	C:\WINDOWS\SYSTEM32\profapi.dll
0x00007ffd886a0000 - 0x00007ffd886b9000 	D:\Android\jbr\bin\net.dll
0x00007ffd91e30000 - 0x00007ffd91f42000 	C:\WINDOWS\SYSTEM32\WINHTTP.dll
0x00007ffd97df0000 - 0x00007ffd97e57000 	C:\WINDOWS\system32\mswsock.dll
0x00007ffd88650000 - 0x00007ffd88666000 	D:\Android\jbr\bin\nio.dll
0x00007ffd92830000 - 0x00007ffd92840000 	D:\Android\jbr\bin\verify.dll
0x00007ffd76dc0000 - 0x00007ffd76de7000 	C:\Users\an'zhi'lin\.gradle\native\68d5fa5c4cc2d200863cafc0d521ce42e7d3e7ee720ec0a83991735586a16f82\windows-amd64\native-platform.dll
0x00007ffd3e930000 - 0x00007ffd3ea74000 	C:\Users\an'zhi'lin\.gradle\native\e376f236ea51e6404a007f0833ffe2c6e607c4080706a723a18a27aeea778392\windows-amd64\native-platform-file-events.dll
0x00007ffd92900000 - 0x00007ffd92909000 	D:\Android\jbr\bin\management.dll
0x00007ffd928d0000 - 0x00007ffd928db000 	D:\Android\jbr\bin\management_ext.dll
0x00007ffd9b1f0000 - 0x00007ffd9b1f8000 	C:\WINDOWS\System32\PSAPI.DLL
0x00007ffd98050000 - 0x00007ffd98068000 	C:\WINDOWS\SYSTEM32\CRYPTSP.dll
0x00007ffd978b0000 - 0x00007ffd978e5000 	C:\WINDOWS\system32\rsaenh.dll
0x00007ffd97ef0000 - 0x00007ffd97f19000 	C:\WINDOWS\SYSTEM32\USERENV.dll
0x00007ffd981c0000 - 0x00007ffd981e7000 	C:\WINDOWS\SYSTEM32\bcrypt.dll
0x00007ffd98040000 - 0x00007ffd9804c000 	C:\WINDOWS\SYSTEM32\CRYPTBASE.dll
0x00007ffd97470000 - 0x00007ffd9749d000 	C:\WINDOWS\SYSTEM32\IPHLPAPI.DLL
0x00007ffd99440000 - 0x00007ffd99449000 	C:\WINDOWS\System32\NSI.dll
0x00007ffd91c00000 - 0x00007ffd91c19000 	C:\WINDOWS\SYSTEM32\dhcpcsvc6.DLL
0x00007ffd925b0000 - 0x00007ffd925ce000 	C:\WINDOWS\SYSTEM32\dhcpcsvc.DLL
0x00007ffd974e0000 - 0x00007ffd975c8000 	C:\WINDOWS\SYSTEM32\DNSAPI.dll
0x00007ffd92180000 - 0x00007ffd92188000 	C:\WINDOWS\system32\wshunix.dll

dbghelp: loaded successfully - version: 4.0.5 - missing functions: none
symbol engine: initialized successfully - sym options: 0x614 - pdb path: .;D:\Android\jbr\bin;C:\WINDOWS\SYSTEM32;C:\WINDOWS\WinSxS\amd64_microsoft.windows.common-controls_6595b64144ccf1df_6.0.22000.120_none_9d947278b86cc467;D:\Android\jbr\bin\server;C:\Users\an'zhi'lin\.gradle\native\68d5fa5c4cc2d200863cafc0d521ce42e7d3e7ee720ec0a83991735586a16f82\windows-amd64;C:\Users\an'zhi'lin\.gradle\native\e376f236ea51e6404a007f0833ffe2c6e607c4080706a723a18a27aeea778392\windows-amd64

VM Arguments:
jvm_args: --add-opens=java.base/java.util=ALL-UNNAMED --add-opens=java.base/java.lang=ALL-UNNAMED --add-opens=java.base/java.lang.invoke=ALL-UNNAMED --add-opens=java.prefs/java.util.prefs=ALL-UNNAMED --add-opens=java.base/java.nio.charset=ALL-UNNAMED --add-opens=java.base/java.net=ALL-UNNAMED --add-opens=java.base/java.util.concurrent.atomic=ALL-UNNAMED -Xmx2048m -Dfile.encoding=UTF-8 -Duser.country=CN -Duser.language=zh -Duser.variant 
java_command: org.gradle.launcher.daemon.bootstrap.GradleDaemon 8.0
java_class_path (initial): C:\Users\an'zhi'lin\.gradle\wrapper\dists\gradle-8.0-bin\ca5e32bp14vu59qr306oxotwh\gradle-8.0\lib\gradle-launcher-8.0.jar
Launcher Type: SUN_STANDARD

[Global flags]
     intx CICompilerCount                          = 4                                         {product} {ergonomic}
     uint ConcGCThreads                            = 2                                         {product} {ergonomic}
     uint G1ConcRefinementThreads                  = 8                                         {product} {ergonomic}
   size_t G1HeapRegionSize                         = 1048576                                   {product} {ergonomic}
    uintx GCDrainStackTargetSize                   = 64                                        {product} {ergonomic}
   size_t InitialHeapSize                          = 117440512                                 {product} {ergonomic}
   size_t MarkStackSize                            = 4194304                                   {product} {ergonomic}
   size_t MaxHeapSize                              = 2147483648                                {product} {command line}
   size_t MaxNewSize                               = 1287651328                                {product} {ergonomic}
   size_t MinHeapDeltaBytes                        = 1048576                                   {product} {ergonomic}
   size_t MinHeapSize                              = 8388608                                   {product} {ergonomic}
    uintx NonNMethodCodeHeapSize                   = 5839372                                {pd product} {ergonomic}
    uintx NonProfiledCodeHeapSize                  = 122909434                              {pd product} {ergonomic}
    uintx ProfiledCodeHeapSize                     = 122909434                              {pd product} {ergonomic}
    uintx ReservedCodeCacheSize                    = 251658240                              {pd product} {ergonomic}
     bool SegmentedCodeCache                       = true                                      {product} {ergonomic}
   size_t SoftMaxHeapSize                          = 2147483648                             {manageable} {ergonomic}
     bool UseCompressedClassPointers               = true                           {product lp64_product} {ergonomic}
     bool UseCompressedOops                        = true                           {product lp64_product} {ergonomic}
     bool UseG1GC                                  = true                                      {product} {ergonomic}
     bool UseLargePagesIndividualAllocation        = false                                  {pd product} {ergonomic}

Logging:
Log output configuration:
 #0: stdout all=warning uptime,level,tags
 #1: stderr all=off uptime,level,tags

Environment Variables:
JAVA_HOME=C:\Program Files\Java\jdk1.8.0_241
CLASSPATH=.;C:\Program Files\Java\jdk1.8.0_241\lib;C:\Program Files\Java\jdk1.8.0_241\lib\tools.jar
PATH=C:\WINDOWS\system32;C:\WINDOWS;C:\WINDOWS\System32\Wbem;C:\WINDOWS\System32\WindowsPowerShell\v1.0\;C:\WINDOWS\System32\OpenSSH\;C:\Program Files\Java\jdk1.8.0_241\bin;C:\Program Files\Java\jdk1.8.0_241\jre\bin;C:\Program Files\Git\cmd;D:\mingw64\bin;D:\Anaconda\bin;C:\Program Files\MySQL\MySQL Server 8.0\bin;C:\Program Files\Microsoft SQL Server\Client SDK\ODBC\170\Tools\Binn\;C:\Program Files (x86)\Microsoft SQL Server\150\Tools\Binn\;C:\Program Files\Microsoft SQL Server\150\Tools\Binn\;C:\Program Files\Microsoft SQL Server\150\DTS\Binn\;D:\Tomcat\apache-tomcat-8.5.69\bin\;D:\Tomcat\apache-tomcat-8.5.69\lib\;D:\hugo\bin;C:\Strawberry\c\bin;C:\Strawberry\perl\site\bin;C:\Strawberry\perl\bin;D:\My_Qt\Tools\mingw1120_64\bin;D:\My_Qt\Tools\mingw1120_64\lib;D:\My_Qt\6.3.1\mingw_64\bin;D:\My_Qt\6.3.1\mingw_64\lib;C:\Program Files\CMake\bin;C:\Program Files\MySQL\MySQL Server 8.0\bin;C:\Program Files\MySQL\MySQL Server 8.0\lib;C:\Users\an'zhi'lin\;C:\Program Files\MySQL\MySQL Shell 8.0\bin\;D:\Anaconda;D:\Anaconda\Library\mingw-w64\bin;D:\Anaconda\Library\usr\bin;D:\Anaconda\Library\bin;D:\Anaconda\Scripts;C:\Users\an'zhi'lin\AppData\Local\Programs\Python\Python39\Scripts\;C:\Users\an'zhi'lin\AppData\Local\Programs\Python\Python39\;C:\Users\an'zhi'lin\AppData\Local\Microsoft\WindowsApps;D:\HONOR Magic-link\\IntelliJ IDEA 2020.1\bin;;C:\Users\an'zhi'lin\AppData\Local\GitHubDesktop\bin;C:\Program Files\JetBrains\CLion 2021.2.3\bin;D:\pycharm\PyCharm Community Edition 2021.2.3\bin;C:\Program Files\Azure Data Studio\bin
USERNAME=an'zhi'lin
OS=Windows_NT
PROCESSOR_IDENTIFIER=AMD64 Family 23 Model 24 Stepping 1, AuthenticAMD
TMP=C:\Users\AN'ZHI~1\AppData\Local\Temp
TEMP=C:\Users\AN'ZHI~1\AppData\Local\Temp



---------------  S Y S T E M  ---------------

OS:
 Windows 11 , 64 bit Build 22000 (10.0.22000.1761)
OS uptime: 1 days 6:50 hours

CPU: total 8 (initial active 8) (8 cores per cpu, 2 threads per core) family 23 model 24 stepping 1 microcode 0x0, cx8, cmov, fxsr, ht, mmx, 3dnowpref, sse, sse2, sse3, ssse3, sse4a, sse4.1, sse4.2, popcnt, lzcnt, tsc, tscinvbit, avx, avx2, aes, clmul, bmi1, bmi2, adx, sha, fma, vzeroupper, clflush, clflushopt

Memory: 4k page, system-wide physical 7103M (450M free)
TotalPageFile size 18145M (AvailPageFile size 20M)
current process WorkingSet (physical memory assigned to process): 278M, peak: 285M
current process commit charge ("private bytes"): 314M, peak: 332M

vm_info: OpenJDK 64-Bit Server VM (17.0.6+0-b2043.56-9586694) for windows-amd64 JRE (17.0.6+0-b2043.56-9586694), built on Feb  9 2023 20:06:20 by "androidbuild" with MS VC++ 16.10 / 16.11 (VS2019)

END.
