#
# There is insufficient memory for the Java Runtime Environment to continue.
# Native memory allocation (malloc) failed to allocate 2103920 bytes for Chunk::new
# Possible reasons:
#   The system is out of physical RAM or swap space
#   The process is running with CompressedOops enabled, and the Java Heap may be blocking the growth of the native heap
# Possible solutions:
#   Reduce memory load on the system
#   Increase physical memory or swap space
#   Check if swap backing store is full
#   Decrease Java heap size (-Xmx/-Xms)
#   Decrease number of Java threads
#   Decrease Java thread stack sizes (-Xss)
#   Set larger code cache with -XX:ReservedCodeCacheSize=
#   JVM is running with Unscaled Compressed Oops mode in which the Java heap is
#     placed in the first 4GB address space. The Java Heap base address is the
#     maximum limit for the native heap growth. Please use -XX:HeapBaseMinAddress
#     to set the Java Heap base and to place the Java Heap above 4GB virtual address.
# This output file may be truncated or incomplete.
#
#  Out of Memory Error (arena.cpp:189), pid=19428, tid=15456
#
# JRE version: OpenJDK Runtime Environment (17.0.6) (build 17.0.6+0-b2043.56-9586694)
# Java VM: OpenJDK 64-Bit Server VM (17.0.6+0-b2043.56-9586694, mixed mode, tiered, compressed oops, compressed class ptrs, g1 gc, windows-amd64)
# No core dump will be written. Minidumps are not enabled by default on client versions of Windows
#

---------------  S U M M A R Y ------------

Command Line: --add-opens=java.base/java.util=ALL-UNNAMED --add-opens=java.base/java.lang=ALL-UNNAMED --add-opens=java.base/java.lang.invoke=ALL-UNNAMED --add-opens=java.prefs/java.util.prefs=ALL-UNNAMED --add-opens=java.base/java.nio.charset=ALL-UNNAMED --add-opens=java.base/java.net=ALL-UNNAMED --add-opens=java.base/java.util.concurrent.atomic=ALL-UNNAMED -Xmx2048m -Dfile.encoding=UTF-8 -Duser.country=CN -Duser.language=zh -Duser.variant org.gradle.launcher.daemon.bootstrap.GradleDaemon 8.0

Host: AMD Ryzen 5 3500U with Radeon Vega Mobile Gfx  , 8 cores, 6G,  Windows 11 , 64 bit Build 22000 (10.0.22000.1761)
Time: Tue Jun 27 23:18:56 2023  Windows 11 , 64 bit Build 22000 (10.0.22000.1761) elapsed time: 9.607423 seconds (0d 0h 0m 9s)

---------------  T H R E A D  ---------------

Current thread (0x000001fe6c424580):  JavaThread "C2 CompilerThread1" daemon [_thread_in_native, id=15456, stack(0x000000450a000000,0x000000450a100000)]


Current CompileTask:
C2:   9607 6528   !   4       java.net.URLClassLoader::findClass (47 bytes)

Stack: [0x000000450a000000,0x000000450a100000]
Native frames: (J=compiled Java code, j=interpreted, Vv=VM code, C=native code)
V  [jvm.dll+0x683b4a]
V  [jvm.dll+0x842654]
V  [jvm.dll+0x843dfe]
V  [jvm.dll+0x844463]
V  [jvm.dll+0x249b75]
V  [jvm.dll+0xabcac]
V  [jvm.dll+0xac27c]
V  [jvm.dll+0x368857]
V  [jvm.dll+0x332f31]
V  [jvm.dll+0x3323da]
V  [jvm.dll+0x21c201]
V  [jvm.dll+0x21b621]
V  [jvm.dll+0x1a4fdd]
V  [jvm.dll+0x22b098]
V  [jvm.dll+0x229159]
V  [jvm.dll+0x7f809c]
V  [jvm.dll+0x7f25fa]
V  [jvm.dll+0x682985]
C  [ucrtbase.dll+0x26c0c]
C  [KERNEL32.DLL+0x15590]
C  [ntdll.dll+0x485b]


---------------  P R O C E S S  ---------------

Threads class SMR info:
_java_thread_list=0x000001fe704bffc0, length=126, elements={
0x000001fe4f8f4770, 0x000001fe6973f1f0, 0x000001fe6973fba0, 0x000001fe6978c680,
0x000001fe6a008070, 0x000001fe6a008930, 0x000001fe6a00b310, 0x000001fe6a00c210,
0x000001fe6a054760, 0x000001fe6a055080, 0x000001fe6a1be150, 0x000001fe6a1cbec0,
0x000001fe6b81f520, 0x000001fe6bb95710, 0x000001fe6bb96f20, 0x000001fe6bb948a0,
0x000001fe6bb943d0, 0x000001fe6bb94d70, 0x000001fe6bb96580, 0x000001fe6bb93a30,
0x000001fe6bb96a50, 0x000001fe6bb95240, 0x000001fe6bb93f00, 0x000001fe6bb95be0,
0x000001fe6bb960b0, 0x000001fe6bb973f0, 0x000001fe6b7ccd60, 0x000001fe6b7c93a0,
0x000001fe6b7cd230, 0x000001fe6b7cc3c0, 0x000001fe6b7ce570, 0x000001fe6b7c9870,
0x000001fe6b7c9d40, 0x000001fe6b7cea40, 0x000001fe6b7cb080, 0x000001fe6b7cbef0,
0x000001fe6b7cf3e0, 0x000001fe6b7ca6e0, 0x000001fe6b7cd700, 0x000001fe6c424580,
0x000001fe6b7ca210, 0x000001fe6b7ce0a0, 0x000001fe6b7c8a00, 0x000001fe6b7c8530,
0x000001fe6b7c8ed0, 0x000001fe6ec8e070, 0x000001fe6ec8b050, 0x000001fe6ec8f3b0,
0x000001fe6ec8e540, 0x000001fe6ec90220, 0x000001fe6ec906f0, 0x000001fe6ec8a1e0,
0x000001fe6ec8ab80, 0x000001fe6ec8bec0, 0x000001fe6ec8a6b0, 0x000001fe6ec8d200,
0x000001fe6ec8c390, 0x000001fe6ec8b9f0, 0x000001fe6ec8dba0, 0x000001fe6ec90bc0,
0x000001fe6ec8f880, 0x000001fe6ec8b520, 0x000001fe6ec91090, 0x000001fe6ec8eee0,
0x000001fe6ec91a30, 0x000001fe6ec8c860, 0x000001fe6ec8cd30, 0x000001fe6ec8d6d0,
0x000001fe6ec91560, 0x000001fe6ec8ea10, 0x000001fe6ec8fd50, 0x000001fe6aa68650,
0x000001fe6aa6e1c0, 0x000001fe6aa694c0, 0x000001fe6aa68b20, 0x000001fe6aa68180,
0x000001fe6aa6a330, 0x000001fe6aa6d350, 0x000001fe6aa6eb60, 0x000001fe6aa6d820,
0x000001fe6aa69990, 0x000001fe6aa6c010, 0x000001fe6aa6bb40, 0x000001fe6aa6b670,
0x000001fe6aa6e690, 0x000001fe6aa6f030, 0x000001fe6aa6c4e0, 0x000001fe6aa68ff0,
0x000001fe6aa6f500, 0x000001fe6aa67cb0, 0x000001fe6aa6a800, 0x000001fe6aa69e60,
0x000001fe6aa6acd0, 0x000001fe6aa6b1a0, 0x000001fe6aa6c9b0, 0x000001fe6aa6ce80,
0x000001fe6aa6dcf0, 0x000001fe6f0b3790, 0x000001fe6f0aef60, 0x000001fe6f0b1110,
0x000001fe6f0b02a0, 0x000001fe6f0b15e0, 0x000001fe6f0b2920, 0x000001fe6f0b32c0,
0x000001fe6f0b0c40, 0x000001fe6f0b3c60, 0x000001fe6f0adc20, 0x000001fe6f0b4130,
0x000001fe6f0b4600, 0x000001fe6f0acdb0, 0x000001fe6f0b2df0, 0x000001fe6f0ad280,
0x000001fe6f0af900, 0x000001fe6f0b1ab0, 0x000001fe6f0ad750, 0x000001fe6f0afdd0,
0x000001fe6f0ae0f0, 0x000001fe6f0af430, 0x000001fe6f0b1f80, 0x000001fe6f0b0770,
0x000001fe6f0ae5c0, 0x000001fe6f0aea90, 0x000001fe6f0b2450, 0x000001fe6af8ac20,
0x000001fe6af8a750, 0x000001fe6af898e0
}

Java Threads: ( => current thread )
  0x000001fe4f8f4770 JavaThread "main" [_thread_blocked, id=18876, stack(0x0000004507900000,0x0000004507a00000)]
  0x000001fe6973f1f0 JavaThread "Reference Handler" daemon [_thread_blocked, id=13292, stack(0x0000004508000000,0x0000004508100000)]
  0x000001fe6973fba0 JavaThread "Finalizer" daemon [_thread_blocked, id=20544, stack(0x0000004508100000,0x0000004508200000)]
  0x000001fe6978c680 JavaThread "Signal Dispatcher" daemon [_thread_blocked, id=12512, stack(0x0000004508200000,0x0000004508300000)]
  0x000001fe6a008070 JavaThread "Attach Listener" daemon [_thread_blocked, id=16288, stack(0x0000004508300000,0x0000004508400000)]
  0x000001fe6a008930 JavaThread "Service Thread" daemon [_thread_blocked, id=13572, stack(0x0000004508400000,0x0000004508500000)]
  0x000001fe6a00b310 JavaThread "Monitor Deflation Thread" daemon [_thread_blocked, id=19376, stack(0x0000004508500000,0x0000004508600000)]
  0x000001fe6a00c210 JavaThread "C2 CompilerThread0" daemon [_thread_in_native, id=16016, stack(0x0000004508600000,0x0000004508700000)]
  0x000001fe6a054760 JavaThread "C1 CompilerThread0" daemon [_thread_in_vm, id=1596, stack(0x0000004508700000,0x0000004508800000)]
  0x000001fe6a055080 JavaThread "Sweeper thread" daemon [_thread_blocked, id=16764, stack(0x0000004508800000,0x0000004508900000)]
  0x000001fe6a1be150 JavaThread "Common-Cleaner" daemon [_thread_blocked, id=21204, stack(0x0000004508900000,0x0000004508a00000)]
  0x000001fe6a1cbec0 JavaThread "Notification Thread" daemon [_thread_blocked, id=19208, stack(0x0000004508a00000,0x0000004508b00000)]
  0x000001fe6b81f520 JavaThread "Daemon health stats" [_thread_blocked, id=15724, stack(0x0000004509200000,0x0000004509300000)]
  0x000001fe6bb95710 JavaThread "Incoming local TCP Connector on port 59549" [_thread_in_native, id=3568, stack(0x0000004509100000,0x0000004509200000)]
  0x000001fe6bb96f20 JavaThread "Daemon periodic checks" [_thread_blocked, id=21016, stack(0x0000004509300000,0x0000004509400000)]
  0x000001fe6bb948a0 JavaThread "Daemon" [_thread_blocked, id=20952, stack(0x0000004509400000,0x0000004509500000)]
  0x000001fe6bb943d0 JavaThread "Handler for socket connection from /127.0.0.1:59549 to /127.0.0.1:59550" [_thread_in_native, id=8060, stack(0x0000004509500000,0x0000004509600000)]
  0x000001fe6bb94d70 JavaThread "Cancel handler" [_thread_blocked, id=5612, stack(0x0000004509600000,0x0000004509700000)]
  0x000001fe6bb96580 JavaThread "Daemon worker" [_thread_in_vm, id=18528, stack(0x0000004509700000,0x0000004509800000)]
  0x000001fe6bb93a30 JavaThread "Asynchronous log dispatcher for DefaultDaemonConnection: socket connection from /127.0.0.1:59549 to /127.0.0.1:59550" [_thread_blocked, id=15480, stack(0x0000004509800000,0x0000004509900000)]
  0x000001fe6bb96a50 JavaThread "Stdin handler" [_thread_blocked, id=9252, stack(0x0000004509900000,0x0000004509a00000)]
  0x000001fe6bb95240 JavaThread "Daemon client event forwarder" [_thread_blocked, id=12888, stack(0x0000004509a00000,0x0000004509b00000)]
  0x000001fe6bb93f00 JavaThread "Cache worker for journal cache (C:\Users\an'zhi'lin\.gradle\caches\journal-1)" [_thread_blocked, id=9480, stack(0x0000004509e00000,0x0000004509f00000)]
  0x000001fe6bb95be0 JavaThread "File lock request listener" [_thread_in_native, id=4460, stack(0x0000004509f00000,0x000000450a000000)]
  0x000001fe6bb960b0 JavaThread "Cache worker for file hash cache (C:\Users\an'zhi'lin\.gradle\caches\8.0\fileHashes)" [_thread_blocked, id=10444, stack(0x000000450a100000,0x000000450a200000)]
  0x000001fe6bb973f0 JavaThread "File watcher server" daemon [_thread_in_native, id=16048, stack(0x000000450a200000,0x000000450a300000)]
  0x000001fe6b7ccd60 JavaThread "File watcher consumer" daemon [_thread_blocked, id=18668, stack(0x000000450a300000,0x000000450a400000)]
  0x000001fe6b7c93a0 JavaThread "Cache worker for checksums cache (D:\android_project\test1\.gradle\8.0\checksums)" [_thread_blocked, id=16920, stack(0x000000450a400000,0x000000450a500000)]
  0x000001fe6b7cd230 JavaThread "Cache worker for cache directory md-rule (C:\Users\an'zhi'lin\.gradle\caches\8.0\md-rule)" [_thread_blocked, id=3424, stack(0x000000450a500000,0x000000450a600000)]
  0x000001fe6b7cc3c0 JavaThread "Cache worker for file content cache (C:\Users\an'zhi'lin\.gradle\caches\8.0\fileContent)" [_thread_blocked, id=16736, stack(0x000000450a600000,0x000000450a700000)]
  0x000001fe6b7ce570 JavaThread "Cache worker for file hash cache (D:\android_project\test1\.gradle\8.0\fileHashes)" [_thread_blocked, id=1096, stack(0x000000450a700000,0x000000450a800000)]
  0x000001fe6b7c9870 JavaThread "Cache worker for cache directory md-supplier (C:\Users\an'zhi'lin\.gradle\caches\8.0\md-supplier)" [_thread_blocked, id=18328, stack(0x000000450a800000,0x000000450a900000)]
  0x000001fe6b7c9d40 JavaThread "Cache worker for execution history cache (C:\Users\an'zhi'lin\.gradle\caches\8.0\executionHistory)" [_thread_blocked, id=7764, stack(0x000000450a900000,0x000000450aa00000)]
  0x000001fe6b7cea40 JavaThread "jar transforms" [_thread_blocked, id=520, stack(0x000000450aa00000,0x000000450ab00000)]
  0x000001fe6b7cb080 JavaThread "jar transforms Thread 2" [_thread_blocked, id=8152, stack(0x000000450ab00000,0x000000450ac00000)]
  0x000001fe6b7cbef0 JavaThread "jar transforms Thread 3" [_thread_blocked, id=17848, stack(0x000000450ad00000,0x000000450ae00000)]
  0x000001fe6b7cf3e0 JavaThread "jar transforms Thread 4" [_thread_blocked, id=15164, stack(0x000000450ae00000,0x000000450af00000)]
  0x000001fe6b7ca6e0 JavaThread "Cache worker for dependencies-accessors (D:\android_project\test1\.gradle\8.0\dependencies-accessors)" [_thread_blocked, id=8480, stack(0x000000450af00000,0x000000450b000000)]
  0x000001fe6b7cd700 JavaThread "jar transforms Thread 5" [_thread_blocked, id=9084, stack(0x000000450b000000,0x000000450b100000)]
=>0x000001fe6c424580 JavaThread "C2 CompilerThread1" daemon [_thread_in_native, id=15456, stack(0x000000450a000000,0x000000450a100000)]
  0x000001fe6b7ca210 JavaThread "Cache worker for Build Output Cleanup Cache (D:\android_project\test1\.gradle\buildOutputCleanup)" [_thread_blocked, id=18204, stack(0x000000450b100000,0x000000450b200000)]
  0x000001fe6b7ce0a0 JavaThread "Unconstrained build operations" [_thread_blocked, id=20312, stack(0x000000450b200000,0x000000450b300000)]
  0x000001fe6b7c8a00 JavaThread "Unconstrained build operations Thread 2" [_thread_blocked, id=12700, stack(0x000000450b300000,0x000000450b400000)]
  0x000001fe6b7c8530 JavaThread "Unconstrained build operations Thread 3" [_thread_blocked, id=18296, stack(0x000000450b400000,0x000000450b500000)]
  0x000001fe6b7c8ed0 JavaThread "Unconstrained build operations Thread 4" [_thread_blocked, id=2244, stack(0x000000450b500000,0x000000450b600000)]
  0x000001fe6ec8e070 JavaThread "Unconstrained build operations Thread 5" [_thread_blocked, id=18024, stack(0x000000450b600000,0x000000450b700000)]
  0x000001fe6ec8b050 JavaThread "Unconstrained build operations Thread 6" [_thread_blocked, id=13388, stack(0x000000450b700000,0x000000450b800000)]
  0x000001fe6ec8f3b0 JavaThread "Unconstrained build operations Thread 7" [_thread_blocked, id=13604, stack(0x000000450b800000,0x000000450b900000)]
  0x000001fe6ec8e540 JavaThread "Unconstrained build operations Thread 8" [_thread_blocked, id=15176, stack(0x000000450b900000,0x000000450ba00000)]
  0x000001fe6ec90220 JavaThread "Unconstrained build operations Thread 9" [_thread_blocked, id=14904, stack(0x000000450ba00000,0x000000450bb00000)]
  0x000001fe6ec906f0 JavaThread "Unconstrained build operations Thread 10" [_thread_blocked, id=17812, stack(0x000000450bb00000,0x000000450bc00000)]
  0x000001fe6ec8a1e0 JavaThread "Unconstrained build operations Thread 11" [_thread_blocked, id=8304, stack(0x000000450bc00000,0x000000450bd00000)]
  0x000001fe6ec8ab80 JavaThread "Unconstrained build operations Thread 12" [_thread_blocked, id=7276, stack(0x000000450bd00000,0x000000450be00000)]
  0x000001fe6ec8bec0 JavaThread "Unconstrained build operations Thread 13" [_thread_blocked, id=10840, stack(0x000000450be00000,0x000000450bf00000)]
  0x000001fe6ec8a6b0 JavaThread "Unconstrained build operations Thread 14" [_thread_blocked, id=3868, stack(0x000000450bf00000,0x000000450c000000)]
  0x000001fe6ec8d200 JavaThread "Unconstrained build operations Thread 15" [_thread_blocked, id=18044, stack(0x000000450c000000,0x000000450c100000)]
  0x000001fe6ec8c390 JavaThread "Unconstrained build operations Thread 16" [_thread_blocked, id=19284, stack(0x000000450c100000,0x000000450c200000)]
  0x000001fe6ec8b9f0 JavaThread "Unconstrained build operations Thread 17" [_thread_blocked, id=2512, stack(0x000000450c200000,0x000000450c300000)]
  0x000001fe6ec8dba0 JavaThread "Unconstrained build operations Thread 18" [_thread_blocked, id=17604, stack(0x000000450c300000,0x000000450c400000)]
  0x000001fe6ec90bc0 JavaThread "Unconstrained build operations Thread 19" [_thread_blocked, id=18796, stack(0x000000450c400000,0x000000450c500000)]
  0x000001fe6ec8f880 JavaThread "Unconstrained build operations Thread 20" [_thread_blocked, id=12312, stack(0x000000450c500000,0x000000450c600000)]
  0x000001fe6ec8b520 JavaThread "Unconstrained build operations Thread 21" [_thread_blocked, id=4688, stack(0x000000450c600000,0x000000450c700000)]
  0x000001fe6ec91090 JavaThread "Unconstrained build operations Thread 22" [_thread_blocked, id=10852, stack(0x000000450c700000,0x000000450c800000)]
  0x000001fe6ec8eee0 JavaThread "Unconstrained build operations Thread 23" [_thread_blocked, id=10680, stack(0x000000450c800000,0x000000450c900000)]
  0x000001fe6ec91a30 JavaThread "Unconstrained build operations Thread 24" [_thread_blocked, id=5996, stack(0x000000450c900000,0x000000450ca00000)]
  0x000001fe6ec8c860 JavaThread "Unconstrained build operations Thread 25" [_thread_blocked, id=13668, stack(0x000000450ca00000,0x000000450cb00000)]
  0x000001fe6ec8cd30 JavaThread "Unconstrained build operations Thread 26" [_thread_blocked, id=17780, stack(0x000000450cb00000,0x000000450cc00000)]
  0x000001fe6ec8d6d0 JavaThread "Unconstrained build operations Thread 27" [_thread_blocked, id=11508, stack(0x000000450cc00000,0x000000450cd00000)]
  0x000001fe6ec91560 JavaThread "Unconstrained build operations Thread 28" [_thread_blocked, id=19136, stack(0x000000450cd00000,0x000000450ce00000)]
  0x000001fe6ec8ea10 JavaThread "Unconstrained build operations Thread 29" [_thread_blocked, id=17588, stack(0x000000450ce00000,0x000000450cf00000)]
  0x000001fe6ec8fd50 JavaThread "Unconstrained build operations Thread 30" [_thread_blocked, id=5708, stack(0x000000450cf00000,0x000000450d000000)]
  0x000001fe6aa68650 JavaThread "Unconstrained build operations Thread 31" [_thread_blocked, id=5832, stack(0x000000450d000000,0x000000450d100000)]
  0x000001fe6aa6e1c0 JavaThread "Unconstrained build operations Thread 32" [_thread_blocked, id=3472, stack(0x000000450d100000,0x000000450d200000)]
  0x000001fe6aa694c0 JavaThread "Unconstrained build operations Thread 33" [_thread_blocked, id=13552, stack(0x000000450d200000,0x000000450d300000)]
  0x000001fe6aa68b20 JavaThread "Unconstrained build operations Thread 34" [_thread_blocked, id=15196, stack(0x000000450d300000,0x000000450d400000)]
  0x000001fe6aa68180 JavaThread "Unconstrained build operations Thread 35" [_thread_blocked, id=19672, stack(0x000000450d400000,0x000000450d500000)]
  0x000001fe6aa6a330 JavaThread "Unconstrained build operations Thread 36" [_thread_blocked, id=9508, stack(0x000000450d500000,0x000000450d600000)]
  0x000001fe6aa6d350 JavaThread "Unconstrained build operations Thread 37" [_thread_blocked, id=17432, stack(0x000000450d600000,0x000000450d700000)]
  0x000001fe6aa6eb60 JavaThread "Unconstrained build operations Thread 38" [_thread_blocked, id=11576, stack(0x000000450d700000,0x000000450d800000)]
  0x000001fe6aa6d820 JavaThread "Unconstrained build operations Thread 39" [_thread_blocked, id=19112, stack(0x000000450d800000,0x000000450d900000)]
  0x000001fe6aa69990 JavaThread "Unconstrained build operations Thread 40" [_thread_blocked, id=19780, stack(0x000000450d900000,0x000000450da00000)]
  0x000001fe6aa6c010 JavaThread "Unconstrained build operations Thread 41" [_thread_blocked, id=16516, stack(0x000000450da00000,0x000000450db00000)]
  0x000001fe6aa6bb40 JavaThread "Unconstrained build operations Thread 42" [_thread_blocked, id=19076, stack(0x000000450db00000,0x000000450dc00000)]
  0x000001fe6aa6b670 JavaThread "Unconstrained build operations Thread 43" [_thread_blocked, id=20352, stack(0x000000450dc00000,0x000000450dd00000)]
  0x000001fe6aa6e690 JavaThread "Unconstrained build operations Thread 44" [_thread_blocked, id=11432, stack(0x000000450dd00000,0x000000450de00000)]
  0x000001fe6aa6f030 JavaThread "Unconstrained build operations Thread 45" [_thread_blocked, id=7156, stack(0x000000450de00000,0x000000450df00000)]
  0x000001fe6aa6c4e0 JavaThread "Unconstrained build operations Thread 46" [_thread_blocked, id=9812, stack(0x000000450df00000,0x000000450e000000)]
  0x000001fe6aa68ff0 JavaThread "Unconstrained build operations Thread 47" [_thread_blocked, id=19024, stack(0x000000450e000000,0x000000450e100000)]
  0x000001fe6aa6f500 JavaThread "Unconstrained build operations Thread 48" [_thread_blocked, id=5532, stack(0x000000450e100000,0x000000450e200000)]
  0x000001fe6aa67cb0 JavaThread "Unconstrained build operations Thread 49" [_thread_blocked, id=19856, stack(0x000000450e200000,0x000000450e300000)]
  0x000001fe6aa6a800 JavaThread "Unconstrained build operations Thread 50" [_thread_blocked, id=20596, stack(0x000000450e300000,0x000000450e400000)]
  0x000001fe6aa69e60 JavaThread "Unconstrained build operations Thread 51" [_thread_blocked, id=20728, stack(0x000000450e400000,0x000000450e500000)]
  0x000001fe6aa6acd0 JavaThread "Unconstrained build operations Thread 52" [_thread_blocked, id=1540, stack(0x000000450e500000,0x000000450e600000)]
  0x000001fe6aa6b1a0 JavaThread "Unconstrained build operations Thread 53" [_thread_blocked, id=16804, stack(0x000000450e600000,0x000000450e700000)]
  0x000001fe6aa6c9b0 JavaThread "Unconstrained build operations Thread 54" [_thread_blocked, id=11292, stack(0x000000450e700000,0x000000450e800000)]
  0x000001fe6aa6ce80 JavaThread "Unconstrained build operations Thread 55" [_thread_blocked, id=15536, stack(0x000000450e800000,0x000000450e900000)]
  0x000001fe6aa6dcf0 JavaThread "Unconstrained build operations Thread 56" [_thread_blocked, id=17940, stack(0x000000450e900000,0x000000450ea00000)]
  0x000001fe6f0b3790 JavaThread "Unconstrained build operations Thread 57" [_thread_blocked, id=20636, stack(0x000000450ea00000,0x000000450eb00000)]
  0x000001fe6f0aef60 JavaThread "Unconstrained build operations Thread 58" [_thread_blocked, id=19704, stack(0x000000450eb00000,0x000000450ec00000)]
  0x000001fe6f0b1110 JavaThread "Unconstrained build operations Thread 59" [_thread_blocked, id=12252, stack(0x000000450ec00000,0x000000450ed00000)]
  0x000001fe6f0b02a0 JavaThread "Unconstrained build operations Thread 60" [_thread_blocked, id=8220, stack(0x000000450ed00000,0x000000450ee00000)]
  0x000001fe6f0b15e0 JavaThread "Unconstrained build operations Thread 61" [_thread_blocked, id=12216, stack(0x000000450ee00000,0x000000450ef00000)]
  0x000001fe6f0b2920 JavaThread "Unconstrained build operations Thread 62" [_thread_blocked, id=1812, stack(0x000000450ef00000,0x000000450f000000)]
  0x000001fe6f0b32c0 JavaThread "Unconstrained build operations Thread 63" [_thread_blocked, id=6868, stack(0x000000450f000000,0x000000450f100000)]
  0x000001fe6f0b0c40 JavaThread "Unconstrained build operations Thread 64" [_thread_blocked, id=10848, stack(0x000000450f100000,0x000000450f200000)]
  0x000001fe6f0b3c60 JavaThread "Unconstrained build operations Thread 65" [_thread_blocked, id=21480, stack(0x000000450f200000,0x000000450f300000)]
  0x000001fe6f0adc20 JavaThread "Unconstrained build operations Thread 66" [_thread_blocked, id=12280, stack(0x000000450f300000,0x000000450f400000)]
  0x000001fe6f0b4130 JavaThread "Unconstrained build operations Thread 67" [_thread_blocked, id=16432, stack(0x000000450f400000,0x000000450f500000)]
  0x000001fe6f0b4600 JavaThread "Unconstrained build operations Thread 68" [_thread_blocked, id=6268, stack(0x000000450f500000,0x000000450f600000)]
  0x000001fe6f0acdb0 JavaThread "Unconstrained build operations Thread 69" [_thread_blocked, id=21180, stack(0x000000450f600000,0x000000450f700000)]
  0x000001fe6f0b2df0 JavaThread "Unconstrained build operations Thread 70" [_thread_blocked, id=20896, stack(0x000000450f700000,0x000000450f800000)]
  0x000001fe6f0ad280 JavaThread "Unconstrained build operations Thread 71" [_thread_blocked, id=20248, stack(0x000000450f800000,0x000000450f900000)]
  0x000001fe6f0af900 JavaThread "Unconstrained build operations Thread 72" [_thread_blocked, id=3416, stack(0x000000450f900000,0x000000450fa00000)]
  0x000001fe6f0b1ab0 JavaThread "Unconstrained build operations Thread 73" [_thread_blocked, id=20692, stack(0x000000450fa00000,0x000000450fb00000)]
  0x000001fe6f0ad750 JavaThread "Unconstrained build operations Thread 74" [_thread_blocked, id=18808, stack(0x000000450fb00000,0x000000450fc00000)]
  0x000001fe6f0afdd0 JavaThread "Unconstrained build operations Thread 75" [_thread_blocked, id=17860, stack(0x000000450fc00000,0x000000450fd00000)]
  0x000001fe6f0ae0f0 JavaThread "Unconstrained build operations Thread 76" [_thread_blocked, id=18908, stack(0x000000450fd00000,0x000000450fe00000)]
  0x000001fe6f0af430 JavaThread "Unconstrained build operations Thread 77" [_thread_blocked, id=14376, stack(0x000000450fe00000,0x000000450ff00000)]
  0x000001fe6f0b1f80 JavaThread "Unconstrained build operations Thread 78" [_thread_blocked, id=8248, stack(0x000000450ff00000,0x0000004510000000)]
  0x000001fe6f0b0770 JavaThread "Unconstrained build operations Thread 79" [_thread_blocked, id=7140, stack(0x0000004510000000,0x0000004510100000)]
  0x000001fe6f0ae5c0 JavaThread "Unconstrained build operations Thread 80" [_thread_blocked, id=21160, stack(0x0000004510100000,0x0000004510200000)]
  0x000001fe6f0aea90 JavaThread "jar transforms Thread 6" [_thread_blocked, id=4192, stack(0x0000004510200000,0x0000004510300000)]
  0x000001fe6f0b2450 JavaThread "jar transforms Thread 7" [_thread_blocked, id=14196, stack(0x0000004510300000,0x0000004510400000)]
  0x000001fe6af8ac20 JavaThread "jar transforms Thread 8" [_thread_blocked, id=12604, stack(0x0000004510400000,0x0000004510500000)]
  0x000001fe6af8a750 JavaThread "build event listener" [_thread_blocked, id=984, stack(0x0000004510500000,0x0000004510600000)]
  0x000001fe6af898e0 JavaThread "Memory manager" [_thread_blocked, id=8204, stack(0x0000004510600000,0x0000004510700000)]

Other Threads:
  0x000001fe6973ccb0 VMThread "VM Thread" [stack: 0x0000004507f00000,0x0000004508000000] [id=6852]
  0x000001fe4f977040 WatcherThread [stack: 0x0000004508b00000,0x0000004508c00000] [id=8068]
  0x000001fe4f9507c0 GCTaskThread "GC Thread#0" [stack: 0x0000004507a00000,0x0000004507b00000] [id=21064]
  0x000001fe6af10d40 GCTaskThread "GC Thread#1" [stack: 0x0000004508e00000,0x0000004508f00000] [id=19712]
  0x000001fe6ad50030 GCTaskThread "GC Thread#2" [stack: 0x0000004508f00000,0x0000004509000000] [id=19516]
  0x000001fe6af031d0 GCTaskThread "GC Thread#3" [stack: 0x0000004509000000,0x0000004509100000] [id=15180]
  0x000001fe6b425b80 GCTaskThread "GC Thread#4" [stack: 0x0000004508d00000,0x0000004508e00000] [id=19400]
  0x000001fe6c803cf0 GCTaskThread "GC Thread#5" [stack: 0x0000004508c00000,0x0000004508d00000] [id=8956]
  0x000001fe6b8c0170 GCTaskThread "GC Thread#6" [stack: 0x0000004509b00000,0x0000004509c00000] [id=13152]
  0x000001fe6b77bcc0 GCTaskThread "GC Thread#7" [stack: 0x0000004509c00000,0x0000004509d00000] [id=1292]
  0x000001fe4f961760 ConcurrentGCThread "G1 Main Marker" [stack: 0x0000004507b00000,0x0000004507c00000] [id=11672]
  0x000001fe4f962810 ConcurrentGCThread "G1 Conc#0" [stack: 0x0000004507c00000,0x0000004507d00000] [id=10964]
  0x000001fe6ba6f240 ConcurrentGCThread "G1 Conc#1" [stack: 0x0000004509d00000,0x0000004509e00000] [id=10012]
  0x000001fe4f9b77e0 ConcurrentGCThread "G1 Refine#0" [stack: 0x0000004507d00000,0x0000004507e00000] [id=14212]
  0x000001fe6e88c370 ConcurrentGCThread "G1 Refine#1" [stack: 0x000000450ac00000,0x000000450ad00000] [id=5476]
  0x000001fe695b0200 ConcurrentGCThread "G1 Service" [stack: 0x0000004507e00000,0x0000004507f00000] [id=17296]

Threads with active compile tasks:
C2 CompilerThread0     9643 6529       4       java.net.URLClassLoader$1::run (5 bytes)
C1 CompilerThread0     9643 6690   !   3       java.io.StringReader::read (105 bytes)
C2 CompilerThread1     9643 6528   !   4       java.net.URLClassLoader::findClass (47 bytes)

VM state: not at safepoint (normal execution)

VM Mutex/Monitor currently owned by a thread: None

Heap address: 0x0000000080000000, size: 2048 MB, Compressed Oops mode: 32-bit

CDS archive(s) not mapped
Compressed class space mapped at: 0x0000000100000000-0x0000000140000000, reserved size: 1073741824
Narrow klass base: 0x0000000000000000, Narrow klass shift: 3, Narrow klass range: 0x140000000

GC Precious Log:
 CPUs: 8 total, 8 available
 Memory: 7103M
 Large Page Support: Disabled
 NUMA Support: Disabled
 Compressed Oops: Enabled (32-bit)
 Heap Region Size: 1M
 Heap Min Capacity: 8M
 Heap Initial Capacity: 112M
 Heap Max Capacity: 2G
 Pre-touch: Disabled
 Parallel Workers: 8
 Concurrent Workers: 2
 Concurrent Refinement Workers: 8
 Periodic GC: Disabled

Heap:
 garbage-first heap   total 106496K, used 56201K [0x0000000080000000, 0x0000000100000000)
  region size 1024K, 7 young (7168K), 4 survivors (4096K)
 Metaspace       used 66776K, committed 67328K, reserved 1114112K
  class space    used 8787K, committed 9024K, reserved 1048576K

Heap Regions: E=young(eden), S=young(survivor), O=old, HS=humongous(starts), HC=humongous(continues), CS=collection set, F=free, OA=open archive, CA=closed archive, TAMS=top-at-mark-start (previous, next)
|   0|0x0000000080000000, 0x0000000080100000, 0x0000000080100000|100%|HS|  |TAMS 0x0000000080100000, 0x0000000080000000| Complete 
|   1|0x0000000080100000, 0x0000000080200000, 0x0000000080200000|100%|HC|  |TAMS 0x0000000080200000, 0x0000000080100000| Complete 
|   2|0x0000000080200000, 0x0000000080300000, 0x0000000080300000|100%|HC|  |TAMS 0x0000000080300000, 0x0000000080200000| Complete 
|   3|0x0000000080300000, 0x0000000080400000, 0x0000000080400000|100%|HC|  |TAMS 0x0000000080400000, 0x0000000080300000| Complete 
|   4|0x0000000080400000, 0x0000000080500000, 0x0000000080500000|100%| O|  |TAMS 0x0000000080500000, 0x0000000080400000| Untracked 
|   5|0x0000000080500000, 0x0000000080600000, 0x0000000080600000|100%| O|  |TAMS 0x0000000080600000, 0x0000000080500000| Untracked 
|   6|0x0000000080600000, 0x0000000080700000, 0x0000000080700000|100%| O|  |TAMS 0x0000000080700000, 0x0000000080600000| Untracked 
|   7|0x0000000080700000, 0x0000000080800000, 0x0000000080800000|100%| O|  |TAMS 0x0000000080800000, 0x0000000080700000| Untracked 
|   8|0x0000000080800000, 0x0000000080900000, 0x0000000080900000|100%| O|  |TAMS 0x0000000080900000, 0x0000000080800000| Untracked 
|   9|0x0000000080900000, 0x0000000080a00000, 0x0000000080a00000|100%| O|  |TAMS 0x0000000080a00000, 0x0000000080900000| Untracked 
|  10|0x0000000080a00000, 0x0000000080b00000, 0x0000000080b00000|100%| O|  |TAMS 0x0000000080b00000, 0x0000000080a00000| Untracked 
|  11|0x0000000080b00000, 0x0000000080b64600, 0x0000000080c00000| 39%| O|  |TAMS 0x0000000080b64600, 0x0000000080b00000| Untracked 
|  12|0x0000000080c00000, 0x0000000080d00000, 0x0000000080d00000|100%| O|  |TAMS 0x0000000080d00000, 0x0000000080c00000| Untracked 
|  13|0x0000000080d00000, 0x0000000080e00000, 0x0000000080e00000|100%| O|  |TAMS 0x0000000080e00000, 0x0000000080d00000| Untracked 
|  14|0x0000000080e00000, 0x0000000080f00000, 0x0000000080f00000|100%| O|  |TAMS 0x0000000080f00000, 0x0000000080e00000| Untracked 
|  15|0x0000000080f00000, 0x0000000081000000, 0x0000000081000000|100%| O|  |TAMS 0x0000000081000000, 0x0000000080f00000| Untracked 
|  16|0x0000000081000000, 0x0000000081100000, 0x0000000081100000|100%| O|  |TAMS 0x0000000081100000, 0x0000000081000000| Untracked 
|  17|0x0000000081100000, 0x0000000081200000, 0x0000000081200000|100%| O|  |TAMS 0x0000000081200000, 0x0000000081100000| Untracked 
|  18|0x0000000081200000, 0x0000000081300000, 0x0000000081300000|100%| O|  |TAMS 0x0000000081300000, 0x0000000081200000| Untracked 
|  19|0x0000000081300000, 0x0000000081400000, 0x0000000081400000|100%| O|  |TAMS 0x0000000081400000, 0x0000000081300000| Untracked 
|  20|0x0000000081400000, 0x0000000081500000, 0x0000000081500000|100%| O|  |TAMS 0x0000000081500000, 0x0000000081400000| Untracked 
|  21|0x0000000081500000, 0x0000000081600000, 0x0000000081600000|100%| O|  |TAMS 0x0000000081600000, 0x0000000081500000| Untracked 
|  22|0x0000000081600000, 0x0000000081700000, 0x0000000081700000|100%| O|  |TAMS 0x0000000081700000, 0x0000000081600000| Untracked 
|  23|0x0000000081700000, 0x0000000081800000, 0x0000000081800000|100%| O|  |TAMS 0x0000000081800000, 0x0000000081700000| Untracked 
|  24|0x0000000081800000, 0x0000000081900000, 0x0000000081900000|100%| O|  |TAMS 0x0000000081900000, 0x0000000081800000| Untracked 
|  25|0x0000000081900000, 0x0000000081a00000, 0x0000000081a00000|100%| O|  |TAMS 0x0000000081a00000, 0x0000000081900000| Untracked 
|  26|0x0000000081a00000, 0x0000000081b00000, 0x0000000081b00000|100%| O|  |TAMS 0x0000000081b00000, 0x0000000081a00000| Untracked 
|  27|0x0000000081b00000, 0x0000000081c00000, 0x0000000081c00000|100%| O|  |TAMS 0x0000000081c00000, 0x0000000081b00000| Untracked 
|  28|0x0000000081c00000, 0x0000000081d00000, 0x0000000081d00000|100%| O|  |TAMS 0x0000000081d00000, 0x0000000081c00000| Untracked 
|  29|0x0000000081d00000, 0x0000000081e00000, 0x0000000081e00000|100%| O|  |TAMS 0x0000000081e00000, 0x0000000081d00000| Untracked 
|  30|0x0000000081e00000, 0x0000000081f00000, 0x0000000081f00000|100%| O|  |TAMS 0x0000000081f00000, 0x0000000081e00000| Untracked 
|  31|0x0000000081f00000, 0x0000000082000000, 0x0000000082000000|100%| O|  |TAMS 0x0000000082000000, 0x0000000081f00000| Untracked 
|  32|0x0000000082000000, 0x0000000082100000, 0x0000000082100000|100%| O|  |TAMS 0x0000000082100000, 0x0000000082000000| Untracked 
|  33|0x0000000082100000, 0x0000000082200000, 0x0000000082200000|100%|HS|  |TAMS 0x0000000082200000, 0x0000000082100000| Complete 
|  34|0x0000000082200000, 0x0000000082300000, 0x0000000082300000|100%|HS|  |TAMS 0x0000000082300000, 0x0000000082200000| Complete 
|  35|0x0000000082300000, 0x0000000082400000, 0x0000000082400000|100%| O|  |TAMS 0x0000000082400000, 0x0000000082300000| Untracked 
|  36|0x0000000082400000, 0x0000000082500000, 0x0000000082500000|100%| O|  |TAMS 0x0000000082500000, 0x0000000082400000| Untracked 
|  37|0x0000000082500000, 0x0000000082600000, 0x0000000082600000|100%| O|  |TAMS 0x0000000082600000, 0x0000000082500000| Untracked 
|  38|0x0000000082600000, 0x0000000082700000, 0x0000000082700000|100%| O|  |TAMS 0x0000000082700000, 0x0000000082600000| Untracked 
|  39|0x0000000082700000, 0x0000000082800000, 0x0000000082800000|100%| O|  |TAMS 0x0000000082800000, 0x0000000082700000| Untracked 
|  40|0x0000000082800000, 0x0000000082900000, 0x0000000082900000|100%| O|  |TAMS 0x0000000082900000, 0x0000000082800000| Untracked 
|  41|0x0000000082900000, 0x0000000082a00000, 0x0000000082a00000|100%| O|  |TAMS 0x0000000082a00000, 0x0000000082900000| Untracked 
|  42|0x0000000082a00000, 0x0000000082b00000, 0x0000000082b00000|100%| O|  |TAMS 0x0000000082b00000, 0x0000000082a00000| Untracked 
|  43|0x0000000082b00000, 0x0000000082c00000, 0x0000000082c00000|100%| O|  |TAMS 0x0000000082c00000, 0x0000000082b00000| Untracked 
|  44|0x0000000082c00000, 0x0000000082d00000, 0x0000000082d00000|100%| O|  |TAMS 0x0000000082d00000, 0x0000000082c00000| Untracked 
|  45|0x0000000082d00000, 0x0000000082e00000, 0x0000000082e00000|100%| O|  |TAMS 0x0000000082e00000, 0x0000000082d00000| Untracked 
|  46|0x0000000082e00000, 0x0000000082e00000, 0x0000000082f00000|  0%| F|  |TAMS 0x0000000082e00000, 0x0000000082e00000| Untracked 
|  47|0x0000000082f00000, 0x0000000083000000, 0x0000000083000000|100%|HS|  |TAMS 0x0000000082f00000, 0x0000000082f00000| Complete 
|  48|0x0000000083000000, 0x0000000083000000, 0x0000000083100000|  0%| F|  |TAMS 0x0000000083000000, 0x0000000083000000| Untracked 
|  49|0x0000000083100000, 0x0000000083100000, 0x0000000083200000|  0%| F|  |TAMS 0x0000000083100000, 0x0000000083100000| Untracked 
|  50|0x0000000083200000, 0x0000000083300000, 0x0000000083300000|100%| O|  |TAMS 0x0000000083300000, 0x0000000083200000| Untracked 
|  51|0x0000000083300000, 0x0000000083400000, 0x0000000083400000|100%| O|  |TAMS 0x0000000083400000, 0x0000000083300000| Untracked 
|  52|0x0000000083400000, 0x0000000083400000, 0x0000000083500000|  0%| F|  |TAMS 0x0000000083400000, 0x0000000083400000| Untracked 
|  53|0x0000000083500000, 0x0000000083588400, 0x0000000083600000| 53%| O|  |TAMS 0x0000000083588400, 0x0000000083500000| Untracked 
|  54|0x0000000083600000, 0x0000000083600000, 0x0000000083700000|  0%| F|  |TAMS 0x0000000083600000, 0x0000000083600000| Untracked 
|  55|0x0000000083700000, 0x0000000083700000, 0x0000000083800000|  0%| F|  |TAMS 0x0000000083700000, 0x0000000083700000| Untracked 
|  56|0x0000000083800000, 0x0000000083800000, 0x0000000083900000|  0%| F|  |TAMS 0x0000000083800000, 0x0000000083800000| Untracked 
|  57|0x0000000083900000, 0x0000000083900000, 0x0000000083a00000|  0%| F|  |TAMS 0x0000000083900000, 0x0000000083900000| Untracked 
|  58|0x0000000083a00000, 0x0000000083a00000, 0x0000000083b00000|  0%| F|  |TAMS 0x0000000083a00000, 0x0000000083a00000| Untracked 
|  59|0x0000000083b00000, 0x0000000083b00000, 0x0000000083c00000|  0%| F|  |TAMS 0x0000000083b00000, 0x0000000083b00000| Untracked 
|  60|0x0000000083c00000, 0x0000000083c00000, 0x0000000083d00000|  0%| F|  |TAMS 0x0000000083c00000, 0x0000000083c00000| Untracked 
|  61|0x0000000083d00000, 0x0000000083d00000, 0x0000000083e00000|  0%| F|  |TAMS 0x0000000083d00000, 0x0000000083d00000| Untracked 
|  62|0x0000000083e00000, 0x0000000083e00000, 0x0000000083f00000|  0%| F|  |TAMS 0x0000000083e00000, 0x0000000083e00000| Untracked 
|  63|0x0000000083f00000, 0x0000000083f00000, 0x0000000084000000|  0%| F|  |TAMS 0x0000000083f00000, 0x0000000083f00000| Untracked 
|  64|0x0000000084000000, 0x0000000084000000, 0x0000000084100000|  0%| F|  |TAMS 0x0000000084000000, 0x0000000084000000| Untracked 
|  65|0x0000000084100000, 0x0000000084100000, 0x0000000084200000|  0%| F|  |TAMS 0x0000000084100000, 0x0000000084100000| Untracked 
|  66|0x0000000084200000, 0x0000000084200000, 0x0000000084300000|  0%| F|  |TAMS 0x0000000084200000, 0x0000000084200000| Untracked 
|  67|0x0000000084300000, 0x0000000084300000, 0x0000000084400000|  0%| F|  |TAMS 0x0000000084300000, 0x0000000084300000| Untracked 
|  68|0x0000000084400000, 0x0000000084400000, 0x0000000084500000|  0%| F|  |TAMS 0x0000000084400000, 0x0000000084400000| Untracked 
|  69|0x0000000084500000, 0x0000000084500000, 0x0000000084600000|  0%| F|  |TAMS 0x0000000084500000, 0x0000000084500000| Untracked 
|  70|0x0000000084600000, 0x0000000084600000, 0x0000000084700000|  0%| F|  |TAMS 0x0000000084600000, 0x0000000084600000| Untracked 
|  71|0x0000000084700000, 0x0000000084700000, 0x0000000084800000|  0%| F|  |TAMS 0x0000000084700000, 0x0000000084700000| Untracked 
|  72|0x0000000084800000, 0x0000000084800000, 0x0000000084900000|  0%| F|  |TAMS 0x0000000084800000, 0x0000000084800000| Untracked 
|  73|0x0000000084900000, 0x0000000084900000, 0x0000000084a00000|  0%| F|  |TAMS 0x0000000084900000, 0x0000000084900000| Untracked 
|  74|0x0000000084a00000, 0x0000000084af5a48, 0x0000000084b00000| 95%| S|CS|TAMS 0x0000000084a00000, 0x0000000084a00000| Complete 
|  75|0x0000000084b00000, 0x0000000084c00000, 0x0000000084c00000|100%| S|CS|TAMS 0x0000000084b00000, 0x0000000084b00000| Complete 
|  76|0x0000000084c00000, 0x0000000084d00000, 0x0000000084d00000|100%| S|CS|TAMS 0x0000000084c00000, 0x0000000084c00000| Complete 
|  77|0x0000000084d00000, 0x0000000084e00000, 0x0000000084e00000|100%| S|CS|TAMS 0x0000000084d00000, 0x0000000084d00000| Complete 
|  78|0x0000000084e00000, 0x0000000084e00000, 0x0000000084f00000|  0%| F|  |TAMS 0x0000000084e00000, 0x0000000084e00000| Untracked 
|  79|0x0000000084f00000, 0x0000000084f00000, 0x0000000085000000|  0%| F|  |TAMS 0x0000000084f00000, 0x0000000084f00000| Untracked 
|  80|0x0000000085000000, 0x0000000085000000, 0x0000000085100000|  0%| F|  |TAMS 0x0000000085000000, 0x0000000085000000| Untracked 
|  81|0x0000000085100000, 0x0000000085100000, 0x0000000085200000|  0%| F|  |TAMS 0x0000000085100000, 0x0000000085100000| Untracked 
|  82|0x0000000085200000, 0x0000000085200000, 0x0000000085300000|  0%| F|  |TAMS 0x0000000085200000, 0x0000000085200000| Untracked 
|  83|0x0000000085300000, 0x0000000085300000, 0x0000000085400000|  0%| F|  |TAMS 0x0000000085300000, 0x0000000085300000| Untracked 
|  84|0x0000000085400000, 0x0000000085400000, 0x0000000085500000|  0%| F|  |TAMS 0x0000000085400000, 0x0000000085400000| Untracked 
|  85|0x0000000085500000, 0x0000000085500000, 0x0000000085600000|  0%| F|  |TAMS 0x0000000085500000, 0x0000000085500000| Untracked 
|  86|0x0000000085600000, 0x0000000085600000, 0x0000000085700000|  0%| F|  |TAMS 0x0000000085600000, 0x0000000085600000| Untracked 
|  87|0x0000000085700000, 0x0000000085700000, 0x0000000085800000|  0%| F|  |TAMS 0x0000000085700000, 0x0000000085700000| Untracked 
|  88|0x0000000085800000, 0x0000000085800000, 0x0000000085900000|  0%| F|  |TAMS 0x0000000085800000, 0x0000000085800000| Untracked 
|  89|0x0000000085900000, 0x0000000085900000, 0x0000000085a00000|  0%| F|  |TAMS 0x0000000085900000, 0x0000000085900000| Untracked 
|  90|0x0000000085a00000, 0x0000000085a00000, 0x0000000085b00000|  0%| F|  |TAMS 0x0000000085a00000, 0x0000000085a00000| Untracked 
|  91|0x0000000085b00000, 0x0000000085b00000, 0x0000000085c00000|  0%| F|  |TAMS 0x0000000085b00000, 0x0000000085b00000| Untracked 
|  92|0x0000000085c00000, 0x0000000085c00000, 0x0000000085d00000|  0%| F|  |TAMS 0x0000000085c00000, 0x0000000085c00000| Untracked 
|  93|0x0000000085d00000, 0x0000000085d00000, 0x0000000085e00000|  0%| F|  |TAMS 0x0000000085d00000, 0x0000000085d00000| Untracked 
|  94|0x0000000085e00000, 0x0000000085e00000, 0x0000000085f00000|  0%| F|  |TAMS 0x0000000085e00000, 0x0000000085e00000| Untracked 
|  95|0x0000000085f00000, 0x0000000085f00000, 0x0000000086000000|  0%| F|  |TAMS 0x0000000085f00000, 0x0000000085f00000| Untracked 
|  96|0x0000000086000000, 0x0000000086000000, 0x0000000086100000|  0%| F|  |TAMS 0x0000000086000000, 0x0000000086000000| Untracked 
|  97|0x0000000086100000, 0x0000000086100000, 0x0000000086200000|  0%| F|  |TAMS 0x0000000086100000, 0x0000000086100000| Untracked 
|  98|0x0000000086200000, 0x0000000086200000, 0x0000000086300000|  0%| F|  |TAMS 0x0000000086200000, 0x0000000086200000| Untracked 
|  99|0x0000000086300000, 0x0000000086300000, 0x0000000086400000|  0%| F|  |TAMS 0x0000000086300000, 0x0000000086300000| Untracked 
| 100|0x0000000086400000, 0x0000000086400000, 0x0000000086500000|  0%| F|  |TAMS 0x0000000086400000, 0x0000000086400000| Untracked 
| 101|0x0000000086500000, 0x00000000865f1b30, 0x0000000086600000| 94%| E|  |TAMS 0x0000000086500000, 0x0000000086500000| Complete 
| 102|0x0000000086600000, 0x0000000086700000, 0x0000000086700000|100%| E|CS|TAMS 0x0000000086600000, 0x0000000086600000| Complete 
| 111|0x0000000086f00000, 0x0000000087000000, 0x0000000087000000|100%| E|CS|TAMS 0x0000000086f00000, 0x0000000086f00000| Complete 

Card table byte_map: [0x000001fe62500000,0x000001fe62900000] _byte_map_base: 0x000001fe62100000

Marking Bits (Prev, Next): (CMBitMap*) 0x000001fe4f950cd0, (CMBitMap*) 0x000001fe4f950d10
 Prev Bits: [0x000001fe62d00000, 0x000001fe64d00000)
 Next Bits: [0x000001fe64d00000, 0x000001fe66d00000)

Polling page: 0x000001fe4da80000

Metaspace:

Usage:
  Non-class:     56.64 MB used.
      Class:      8.58 MB used.
       Both:     65.22 MB used.

Virtual space:
  Non-class space:       64.00 MB reserved,      56.94 MB ( 89%) committed,  8 nodes.
      Class space:        1.00 GB reserved,       8.81 MB ( <1%) committed,  1 nodes.
             Both:        1.06 GB reserved,      65.75 MB (  6%) committed. 

Chunk freelists:
   Non-Class:  2.73 MB
       Class:  3.14 MB
        Both:  5.87 MB

MaxMetaspaceSize: unlimited
CompressedClassSpaceSize: 1.00 GB
Initial GC threshold: 21.00 MB
Current GC threshold: 109.50 MB
CDS: off
MetaspaceReclaimPolicy: balanced
 - commit_granule_bytes: 65536.
 - commit_granule_words: 8192.
 - virtual_space_node_default_size: 1048576.
 - enlarge_chunks_in_place: 1.
 - new_chunks_are_fully_committed: 0.
 - uncommit_free_chunks: 1.
 - use_allocation_guard: 0.
 - handle_deallocations: 1.


Internal statistics:

num_allocs_failed_limit: 6.
num_arena_births: 618.
num_arena_deaths: 0.
num_vsnodes_births: 9.
num_vsnodes_deaths: 0.
num_space_committed: 1052.
num_space_uncommitted: 0.
num_chunks_returned_to_freelist: 6.
num_chunks_taken_from_freelist: 2780.
num_chunk_merges: 6.
num_chunk_splits: 1874.
num_chunks_enlarged: 1281.
num_purges: 0.
num_inconsistent_stats: 0.

CodeHeap 'non-profiled nmethods': size=120000Kb used=2899Kb max_used=3439Kb free=117100Kb
 bounds [0x000001fe5a890000, 0x000001fe5abf0000, 0x000001fe61dc0000]
CodeHeap 'profiled nmethods': size=120000Kb used=11244Kb max_used=12422Kb free=108755Kb
 bounds [0x000001fe52dc0000, 0x000001fe539f0000, 0x000001fe5a2f0000]
CodeHeap 'non-nmethods': size=5760Kb used=2353Kb max_used=2427Kb free=3406Kb
 bounds [0x000001fe5a2f0000, 0x000001fe5a560000, 0x000001fe5a890000]
 total_blobs=6678 nmethods=5798 adapters=792
 compilation: enabled
              stopped_count=0, restarted_count=0
 full_count=0

Compilation events (20 events):
Event: 9.543 Thread 0x000001fe6a054760 nmethod 6652 0x000001fe52e53010 code [0x000001fe52e531c0, 0x000001fe52e53328]
Event: 9.550 Thread 0x000001fe6a054760 6654   !   3       sun.nio.cs.StreamDecoder::readBytes (271 bytes)
Event: 9.552 Thread 0x000001fe6a054760 nmethod 6654 0x000001fe52df7510 code [0x000001fe52df7820, 0x000001fe52df8808]
Event: 9.552 Thread 0x000001fe6a054760 6655       3       java.nio.HeapByteBuffer::compact (85 bytes)
Event: 9.552 Thread 0x000001fe6a054760 nmethod 6655 0x000001fe53142290 code [0x000001fe53142480, 0x000001fe53142aa8]
Event: 9.573 Thread 0x000001fe6a054760 6656       3       java.lang.reflect.Method::toShortSignature (78 bytes)
Event: 9.574 Thread 0x000001fe6a054760 nmethod 6656 0x000001fe532e5190 code [0x000001fe532e5420, 0x000001fe532e5db8]
Event: 9.580 Thread 0x000001fe6a054760 6657       1       com.google.gson.reflect.TypeToken::getRawType (5 bytes)
Event: 9.580 Thread 0x000001fe6a054760 nmethod 6657 0x000001fe5aa47410 code [0x000001fe5aa475a0, 0x000001fe5aa47678]
Event: 9.590 Thread 0x000001fe6a054760 6658       3       java.lang.reflect.Field::getAnnotation (23 bytes)
Event: 9.591 Thread 0x000001fe6a054760 nmethod 6658 0x000001fe53237710 code [0x000001fe53237920, 0x000001fe53237fa8]
Event: 9.591 Thread 0x000001fe6a054760 6659       3       java.util.Collections$SingletonList::get (41 bytes)
Event: 9.592 Thread 0x000001fe6a054760 nmethod 6659 0x000001fe533edf10 code [0x000001fe533ee160, 0x000001fe533ee868]
Event: 9.598 Thread 0x000001fe6a054760 6660       3       com.google.gson.internal.bind.TypeAdapters$30::create (20 bytes)
Event: 9.598 Thread 0x000001fe6a054760 nmethod 6660 0x000001fe533eda90 code [0x000001fe533edc40, 0x000001fe533eddf8]
Event: 9.599 Thread 0x000001fe6a054760 6661       3       java.lang.reflect.ProxyGenerator::addProxyMethod (190 bytes)
Event: 9.600 Thread 0x000001fe6a054760 nmethod 6661 0x000001fe53376990 code [0x000001fe53376d20, 0x000001fe53378508]
Event: 9.601 Thread 0x000001fe6a054760 6662       3       com.google.gson.stream.JsonReader::nextNonWhitespace (357 bytes)
Event: 9.604 Thread 0x000001fe6a054760 nmethod 6662 0x000001fe52e08890 code [0x000001fe52e08d40, 0x000001fe52e0abd8]
Event: 9.604 Thread 0x000001fe6a054760 6663       3       com.google.gson.stream.JsonReader::nextQuotedValue (271 bytes)

GC Heap History (20 events):
Event: 5.877 GC heap before
{Heap before GC invocations=12 (full 0):
 garbage-first heap   total 68608K, used 43672K [0x0000000080000000, 0x0000000100000000)
  region size 1024K, 15 young (15360K), 2 survivors (2048K)
 Metaspace       used 46056K, committed 46464K, reserved 1089536K
  class space    used 6112K, committed 6272K, reserved 1048576K
}
Event: 5.879 GC heap after
{Heap after GC invocations=13 (full 0):
 garbage-first heap   total 82944K, used 33890K [0x0000000080000000, 0x0000000100000000)
  region size 1024K, 2 young (2048K), 2 survivors (2048K)
 Metaspace       used 46056K, committed 46464K, reserved 1089536K
  class space    used 6112K, committed 6272K, reserved 1048576K
}
Event: 6.414 GC heap before
{Heap before GC invocations=13 (full 0):
 garbage-first heap   total 82944K, used 63586K [0x0000000080000000, 0x0000000100000000)
  region size 1024K, 30 young (30720K), 2 survivors (2048K)
 Metaspace       used 50308K, committed 50752K, reserved 1097728K
  class space    used 6674K, committed 6848K, reserved 1048576K
}
Event: 6.417 GC heap after
{Heap after GC invocations=14 (full 0):
 garbage-first heap   total 82944K, used 34473K [0x0000000080000000, 0x0000000100000000)
  region size 1024K, 2 young (2048K), 2 survivors (2048K)
 Metaspace       used 50308K, committed 50752K, reserved 1097728K
  class space    used 6674K, committed 6848K, reserved 1048576K
}
Event: 7.023 GC heap before
{Heap before GC invocations=14 (full 0):
 garbage-first heap   total 82944K, used 64169K [0x0000000080000000, 0x0000000100000000)
  region size 1024K, 31 young (31744K), 2 survivors (2048K)
 Metaspace       used 51544K, committed 51968K, reserved 1097728K
  class space    used 6811K, committed 6976K, reserved 1048576K
}
Event: 7.028 GC heap after
{Heap after GC invocations=15 (full 0):
 garbage-first heap   total 82944K, used 36272K [0x0000000080000000, 0x0000000100000000)
  region size 1024K, 4 young (4096K), 4 survivors (4096K)
 Metaspace       used 51544K, committed 51968K, reserved 1097728K
  class space    used 6811K, committed 6976K, reserved 1048576K
}
Event: 7.497 GC heap before
{Heap before GC invocations=15 (full 0):
 garbage-first heap   total 82944K, used 66992K [0x0000000080000000, 0x0000000100000000)
  region size 1024K, 32 young (32768K), 4 survivors (4096K)
 Metaspace       used 54350K, committed 54848K, reserved 1097728K
  class space    used 7198K, committed 7424K, reserved 1048576K
}
Event: 7.503 GC heap after
{Heap after GC invocations=16 (full 0):
 garbage-first heap   total 82944K, used 44138K [0x0000000080000000, 0x0000000100000000)
  region size 1024K, 4 young (4096K), 4 survivors (4096K)
 Metaspace       used 54350K, committed 54848K, reserved 1097728K
  class space    used 7198K, committed 7424K, reserved 1048576K
}
Event: 7.885 GC heap before
{Heap before GC invocations=16 (full 0):
 garbage-first heap   total 82944K, used 64618K [0x0000000080000000, 0x0000000100000000)
  region size 1024K, 24 young (24576K), 4 survivors (4096K)
 Metaspace       used 57882K, committed 58368K, reserved 1105920K
  class space    used 7631K, committed 7872K, reserved 1048576K
}
Event: 7.888 GC heap after
{Heap after GC invocations=17 (full 0):
 garbage-first heap   total 82944K, used 45664K [0x0000000080000000, 0x0000000100000000)
  region size 1024K, 1 young (1024K), 1 survivors (1024K)
 Metaspace       used 57882K, committed 58368K, reserved 1105920K
  class space    used 7631K, committed 7872K, reserved 1048576K
}
Event: 8.408 GC heap before
{Heap before GC invocations=18 (full 0):
 garbage-first heap   total 82944K, used 66144K [0x0000000080000000, 0x0000000100000000)
  region size 1024K, 21 young (21504K), 1 survivors (1024K)
 Metaspace       used 61070K, committed 61504K, reserved 1105920K
  class space    used 8113K, committed 8320K, reserved 1048576K
}
Event: 8.411 GC heap after
{Heap after GC invocations=19 (full 0):
 garbage-first heap   total 82944K, used 46816K [0x0000000080000000, 0x0000000100000000)
  region size 1024K, 2 young (2048K), 2 survivors (2048K)
 Metaspace       used 61070K, committed 61504K, reserved 1105920K
  class space    used 8113K, committed 8320K, reserved 1048576K
}
Event: 8.574 GC heap before
{Heap before GC invocations=19 (full 0):
 garbage-first heap   total 82944K, used 50912K [0x0000000080000000, 0x0000000100000000)
  region size 1024K, 7 young (7168K), 2 survivors (2048K)
 Metaspace       used 62404K, committed 62912K, reserved 1105920K
  class space    used 8257K, committed 8448K, reserved 1048576K
}
Event: 8.578 GC heap after
{Heap after GC invocations=20 (full 0):
 garbage-first heap   total 82944K, used 47918K [0x0000000080000000, 0x0000000100000000)
  region size 1024K, 3 young (3072K), 3 survivors (3072K)
 Metaspace       used 62404K, committed 62912K, reserved 1105920K
  class space    used 8257K, committed 8448K, reserved 1048576K
}
Event: 8.651 GC heap before
{Heap before GC invocations=21 (full 0):
 garbage-first heap   total 106496K, used 60206K [0x0000000080000000, 0x0000000100000000)
  region size 1024K, 12 young (12288K), 3 survivors (3072K)
 Metaspace       used 62417K, committed 62912K, reserved 1105920K
  class space    used 8257K, committed 8448K, reserved 1048576K
}
Event: 8.656 GC heap after
{Heap after GC invocations=22 (full 0):
 garbage-first heap   total 106496K, used 53774K [0x0000000080000000, 0x0000000100000000)
  region size 1024K, 3 young (3072K), 3 survivors (3072K)
 Metaspace       used 62417K, committed 62912K, reserved 1105920K
  class space    used 8257K, committed 8448K, reserved 1048576K
}
Event: 9.116 GC heap before
{Heap before GC invocations=23 (full 0):
 garbage-first heap   total 106496K, used 77326K [0x0000000080000000, 0x0000000100000000)
  region size 1024K, 24 young (24576K), 3 survivors (3072K)
 Metaspace       used 64581K, committed 65088K, reserved 1105920K
  class space    used 8533K, committed 8704K, reserved 1048576K
}
Event: 9.119 GC heap after
{Heap after GC invocations=24 (full 0):
 garbage-first heap   total 106496K, used 52084K [0x0000000080000000, 0x0000000100000000)
  region size 1024K, 2 young (2048K), 2 survivors (2048K)
 Metaspace       used 64581K, committed 65088K, reserved 1105920K
  class space    used 8533K, committed 8704K, reserved 1048576K
}
Event: 9.545 GC heap before
{Heap before GC invocations=24 (full 0):
 garbage-first heap   total 106496K, used 75636K [0x0000000080000000, 0x0000000100000000)
  region size 1024K, 26 young (26624K), 2 survivors (2048K)
 Metaspace       used 66597K, committed 67136K, reserved 1114112K
  class space    used 8769K, committed 9024K, reserved 1048576K
}
Event: 9.549 GC heap after
{Heap after GC invocations=25 (full 0):
 garbage-first heap   total 106496K, used 54153K [0x0000000080000000, 0x0000000100000000)
  region size 1024K, 4 young (4096K), 4 survivors (4096K)
 Metaspace       used 66597K, committed 67136K, reserved 1114112K
  class space    used 8769K, committed 9024K, reserved 1048576K
}

Dll operation events (2 events):
Event: 0.007 Loaded shared library D:\Android\jbr\bin\java.dll
Event: 0.426 Loaded shared library D:\Android\jbr\bin\verify.dll

Deoptimization events (20 events):
Event: 8.765 Thread 0x000001fe6bb96580 DEOPT PACKING pc=0x000001fe5386ad16 sp=0x00000045097f1490
Event: 8.765 Thread 0x000001fe6bb96580 DEOPT UNPACKING pc=0x000001fe5a347143 sp=0x00000045097f08e8 mode 0
Event: 9.342 Thread 0x000001fe6bb96580 DEOPT PACKING pc=0x000001fe53154f9b sp=0x00000045097f7030
Event: 9.342 Thread 0x000001fe6bb96580 DEOPT UNPACKING pc=0x000001fe5a347143 sp=0x00000045097f64a0 mode 0
Event: 9.475 Thread 0x000001fe6bb96580 Uncommon trap: trap_request=0xffffff45 fr.pc=0x000001fe5aab884c relative=0x000000000000030c
Event: 9.475 Thread 0x000001fe6bb96580 Uncommon trap: reason=unstable_if action=reinterpret pc=0x000001fe5aab884c method=org.gradle.internal.reflect.PropertyAccessorType.of(Ljava/lang/reflect/Method;)Lorg/gradle/internal/reflect/PropertyAccessorType; @ 56 c2
Event: 9.475 Thread 0x000001fe6bb96580 DEOPT PACKING pc=0x000001fe5aab884c sp=0x00000045097f7580
Event: 9.475 Thread 0x000001fe6bb96580 DEOPT UNPACKING pc=0x000001fe5a3469a3 sp=0x00000045097f7540 mode 2
Event: 9.501 Thread 0x000001fe6bb96580 Uncommon trap: trap_request=0xffffff45 fr.pc=0x000001fe5aabb728 relative=0x0000000000000128
Event: 9.501 Thread 0x000001fe6bb96580 Uncommon trap: reason=unstable_if action=reinterpret pc=0x000001fe5aabb728 method=org.objectweb.asm.ByteVector.putByteArray([BII)Lorg/objectweb/asm/ByteVector; @ 20 c2
Event: 9.501 Thread 0x000001fe6bb96580 DEOPT PACKING pc=0x000001fe5aabb728 sp=0x00000045097f5c00
Event: 9.501 Thread 0x000001fe6bb96580 DEOPT UNPACKING pc=0x000001fe5a3469a3 sp=0x00000045097f5bd0 mode 2
Event: 9.501 Thread 0x000001fe6bb96580 Uncommon trap: trap_request=0xffffff45 fr.pc=0x000001fe5a9d7880 relative=0x00000000000009c0
Event: 9.501 Thread 0x000001fe6bb96580 Uncommon trap: reason=unstable_if action=reinterpret pc=0x000001fe5a9d7880 method=org.objectweb.asm.Label.resolve([BI)Z @ 80 c2
Event: 9.501 Thread 0x000001fe6bb96580 DEOPT PACKING pc=0x000001fe5a9d7880 sp=0x00000045097f5c20
Event: 9.501 Thread 0x000001fe6bb96580 DEOPT UNPACKING pc=0x000001fe5a3469a3 sp=0x00000045097f5b40 mode 2
Event: 9.501 Thread 0x000001fe6bb96580 Uncommon trap: trap_request=0xffffff45 fr.pc=0x000001fe5aba4698 relative=0x00000000000001f8
Event: 9.501 Thread 0x000001fe6bb96580 Uncommon trap: reason=unstable_if action=reinterpret pc=0x000001fe5aba4698 method=org.objectweb.asm.Label.resolve([BI)Z @ 80 c2
Event: 9.501 Thread 0x000001fe6bb96580 DEOPT PACKING pc=0x000001fe5aba4698 sp=0x00000045097f5bb0
Event: 9.501 Thread 0x000001fe6bb96580 DEOPT UNPACKING pc=0x000001fe5a3469a3 sp=0x00000045097f5b30 mode 2

Classes unloaded (0 events):
No events

Classes redefined (0 events):
No events

Internal exceptions (20 events):
Event: 8.463 Thread 0x000001fe6bb96580 Implicit null exception at 0x000001fe5aa3b80c to 0x000001fe5aa3b93e
Event: 8.808 Thread 0x000001fe6bb96580 Exception <a 'sun/nio/fs/WindowsException'{0x0000000086068168}> (0x0000000086068168) 
thrown [s\src\hotspot\share\prims\jni.cpp, line 517]
Event: 8.809 Thread 0x000001fe6bb96580 Exception <a 'sun/nio/fs/WindowsException'{0x0000000086069d80}> (0x0000000086069d80) 
thrown [s\src\hotspot\share\prims\jni.cpp, line 517]
Event: 9.239 Thread 0x000001fe6bb96580 Exception <a 'java/lang/ClassNotFoundException'{0x00000000860f2f30}: org/gradle/api/internal/project/DefaultProject_DecoratedBeanInfo> (0x00000000860f2f30) 
thrown [s\src\hotspot\share\classfile\systemDictionary.cpp, line 256]
Event: 9.240 Thread 0x000001fe6bb96580 Exception <a 'java/lang/ClassNotFoundException'{0x0000000085f0aa98}: org/gradle/api/internal/project/DefaultProjectBeanInfo> (0x0000000085f0aa98) 
thrown [s\src\hotspot\share\classfile\systemDictionary.cpp, line 256]
Event: 9.241 Thread 0x000001fe6bb96580 Exception <a 'java/lang/ClassNotFoundException'{0x0000000085f22520}: org/gradle/api/internal/project/DefaultProjectCustomizer> (0x0000000085f22520) 
thrown [s\src\hotspot\share\classfile\systemDictionary.cpp, line 256]
Event: 9.246 Thread 0x000001fe6bb96580 Exception <a 'java/lang/ClassNotFoundException'{0x0000000085fd62f0}: org/gradle/api/internal/project/DefaultProject_DecoratedCustomizer> (0x0000000085fd62f0) 
thrown [s\src\hotspot\share\classfile\systemDictionary.cpp, line 256]
Event: 9.262 Thread 0x000001fe6bb96580 Exception <a 'java/lang/ClassNotFoundException'{0x0000000085eb9ca8}: org/gradle/api/plugins/internal/DefaultBasePluginConvention_DecoratedBeanInfo> (0x0000000085eb9ca8) 
thrown [s\src\hotspot\share\classfile\systemDictionary.cpp, line 256]
Event: 9.263 Thread 0x000001fe6bb96580 Exception <a 'java/lang/ClassNotFoundException'{0x0000000085ed4fb8}: org/gradle/api/plugins/internal/DefaultBasePluginConventionBeanInfo> (0x0000000085ed4fb8) 
thrown [s\src\hotspot\share\classfile\systemDictionary.cpp, line 256]
Event: 9.265 Thread 0x000001fe6bb96580 Exception <a 'java/lang/ClassNotFoundException'{0x0000000085eef900}: org/gradle/api/plugins/BasePluginConventionBeanInfo> (0x0000000085eef900) 
thrown [s\src\hotspot\share\classfile\systemDictionary.cpp, line 256]
Event: 9.266 Thread 0x000001fe6bb96580 Exception <a 'java/lang/ClassNotFoundException'{0x0000000085d0aa28}: org/gradle/api/plugins/BasePluginConventionCustomizer> (0x0000000085d0aa28) 
thrown [s\src\hotspot\share\classfile\systemDictionary.cpp, line 256]
Event: 9.268 Thread 0x000001fe6bb96580 Exception <a 'java/lang/ClassNotFoundException'{0x0000000085d2fe18}: org/gradle/api/plugins/internal/DefaultBasePluginConventionCustomizer> (0x0000000085d2fe18) 
thrown [s\src\hotspot\share\classfile\systemDictionary.cpp, line 256]
Event: 9.270 Thread 0x000001fe6bb96580 Exception <a 'java/lang/ClassNotFoundException'{0x0000000085d5d940}: org/gradle/api/plugins/internal/DefaultBasePluginConvention_DecoratedCustomizer> (0x0000000085d5d940) 
thrown [s\src\hotspot\share\classfile\systemDictionary.cpp, line 256]
Event: 9.278 Thread 0x000001fe6bb96580 Exception <a 'java/lang/ClassNotFoundException'{0x0000000085dd1a30}: org/gradle/api/plugins/internal/DefaultJavaPluginConvention_DecoratedBeanInfo> (0x0000000085dd1a30) 
thrown [s\src\hotspot\share\classfile\systemDictionary.cpp, line 256]
Event: 9.280 Thread 0x000001fe6bb96580 Exception <a 'java/lang/ClassNotFoundException'{0x0000000085decd40}: org/gradle/api/plugins/internal/DefaultJavaPluginConventionBeanInfo> (0x0000000085decd40) 
thrown [s\src\hotspot\share\classfile\systemDictionary.cpp, line 256]
Event: 9.281 Thread 0x000001fe6bb96580 Exception <a 'java/lang/ClassNotFoundException'{0x0000000085c07e38}: org/gradle/api/plugins/JavaPluginConventionBeanInfo> (0x0000000085c07e38) 
thrown [s\src\hotspot\share\classfile\systemDictionary.cpp, line 256]
Event: 9.283 Thread 0x000001fe6bb96580 Exception <a 'java/lang/ClassNotFoundException'{0x0000000085c22748}: org/gradle/api/plugins/JavaPluginConventionCustomizer> (0x0000000085c22748) 
thrown [s\src\hotspot\share\classfile\systemDictionary.cpp, line 256]
Event: 9.285 Thread 0x000001fe6bb96580 Exception <a 'java/lang/ClassNotFoundException'{0x0000000085c517d8}: org/gradle/api/plugins/internal/DefaultJavaPluginConventionCustomizer> (0x0000000085c517d8) 
thrown [s\src\hotspot\share\classfile\systemDictionary.cpp, line 256]
Event: 9.288 Thread 0x000001fe6bb96580 Exception <a 'java/lang/ClassNotFoundException'{0x0000000085c93738}: org/gradle/api/plugins/internal/DefaultJavaPluginConvention_DecoratedCustomizer> (0x0000000085c93738) 
thrown [s\src\hotspot\share\classfile\systemDictionary.cpp, line 256]
Event: 9.501 Thread 0x000001fe6bb96580 Implicit null exception at 0x000001fe5aabb648 to 0x000001fe5aabb708

VM Operations (20 events):
Event: 8.625 Executing VM operation: G1Concurrent
Event: 8.629 Executing VM operation: G1Concurrent done
Event: 8.648 Executing VM operation: G1Concurrent
Event: 8.648 Executing VM operation: G1Concurrent done
Event: 8.651 Executing VM operation: G1TryInitiateConcMark
Event: 8.656 Executing VM operation: G1TryInitiateConcMark done
Event: 8.705 Executing VM operation: G1Concurrent
Event: 8.708 Executing VM operation: G1Concurrent done
Event: 8.729 Executing VM operation: G1Concurrent
Event: 8.729 Executing VM operation: G1Concurrent done
Event: 8.853 Executing VM operation: HandshakeAllThreads
Event: 8.853 Executing VM operation: HandshakeAllThreads done
Event: 8.875 Executing VM operation: HandshakeAllThreads
Event: 8.876 Executing VM operation: HandshakeAllThreads done
Event: 8.903 Executing VM operation: HandshakeAllThreads
Event: 8.903 Executing VM operation: HandshakeAllThreads done
Event: 9.115 Executing VM operation: G1CollectForAllocation
Event: 9.119 Executing VM operation: G1CollectForAllocation done
Event: 9.545 Executing VM operation: G1CollectForAllocation
Event: 9.549 Executing VM operation: G1CollectForAllocation done

Events (20 events):
Event: 9.252 loading class org/xml/sax/Attributes
Event: 9.253 loading class org/xml/sax/Attributes done
Event: 9.370 loading class javax/management/InstanceAlreadyExistsException
Event: 9.370 loading class javax/management/InstanceAlreadyExistsException done
Event: 9.370 loading class javax/management/MBeanRegistrationException
Event: 9.370 loading class javax/management/MBeanRegistrationException done
Event: 9.370 loading class javax/management/NotCompliantMBeanException
Event: 9.370 loading class javax/management/NotCompliantMBeanException done
Event: 9.374 loading class com/sun/jmx/mbeanserver/StandardMBeanSupport
Event: 9.375 loading class com/sun/jmx/mbeanserver/StandardMBeanSupport done
Event: 9.375 loading class com/sun/jmx/mbeanserver/StandardMBeanIntrospector
Event: 9.375 loading class com/sun/jmx/mbeanserver/StandardMBeanIntrospector done
Event: 9.444 loading class javax/xml/stream/XMLStreamException
Event: 9.445 loading class javax/xml/stream/XMLStreamException done
Event: 9.472 loading class sun/reflect/annotation/AnnotationInvocationHandler$1
Event: 9.472 loading class sun/reflect/annotation/AnnotationInvocationHandler$1 done
Event: 9.571 loading class sun/reflect/generics/repository/FieldRepository
Event: 9.571 loading class sun/reflect/generics/repository/FieldRepository done
Event: 9.598 loading class jdk/internal/vm/annotation/ForceInline
Event: 9.598 loading class jdk/internal/vm/annotation/ForceInline done


Dynamic libraries:
0x00007ff78f650000 - 0x00007ff78f65a000 	D:\Android\jbr\bin\java.exe
0x00007ffd9b420000 - 0x00007ffd9b629000 	C:\WINDOWS\SYSTEM32\ntdll.dll
0x00007ffd9a930000 - 0x00007ffd9a9ee000 	C:\WINDOWS\System32\KERNEL32.DLL
0x00007ffd98b60000 - 0x00007ffd98ee3000 	C:\WINDOWS\System32\KERNELBASE.dll
0x00007ffd98f70000 - 0x00007ffd99081000 	C:\WINDOWS\System32\ucrtbase.dll
0x00007ffd70f30000 - 0x00007ffd70f47000 	D:\Android\jbr\bin\jli.dll
0x00007ffd70ed0000 - 0x00007ffd70eeb000 	D:\Android\jbr\bin\VCRUNTIME140.dll
0x00007ffd9add0000 - 0x00007ffd9af7d000 	C:\WINDOWS\System32\USER32.dll
0x00007ffd7ec40000 - 0x00007ffd7eee5000 	C:\WINDOWS\WinSxS\amd64_microsoft.windows.common-controls_6595b64144ccf1df_6.0.22000.120_none_9d947278b86cc467\COMCTL32.dll
0x00007ffd99260000 - 0x00007ffd99286000 	C:\WINDOWS\System32\win32u.dll
0x00007ffd9b000000 - 0x00007ffd9b0a3000 	C:\WINDOWS\System32\msvcrt.dll
0x00007ffd9b280000 - 0x00007ffd9b2a9000 	C:\WINDOWS\System32\GDI32.dll
0x00007ffd988d0000 - 0x00007ffd989ea000 	C:\WINDOWS\System32\gdi32full.dll
0x00007ffd99150000 - 0x00007ffd991ed000 	C:\WINDOWS\System32\msvcp_win.dll
0x00007ffd99450000 - 0x00007ffd99481000 	C:\WINDOWS\System32\IMM32.DLL
0x00007ffd900d0000 - 0x00007ffd900dc000 	D:\Android\jbr\bin\vcruntime140_1.dll
0x00007ffd42c00000 - 0x00007ffd42c8d000 	D:\Android\jbr\bin\msvcp140.dll
0x00007ffd22640000 - 0x00007ffd232ad000 	D:\Android\jbr\bin\server\jvm.dll
0x00007ffd9b140000 - 0x00007ffd9b1ee000 	C:\WINDOWS\System32\ADVAPI32.dll
0x00007ffd9ab90000 - 0x00007ffd9ac2e000 	C:\WINDOWS\System32\sechost.dll
0x00007ffd9b2b0000 - 0x00007ffd9b3d1000 	C:\WINDOWS\System32\RPCRT4.dll
0x00007ffd95680000 - 0x00007ffd956b3000 	C:\WINDOWS\SYSTEM32\WINMM.dll
0x00007ffd92fe0000 - 0x00007ffd92fe9000 	C:\WINDOWS\SYSTEM32\WSOCK32.dll
0x00007ffd90540000 - 0x00007ffd9054a000 	C:\WINDOWS\SYSTEM32\VERSION.dll
0x00007ffd99490000 - 0x00007ffd994ff000 	C:\WINDOWS\System32\WS2_32.dll
0x00007ffd97950000 - 0x00007ffd97968000 	C:\WINDOWS\SYSTEM32\kernel.appcore.dll
0x00007ffd92940000 - 0x00007ffd9294a000 	D:\Android\jbr\bin\jimage.dll
0x00007ffd96060000 - 0x00007ffd96281000 	C:\WINDOWS\SYSTEM32\DBGHELP.DLL
0x00007ffd90f10000 - 0x00007ffd90f41000 	C:\WINDOWS\SYSTEM32\dbgcore.DLL
0x00007ffd98ef0000 - 0x00007ffd98f6f000 	C:\WINDOWS\System32\bcryptPrimitives.dll
0x00007ffd77480000 - 0x00007ffd774a5000 	D:\Android\jbr\bin\java.dll
0x00007ffd8ece0000 - 0x00007ffd8ecf8000 	D:\Android\jbr\bin\zip.dll
0x00007ffd99d70000 - 0x00007ffd9a535000 	C:\WINDOWS\System32\SHELL32.dll
0x00007ffd969b0000 - 0x00007ffd97214000 	C:\WINDOWS\SYSTEM32\windows.storage.dll
0x00007ffd9a5b0000 - 0x00007ffd9a926000 	C:\WINDOWS\System32\combase.dll
0x00007ffd96840000 - 0x00007ffd969a7000 	C:\WINDOWS\SYSTEM32\wintypes.dll
0x00007ffd9ac30000 - 0x00007ffd9ad1a000 	C:\WINDOWS\System32\SHCORE.dll
0x00007ffd993e0000 - 0x00007ffd9943d000 	C:\WINDOWS\System32\shlwapi.dll
0x00007ffd98800000 - 0x00007ffd98821000 	C:\WINDOWS\SYSTEM32\profapi.dll
0x00007ffd886a0000 - 0x00007ffd886b9000 	D:\Android\jbr\bin\net.dll
0x00007ffd91e30000 - 0x00007ffd91f42000 	C:\WINDOWS\SYSTEM32\WINHTTP.dll
0x00007ffd97df0000 - 0x00007ffd97e57000 	C:\WINDOWS\system32\mswsock.dll
0x00007ffd88650000 - 0x00007ffd88666000 	D:\Android\jbr\bin\nio.dll
0x00007ffd92830000 - 0x00007ffd92840000 	D:\Android\jbr\bin\verify.dll
0x00007ffd76dc0000 - 0x00007ffd76de7000 	C:\Users\an'zhi'lin\.gradle\native\68d5fa5c4cc2d200863cafc0d521ce42e7d3e7ee720ec0a83991735586a16f82\windows-amd64\native-platform.dll
0x00007ffd3e930000 - 0x00007ffd3ea74000 	C:\Users\an'zhi'lin\.gradle\native\e376f236ea51e6404a007f0833ffe2c6e607c4080706a723a18a27aeea778392\windows-amd64\native-platform-file-events.dll
0x00007ffd92900000 - 0x00007ffd92909000 	D:\Android\jbr\bin\management.dll
0x00007ffd928d0000 - 0x00007ffd928db000 	D:\Android\jbr\bin\management_ext.dll
0x00007ffd9b1f0000 - 0x00007ffd9b1f8000 	C:\WINDOWS\System32\PSAPI.DLL
0x00007ffd98050000 - 0x00007ffd98068000 	C:\WINDOWS\SYSTEM32\CRYPTSP.dll
0x00007ffd978b0000 - 0x00007ffd978e5000 	C:\WINDOWS\system32\rsaenh.dll
0x00007ffd97ef0000 - 0x00007ffd97f19000 	C:\WINDOWS\SYSTEM32\USERENV.dll
0x00007ffd981c0000 - 0x00007ffd981e7000 	C:\WINDOWS\SYSTEM32\bcrypt.dll
0x00007ffd98040000 - 0x00007ffd9804c000 	C:\WINDOWS\SYSTEM32\CRYPTBASE.dll
0x00007ffd97470000 - 0x00007ffd9749d000 	C:\WINDOWS\SYSTEM32\IPHLPAPI.DLL
0x00007ffd99440000 - 0x00007ffd99449000 	C:\WINDOWS\System32\NSI.dll
0x00007ffd91c00000 - 0x00007ffd91c19000 	C:\WINDOWS\SYSTEM32\dhcpcsvc6.DLL
0x00007ffd925b0000 - 0x00007ffd925ce000 	C:\WINDOWS\SYSTEM32\dhcpcsvc.DLL
0x00007ffd974e0000 - 0x00007ffd975c8000 	C:\WINDOWS\SYSTEM32\DNSAPI.dll
0x00007ffd92180000 - 0x00007ffd92188000 	C:\WINDOWS\system32\wshunix.dll

dbghelp: loaded successfully - version: 4.0.5 - missing functions: none
symbol engine: initialized successfully - sym options: 0x614 - pdb path: .;D:\Android\jbr\bin;C:\WINDOWS\SYSTEM32;C:\WINDOWS\WinSxS\amd64_microsoft.windows.common-controls_6595b64144ccf1df_6.0.22000.120_none_9d947278b86cc467;D:\Android\jbr\bin\server;C:\Users\an'zhi'lin\.gradle\native\68d5fa5c4cc2d200863cafc0d521ce42e7d3e7ee720ec0a83991735586a16f82\windows-amd64;C:\Users\an'zhi'lin\.gradle\native\e376f236ea51e6404a007f0833ffe2c6e607c4080706a723a18a27aeea778392\windows-amd64

VM Arguments:
jvm_args: --add-opens=java.base/java.util=ALL-UNNAMED --add-opens=java.base/java.lang=ALL-UNNAMED --add-opens=java.base/java.lang.invoke=ALL-UNNAMED --add-opens=java.prefs/java.util.prefs=ALL-UNNAMED --add-opens=java.base/java.nio.charset=ALL-UNNAMED --add-opens=java.base/java.net=ALL-UNNAMED --add-opens=java.base/java.util.concurrent.atomic=ALL-UNNAMED -Xmx2048m -Dfile.encoding=UTF-8 -Duser.country=CN -Duser.language=zh -Duser.variant 
java_command: org.gradle.launcher.daemon.bootstrap.GradleDaemon 8.0
java_class_path (initial): C:\Users\an'zhi'lin\.gradle\wrapper\dists\gradle-8.0-bin\ca5e32bp14vu59qr306oxotwh\gradle-8.0\lib\gradle-launcher-8.0.jar
Launcher Type: SUN_STANDARD

[Global flags]
     intx CICompilerCount                          = 4                                         {product} {ergonomic}
     uint ConcGCThreads                            = 2                                         {product} {ergonomic}
     uint G1ConcRefinementThreads                  = 8                                         {product} {ergonomic}
   size_t G1HeapRegionSize                         = 1048576                                   {product} {ergonomic}
    uintx GCDrainStackTargetSize                   = 64                                        {product} {ergonomic}
   size_t InitialHeapSize                          = 117440512                                 {product} {ergonomic}
   size_t MarkStackSize                            = 4194304                                   {product} {ergonomic}
   size_t MaxHeapSize                              = 2147483648                                {product} {command line}
   size_t MaxNewSize                               = 1287651328                                {product} {ergonomic}
   size_t MinHeapDeltaBytes                        = 1048576                                   {product} {ergonomic}
   size_t MinHeapSize                              = 8388608                                   {product} {ergonomic}
    uintx NonNMethodCodeHeapSize                   = 5839372                                {pd product} {ergonomic}
    uintx NonProfiledCodeHeapSize                  = 122909434                              {pd product} {ergonomic}
    uintx ProfiledCodeHeapSize                     = 122909434                              {pd product} {ergonomic}
    uintx ReservedCodeCacheSize                    = 251658240                              {pd product} {ergonomic}
     bool SegmentedCodeCache                       = true                                      {product} {ergonomic}
   size_t SoftMaxHeapSize                          = 2147483648                             {manageable} {ergonomic}
     bool UseCompressedClassPointers               = true                           {product lp64_product} {ergonomic}
     bool UseCompressedOops                        = true                           {product lp64_product} {ergonomic}
     bool UseG1GC                                  = true                                      {product} {ergonomic}
     bool UseLargePagesIndividualAllocation        = false                                  {pd product} {ergonomic}

Logging:
Log output configuration:
 #0: stdout all=warning uptime,level,tags
 #1: stderr all=off uptime,level,tags

Environment Variables:
JAVA_HOME=C:\Program Files\Java\jdk1.8.0_241
CLASSPATH=.;C:\Program Files\Java\jdk1.8.0_241\lib;C:\Program Files\Java\jdk1.8.0_241\lib\tools.jar
PATH=C:\WINDOWS\system32;C:\WINDOWS;C:\WINDOWS\System32\Wbem;C:\WINDOWS\System32\WindowsPowerShell\v1.0\;C:\WINDOWS\System32\OpenSSH\;C:\Program Files\Java\jdk1.8.0_241\bin;C:\Program Files\Java\jdk1.8.0_241\jre\bin;C:\Program Files\Git\cmd;D:\mingw64\bin;D:\Anaconda\bin;C:\Program Files\MySQL\MySQL Server 8.0\bin;C:\Program Files\Microsoft SQL Server\Client SDK\ODBC\170\Tools\Binn\;C:\Program Files (x86)\Microsoft SQL Server\150\Tools\Binn\;C:\Program Files\Microsoft SQL Server\150\Tools\Binn\;C:\Program Files\Microsoft SQL Server\150\DTS\Binn\;D:\Tomcat\apache-tomcat-8.5.69\bin\;D:\Tomcat\apache-tomcat-8.5.69\lib\;D:\hugo\bin;C:\Strawberry\c\bin;C:\Strawberry\perl\site\bin;C:\Strawberry\perl\bin;D:\My_Qt\Tools\mingw1120_64\bin;D:\My_Qt\Tools\mingw1120_64\lib;D:\My_Qt\6.3.1\mingw_64\bin;D:\My_Qt\6.3.1\mingw_64\lib;C:\Program Files\CMake\bin;C:\Program Files\MySQL\MySQL Server 8.0\bin;C:\Program Files\MySQL\MySQL Server 8.0\lib;C:\Users\an'zhi'lin\;C:\Program Files\MySQL\MySQL Shell 8.0\bin\;D:\Anaconda;D:\Anaconda\Library\mingw-w64\bin;D:\Anaconda\Library\usr\bin;D:\Anaconda\Library\bin;D:\Anaconda\Scripts;C:\Users\an'zhi'lin\AppData\Local\Programs\Python\Python39\Scripts\;C:\Users\an'zhi'lin\AppData\Local\Programs\Python\Python39\;C:\Users\an'zhi'lin\AppData\Local\Microsoft\WindowsApps;D:\HONOR Magic-link\\IntelliJ IDEA 2020.1\bin;;C:\Users\an'zhi'lin\AppData\Local\GitHubDesktop\bin;C:\Program Files\JetBrains\CLion 2021.2.3\bin;D:\pycharm\PyCharm Community Edition 2021.2.3\bin;C:\Program Files\Azure Data Studio\bin
USERNAME=an'zhi'lin
OS=Windows_NT
PROCESSOR_IDENTIFIER=AMD64 Family 23 Model 24 Stepping 1, AuthenticAMD
TMP=C:\Users\AN'ZHI~1\AppData\Local\Temp
TEMP=C:\Users\AN'ZHI~1\AppData\Local\Temp



---------------  S Y S T E M  ---------------

OS:
 Windows 11 , 64 bit Build 22000 (10.0.22000.1761)
OS uptime: 1 days 6:49 hours

CPU: total 8 (initial active 8) (8 cores per cpu, 2 threads per core) family 23 model 24 stepping 1 microcode 0x0, cx8, cmov, fxsr, ht, mmx, 3dnowpref, sse, sse2, sse3, ssse3, sse4a, sse4.1, sse4.2, popcnt, lzcnt, tsc, tscinvbit, avx, avx2, aes, clmul, bmi1, bmi2, adx, sha, fma, vzeroupper, clflush, clflushopt

Memory: 4k page, system-wide physical 7103M (478M free)
TotalPageFile size 18145M (AvailPageFile size 4M)
current process WorkingSet (physical memory assigned to process): 304M, peak: 304M
current process commit charge ("private bytes"): 345M, peak: 347M

vm_info: OpenJDK 64-Bit Server VM (17.0.6+0-b2043.56-9586694) for windows-amd64 JRE (17.0.6+0-b2043.56-9586694), built on Feb  9 2023 20:06:20 by "androidbuild" with MS VC++ 16.10 / 16.11 (VS2019)

END.
